Log file open, 11/18/14 16:05:44
LogInit:Display: Running engine for game: MyProject
LogInit: Version: 4.5.1-2336687+++depot+UE4-Releases+4.5
LogInit: API Version: 2326478
LogInit: Compiled (64-bit): Oct 21 2014 22:32:40
LogInit: Compiled with Visual C++: 18.00.21005.01
LogInit: Build Configuration: Development
LogInit: Branch Name: ++depot+UE4-Releases+4.5
LogInit: Command line: 
LogInit: Base directory: C:/Program Files/Unreal Engine/4.5/Engine/Binaries/Win64/
LogInit: Rocket: 1
[2014.11.18-23.05.44:390][  0]LogTaskGraph: Started task graph with 3 named threads and 4 total threads.
[2014.11.18-23.05.44:418][  0]LogOnline:Warning: No default platform service specified for OnlineSubsystem
[2014.11.18-23.05.44:436][  0]LogInit: Presizing for 0 objects not considered by GC, pre-allocating 0 bytes.
[2014.11.18-23.05.44:446][  0]LogInit: Object subsystem initialized
[2014.11.18-23.05.44:449][  0]LogConsoleResponse:Warning: Skipping Unknown console variable: 'UIScaleRule = ShortestSide'
[2014.11.18-23.05.44:449][  0]LogConsoleResponse:Warning:   Found in ini file 'C:/Users/u0952138/Documents/GitHub/CloudFactory/MyProject 4.5/Saved/Config/Windows/Engine.ini', in section '[/Script/Engine.RendererSettings]'
[2014.11.18-23.05.44:449][  0]LogConsoleResponse:Warning: Skipping Unknown console variable: 'UIScaleCurve = (EditorCurveData=(Keys=((Time=480,Value=0.444),(Time=720,Value=0.666),(Time=1080,Value=1.0),(Time=8640,Value=8.0))),ExternalCurve=None)'
[2014.11.18-23.05.44:449][  0]LogConsoleResponse:Warning:   Found in ini file 'C:/Users/u0952138/Documents/GitHub/CloudFactory/MyProject 4.5/Saved/Config/Windows/Engine.ini', in section '[/Script/Engine.RendererSettings]'
[2014.11.18-23.05.44:449][  0]LogInit: Selected Device Profile: [Windows]
[2014.11.18-23.05.44:449][  0]LogInit: Applying CVar settings loaded from the selected device profile: [Windows]
[2014.11.18-23.05.44:533][  0]LogInit: Computer: TCPC-13
[2014.11.18-23.05.44:533][  0]LogInit: User: u0952138
[2014.11.18-23.05.44:534][  0]LogInit: CPU Page size=4096, Cores=4
[2014.11.18-23.05.44:534][  0]LogInit: High frequency timer resolution =3.906328 MHz
[2014.11.18-23.05.44:534][  0]LogMemory: Memory total: Physical=8.0GB (8GB approx) Virtual=8192.0GB
[2014.11.18-23.05.44:535][  0]LogMemory: Platform Memory Stats for Windows
[2014.11.18-23.05.44:535][  0]LogMemory: Process Physical Memory: 63.74 MB used, 63.74 MB peak
[2014.11.18-23.05.44:535][  0]LogMemory: Process Virtual Memory: 40.65 MB used, 40.65 MB peak
[2014.11.18-23.05.44:535][  0]LogMemory: Physical Memory: 3811.21 MB used, 8173.54 MB total
[2014.11.18-23.05.44:535][  0]LogMemory: Virtual Memory: 273.84 MB used, 8388608.00 MB total
[2014.11.18-23.05.44:564][  0]LogD3D11RHI: Found D3D11 adapter 0: NVIDIA GeForce GT 630 (Feature Level 11_0)
[2014.11.18-23.05.44:564][  0]LogD3D11RHI: Adapter has 978MB of dedicated video memory, 0MB of dedicated system memory, and 3071MB of shared system memory, 1 output[s]
[2014.11.18-23.05.44:564][  0]LogD3D11RHI: Chosen D3D11 Adapter Id = 0
[2014.11.18-23.05.44:573][  0]LogRHI: Texture pool is 684 MB (70% of 978 MB)
[2014.11.18-23.05.44:581][  0]LogD3D11RHI: Async texture creation enabled
[2014.11.18-23.05.44:627][  0]LogTextLocalizationManager: The requested culture ('en_US') has no localization data; parent culture's ('en') localization data will be used.
[2014.11.18-23.05.44:768][  0]LogContentStreaming: Texture pool size is 0.000000MB
[2014.11.18-23.05.48:854][  0]LogTargetPlatformManager:Display: Building Assets For Windows
[2014.11.18-23.05.49:234][  0]LogTargetPlatformManager:Display: Building Assets For Windows
[2014.11.18-23.05.49:282][  0]LogDerivedDataCache:Display: Max Cache Size: 512 MB
[2014.11.18-23.05.49:345][  0]LogDerivedDataCache: Loaded boot cache 0.06s 39MB C:/Users/u0952138/AppData/Local/UnrealEngine/4.5/DerivedDataCache/Boot.ddc.
[2014.11.18-23.05.49:345][  0]LogDerivedDataCache:Display: Loaded Boot cache: C:/Users/u0952138/AppData/Local/UnrealEngine/4.5/DerivedDataCache/Boot.ddc
[2014.11.18-23.05.49:345][  0]LogDerivedDataCache: FDerivedDataBackendGraph:  Pak pak cache file ../../../../../../Users/u0952138/Documents/GitHub/CloudFactory/MyProject 4.5/DerivedDataCache/DDC.ddp not found, will not use a pak cache.
[2014.11.18-23.05.49:345][  0]LogDerivedDataCache: Unable to find inner node Pak for hierarchical cache Hierarchy.
[2014.11.18-23.05.49:403][  0]LogDerivedDataCache:Display: Pak cache opened for reading ../../../Engine/DerivedDataCache/DDC.ddp.
[2014.11.18-23.05.49:414][  0]LogDerivedDataCache: Using Local data cache path C:/Users/u0952138/AppData/Local/UnrealEngine/Common/DerivedDataCache: Writable
[2014.11.18-23.05.49:596][  0]LogMeshUtilities: No automatic mesh reduction module available
[2014.11.18-23.05.49:596][  0]LogMeshUtilities: No automatic mesh merging module available
[2014.11.18-23.05.49:866][  0]LogLinker:Warning: Asset '../../../Engine/Content/Functions/Engine_MaterialFunctions02/Texturing/FlipBook.uasset' has been saved with empty engine version. The asset will be loaded but may be incompatible.
[2014.11.18-23.05.49:869][  0]LogLinker:Warning: Asset '../../../Engine/Content/Functions/Engine_MaterialFunctions02/ExampleContent/Textures/flipbook.uasset' has been saved with empty engine version. The asset will be loaded but may be incompatible.
[2014.11.18-23.05.50:030][  0]LogInit: WinSock: version 1.1 (2.2), MaxSocks=32767, MaxUdp=65467
[2014.11.18-23.05.50:950][  0]UdpMessaging: Initializing bridge on interface 0.0.0.0:0 to multicast group 230.0.0.1:6666.
[2014.11.18-23.05.51:102][  0]LogDirectoryWatcher:Warning: Failed to begin reading directory changes for C:/Users/u0952138/Documents/GitHub/CloudFactory/MyProject 4.5/Binaries/Win64. Error: 0
[2014.11.18-23.05.51:218][  0]SourceControl: Info Source control is disabled
[2014.11.18-23.05.51:218][  0]SourceControl: Info Source control is disabled
[2014.11.18-23.05.51:225][  0]SourceControl: Info Source control is disabled
[2014.11.18-23.05.51:326][  0]LogObj: 22915 objects as part of root set at end of initial load.
[2014.11.18-23.05.51:326][  0]LogUObjectAllocator: 4803544 out of 0 bytes used by permanent object pool.
[2014.11.18-23.05.51:383][  0]LogEngine: Initializing Engine...
[2014.11.18-23.05.51:519][  0]LogInit: XAudio2 using 'Speakers (4- High Definition Audio Device)' : 2 channels at 44.1 kHz using 16 bits per sample (channel mask 0x3)
[2014.11.18-23.05.51:528][  0]LogInit: FAudioDevice initialized.
[2014.11.18-23.05.51:546][  0]LogAIModule: Creating AISystem for world NewWorld
[2014.11.18-23.05.51:584][  0]LogDerivedDataCache: Saved boot cache 0.04s 39MB C:/Users/u0952138/AppData/Local/UnrealEngine/4.5/DerivedDataCache/Boot.ddc.
[2014.11.18-23.05.51:593][  0]LogInit: Texture streaming: Enabled
[2014.11.18-23.05.51:632][  0]LogInit: Transaction tracking system initialized
[2014.11.18-23.05.51:713][  0]BlueprintLog: New page: Editor Load
[2014.11.18-23.05.51:740][  0]LogAssetRegistry: FAssetRegistry took 0.0101 seconds to start up
[2014.11.18-23.05.51:740][  0]LogDirectoryWatcher:Warning: Failed to begin reading directory changes for ../../../Engine/Plugins/Experimental/CharacterAI/Content/. Error: 0
[2014.11.18-23.05.52:179][  0]LogTargetPlatformManager:Display: Building Assets For Windows
[2014.11.18-23.05.52:500][  0]LogTargetPlatformManager:Display: Building Assets For Windows
[2014.11.18-23.05.52:670][  0]LogConsoleResponse:Display: 
[2014.11.18-23.05.52:844][  0]SourceControl: Info Source control is disabled
[2014.11.18-23.05.52:844][  0]Cmd: MAP LOAD FILE="../../../Engine/Content/Maps/Templates/Template_Default.umap" TEMPLATE=1 SHOWPROGRESS=1
[2014.11.18-23.05.52:845][  0]LightingResults: New page: Lighting Build
[2014.11.18-23.05.52:853][  0]MapCheck: New page: Map Check
[2014.11.18-23.05.52:853][  0]LightingResults: New page: Lighting Build
[2014.11.18-23.05.52:868][  0]LogParticles: Destroying 0 GPU particle simulations for FXSystem 0x00000000117CDA80
[2014.11.18-23.05.53:074][  0]LogEditorServer: Finished looking for orphan Actors (0.000 secs)
[2014.11.18-23.05.53:074][  0]LogAIModule: Creating AISystem for world Untitled_1
[2014.11.18-23.05.53:074][  0]Cmd: MAP CHECKDEP
[2014.11.18-23.05.53:074][  0]MapCheck: New page: Untitled_1 - Nov 18, 2014, 9:05:53 AM
[2014.11.18-23.05.53:149][  0]MapCheck: Info Map check complete: 0 Error(s), 0 Warning(s), took 74.131ms to complete.
[2014.11.18-23.05.53:149][  0]LogFileHelpers: Loading map 'Template_Default' took 0.304
[2014.11.18-23.05.53:219][  0]LogCollectionManager: Loaded 0 collections in 0.001015 seconds
[2014.11.18-23.05.53:319][  0]LogCrashTracker: Crashtracker disabled due to settings.
[2014.11.18-23.05.53:358][  0]LogLoad: Full Startup: 10.97 seconds (BP compile: 0.06 seconds)
[2014.11.18-23.05.53:522][  0]LogRenderer:Warning: Reallocating scene render targets to support 1136x904.
[2014.11.18-23.05.53:967][  2]LogAssetRegistry: Asset discovery search completed in 2.2376 seconds
[2014.11.18-23.05.58:870][121]Cmd: MAP LOAD FILE="../../../../../../Users/u0952138/Documents/GitHub/CloudFactory/MyProject 4.5/Content/Maps/basicinterior2.umap" TEMPLATE=0 SHOWPROGRESS=1
[2014.11.18-23.05.58:870][121]LightingResults: New page: Lighting Build
[2014.11.18-23.05.58:897][121]LoadErrors: New page: Loading map: basicinterior2.umap
[2014.11.18-23.05.58:897][121]MapCheck: New page: Map Check
[2014.11.18-23.05.58:897][121]LightingResults: New page: Lighting Build
[2014.11.18-23.05.58:945][121]LogParticles: Destroying 0 GPU particle simulations for FXSystem 0x0000000016795080
[2014.11.18-23.05.59:605][121]LogTexture:Display: Building textures: HQ_Lightmap0_2 (AutoDXT)
[2014.11.18-23.05.59:979][121]LogTexture:Display: Building textures: HQ_Lightmap0_3 (AutoDXT)
[2014.11.18-23.06.00:335][121]LogTexture:Display: Building textures: HQ_Lightmap0_4 (AutoDXT)
[2014.11.18-23.06.00:771][121]LogTexture:Display: Building textures: HQ_Lightmap0_5 (AutoDXT)
[2014.11.18-23.06.01:216][121]LogTexture:Display: Building textures: HQ_Lightmap0_6 (AutoDXT)
[2014.11.18-23.06.01:508][121]LogTexture:Display: Building textures: HQ_Lightmap0_7 (AutoDXT)
[2014.11.18-23.06.01:523][121]LogTexture:Display: Building textures: HQ_Lightmap0_8 (AutoDXT)
[2014.11.18-23.06.01:549][121]LogTexture:Display: Building textures: HQ_Lightmap1_1 (AutoDXT)
[2014.11.18-23.06.02:165][121]LogTexture:Display: Building textures: HQ_Lightmap1_7 (AutoDXT)
[2014.11.18-23.06.02:178][121]LogTexture:Display: Building textures: HQ_Lightmap1_8 (AutoDXT)
[2014.11.18-23.06.02:198][121]LogTexture:Display: Building textures: LQ_Lightmap_0_2 (DXT1)
[2014.11.18-23.06.02:367][121]LogTexture:Display: Building textures: LQ_Lightmap_0_3 (DXT1)
[2014.11.18-23.06.02:510][121]LogTexture:Display: Building textures: LQ_Lightmap_0_4 (DXT1)
[2014.11.18-23.06.02:796][121]LogTexture:Display: Building textures: LQ_Lightmap_0_5 (DXT1)
[2014.11.18-23.06.03:092][121]LogTexture:Display: Building textures: LQ_Lightmap_0_6 (DXT1)
[2014.11.18-23.06.03:196][121]LogTexture:Display: Building textures: LQ_Lightmap_0_7 (DXT1)
[2014.11.18-23.06.03:212][121]LogTexture:Display: Building textures: LQ_Lightmap_0_8 (DXT1)
[2014.11.18-23.06.03:231][121]LogTexture:Display: Building textures: LQ_Lightmap_1_1 (DXT1)
[2014.11.18-23.06.03:440][121]LogTexture:Display: Building textures: ShadowMapTexture2D_39 (BGRA8)
[2014.11.18-23.06.03:446][121]LogTexture:Display: Building textures: ShadowMapTexture2D_40 (BGRA8)
[2014.11.18-23.06.03:487][121]LogTexture:Display: Building textures: ShadowMapTexture2D_41 (BGRA8)
[2014.11.18-23.06.03:730][121]LogTexture:Display: Building textures: ShadowMapTexture2D_42 (BGRA8)
[2014.11.18-23.06.03:964][121]LogTexture:Display: Building textures: ShadowMapTexture2D_43 (BGRA8)
[2014.11.18-23.06.04:164][121]LogTexture:Display: Building textures: ShadowMapTexture2D_44 (BGRA8)
[2014.11.18-23.06.04:167][121]LogTexture:Display: Building textures: ShadowMapTexture2D_45 (BGRA8)
[2014.11.18-23.06.04:191][121]LogEditorServer: Finished looking for orphan Actors (0.000 secs)
[2014.11.18-23.06.04:192][121]LogAIModule: Creating AISystem for world basicinterior2
[2014.11.18-23.06.04:204][121]Cmd: MAP CHECKDEP
[2014.11.18-23.06.04:204][121]MapCheck: New page: basicinterior2 - Nov 18, 2014, 9:06:04 AM
[2014.11.18-23.06.04:293][121]MapCheck: Info Map check complete: 0 Error(s), 0 Warning(s), took 88.817ms to complete.
[2014.11.18-23.06.04:293][121]LogFileHelpers: Loading map 'basicinterior2' took 5.425
[2014.11.18-23.06.25:339][328]Cmd: MAP LOAD FILE="../../../../../../Users/u0952138/Documents/GitHub/CloudFactory/MyProject 4.5/Content/Maps/barracks_layout_for_mocap.umap" TEMPLATE=0 SHOWPROGRESS=1
[2014.11.18-23.06.25:339][328]LightingResults: New page: Lighting Build
[2014.11.18-23.06.25:366][328]LoadErrors: New page: Loading map: barracks_layout_for_mocap.umap
[2014.11.18-23.06.25:368][328]MapCheck: New page: Map Check
[2014.11.18-23.06.25:368][328]LightingResults: New page: Lighting Build
[2014.11.18-23.06.25:385][328]LogParticles: Destroying 0 GPU particle simulations for FXSystem 0x000000001C4C3380
[2014.11.18-23.06.25:472][328]LogEditorServer: Finished looking for orphan Actors (0.000 secs)
[2014.11.18-23.06.25:472][328]LogAIModule: Creating AISystem for world barracks_layout_for_mocap
[2014.11.18-23.06.25:484][328]Cmd: MAP CHECKDEP
[2014.11.18-23.06.25:485][328]MapCheck: New page: barracks_layout_for_mocap - Nov 18, 2014, 9:06:25 AM
[2014.11.18-23.06.25:574][328]MapCheck: Info Map check complete: 0 Error(s), 0 Warning(s), took 89.208ms to complete.
[2014.11.18-23.06.25:574][328]LogFileHelpers: Loading map 'barracks_layout_for_mocap' took 0.236
[2014.11.18-23.07.16:163][ 33]Cmd: QUIT_EDITOR
[2014.11.18-23.07.16:445][ 33]LogExit: Preparing to exit.
[2014.11.18-23.07.17:044][ 33]LogExit: Editor shut down
[2014.11.18-23.07.17:045][ 33]LogExit: Transaction tracking system shut down
[2014.11.18-23.07.17:069][ 33]LogParticles: Destroying 0 GPU particle simulations for FXSystem 0x00000000167E5D00
[2014.11.18-23.07.17:069][ 33]LogExit: Object subsystem successfully closed.
[2014.11.18-23.07.17:115][ 33]LogModuleManager: Shutting down and abandoning module AndroidDeviceDetection (166)
[2014.11.18-23.07.17:115][ 33]LogModuleManager: Shutting down and abandoning module CrashTracker (165)
[2014.11.18-23.07.17:115][ 33]LogModuleManager: Shutting down and abandoning module SuperSearch (164)
[2014.11.18-23.07.17:115][ 33]LogModuleManager: Shutting down and abandoning module SceneOutliner (163)
[2014.11.18-23.07.17:115][ 33]LogModuleManager: Shutting down and abandoning module EditorWidgets (162)
[2014.11.18-23.07.17:115][ 33]LogModuleManager: Shutting down and abandoning module CollectionManager (161)
[2014.11.18-23.07.17:115][ 33]LogModuleManager: Shutting down and abandoning module StatsViewer (160)
[2014.11.18-23.07.17:115][ 33]LogModuleManager: Shutting down and abandoning module FoliageEdit (159)
[2014.11.18-23.07.17:115][ 33]LogModuleManager: Shutting down and abandoning module LandscapeEditor (158)
[2014.11.18-23.07.17:115][ 33]LogModuleManager: Shutting down and abandoning module MeshPaint (157)
[2014.11.18-23.07.17:115][ 33]LogModuleManager: Shutting down and abandoning module ActorPickerMode (156)
[2014.11.18-23.07.17:115][ 33]LogModuleManager: Shutting down and abandoning module GeometryMode (155)
[2014.11.18-23.07.17:115][ 33]LogModuleManager: Shutting down and abandoning module TextureAlignMode (154)
[2014.11.18-23.07.17:115][ 33]LogModuleManager: Shutting down and abandoning module BspMode (153)
[2014.11.18-23.07.17:115][ 33]LogModuleManager: Shutting down and abandoning module PlacementMode (152)
[2014.11.18-23.07.17:115][ 33]LogModuleManager: Shutting down and abandoning module AutomationWorker (151)
[2014.11.18-23.07.17:115][ 33]LogModuleManager: Shutting down and abandoning module CharacterAI (150)
[2014.11.18-23.07.17:115][ 33]LogModuleManager: Shutting down and abandoning module GameProjectGeneration (149)
[2014.11.18-23.07.17:115][ 33]LogModuleManager: Shutting down and abandoning module IntroTutorials (148)
[2014.11.18-23.07.17:115][ 33]LogModuleManager: Shutting down and abandoning module EditorLiveStreaming (147)
[2014.11.18-23.07.17:115][ 33]LogModuleManager: Shutting down and abandoning module HardwareTargeting (146)
[2014.11.18-23.07.17:115][ 33]LogModuleManager: Shutting down and abandoning module BehaviorTreeEditor (145)
[2014.11.18-23.07.17:115][ 33]LogModuleManager: Shutting down and abandoning module DeviceProfileEditor (144)
[2014.11.18-23.07.17:115][ 33]LogModuleManager: Shutting down and abandoning module UndoHistory (143)
[2014.11.18-23.07.17:115][ 33]LogModuleManager: Shutting down and abandoning module GameplayTagsEditor (142)
[2014.11.18-23.07.17:115][ 33]LogModuleManager: Shutting down and abandoning module UserFeedback (141)
[2014.11.18-23.07.17:115][ 33]LogModuleManager: Shutting down and abandoning module XmlParser (140)
[2014.11.18-23.07.17:115][ 33]LogModuleManager: Shutting down and abandoning module Blutility (139)
[2014.11.18-23.07.17:115][ 33]LogModuleManager: Shutting down and abandoning module IOSPlatformEditor (138)
[2014.11.18-23.07.17:115][ 33]LogModuleManager: Shutting down and abandoning module IOSRuntimeSettings (137)
[2014.11.18-23.07.17:115][ 33]LogModuleManager: Shutting down and abandoning module AndroidPlatformEditor (136)
[2014.11.18-23.07.17:115][ 33]LogModuleManager: Shutting down and abandoning module AndroidRuntimeSettings (135)
[2014.11.18-23.07.17:115][ 33]LogModuleManager: Shutting down and abandoning module ProjectTargetPlatformEditor (134)
[2014.11.18-23.07.17:115][ 33]LogModuleManager: Shutting down and abandoning module ProjectSettingsViewer (133)
[2014.11.18-23.07.17:116][ 33]LogModuleManager: Shutting down and abandoning module InputBindingEditor (132)
[2014.11.18-23.07.17:116][ 33]LogModuleManager: Shutting down and abandoning module EditorSettingsViewer (131)
[2014.11.18-23.07.17:116][ 33]LogModuleManager: Shutting down and abandoning module SettingsEditor (130)
[2014.11.18-23.07.17:116][ 33]LogModuleManager: Shutting down and abandoning module ProjectLauncher (129)
[2014.11.18-23.07.17:116][ 33]LogModuleManager: Shutting down and abandoning module SessionFrontend (128)
[2014.11.18-23.07.17:116][ 33]LogModuleManager: Shutting down and abandoning module ProfilerClient (127)
[2014.11.18-23.07.17:116][ 33]LogModuleManager: Shutting down and abandoning module TargetDeviceServices (126)
[2014.11.18-23.07.17:116][ 33]LogModuleManager: Shutting down and abandoning module DeviceManager (125)
[2014.11.18-23.07.17:116][ 33]LogModuleManager: Shutting down and abandoning module AutomationController (124)
[2014.11.18-23.07.17:116][ 33]LogModuleManager: Shutting down and abandoning module AutomationWindow (123)
[2014.11.18-23.07.17:116][ 33]LogModuleManager: Shutting down and abandoning module Layers (122)
[2014.11.18-23.07.17:116][ 33]LogModuleManager: Shutting down and abandoning module ComponentVisualizers (121)
[2014.11.18-23.07.17:116][ 33]LogModuleManager: Shutting down and abandoning module DetailCustomizations (120)
[2014.11.18-23.07.17:116][ 33]LogModuleManager: Shutting down and abandoning module PackagesDialog (119)
[2014.11.18-23.07.17:116][ 33]LogModuleManager: Shutting down and abandoning module AssetRegistry (118)
[2014.11.18-23.07.17:192][ 33]LogModuleManager: Shutting down and abandoning module Persona (117)
[2014.11.18-23.07.17:192][ 33]LogModuleManager: Shutting down and abandoning module Kismet (116)
[2014.11.18-23.07.17:192][ 33]LogModuleManager: Shutting down and abandoning module GraphEditor (115)
[2014.11.18-23.07.17:192][ 33]LogModuleManager: Shutting down and abandoning module ClassViewer (114)
[2014.11.18-23.07.17:192][ 33]LogModuleManager: Shutting down and abandoning module Toolbox (113)
[2014.11.18-23.07.17:192][ 33]LogModuleManager: Shutting down and abandoning module ModuleUI (112)
[2014.11.18-23.07.17:192][ 33]LogModuleManager: Shutting down and abandoning module MovieSceneTools (111)
[2014.11.18-23.07.17:192][ 33]LogModuleManager: Shutting down and abandoning module OutputLog (110)
[2014.11.18-23.07.17:192][ 33]LogModuleManager: Shutting down and abandoning module GammaUI (109)
[2014.11.18-23.07.17:192][ 33]LogModuleManager: Shutting down and abandoning module Documentation (108)
[2014.11.18-23.07.17:192][ 33]LogModuleManager: Shutting down and abandoning module GameLiveStreaming (107)
[2014.11.18-23.07.17:192][ 33]LogModuleManager: Shutting down and abandoning module StreamingPauseRendering (106)
[2014.11.18-23.07.17:192][ 33]LogModuleManager: Shutting down and abandoning module HTTP (105)
[2014.11.18-23.07.17:192][ 33]LogModuleManager: Shutting down and abandoning module AnalyticsET (104)
[2014.11.18-23.07.17:192][ 33]LogModuleManager: Shutting down and abandoning module Analytics (103)
[2014.11.18-23.07.17:192][ 33]LogModuleManager: Shutting down and abandoning module GameplayDebugger (102)
[2014.11.18-23.07.17:192][ 33]LogModuleManager: Shutting down and abandoning module AIModule (101)
[2014.11.18-23.07.17:192][ 33]LogModuleManager: Shutting down and abandoning module ProfilerService (100)
[2014.11.18-23.07.17:346][ 33]LogModuleManager: Shutting down and abandoning module TaskGraph (99)
[2014.11.18-23.07.17:346][ 33]LogModuleManager: Shutting down and abandoning module SlateRemote (98)
[2014.11.18-23.07.17:346][ 33]LogModuleManager: Shutting down and abandoning module ScriptEditorPlugin (97)
[2014.11.18-23.07.17:346][ 33]LogModuleManager: Shutting down and abandoning module CustomMeshComponent (96)
[2014.11.18-23.07.17:346][ 33]LogModuleManager: Shutting down and abandoning module CableComponent (95)
[2014.11.18-23.07.17:346][ 33]LogModuleManager: Shutting down and abandoning module MessagingDebugger (94)
[2014.11.18-23.07.17:346][ 33]LogModuleManager: Shutting down and abandoning module MediaPlayerEditor (93)
[2014.11.18-23.07.17:346][ 33]LogModuleManager: Shutting down and abandoning module SpeedTreeImporter (92)
[2014.11.18-23.07.17:346][ 33]LogModuleManager: Shutting down and abandoning module PluginsEditor (91)
[2014.11.18-23.07.17:346][ 33]LogModuleManager: Shutting down and abandoning module EpicSurvey (90)
[2014.11.18-23.07.17:346][ 33]LogModuleManager: Shutting down and abandoning module DesktopPlatform (89)
[2014.11.18-23.07.17:346][ 33]LogModuleManager: Shutting down and abandoning module VisualStudioSourceCodeAccess (88)
[2014.11.18-23.07.17:346][ 33]LogModuleManager: Shutting down and abandoning module UObjectPlugin (87)
[2014.11.18-23.07.17:346][ 33]LogModuleManager: Shutting down and abandoning module SubversionSourceControl (86)
[2014.11.18-23.07.17:346][ 33]LogModuleManager: Shutting down and abandoning module SourceControl (85)
[2014.11.18-23.07.17:346][ 33]LogModuleManager: Shutting down and abandoning module PerforceSourceControl (84)
[2014.11.18-23.07.17:346][ 33]LogModuleManager: Shutting down and abandoning module BlankPlugin (83)
[2014.11.18-23.07.17:346][ 33]LogModuleManager: Shutting down and abandoning module SlateReflector (82)
[2014.11.18-23.07.17:346][ 33]LogModuleManager: Shutting down and abandoning module DirectoryWatcher (81)
[2014.11.18-23.07.17:346][ 33]LogModuleManager: Shutting down and abandoning module HotReload (80)
[2014.11.18-23.07.17:346][ 33]LogModuleManager: Shutting down and abandoning module MainFrame (79)
[2014.11.18-23.07.17:346][ 33]LogModuleManager: Shutting down and abandoning module LevelEditor (78)
[2014.11.18-23.07.17:347][ 33]LogModuleManager: Shutting down and abandoning module ViewportSnapping (77)
[2014.11.18-23.07.17:347][ 33]LogModuleManager: Shutting down and abandoning module SmartSnapping (76)
[2014.11.18-23.07.17:347][ 33]LogModuleManager: Shutting down and abandoning module PaperTiledImporter (75)
[2014.11.18-23.07.17:347][ 33]LogModuleManager: Shutting down and abandoning module PaperJsonImporter (74)
[2014.11.18-23.07.17:347][ 33]LogModuleManager: Shutting down and abandoning module ContentBrowser (73)
[2014.11.18-23.07.17:347][ 33]LogModuleManager: Shutting down and abandoning module PropertyEditor (72)
[2014.11.18-23.07.17:347][ 33]LogModuleManager: Shutting down and abandoning module Paper2DEditor (71)
[2014.11.18-23.07.17:347][ 33]LogModuleManager: Shutting down and abandoning module ScriptPlugin (70)
[2014.11.18-23.07.17:347][ 33]LogModuleManager: Shutting down and abandoning module UdpMessaging (69)
[2014.11.18-23.07.17:447][ 33]LogModuleManager: Shutting down and abandoning module Paper2D (68)
[2014.11.18-23.07.17:447][ 33]LogModuleManager: Shutting down and abandoning module WindowsMoviePlayer (67)
[2014.11.18-23.07.17:450][ 33]LogModuleManager: Shutting down and abandoning module Media (66)
[2014.11.18-23.07.17:450][ 33]LogModuleManager: Shutting down and abandoning module WmfMedia (65)
[2014.11.18-23.07.17:450][ 33]LogModuleManager: Shutting down and abandoning module OnlineBlueprintSupport (64)
[2014.11.18-23.07.17:450][ 33]LogModuleManager: Shutting down and abandoning module FunctionalTesting (63)
[2014.11.18-23.07.17:450][ 33]LogModuleManager: Shutting down and abandoning module CollisionAnalyzer (62)
[2014.11.18-23.07.17:450][ 33]LogModuleManager: Shutting down and abandoning module WorkspaceMenuStructure (61)
[2014.11.18-23.07.17:450][ 33]LogModuleManager: Shutting down and abandoning module MessageLog (60)
[2014.11.18-23.07.17:450][ 33]LogModuleManager: Shutting down and abandoning module Sequencer (59)
[2014.11.18-23.07.17:450][ 33]LogModuleManager: Shutting down and abandoning module AssetTools (58)
[2014.11.18-23.07.17:450][ 33]LogModuleManager: Shutting down and abandoning module UMGEditor (57)
[2014.11.18-23.07.17:450][ 33]LogModuleManager: Shutting down and abandoning module UMG (56)
[2014.11.18-23.07.17:450][ 33]LogModuleManager: Shutting down and abandoning module Slate (55)
[2014.11.18-23.07.17:450][ 33]LogModuleManager: Shutting down and abandoning module EditorStyle (54)
[2014.11.18-23.07.17:452][ 33]LogModuleManager: Shutting down and abandoning module SessionServices (53)
[2014.11.18-23.07.17:452][ 33]LogModuleManager: Shutting down and abandoning module SourceCodeAccess (52)
[2014.11.18-23.07.17:452][ 33]LogModuleManager: Shutting down and abandoning module HeadMountedDisplay (51)
[2014.11.18-23.07.17:452][ 33]LogModuleManager: Shutting down and abandoning module XAudio2 (50)
[2014.11.18-23.07.17:452][ 33]LogModuleManager: Shutting down and abandoning module Networking (48)
[2014.11.18-23.07.17:452][ 33]LogModuleManager: Shutting down and abandoning module Core (47)
[2014.11.18-23.07.17:452][ 33]LogModuleManager: Shutting down and abandoning module KismetCompiler (46)
[2014.11.18-23.07.17:452][ 33]LogModuleManager: Shutting down and abandoning module PhysXFormats (45)
[2014.11.18-23.07.17:452][ 33]LogModuleManager: Shutting down and abandoning module MeshUtilities (44)
[2014.11.18-23.07.17:452][ 33]LogModuleManager: Shutting down and abandoning module DerivedDataCache (43)
[2014.11.18-23.07.17:942][ 33]LogDerivedDataCache: Shutdown
[2014.11.18-23.07.17:942][ 33]LogModuleManager: Shutting down and abandoning module ShaderFormatOpenGL (42)
[2014.11.18-23.07.17:942][ 33]LogModuleManager: Shutting down and abandoning module ShaderFormatD3D (41)
[2014.11.18-23.07.17:942][ 33]LogModuleManager: Shutting down and abandoning module MetalShaderFormat (40)
[2014.11.18-23.07.17:942][ 33]LogModuleManager: Shutting down and abandoning module TextureFormatUncompressed (39)
[2014.11.18-23.07.17:942][ 33]LogModuleManager: Shutting down and abandoning module TextureFormatPVR (38)
[2014.11.18-23.07.17:942][ 33]LogModuleManager: Shutting down and abandoning module TextureFormatDXT (37)
[2014.11.18-23.07.17:942][ 33]LogModuleManager: Shutting down and abandoning module TextureFormatAndroid (36)
[2014.11.18-23.07.17:942][ 33]LogModuleManager: Shutting down and abandoning module AudioFormatOpus (35)
[2014.11.18-23.07.17:942][ 33]LogModuleManager: Shutting down and abandoning module AudioFormatOgg (34)
[2014.11.18-23.07.17:942][ 33]LogModuleManager: Shutting down and abandoning module AudioFormatADPCM (33)
[2014.11.18-23.07.17:942][ 33]LogModuleManager: Shutting down and abandoning module Messaging (32)
[2014.11.18-23.07.17:942][ 33]LogModuleManager: Shutting down and abandoning module IOSTargetPlatform (31)
[2014.11.18-23.07.17:942][ 33]LogModuleManager: Shutting down and abandoning module Android_PVRTCTargetPlatform (30)
[2014.11.18-23.07.17:942][ 33]LogModuleManager: Shutting down and abandoning module Android_ETC2TargetPlatform (29)
[2014.11.18-23.07.17:942][ 33]LogModuleManager: Shutting down and abandoning module Android_ETC1TargetPlatform (28)
[2014.11.18-23.07.17:942][ 33]LogModuleManager: Shutting down and abandoning module Android_DXTTargetPlatform (27)
[2014.11.18-23.07.17:942][ 33]LogModuleManager: Shutting down and abandoning module Android_ATCTargetPlatform (26)
[2014.11.18-23.07.17:942][ 33]LogModuleManager: Shutting down and abandoning module AndroidTargetPlatform (25)
[2014.11.18-23.07.17:942][ 33]LogModuleManager: Shutting down and abandoning module WindowsTargetPlatform (24)
[2014.11.18-23.07.17:942][ 33]LogModuleManager: Shutting down and abandoning module WindowsServerTargetPlatform (23)
[2014.11.18-23.07.17:942][ 33]LogModuleManager: Shutting down and abandoning module WindowsNoEditorTargetPlatform (22)
[2014.11.18-23.07.17:942][ 33]LogModuleManager: Shutting down and abandoning module WindowsClientTargetPlatform (21)
[2014.11.18-23.07.17:942][ 33]LogModuleManager: Shutting down and abandoning module TargetPlatform (20)
[2014.11.18-23.07.17:942][ 33]LogModuleManager: Shutting down and abandoning module InputCore (19)
[2014.11.18-23.07.17:942][ 33]LogModuleManager: Shutting down and abandoning module Settings (18)
[2014.11.18-23.07.17:942][ 33]LogModuleManager: Shutting down and abandoning module ImageWrapper (17)
[2014.11.18-23.07.17:942][ 33]LogModuleManager: Shutting down and abandoning module OculusRift (14)
[2014.11.18-23.07.17:942][ 33]LogModuleManager: Shutting down and abandoning module ExampleDeviceProfileSelector (13)
[2014.11.18-23.07.17:942][ 33]LogModuleManager: Shutting down and abandoning module TextureCompressor (12)
[2014.11.18-23.07.17:942][ 33]LogModuleManager: Shutting down and abandoning module ShaderCore (11)
[2014.11.18-23.07.17:942][ 33]LogModuleManager: Shutting down and abandoning module SlateRHIRenderer (10)
[2014.11.18-23.07.17:943][ 33]LogModuleManager: Shutting down and abandoning module OpenGLDrv (9)
[2014.11.18-23.07.17:943][ 33]LogModuleManager: Shutting down and abandoning module D3D11RHI (8)
[2014.11.18-23.07.17:943][ 33]LogModuleManager: Shutting down and abandoning module Renderer (7)
[2014.11.18-23.07.17:943][ 33]LogModuleManager: Shutting down and abandoning module Engine (6)
[2014.11.18-23.07.17:943][ 33]LogModuleManager: Shutting down and abandoning module CoreUObject (5)
[2014.11.18-23.07.17:943][ 33]LogModuleManager: Shutting down and abandoning module NetworkFile (4)
[2014.11.18-23.07.17:943][ 33]LogModuleManager: Shutting down and abandoning module StreamingFile (3)
[2014.11.18-23.07.17:943][ 33]LogModuleManager: Shutting down and abandoning module SandboxFile (2)
[2014.11.18-23.07.17:943][ 33]LogModuleManager: Shutting down and abandoning module PakFile (1)
[2014.11.18-23.07.17:944][ 33]LogExit: Exiting.
[2014.11.18-23.07.17:957][ 33]Log file closed, 11/18/14 16:07:17
