Log file open, 11/25/14 10:32:57
LogInit:Display: Running engine for game: MyProject
LogInit: Version: 4.5.1-2336687+++depot+UE4-Releases+4.5
LogInit: API Version: 2326478
LogInit: Compiled (64-bit): Oct 21 2014 22:32:40
LogInit: Compiled with Visual C++: 18.00.21005.01
LogInit: Build Configuration: Development
LogInit: Branch Name: ++depot+UE4-Releases+4.5
LogInit: Command line: 
LogInit: Base directory: E:/Program Files/Epic Games/4.5/Engine/Binaries/Win64/
LogInit: Rocket: 1
[2014.11.25-17.32.57:876][  0]LogTaskGraph: Started task graph with 3 named threads and 4 total threads.
[2014.11.25-17.32.57:908][  0]LogOnline:Warning: No default platform service specified for OnlineSubsystem
[2014.11.25-17.32.57:947][  0]LogInit: Presizing for 0 objects not considered by GC, pre-allocating 0 bytes.
[2014.11.25-17.32.57:957][  0]LogInit: Object subsystem initialized
[2014.11.25-17.32.57:960][  0]LogConsoleResponse:Warning: Skipping Unknown console variable: 'UIScaleRule = ShortestSide'
[2014.11.25-17.32.57:960][  0]LogConsoleResponse:Warning:   Found in ini file 'E:/Work/CloudFactory/MyProject 4.5/Saved/Config/Windows/Engine.ini', in section '[/Script/Engine.RendererSettings]'
[2014.11.25-17.32.57:960][  0]LogConsoleResponse:Warning: Skipping Unknown console variable: 'UIScaleCurve = (EditorCurveData=(Keys=((Time=480,Value=0.444),(Time=720,Value=0.666),(Time=1080,Value=1.0),(Time=8640,Value=8.0))),ExternalCurve=None)'
[2014.11.25-17.32.57:960][  0]LogConsoleResponse:Warning:   Found in ini file 'E:/Work/CloudFactory/MyProject 4.5/Saved/Config/Windows/Engine.ini', in section '[/Script/Engine.RendererSettings]'
[2014.11.25-17.32.57:960][  0]LogInit: Selected Device Profile: [Windows]
[2014.11.25-17.32.57:960][  0]LogInit: Applying CVar settings loaded from the selected device profile: [Windows]
[2014.11.25-17.32.57:965][  0]LogInit: Computer: JACK
[2014.11.25-17.32.57:965][  0]LogInit: User: Mtp8
[2014.11.25-17.32.57:966][  0]LogInit: CPU Page size=4096, Cores=4
[2014.11.25-17.32.57:966][  0]LogInit: High frequency timer resolution =14.318180 MHz
[2014.11.25-17.32.57:966][  0]LogMemory: Memory total: Physical=8.0GB (8GB approx) Virtual=131072.0GB
[2014.11.25-17.32.57:967][  0]LogMemory: Platform Memory Stats for Windows
[2014.11.25-17.32.57:967][  0]LogMemory: Process Physical Memory: 62.45 MB used, 62.58 MB peak
[2014.11.25-17.32.57:967][  0]LogMemory: Process Virtual Memory: 38.19 MB used, 38.32 MB peak
[2014.11.25-17.32.57:967][  0]LogMemory: Physical Memory: 3649.36 MB used, 8156.62 MB total
[2014.11.25-17.32.57:967][  0]LogMemory: Virtual Memory: 282.10 MB used, 134217728.00 MB total
[2014.11.25-17.32.58:011][  0]LogD3D11RHI: Found D3D11 adapter 0: NVIDIA GeForce GTX 970 (Feature Level 11_0)
[2014.11.25-17.32.58:011][  0]LogD3D11RHI: Adapter has 3906MB of dedicated video memory, 0MB of dedicated system memory, and 4078MB of shared system memory, 2 output[s]
[2014.11.25-17.32.58:014][  0]LogD3D11RHI: Found D3D11 adapter 1: Microsoft Basic Render Driver (Feature Level 11_0)
[2014.11.25-17.32.58:014][  0]LogD3D11RHI: Adapter has 0MB of dedicated video memory, 0MB of dedicated system memory, and 256MB of shared system memory, 0 output[s]
[2014.11.25-17.32.58:014][  0]LogD3D11RHI: Chosen D3D11 Adapter Id = 0
[2014.11.25-17.32.58:019][  0]LogRHI: Texture pool is 1361 MB (70% of 1945 MB)
[2014.11.25-17.32.58:041][  0]LogD3D11RHI: Async texture creation enabled
[2014.11.25-17.32.58:119][  0]LogTextLocalizationManager: The requested culture ('en_US') has no localization data; parent culture's ('en') localization data will be used.
[2014.11.25-17.32.58:254][  0]LogContentStreaming: Texture pool size is 0.000000MB
[2014.11.25-17.33.02:564][  0]LogTargetPlatformManager:Display: Building Assets For Windows
[2014.11.25-17.33.03:065][  0]LogTargetPlatformManager:Display: Building Assets For Windows
[2014.11.25-17.33.03:121][  0]LogDerivedDataCache:Display: Max Cache Size: 512 MB
[2014.11.25-17.33.03:208][  0]LogDerivedDataCache: Loaded boot cache 0.09s 39MB C:/Users/Mtp8/AppData/Local/UnrealEngine/4.5/DerivedDataCache/Boot.ddc.
[2014.11.25-17.33.03:208][  0]LogDerivedDataCache:Display: Loaded Boot cache: C:/Users/Mtp8/AppData/Local/UnrealEngine/4.5/DerivedDataCache/Boot.ddc
[2014.11.25-17.33.03:208][  0]LogDerivedDataCache: FDerivedDataBackendGraph:  Pak pak cache file ../../../../../../Work/CloudFactory/MyProject 4.5/DerivedDataCache/DDC.ddp not found, will not use a pak cache.
[2014.11.25-17.33.03:208][  0]LogDerivedDataCache: Unable to find inner node Pak for hierarchical cache Hierarchy.
[2014.11.25-17.33.03:261][  0]LogDerivedDataCache:Display: Pak cache opened for reading ../../../Engine/DerivedDataCache/DDC.ddp.
[2014.11.25-17.33.03:273][  0]LogDerivedDataCache: Using Local data cache path C:/Users/Mtp8/AppData/Local/UnrealEngine/Common/DerivedDataCache: Writable
[2014.11.25-17.33.03:476][  0]LogMeshUtilities: No automatic mesh reduction module available
[2014.11.25-17.33.03:476][  0]LogMeshUtilities: No automatic mesh merging module available
[2014.11.25-17.33.03:814][  0]LogLinker:Warning: Asset '../../../Engine/Content/Functions/Engine_MaterialFunctions02/Texturing/FlipBook.uasset' has been saved with empty engine version. The asset will be loaded but may be incompatible.
[2014.11.25-17.33.03:817][  0]LogLinker:Warning: Asset '../../../Engine/Content/Functions/Engine_MaterialFunctions02/ExampleContent/Textures/flipbook.uasset' has been saved with empty engine version. The asset will be loaded but may be incompatible.
[2014.11.25-17.33.04:006][  0]LogInit: WinSock: version 1.1 (2.2), MaxSocks=32767, MaxUdp=65467
[2014.11.25-17.33.07:191][  0]UdpMessaging: Initializing bridge on interface 0.0.0.0:0 to multicast group 230.0.0.1:6666.
[2014.11.25-17.33.07:471][  0]LogDirectoryWatcher:Warning: Failed to begin reading directory changes for E:/Work/CloudFactory/MyProject 4.5/Binaries/Win64. Error: 0
[2014.11.25-17.33.07:614][  0]SourceControl: Info Source control is disabled
[2014.11.25-17.33.07:614][  0]SourceControl: Info Source control is disabled
[2014.11.25-17.33.07:624][  0]SourceControl: Info Source control is disabled
[2014.11.25-17.33.07:799][  0]LogObj: 22915 objects as part of root set at end of initial load.
[2014.11.25-17.33.07:799][  0]LogUObjectAllocator: 4803544 out of 0 bytes used by permanent object pool.
[2014.11.25-17.33.07:861][  0]LogEngine: Initializing Engine...
[2014.11.25-17.33.08:021][  0]LogInit: XAudio2 using 'Speakers (Realtek High Definition Audio)' : 2 channels at 48 kHz using 32 bits per sample (channel mask 0x3)
[2014.11.25-17.33.08:041][  0]LogInit: FAudioDevice initialized.
[2014.11.25-17.33.08:066][  0]LogAIModule: Creating AISystem for world NewWorld
[2014.11.25-17.33.08:109][  0]LogDerivedDataCache: Saved boot cache 0.04s 39MB C:/Users/Mtp8/AppData/Local/UnrealEngine/4.5/DerivedDataCache/Boot.ddc.
[2014.11.25-17.33.08:128][  0]LogInit: Texture streaming: Enabled
[2014.11.25-17.33.08:178][  0]LogInit: Transaction tracking system initialized
[2014.11.25-17.33.08:279][  0]BlueprintLog: New page: Editor Load
[2014.11.25-17.33.08:316][  0]LogAssetRegistry: FAssetRegistry took 0.0108 seconds to start up
[2014.11.25-17.33.08:316][  0]LogDirectoryWatcher:Warning: Failed to begin reading directory changes for ../../../Engine/Plugins/Experimental/CharacterAI/Content/. Error: 0
[2014.11.25-17.33.08:869][  0]LogTargetPlatformManager:Display: Building Assets For Windows
[2014.11.25-17.33.09:258][  0]LogTargetPlatformManager:Display: Building Assets For Windows
[2014.11.25-17.33.09:474][  0]LogConsoleResponse:Display: 
[2014.11.25-17.33.09:749][  0]SourceControl: Info Source control is disabled
[2014.11.25-17.33.09:749][  0]Cmd: MAP LOAD FILE="../../../Engine/Content/Maps/Templates/Template_Default.umap" TEMPLATE=1 SHOWPROGRESS=1
[2014.11.25-17.33.09:749][  0]LightingResults: New page: Lighting Build
[2014.11.25-17.33.09:759][  0]MapCheck: New page: Map Check
[2014.11.25-17.33.09:759][  0]LightingResults: New page: Lighting Build
[2014.11.25-17.33.09:773][  0]LogParticles: Destroying 0 GPU particle simulations for FXSystem 0x000000B179A2DA80
[2014.11.25-17.33.10:002][  0]LogEditorServer: Finished looking for orphan Actors (0.000 secs)
[2014.11.25-17.33.10:002][  0]LogAIModule: Creating AISystem for world Untitled_1
[2014.11.25-17.33.10:002][  0]Cmd: MAP CHECKDEP
[2014.11.25-17.33.10:002][  0]MapCheck: New page: Untitled_1 - Nov 25, 2014, 3:33:10 AM
[2014.11.25-17.33.10:080][  0]MapCheck: Info Map check complete: 0 Error(s), 0 Warning(s), took 77.245ms to complete.
[2014.11.25-17.33.10:080][  0]LogFileHelpers: Loading map 'Template_Default' took 0.331
[2014.11.25-17.33.10:233][  0]LogCollectionManager: Loaded 0 collections in 0.001187 seconds
[2014.11.25-17.33.10:251][  0]LogContentBrowser:Verbose: The content browser source was changed by the sources view to '/Game'
[2014.11.25-17.33.10:498][  0]LogCrashTracker: Crashtracker disabled due to settings.
[2014.11.25-17.33.10:562][  0]LogLoad: Full Startup: 14.87 seconds (BP compile: 0.07 seconds)
[2014.11.25-17.33.11:363][  2]LogRenderer:Warning: Reallocating scene render targets to support 768x592.
[2014.11.25-17.33.11:646][  2]LogAssetRegistry: Asset discovery search completed in 3.3418 seconds
[2014.11.25-17.33.15:756][ 58]LogRenderer:Warning: Reallocating scene render targets to support 1136x944.
[2014.11.25-17.33.22:084][620]LogTexture:Display: Building textures: HQ_Lightmap0_1 (AutoDXT)
[2014.11.25-17.33.22:311][620]LogTexture:Display: Building textures: HQ_Lightmap0_2 (AutoDXT)
[2014.11.25-17.33.22:331][620]LogTexture:Display: Building textures: HQ_Lightmap0_3 (AutoDXT)
[2014.11.25-17.33.22:365][620]LogTexture:Display: Building textures: HQ_Lightmap0_4 (AutoDXT)
[2014.11.25-17.33.22:387][620]LogTexture:Display: Building textures: LQ_Lightmap_0_1 (DXT1)
[2014.11.25-17.33.22:521][620]LogTexture:Display: Building textures: LQ_Lightmap_0_2 (DXT1)
[2014.11.25-17.33.22:536][620]LogTexture:Display: Building textures: LQ_Lightmap_0_3 (DXT1)
[2014.11.25-17.33.22:553][620]LogTexture:Display: Building textures: LQ_Lightmap_0_4 (DXT1)
[2014.11.25-17.33.22:566][620]LogTexture:Display: Building textures: ShadowMapTexture2D_0 (BGRA8)
[2014.11.25-17.33.22:622][620]LogTexture:Display: Building textures: ShadowMapTexture2D_1 (BGRA8)
[2014.11.25-17.33.22:629][620]LogTexture:Display: Building textures: ShadowMapTexture2D_2 (BGRA8)
[2014.11.25-17.33.22:634][620]LogTexture:Display: Building textures: ShadowMapTexture2D_3 (BGRA8)
[2014.11.25-17.33.22:743][620]Cmd: MAP LOAD FILE="../../../../../../Work/CloudFactory/MyProject 4.5/Content/FactoryPreViz.umap" TEMPLATE=0 SHOWPROGRESS=1
[2014.11.25-17.33.22:743][620]LightingResults: New page: Lighting Build
[2014.11.25-17.33.22:773][620]LoadErrors: New page: Loading map: FactoryPreViz.umap
[2014.11.25-17.33.22:774][620]MapCheck: New page: Map Check
[2014.11.25-17.33.22:774][620]LightingResults: New page: Lighting Build
[2014.11.25-17.33.22:791][620]LogParticles: Destroying 0 GPU particle simulations for FXSystem 0x000000B171815080
[2014.11.25-17.33.22:888][620]LogEditorServer: Finished looking for orphan Actors (0.000 secs)
[2014.11.25-17.33.22:909][620]LogAIModule: Creating AISystem for world FactoryPreViz
[2014.11.25-17.33.22:928][620]Cmd: MAP CHECKDEP
[2014.11.25-17.33.22:928][620]MapCheck: New page: FactoryPreViz - Nov 25, 2014, 3:33:22 AM
[2014.11.25-17.33.23:002][620]MapCheck: Info Map check complete: 0 Error(s), 0 Warning(s), took 73.972ms to complete.
[2014.11.25-17.33.23:003][620]LogFileHelpers: Loading map 'FactoryPreViz' took 0.261
[2014.11.25-17.33.33:378][570]Cmd: MAP LOAD FILE="../../../../../../Work/CloudFactory/MyProject 4.5/Content/Maps/barracks_layout_for_mocap.umap" TEMPLATE=0 SHOWPROGRESS=1
[2014.11.25-17.33.33:379][570]LightingResults: New page: Lighting Build
[2014.11.25-17.33.33:410][570]LoadErrors: New page: Loading map: barracks_layout_for_mocap.umap
[2014.11.25-17.33.33:478][570]MapCheck: New page: Map Check
[2014.11.25-17.33.33:478][570]LightingResults: New page: Lighting Build
[2014.11.25-17.33.33:496][570]LogParticles: Destroying 0 GPU particle simulations for FXSystem 0x000000B171817920
[2014.11.25-17.33.33:611][570]LogEditorServer: Finished looking for orphan Actors (0.000 secs)
[2014.11.25-17.33.33:611][570]LogAIModule: Creating AISystem for world barracks_layout_for_mocap
[2014.11.25-17.33.33:633][570]Cmd: MAP CHECKDEP
[2014.11.25-17.33.33:633][570]MapCheck: New page: barracks_layout_for_mocap - Nov 25, 2014, 3:33:33 AM
[2014.11.25-17.33.33:720][570]MapCheck: Info Map check complete: 0 Error(s), 0 Warning(s), took 86.762ms to complete.
[2014.11.25-17.33.33:720][570]LogFileHelpers: Loading map 'barracks_layout_for_mocap' took 0.342
[2014.11.25-17.33.41:260][299]LogSynthBenchmark:Display: FSynthBenchmark (V0.95):  requested WorkScale=1.00
[2014.11.25-17.33.41:260][299]LogSynthBenchmark:Display: ===============
[2014.11.25-17.33.41:260][299]LogSynthBenchmark:Display: Main Processor:
[2014.11.25-17.33.41:309][299]LogSynthBenchmark:Display:          ... 0.025804 s/Run 'RayIntersect'
[2014.11.25-17.33.41:309][299]LogSynthBenchmark:Display:          ... 0.023825 s/Run 'Fractal'
[2014.11.25-17.33.41:309][299]LogSynthBenchmark:Display: 
[2014.11.25-17.33.41:309][299]LogSynthBenchmark:Display:   CompiledTarget_x_Bits: 64
[2014.11.25-17.33.41:309][299]LogSynthBenchmark:Display:   UE_BUILD_SHIPPING: 0
[2014.11.25-17.33.41:309][299]LogSynthBenchmark:Display:   UE_BUILD_TEST: 0
[2014.11.25-17.33.41:309][299]LogSynthBenchmark:Display:   UE_BUILD_DEBUG: 0
[2014.11.25-17.33.41:309][299]LogSynthBenchmark:Display:   TotalPhysicalGBRam: 8
[2014.11.25-17.33.41:309][299]LogSynthBenchmark:Display:   NumberOfCores (physical): 4
[2014.11.25-17.33.41:310][299]LogSynthBenchmark:Display:   NumberOfCores (logical): 8
[2014.11.25-17.33.41:310][299]LogSynthBenchmark:Display:   CPU Perf Index 0: 99.2
[2014.11.25-17.33.41:310][299]LogSynthBenchmark:Display:   CPU Perf Index 1: 120.0
[2014.11.25-17.33.41:310][299]LogSynthBenchmark:Display:  
[2014.11.25-17.33.41:310][299]LogSynthBenchmark:Display: Graphics:
[2014.11.25-17.33.41:310][299]LogSynthBenchmark:Display:   Adapter Name: 'NVIDIA GeForce GTX 970'
[2014.11.25-17.33.41:310][299]LogSynthBenchmark:Display:   (On Optimus the name might be wrong, memory should be ok)
[2014.11.25-17.33.41:310][299]LogSynthBenchmark:Display:   Vendor Id: 0x10de
[2014.11.25-17.33.41:310][299]LogSynthBenchmark:Display:   GPU Memory: 3907/0/4079 MB
[2014.11.25-17.33.41:319][299]LogSynthBenchmark:Display:   GPU first test: 0.00s
[2014.11.25-17.33.41:319][299]LogSynthBenchmark:Display:          ... 5.026 GigaPix/s, Confidence=89% 'ALUHeavyNoise' (likely to be very inaccurate)
[2014.11.25-17.33.41:319][299]LogSynthBenchmark:Display:          ... 3.808 GigaPix/s, Confidence=89% 'TexHeavy' (likely to be very inaccurate)
[2014.11.25-17.33.41:320][299]LogSynthBenchmark:Display:          ... 3.149 GigaPix/s, Confidence=100% 'DepTexHeavy' (likely to be very inaccurate)
[2014.11.25-17.33.41:320][299]LogSynthBenchmark:Display:          ... 7.933 GigaPix/s, Confidence=60% 'FillOnly' (likely to be very inaccurate)
[2014.11.25-17.33.41:320][299]LogSynthBenchmark:Display:          ... 0.830 GigaPix/s, Confidence=100% 'Bandwidth' (likely to be very inaccurate)
[2014.11.25-17.33.41:337][299]LogSynthBenchmark:Display:   GPU second test: 0.01s
[2014.11.25-17.33.41:337][299]LogSynthBenchmark:Display:          ... 10.004 GigaPix/s, Confidence=89% 'ALUHeavyNoise' (likely to be inaccurate)
[2014.11.25-17.33.41:337][299]LogSynthBenchmark:Display:          ... 7.758 GigaPix/s, Confidence=100% 'TexHeavy' (likely to be inaccurate)
[2014.11.25-17.33.41:337][299]LogSynthBenchmark:Display:          ... 6.715 GigaPix/s, Confidence=100% 'DepTexHeavy' (likely to be inaccurate)
[2014.11.25-17.33.41:337][299]LogSynthBenchmark:Display:          ... 35.240 GigaPix/s, Confidence=89% 'FillOnly' (likely to be inaccurate)
[2014.11.25-17.33.41:337][299]LogSynthBenchmark:Display:          ... 0.965 GigaPix/s, Confidence=100% 'Bandwidth' (likely to be inaccurate)
[2014.11.25-17.33.41:456][299]LogSynthBenchmark:Display:   GPU third test: 0.10s
[2014.11.25-17.33.41:456][299]LogSynthBenchmark:Display:          ... 11.164 GigaPix/s, Confidence=100% 'ALUHeavyNoise'
[2014.11.25-17.33.41:456][299]LogSynthBenchmark:Display:          ... 8.569 GigaPix/s, Confidence=100% 'TexHeavy'
[2014.11.25-17.33.41:456][299]LogSynthBenchmark:Display:          ... 8.032 GigaPix/s, Confidence=100% 'DepTexHeavy'
[2014.11.25-17.33.41:456][299]LogSynthBenchmark:Display:          ... 53.301 GigaPix/s, Confidence=100% 'FillOnly'
[2014.11.25-17.33.41:456][299]LogSynthBenchmark:Display:          ... 0.968 GigaPix/s, Confidence=100% 'Bandwidth'
[2014.11.25-17.33.41:456][299]LogSynthBenchmark:Display: 
[2014.11.25-17.33.41:456][299]LogSynthBenchmark:Display:   GPU Perf Index 0: 242.6
[2014.11.25-17.33.41:456][299]LogSynthBenchmark:Display:   GPU Perf Index 1: 115.1
[2014.11.25-17.33.41:456][299]LogSynthBenchmark:Display:   GPU Perf Index 2: 208.8
[2014.11.25-17.33.41:456][299]LogSynthBenchmark:Display:   GPU Perf Index 3: 209.3
[2014.11.25-17.33.41:456][299]LogSynthBenchmark:Display:   GPU Perf Index 4: 90.3
[2014.11.25-17.33.41:456][299]LogSynthBenchmark:Display:   CPUIndex: 99.2
[2014.11.25-17.33.41:456][299]LogSynthBenchmark:Display:   GPUIndex: 242.6
[2014.11.25-17.33.41:456][299]LogSynthBenchmark:Display: 
[2014.11.25-17.33.41:456][299]LogSynthBenchmark:Display:          ... Total Time: 0.196536 sec
[2014.11.25-17.33.41:472][300]LogContentStreaming: Texture pool size now 1000 MB
[2014.11.25-17.33.59:592][983]Cmd: MAP LOAD FILE="../../../../../../Work/CloudFactory/MyProject 4.5/Content/Maps/basicinterior2.umap" TEMPLATE=0 SHOWPROGRESS=1
[2014.11.25-17.33.59:593][983]LightingResults: New page: Lighting Build
[2014.11.25-17.33.59:622][983]LoadErrors: New page: Loading map: basicinterior2.umap
[2014.11.25-17.33.59:632][983]MapCheck: New page: Map Check
[2014.11.25-17.33.59:632][983]LightingResults: New page: Lighting Build
[2014.11.25-17.33.59:651][983]LogParticles: Destroying 0 GPU particle simulations for FXSystem 0x000000B101BE0220
[2014.11.25-17.33.59:810][983]LogTexture:Display: Building textures: HQ_Lightmap0_2 (AutoDXT)
[2014.11.25-17.34.00:199][983]LogTexture:Display: Building textures: HQ_Lightmap0_3 (AutoDXT)
[2014.11.25-17.34.00:593][983]LogTexture:Display: Building textures: HQ_Lightmap0_4 (AutoDXT)
[2014.11.25-17.34.01:028][983]LogTexture:Display: Building textures: HQ_Lightmap0_5 (AutoDXT)
[2014.11.25-17.34.01:507][983]LogTexture:Display: Building textures: HQ_Lightmap0_6 (AutoDXT)
[2014.11.25-17.34.01:805][983]LogTexture:Display: Building textures: HQ_Lightmap0_7 (AutoDXT)
[2014.11.25-17.34.01:823][983]LogTexture:Display: Building textures: HQ_Lightmap0_8 (AutoDXT)
[2014.11.25-17.34.01:851][983]LogTexture:Display: Building textures: HQ_Lightmap1_1 (AutoDXT)
[2014.11.25-17.34.02:519][983]LogTexture:Display: Building textures: HQ_Lightmap1_7 (AutoDXT)
[2014.11.25-17.34.02:539][983]LogTexture:Display: Building textures: HQ_Lightmap1_8 (AutoDXT)
[2014.11.25-17.34.02:561][983]LogTexture:Display: Building textures: LQ_Lightmap_0_2 (DXT1)
[2014.11.25-17.34.02:751][983]LogTexture:Display: Building textures: LQ_Lightmap_0_3 (DXT1)
[2014.11.25-17.34.02:905][983]LogTexture:Display: Building textures: LQ_Lightmap_0_4 (DXT1)
[2014.11.25-17.34.03:115][983]LogTexture:Display: Building textures: LQ_Lightmap_0_5 (DXT1)
[2014.11.25-17.34.03:287][983]LogTexture:Display: Building textures: LQ_Lightmap_0_6 (DXT1)
[2014.11.25-17.34.03:391][983]LogTexture:Display: Building textures: LQ_Lightmap_0_7 (DXT1)
[2014.11.25-17.34.03:407][983]LogTexture:Display: Building textures: LQ_Lightmap_0_8 (DXT1)
[2014.11.25-17.34.03:429][983]LogTexture:Display: Building textures: LQ_Lightmap_1_1 (DXT1)
[2014.11.25-17.34.03:661][983]LogTexture:Display: Building textures: ShadowMapTexture2D_39 (BGRA8)
[2014.11.25-17.34.03:672][983]LogTexture:Display: Building textures: ShadowMapTexture2D_40 (BGRA8)
[2014.11.25-17.34.03:717][983]LogTexture:Display: Building textures: ShadowMapTexture2D_41 (BGRA8)
[2014.11.25-17.34.04:039][983]LogTexture:Display: Building textures: ShadowMapTexture2D_42 (BGRA8)
[2014.11.25-17.34.04:363][983]LogTexture:Display: Building textures: ShadowMapTexture2D_43 (BGRA8)
[2014.11.25-17.34.04:631][983]LogTexture:Display: Building textures: ShadowMapTexture2D_44 (BGRA8)
[2014.11.25-17.34.04:643][983]LogTexture:Display: Building textures: ShadowMapTexture2D_45 (BGRA8)
[2014.11.25-17.34.04:672][983]LogEditorServer: Finished looking for orphan Actors (0.000 secs)
[2014.11.25-17.34.04:672][983]LogAIModule: Creating AISystem for world basicinterior2
[2014.11.25-17.34.04:695][983]Cmd: MAP CHECKDEP
[2014.11.25-17.34.04:695][983]MapCheck: New page: basicinterior2 - Nov 25, 2014, 3:34:04 AM
[2014.11.25-17.34.04:781][983]MapCheck: Info Map check complete: 0 Error(s), 0 Warning(s), took 85.46ms to complete.
[2014.11.25-17.34.04:781][983]LogFileHelpers: Loading map 'basicinterior2' took 5.190
[2014.11.25-17.34.30:162][ 47]LogEditorViewport: Clicking on Actor (LMB): PointLight (PointLight7)
[2014.11.25-17.34.40:188][502]Cmd: MAP LOAD FILE="../../../../../../Work/CloudFactory/MyProject 4.5/Content/Maps/Boss_office_for_mocap.umap" TEMPLATE=0 SHOWPROGRESS=1
[2014.11.25-17.34.40:188][502]LightingResults: New page: Lighting Build
[2014.11.25-17.34.40:218][502]LoadErrors: New page: Loading map: Boss_office_for_mocap.umap
[2014.11.25-17.34.40:220][502]MapCheck: New page: Map Check
[2014.11.25-17.34.40:220][502]LightingResults: New page: Lighting Build
[2014.11.25-17.34.40:279][502]LogParticles: Destroying 0 GPU particle simulations for FXSystem 0x000000B171981F80
[2014.11.25-17.34.40:320][502]LogEditorServer: Finished looking for orphan Actors (0.000 secs)
[2014.11.25-17.34.40:321][502]LogAIModule: Creating AISystem for world Boss_office_for_mocap
[2014.11.25-17.34.40:342][502]Cmd: MAP CHECKDEP
[2014.11.25-17.34.40:342][502]MapCheck: New page: Boss_office_for_mocap - Nov 25, 2014, 3:34:40 AM
[2014.11.25-17.34.40:426][502]MapCheck: Info Map check complete: 0 Error(s), 0 Warning(s), took 83.964ms to complete.
[2014.11.25-17.34.40:426][502]LogFileHelpers: Loading map 'Boss_office_for_mocap' took 0.240
[2014.11.25-17.34.51:106][542]LogRenderer:Warning: Reallocating scene render targets to support 1136x944.
[2014.11.25-17.34.51:180][545]LogContentStreaming: Texture pool size now 400 MB
[2014.11.25-17.34.52:086][643]LogRenderer:Warning: Reallocating scene render targets to support 1136x944.
[2014.11.25-17.34.52:148][645]LogContentStreaming: Texture pool size now 700 MB
[2014.11.25-17.34.53:094][744]LogRenderer:Warning: Reallocating scene render targets to support 1136x944.
[2014.11.25-17.34.53:147][745]LogContentStreaming: Texture pool size now 1000 MB
[2014.11.25-17.34.53:906][825]LogSynthBenchmark:Display: FSynthBenchmark (V0.95):  requested WorkScale=1.00
[2014.11.25-17.34.53:906][825]LogSynthBenchmark:Display: ===============
[2014.11.25-17.34.53:906][825]LogSynthBenchmark:Display: Main Processor:
[2014.11.25-17.34.53:955][825]LogSynthBenchmark:Display:          ... 0.025569 s/Run 'RayIntersect'
[2014.11.25-17.34.53:955][825]LogSynthBenchmark:Display:          ... 0.023507 s/Run 'Fractal'
[2014.11.25-17.34.53:955][825]LogSynthBenchmark:Display: 
[2014.11.25-17.34.53:955][825]LogSynthBenchmark:Display:   CompiledTarget_x_Bits: 64
[2014.11.25-17.34.53:955][825]LogSynthBenchmark:Display:   UE_BUILD_SHIPPING: 0
[2014.11.25-17.34.53:955][825]LogSynthBenchmark:Display:   UE_BUILD_TEST: 0
[2014.11.25-17.34.53:955][825]LogSynthBenchmark:Display:   UE_BUILD_DEBUG: 0
[2014.11.25-17.34.53:955][825]LogSynthBenchmark:Display:   TotalPhysicalGBRam: 8
[2014.11.25-17.34.53:955][825]LogSynthBenchmark:Display:   NumberOfCores (physical): 4
[2014.11.25-17.34.53:955][825]LogSynthBenchmark:Display:   NumberOfCores (logical): 8
[2014.11.25-17.34.53:955][825]LogSynthBenchmark:Display:   CPU Perf Index 0: 100.2
[2014.11.25-17.34.53:955][825]LogSynthBenchmark:Display:   CPU Perf Index 1: 121.7
[2014.11.25-17.34.53:955][825]LogSynthBenchmark:Display:  
[2014.11.25-17.34.53:955][825]LogSynthBenchmark:Display: Graphics:
[2014.11.25-17.34.53:955][825]LogSynthBenchmark:Display:   Adapter Name: 'NVIDIA GeForce GTX 970'
[2014.11.25-17.34.53:955][825]LogSynthBenchmark:Display:   (On Optimus the name might be wrong, memory should be ok)
[2014.11.25-17.34.53:955][825]LogSynthBenchmark:Display:   Vendor Id: 0x10de
[2014.11.25-17.34.53:955][825]LogSynthBenchmark:Display:   GPU Memory: 3907/0/4079 MB
[2014.11.25-17.34.53:964][825]LogSynthBenchmark:Display:   GPU first test: 0.01s
[2014.11.25-17.34.53:964][825]LogSynthBenchmark:Display:          ... 3.230 GigaPix/s, Confidence=100% 'ALUHeavyNoise' (likely to be very inaccurate)
[2014.11.25-17.34.53:965][825]LogSynthBenchmark:Display:          ... 2.633 GigaPix/s, Confidence=100% 'TexHeavy' (likely to be very inaccurate)
[2014.11.25-17.34.53:965][825]LogSynthBenchmark:Display:          ... 2.088 GigaPix/s, Confidence=100% 'DepTexHeavy' (likely to be very inaccurate)
[2014.11.25-17.34.53:965][825]LogSynthBenchmark:Display:          ... 5.435 GigaPix/s, Confidence=89% 'FillOnly' (likely to be very inaccurate)
[2014.11.25-17.34.53:965][825]LogSynthBenchmark:Display:          ... 0.560 GigaPix/s, Confidence=89% 'Bandwidth' (likely to be very inaccurate)
[2014.11.25-17.34.53:987][825]LogSynthBenchmark:Display:   GPU second test: 0.02s
[2014.11.25-17.34.53:987][825]LogSynthBenchmark:Display:          ... 6.710 GigaPix/s, Confidence=100% 'ALUHeavyNoise' (likely to be inaccurate)
[2014.11.25-17.34.53:987][825]LogSynthBenchmark:Display:          ... 5.252 GigaPix/s, Confidence=100% 'TexHeavy' (likely to be inaccurate)
[2014.11.25-17.34.53:987][825]LogSynthBenchmark:Display:          ... 4.573 GigaPix/s, Confidence=100% 'DepTexHeavy' (likely to be inaccurate)
[2014.11.25-17.34.53:987][825]LogSynthBenchmark:Display:          ... 24.196 GigaPix/s, Confidence=100% 'FillOnly' (likely to be inaccurate)
[2014.11.25-17.34.53:987][825]LogSynthBenchmark:Display:          ... 0.646 GigaPix/s, Confidence=89% 'Bandwidth' (likely to be inaccurate)
[2014.11.25-17.34.54:156][825]LogSynthBenchmark:Display:   GPU third test: 0.15s
[2014.11.25-17.34.54:156][825]LogSynthBenchmark:Display:          ... 7.503 GigaPix/s, Confidence=100% 'ALUHeavyNoise'
[2014.11.25-17.34.54:156][825]LogSynthBenchmark:Display:          ... 5.878 GigaPix/s, Confidence=100% 'TexHeavy'
[2014.11.25-17.34.54:156][825]LogSynthBenchmark:Display:          ... 5.431 GigaPix/s, Confidence=100% 'DepTexHeavy'
[2014.11.25-17.34.54:156][825]LogSynthBenchmark:Display:          ... 36.173 GigaPix/s, Confidence=100% 'FillOnly'
[2014.11.25-17.34.54:156][825]LogSynthBenchmark:Display:          ... 0.645 GigaPix/s, Confidence=100% 'Bandwidth'
[2014.11.25-17.34.54:156][825]LogSynthBenchmark:Display: 
[2014.11.25-17.34.54:156][825]LogSynthBenchmark:Display:   GPU Perf Index 0: 163.1
[2014.11.25-17.34.54:156][825]LogSynthBenchmark:Display:   GPU Perf Index 1: 78.9
[2014.11.25-17.34.54:156][825]LogSynthBenchmark:Display:   GPU Perf Index 2: 141.2
[2014.11.25-17.34.54:156][825]LogSynthBenchmark:Display:   GPU Perf Index 3: 142.1
[2014.11.25-17.34.54:156][825]LogSynthBenchmark:Display:   GPU Perf Index 4: 60.2
[2014.11.25-17.34.54:156][825]LogSynthBenchmark:Display:   CPUIndex: 100.2
[2014.11.25-17.34.54:156][825]LogSynthBenchmark:Display:   GPUIndex: 163.1
[2014.11.25-17.34.54:156][825]LogSynthBenchmark:Display: 
[2014.11.25-17.34.54:156][825]LogSynthBenchmark:Display:          ... Total Time: 0.250271 sec
[2014.11.25-17.34.54:855][895]LogContentStreaming: Texture pool size now 400 MB
[2014.11.25-17.34.54:865][896]LogRenderer:Warning: Reallocating scene render targets to support 1136x944.
[2014.11.25-17.35.13:076][561]LogEditorViewport: Clicking on Actor (LMB): CameraActor (CameraActor)
[2014.11.25-17.35.26:426][465]LogSavePackage: Save=50.312050ms
[2014.11.25-17.35.26:426][465]LogSavePackage: Moving '../../../../../../Work/CloudFactory/MyProject 4.5/Saved/Boss_office_for_mocapBA1BF962484289C50FCAC5833F276412.tmp' to '../../../../../../Work/CloudFactory/MyProject 4.5/Content/Maps/Boss_office_for_mocap.umap'
[2014.11.25-17.35.26:454][465]LogFileHelpers: Saving map 'Boss_office_for_mocap' took 0.190
[2014.11.25-17.35.40:736][403]LogEditorViewport: Clicking on Actor (LMB): BP_Sky_Sphere_C (BP_Sky_Shere)
[2014.11.25-17.35.40:827][407]LogEditorViewport: Clicking on Actor (double click): BP_Sky_Sphere_C (BP_Sky_Shere)
[2014.11.25-17.35.44:584][672]Cmd: CLOSE_SLATE_MAINFRAME
[2014.11.25-17.35.45:197][673]Cmd: QUIT_EDITOR
[2014.11.25-17.35.45:499][673]LogExit: Preparing to exit.
[2014.11.25-17.35.46:317][673]LogExit: Editor shut down
[2014.11.25-17.35.46:317][673]LogExit: Transaction tracking system shut down
[2014.11.25-17.35.46:348][673]LogParticles: Destroying 0 GPU particle simulations for FXSystem 0x000000B1092E2C00
[2014.11.25-17.35.46:348][673]LogExit: Object subsystem successfully closed.
[2014.11.25-17.35.46:398][673]LogModuleManager: Shutting down and abandoning module SynthBenchmark (167)
[2014.11.25-17.35.46:398][673]LogModuleManager: Shutting down and abandoning module AndroidDeviceDetection (166)
[2014.11.25-17.35.46:398][673]LogModuleManager: Shutting down and abandoning module CrashTracker (165)
[2014.11.25-17.35.46:398][673]LogModuleManager: Shutting down and abandoning module SuperSearch (164)
[2014.11.25-17.35.46:398][673]LogModuleManager: Shutting down and abandoning module SceneOutliner (163)
[2014.11.25-17.35.46:398][673]LogModuleManager: Shutting down and abandoning module EditorWidgets (162)
[2014.11.25-17.35.46:398][673]LogModuleManager: Shutting down and abandoning module CollectionManager (161)
[2014.11.25-17.35.46:398][673]LogModuleManager: Shutting down and abandoning module StatsViewer (160)
[2014.11.25-17.35.46:398][673]LogModuleManager: Shutting down and abandoning module FoliageEdit (159)
[2014.11.25-17.35.46:398][673]LogModuleManager: Shutting down and abandoning module LandscapeEditor (158)
[2014.11.25-17.35.46:398][673]LogModuleManager: Shutting down and abandoning module MeshPaint (157)
[2014.11.25-17.35.46:398][673]LogModuleManager: Shutting down and abandoning module ActorPickerMode (156)
[2014.11.25-17.35.46:398][673]LogModuleManager: Shutting down and abandoning module GeometryMode (155)
[2014.11.25-17.35.46:398][673]LogModuleManager: Shutting down and abandoning module TextureAlignMode (154)
[2014.11.25-17.35.46:398][673]LogModuleManager: Shutting down and abandoning module BspMode (153)
[2014.11.25-17.35.46:398][673]LogModuleManager: Shutting down and abandoning module PlacementMode (152)
[2014.11.25-17.35.46:398][673]LogModuleManager: Shutting down and abandoning module AutomationWorker (151)
[2014.11.25-17.35.46:398][673]LogModuleManager: Shutting down and abandoning module CharacterAI (150)
[2014.11.25-17.35.46:398][673]LogModuleManager: Shutting down and abandoning module GameProjectGeneration (149)
[2014.11.25-17.35.46:398][673]LogModuleManager: Shutting down and abandoning module IntroTutorials (148)
[2014.11.25-17.35.46:399][673]LogModuleManager: Shutting down and abandoning module EditorLiveStreaming (147)
[2014.11.25-17.35.46:399][673]LogModuleManager: Shutting down and abandoning module HardwareTargeting (146)
[2014.11.25-17.35.46:399][673]LogModuleManager: Shutting down and abandoning module BehaviorTreeEditor (145)
[2014.11.25-17.35.46:399][673]LogModuleManager: Shutting down and abandoning module DeviceProfileEditor (144)
[2014.11.25-17.35.46:399][673]LogModuleManager: Shutting down and abandoning module UndoHistory (143)
[2014.11.25-17.35.46:399][673]LogModuleManager: Shutting down and abandoning module GameplayTagsEditor (142)
[2014.11.25-17.35.46:399][673]LogModuleManager: Shutting down and abandoning module UserFeedback (141)
[2014.11.25-17.35.46:399][673]LogModuleManager: Shutting down and abandoning module XmlParser (140)
[2014.11.25-17.35.46:399][673]LogModuleManager: Shutting down and abandoning module Blutility (139)
[2014.11.25-17.35.46:399][673]LogModuleManager: Shutting down and abandoning module IOSPlatformEditor (138)
[2014.11.25-17.35.46:399][673]LogModuleManager: Shutting down and abandoning module IOSRuntimeSettings (137)
[2014.11.25-17.35.46:399][673]LogModuleManager: Shutting down and abandoning module AndroidPlatformEditor (136)
[2014.11.25-17.35.46:399][673]LogModuleManager: Shutting down and abandoning module AndroidRuntimeSettings (135)
[2014.11.25-17.35.46:399][673]LogModuleManager: Shutting down and abandoning module ProjectTargetPlatformEditor (134)
[2014.11.25-17.35.46:399][673]LogModuleManager: Shutting down and abandoning module ProjectSettingsViewer (133)
[2014.11.25-17.35.46:399][673]LogModuleManager: Shutting down and abandoning module InputBindingEditor (132)
[2014.11.25-17.35.46:399][673]LogModuleManager: Shutting down and abandoning module EditorSettingsViewer (131)
[2014.11.25-17.35.46:399][673]LogModuleManager: Shutting down and abandoning module SettingsEditor (130)
[2014.11.25-17.35.46:399][673]LogModuleManager: Shutting down and abandoning module ProjectLauncher (129)
[2014.11.25-17.35.46:399][673]LogModuleManager: Shutting down and abandoning module SessionFrontend (128)
[2014.11.25-17.35.46:399][673]LogModuleManager: Shutting down and abandoning module ProfilerClient (127)
[2014.11.25-17.35.46:399][673]LogModuleManager: Shutting down and abandoning module TargetDeviceServices (126)
[2014.11.25-17.35.46:399][673]LogModuleManager: Shutting down and abandoning module DeviceManager (125)
[2014.11.25-17.35.46:399][673]LogModuleManager: Shutting down and abandoning module AutomationController (124)
[2014.11.25-17.35.46:399][673]LogModuleManager: Shutting down and abandoning module AutomationWindow (123)
[2014.11.25-17.35.46:399][673]LogModuleManager: Shutting down and abandoning module Layers (122)
[2014.11.25-17.35.46:399][673]LogModuleManager: Shutting down and abandoning module ComponentVisualizers (121)
[2014.11.25-17.35.46:399][673]LogModuleManager: Shutting down and abandoning module DetailCustomizations (120)
[2014.11.25-17.35.46:399][673]LogModuleManager: Shutting down and abandoning module PackagesDialog (119)
[2014.11.25-17.35.46:399][673]LogModuleManager: Shutting down and abandoning module AssetRegistry (118)
[2014.11.25-17.35.46:518][673]LogModuleManager: Shutting down and abandoning module Persona (117)
[2014.11.25-17.35.46:518][673]LogModuleManager: Shutting down and abandoning module Kismet (116)
[2014.11.25-17.35.46:518][673]LogModuleManager: Shutting down and abandoning module GraphEditor (115)
[2014.11.25-17.35.46:518][673]LogModuleManager: Shutting down and abandoning module ClassViewer (114)
[2014.11.25-17.35.46:518][673]LogModuleManager: Shutting down and abandoning module Toolbox (113)
[2014.11.25-17.35.46:518][673]LogModuleManager: Shutting down and abandoning module ModuleUI (112)
[2014.11.25-17.35.46:518][673]LogModuleManager: Shutting down and abandoning module MovieSceneTools (111)
[2014.11.25-17.35.46:518][673]LogModuleManager: Shutting down and abandoning module OutputLog (110)
[2014.11.25-17.35.46:518][673]LogModuleManager: Shutting down and abandoning module GammaUI (109)
[2014.11.25-17.35.46:518][673]LogModuleManager: Shutting down and abandoning module Documentation (108)
[2014.11.25-17.35.46:518][673]LogModuleManager: Shutting down and abandoning module GameLiveStreaming (107)
[2014.11.25-17.35.46:518][673]LogModuleManager: Shutting down and abandoning module StreamingPauseRendering (106)
[2014.11.25-17.35.46:518][673]LogModuleManager: Shutting down and abandoning module HTTP (105)
[2014.11.25-17.35.46:518][673]LogModuleManager: Shutting down and abandoning module AnalyticsET (104)
[2014.11.25-17.35.46:518][673]LogModuleManager: Shutting down and abandoning module Analytics (103)
[2014.11.25-17.35.46:518][673]LogModuleManager: Shutting down and abandoning module GameplayDebugger (102)
[2014.11.25-17.35.46:518][673]LogModuleManager: Shutting down and abandoning module AIModule (101)
[2014.11.25-17.35.46:518][673]LogModuleManager: Shutting down and abandoning module ProfilerService (100)
[2014.11.25-17.35.46:651][673]LogModuleManager: Shutting down and abandoning module TaskGraph (99)
[2014.11.25-17.35.46:651][673]LogModuleManager: Shutting down and abandoning module SlateRemote (98)
[2014.11.25-17.35.46:651][673]LogModuleManager: Shutting down and abandoning module ScriptEditorPlugin (97)
[2014.11.25-17.35.46:651][673]LogModuleManager: Shutting down and abandoning module CustomMeshComponent (96)
[2014.11.25-17.35.46:651][673]LogModuleManager: Shutting down and abandoning module CableComponent (95)
[2014.11.25-17.35.46:651][673]LogModuleManager: Shutting down and abandoning module MessagingDebugger (94)
[2014.11.25-17.35.46:651][673]LogModuleManager: Shutting down and abandoning module MediaPlayerEditor (93)
[2014.11.25-17.35.46:651][673]LogModuleManager: Shutting down and abandoning module SpeedTreeImporter (92)
[2014.11.25-17.35.46:651][673]LogModuleManager: Shutting down and abandoning module PluginsEditor (91)
[2014.11.25-17.35.46:651][673]LogModuleManager: Shutting down and abandoning module EpicSurvey (90)
[2014.11.25-17.35.46:651][673]LogModuleManager: Shutting down and abandoning module DesktopPlatform (89)
[2014.11.25-17.35.46:651][673]LogModuleManager: Shutting down and abandoning module VisualStudioSourceCodeAccess (88)
[2014.11.25-17.35.46:651][673]LogModuleManager: Shutting down and abandoning module UObjectPlugin (87)
[2014.11.25-17.35.46:651][673]LogModuleManager: Shutting down and abandoning module SubversionSourceControl (86)
[2014.11.25-17.35.46:651][673]LogModuleManager: Shutting down and abandoning module SourceControl (85)
[2014.11.25-17.35.46:651][673]LogModuleManager: Shutting down and abandoning module PerforceSourceControl (84)
[2014.11.25-17.35.46:651][673]LogModuleManager: Shutting down and abandoning module BlankPlugin (83)
[2014.11.25-17.35.46:651][673]LogModuleManager: Shutting down and abandoning module SlateReflector (82)
[2014.11.25-17.35.46:652][673]LogModuleManager: Shutting down and abandoning module DirectoryWatcher (81)
[2014.11.25-17.35.46:652][673]LogModuleManager: Shutting down and abandoning module HotReload (80)
[2014.11.25-17.35.46:652][673]LogModuleManager: Shutting down and abandoning module MainFrame (79)
[2014.11.25-17.35.46:652][673]LogModuleManager: Shutting down and abandoning module LevelEditor (78)
[2014.11.25-17.35.46:654][673]LogModuleManager: Shutting down and abandoning module ViewportSnapping (77)
[2014.11.25-17.35.46:654][673]LogModuleManager: Shutting down and abandoning module SmartSnapping (76)
[2014.11.25-17.35.46:654][673]LogModuleManager: Shutting down and abandoning module PaperTiledImporter (75)
[2014.11.25-17.35.46:654][673]LogModuleManager: Shutting down and abandoning module PaperJsonImporter (74)
[2014.11.25-17.35.46:654][673]LogModuleManager: Shutting down and abandoning module ContentBrowser (73)
[2014.11.25-17.35.46:654][673]LogModuleManager: Shutting down and abandoning module PropertyEditor (72)
[2014.11.25-17.35.46:654][673]LogModuleManager: Shutting down and abandoning module Paper2DEditor (71)
[2014.11.25-17.35.46:654][673]LogModuleManager: Shutting down and abandoning module ScriptPlugin (70)
[2014.11.25-17.35.46:654][673]LogModuleManager: Shutting down and abandoning module UdpMessaging (69)
[2014.11.25-17.35.46:755][673]LogModuleManager: Shutting down and abandoning module Paper2D (68)
[2014.11.25-17.35.46:755][673]LogModuleManager: Shutting down and abandoning module WindowsMoviePlayer (67)
[2014.11.25-17.35.46:760][673]LogModuleManager: Shutting down and abandoning module Media (66)
[2014.11.25-17.35.46:760][673]LogModuleManager: Shutting down and abandoning module WmfMedia (65)
[2014.11.25-17.35.46:760][673]LogModuleManager: Shutting down and abandoning module OnlineBlueprintSupport (64)
[2014.11.25-17.35.46:760][673]LogModuleManager: Shutting down and abandoning module FunctionalTesting (63)
[2014.11.25-17.35.46:760][673]LogModuleManager: Shutting down and abandoning module CollisionAnalyzer (62)
[2014.11.25-17.35.46:760][673]LogModuleManager: Shutting down and abandoning module WorkspaceMenuStructure (61)
[2014.11.25-17.35.46:760][673]LogModuleManager: Shutting down and abandoning module MessageLog (60)
[2014.11.25-17.35.46:760][673]LogModuleManager: Shutting down and abandoning module Sequencer (59)
[2014.11.25-17.35.46:761][673]LogModuleManager: Shutting down and abandoning module AssetTools (58)
[2014.11.25-17.35.46:761][673]LogModuleManager: Shutting down and abandoning module UMGEditor (57)
[2014.11.25-17.35.46:761][673]LogModuleManager: Shutting down and abandoning module UMG (56)
[2014.11.25-17.35.46:761][673]LogModuleManager: Shutting down and abandoning module Slate (55)
[2014.11.25-17.35.46:761][673]LogModuleManager: Shutting down and abandoning module EditorStyle (54)
[2014.11.25-17.35.46:764][673]LogModuleManager: Shutting down and abandoning module SessionServices (53)
[2014.11.25-17.35.46:764][673]LogModuleManager: Shutting down and abandoning module SourceCodeAccess (52)
[2014.11.25-17.35.46:764][673]LogModuleManager: Shutting down and abandoning module HeadMountedDisplay (51)
[2014.11.25-17.35.46:764][673]LogModuleManager: Shutting down and abandoning module XAudio2 (50)
[2014.11.25-17.35.46:764][673]LogModuleManager: Shutting down and abandoning module Networking (48)
[2014.11.25-17.35.46:764][673]LogModuleManager: Shutting down and abandoning module Core (47)
[2014.11.25-17.35.46:764][673]LogModuleManager: Shutting down and abandoning module KismetCompiler (46)
[2014.11.25-17.35.46:764][673]LogModuleManager: Shutting down and abandoning module PhysXFormats (45)
[2014.11.25-17.35.46:764][673]LogModuleManager: Shutting down and abandoning module MeshUtilities (44)
[2014.11.25-17.35.46:764][673]LogModuleManager: Shutting down and abandoning module DerivedDataCache (43)
[2014.11.25-17.35.46:774][673]LogDerivedDataCache: Shutdown
[2014.11.25-17.35.46:774][673]LogModuleManager: Shutting down and abandoning module ShaderFormatOpenGL (42)
[2014.11.25-17.35.46:774][673]LogModuleManager: Shutting down and abandoning module ShaderFormatD3D (41)
[2014.11.25-17.35.46:774][673]LogModuleManager: Shutting down and abandoning module MetalShaderFormat (40)
[2014.11.25-17.35.46:774][673]LogModuleManager: Shutting down and abandoning module TextureFormatUncompressed (39)
[2014.11.25-17.35.46:774][673]LogModuleManager: Shutting down and abandoning module TextureFormatPVR (38)
[2014.11.25-17.35.46:774][673]LogModuleManager: Shutting down and abandoning module TextureFormatDXT (37)
[2014.11.25-17.35.46:774][673]LogModuleManager: Shutting down and abandoning module TextureFormatAndroid (36)
[2014.11.25-17.35.46:774][673]LogModuleManager: Shutting down and abandoning module AudioFormatOpus (35)
[2014.11.25-17.35.46:774][673]LogModuleManager: Shutting down and abandoning module AudioFormatOgg (34)
[2014.11.25-17.35.46:774][673]LogModuleManager: Shutting down and abandoning module AudioFormatADPCM (33)
[2014.11.25-17.35.46:774][673]LogModuleManager: Shutting down and abandoning module Messaging (32)
[2014.11.25-17.35.46:774][673]LogModuleManager: Shutting down and abandoning module IOSTargetPlatform (31)
[2014.11.25-17.35.46:774][673]LogModuleManager: Shutting down and abandoning module Android_PVRTCTargetPlatform (30)
[2014.11.25-17.35.46:774][673]LogModuleManager: Shutting down and abandoning module Android_ETC2TargetPlatform (29)
[2014.11.25-17.35.46:774][673]LogModuleManager: Shutting down and abandoning module Android_ETC1TargetPlatform (28)
[2014.11.25-17.35.46:774][673]LogModuleManager: Shutting down and abandoning module Android_DXTTargetPlatform (27)
[2014.11.25-17.35.46:774][673]LogModuleManager: Shutting down and abandoning module Android_ATCTargetPlatform (26)
[2014.11.25-17.35.46:774][673]LogModuleManager: Shutting down and abandoning module AndroidTargetPlatform (25)
[2014.11.25-17.35.46:774][673]LogModuleManager: Shutting down and abandoning module WindowsTargetPlatform (24)
[2014.11.25-17.35.46:774][673]LogModuleManager: Shutting down and abandoning module WindowsServerTargetPlatform (23)
[2014.11.25-17.35.46:774][673]LogModuleManager: Shutting down and abandoning module WindowsNoEditorTargetPlatform (22)
[2014.11.25-17.35.46:774][673]LogModuleManager: Shutting down and abandoning module WindowsClientTargetPlatform (21)
[2014.11.25-17.35.46:774][673]LogModuleManager: Shutting down and abandoning module TargetPlatform (20)
[2014.11.25-17.35.46:774][673]LogModuleManager: Shutting down and abandoning module InputCore (19)
[2014.11.25-17.35.46:774][673]LogModuleManager: Shutting down and abandoning module Settings (18)
[2014.11.25-17.35.46:774][673]LogModuleManager: Shutting down and abandoning module ImageWrapper (17)
[2014.11.25-17.35.46:774][673]LogModuleManager: Shutting down and abandoning module OculusRift (14)
[2014.11.25-17.35.46:774][673]LogModuleManager: Shutting down and abandoning module ExampleDeviceProfileSelector (13)
[2014.11.25-17.35.46:774][673]LogModuleManager: Shutting down and abandoning module TextureCompressor (12)
[2014.11.25-17.35.46:774][673]LogModuleManager: Shutting down and abandoning module ShaderCore (11)
[2014.11.25-17.35.46:774][673]LogModuleManager: Shutting down and abandoning module SlateRHIRenderer (10)
[2014.11.25-17.35.46:776][673]LogModuleManager: Shutting down and abandoning module OpenGLDrv (9)
[2014.11.25-17.35.46:776][673]LogModuleManager: Shutting down and abandoning module D3D11RHI (8)
[2014.11.25-17.35.46:776][673]LogModuleManager: Shutting down and abandoning module Renderer (7)
[2014.11.25-17.35.46:776][673]LogModuleManager: Shutting down and abandoning module Engine (6)
[2014.11.25-17.35.46:776][673]LogModuleManager: Shutting down and abandoning module CoreUObject (5)
[2014.11.25-17.35.46:776][673]LogModuleManager: Shutting down and abandoning module NetworkFile (4)
[2014.11.25-17.35.46:776][673]LogModuleManager: Shutting down and abandoning module StreamingFile (3)
[2014.11.25-17.35.46:776][673]LogModuleManager: Shutting down and abandoning module SandboxFile (2)
[2014.11.25-17.35.46:776][673]LogModuleManager: Shutting down and abandoning module PakFile (1)
[2014.11.25-17.35.46:776][673]LogExit: Exiting.
[2014.11.25-17.35.46:800][673]Log file closed, 11/25/14 10:35:46
