Log file open, 11/18/14 16:09:53
LogInit:Display: Running engine for game: MyProject
LogInit: Version: 4.5.1-2336687+++depot+UE4-Releases+4.5
LogInit: API Version: 2326478
LogInit: Compiled (64-bit): Oct 21 2014 22:32:40
LogInit: Compiled with Visual C++: 18.00.21005.01
LogInit: Build Configuration: Development
LogInit: Branch Name: ++depot+UE4-Releases+4.5
LogInit: Command line: 
LogInit: Base directory: C:/Program Files/Unreal Engine/4.5/Engine/Binaries/Win64/
LogInit: Rocket: 1
[2014.11.18-23.09.53:396][  0]LogTaskGraph: Started task graph with 3 named threads and 4 total threads.
[2014.11.18-23.09.53:424][  0]LogOnline:Warning: No default platform service specified for OnlineSubsystem
[2014.11.18-23.09.53:441][  0]LogInit: Presizing for 0 objects not considered by GC, pre-allocating 0 bytes.
[2014.11.18-23.09.53:451][  0]LogInit: Object subsystem initialized
[2014.11.18-23.09.53:454][  0]LogConsoleResponse:Warning: Skipping Unknown console variable: 'UIScaleRule = ShortestSide'
[2014.11.18-23.09.53:454][  0]LogConsoleResponse:Warning:   Found in ini file 'C:/Users/u0952138/Documents/GitHub/CloudFactory/MyProject 4.5/Saved/Config/Windows/Engine.ini', in section '[/Script/Engine.RendererSettings]'
[2014.11.18-23.09.53:454][  0]LogConsoleResponse:Warning: Skipping Unknown console variable: 'UIScaleCurve = (EditorCurveData=(Keys=((Time=480,Value=0.444),(Time=720,Value=0.666),(Time=1080,Value=1.0),(Time=8640,Value=8.0))),ExternalCurve=None)'
[2014.11.18-23.09.53:454][  0]LogConsoleResponse:Warning:   Found in ini file 'C:/Users/u0952138/Documents/GitHub/CloudFactory/MyProject 4.5/Saved/Config/Windows/Engine.ini', in section '[/Script/Engine.RendererSettings]'
[2014.11.18-23.09.53:455][  0]LogInit: Selected Device Profile: [Windows]
[2014.11.18-23.09.53:455][  0]LogInit: Applying CVar settings loaded from the selected device profile: [Windows]
[2014.11.18-23.09.53:460][  0]LogInit: Computer: TCPC-13
[2014.11.18-23.09.53:460][  0]LogInit: User: u0952138
[2014.11.18-23.09.53:461][  0]LogInit: CPU Page size=4096, Cores=4
[2014.11.18-23.09.53:461][  0]LogInit: High frequency timer resolution =3.906328 MHz
[2014.11.18-23.09.53:461][  0]LogMemory: Memory total: Physical=8.0GB (8GB approx) Virtual=8192.0GB
[2014.11.18-23.09.53:461][  0]LogMemory: Platform Memory Stats for Windows
[2014.11.18-23.09.53:461][  0]LogMemory: Process Physical Memory: 65.12 MB used, 65.12 MB peak
[2014.11.18-23.09.53:461][  0]LogMemory: Process Virtual Memory: 40.42 MB used, 40.42 MB peak
[2014.11.18-23.09.53:461][  0]LogMemory: Physical Memory: 3620.23 MB used, 8173.54 MB total
[2014.11.18-23.09.53:461][  0]LogMemory: Virtual Memory: 273.84 MB used, 8388608.00 MB total
[2014.11.18-23.09.53:488][  0]LogD3D11RHI: Found D3D11 adapter 0: NVIDIA GeForce GT 630 (Feature Level 11_0)
[2014.11.18-23.09.53:488][  0]LogD3D11RHI: Adapter has 978MB of dedicated video memory, 0MB of dedicated system memory, and 3071MB of shared system memory, 1 output[s]
[2014.11.18-23.09.53:488][  0]LogD3D11RHI: Chosen D3D11 Adapter Id = 0
[2014.11.18-23.09.53:494][  0]LogRHI: Texture pool is 684 MB (70% of 978 MB)
[2014.11.18-23.09.53:502][  0]LogD3D11RHI: Async texture creation enabled
[2014.11.18-23.09.53:546][  0]LogTextLocalizationManager: The requested culture ('en_US') has no localization data; parent culture's ('en') localization data will be used.
[2014.11.18-23.09.53:682][  0]LogContentStreaming: Texture pool size is 0.000000MB
[2014.11.18-23.09.57:782][  0]LogTargetPlatformManager:Display: Building Assets For Windows
[2014.11.18-23.09.58:170][  0]LogTargetPlatformManager:Display: Building Assets For Windows
[2014.11.18-23.09.58:218][  0]LogDerivedDataCache:Display: Max Cache Size: 512 MB
[2014.11.18-23.09.58:291][  0]LogDerivedDataCache: Loaded boot cache 0.07s 39MB C:/Users/u0952138/AppData/Local/UnrealEngine/4.5/DerivedDataCache/Boot.ddc.
[2014.11.18-23.09.58:291][  0]LogDerivedDataCache:Display: Loaded Boot cache: C:/Users/u0952138/AppData/Local/UnrealEngine/4.5/DerivedDataCache/Boot.ddc
[2014.11.18-23.09.58:291][  0]LogDerivedDataCache: FDerivedDataBackendGraph:  Pak pak cache file ../../../../../../Users/u0952138/Documents/GitHub/CloudFactory/MyProject 4.5/DerivedDataCache/DDC.ddp not found, will not use a pak cache.
[2014.11.18-23.09.58:291][  0]LogDerivedDataCache: Unable to find inner node Pak for hierarchical cache Hierarchy.
[2014.11.18-23.09.58:348][  0]LogDerivedDataCache:Display: Pak cache opened for reading ../../../Engine/DerivedDataCache/DDC.ddp.
[2014.11.18-23.09.58:360][  0]LogDerivedDataCache: Using Local data cache path C:/Users/u0952138/AppData/Local/UnrealEngine/Common/DerivedDataCache: Writable
[2014.11.18-23.09.58:541][  0]LogMeshUtilities: No automatic mesh reduction module available
[2014.11.18-23.09.58:541][  0]LogMeshUtilities: No automatic mesh merging module available
[2014.11.18-23.09.58:813][  0]LogLinker:Warning: Asset '../../../Engine/Content/Functions/Engine_MaterialFunctions02/Texturing/FlipBook.uasset' has been saved with empty engine version. The asset will be loaded but may be incompatible.
[2014.11.18-23.09.58:816][  0]LogLinker:Warning: Asset '../../../Engine/Content/Functions/Engine_MaterialFunctions02/ExampleContent/Textures/flipbook.uasset' has been saved with empty engine version. The asset will be loaded but may be incompatible.
[2014.11.18-23.09.58:977][  0]LogInit: WinSock: version 1.1 (2.2), MaxSocks=32767, MaxUdp=65467
[2014.11.18-23.09.59:751][  0]UdpMessaging: Initializing bridge on interface 0.0.0.0:0 to multicast group 230.0.0.1:6666.
[2014.11.18-23.09.59:903][  0]LogDirectoryWatcher:Warning: Failed to begin reading directory changes for C:/Users/u0952138/Documents/GitHub/CloudFactory/MyProject 4.5/Binaries/Win64. Error: 0
[2014.11.18-23.10.00:018][  0]SourceControl: Info Source control is disabled
[2014.11.18-23.10.00:018][  0]SourceControl: Info Source control is disabled
[2014.11.18-23.10.00:024][  0]SourceControl: Info Source control is disabled
[2014.11.18-23.10.00:123][  0]LogObj: 22915 objects as part of root set at end of initial load.
[2014.11.18-23.10.00:123][  0]LogUObjectAllocator: 4803544 out of 0 bytes used by permanent object pool.
[2014.11.18-23.10.00:180][  0]LogEngine: Initializing Engine...
[2014.11.18-23.10.00:314][  0]LogInit: XAudio2 using 'Speakers (4- High Definition Audio Device)' : 2 channels at 44.1 kHz using 16 bits per sample (channel mask 0x3)
[2014.11.18-23.10.00:322][  0]LogInit: FAudioDevice initialized.
[2014.11.18-23.10.00:341][  0]LogAIModule: Creating AISystem for world NewWorld
[2014.11.18-23.10.00:376][  0]LogDerivedDataCache: Saved boot cache 0.03s 39MB C:/Users/u0952138/AppData/Local/UnrealEngine/4.5/DerivedDataCache/Boot.ddc.
[2014.11.18-23.10.00:387][  0]LogInit: Texture streaming: Enabled
[2014.11.18-23.10.00:432][  0]LogInit: Transaction tracking system initialized
[2014.11.18-23.10.00:522][  0]BlueprintLog: New page: Editor Load
[2014.11.18-23.10.00:549][  0]LogAssetRegistry: FAssetRegistry took 0.0096 seconds to start up
[2014.11.18-23.10.00:549][  0]LogDirectoryWatcher:Warning: Failed to begin reading directory changes for ../../../Engine/Plugins/Experimental/CharacterAI/Content/. Error: 0
[2014.11.18-23.10.00:994][  0]LogTargetPlatformManager:Display: Building Assets For Windows
[2014.11.18-23.10.01:301][  0]LogTargetPlatformManager:Display: Building Assets For Windows
[2014.11.18-23.10.01:464][  0]LogConsoleResponse:Display: 
[2014.11.18-23.10.01:631][  0]SourceControl: Info Source control is disabled
[2014.11.18-23.10.01:631][  0]Cmd: MAP LOAD FILE="../../../Engine/Content/Maps/Templates/Template_Default.umap" TEMPLATE=1 SHOWPROGRESS=1
[2014.11.18-23.10.01:632][  0]LightingResults: New page: Lighting Build
[2014.11.18-23.10.01:640][  0]MapCheck: New page: Map Check
[2014.11.18-23.10.01:640][  0]LightingResults: New page: Lighting Build
[2014.11.18-23.10.01:654][  0]LogParticles: Destroying 0 GPU particle simulations for FXSystem 0x0000000016DF2A20
[2014.11.18-23.10.01:856][  0]LogEditorServer: Finished looking for orphan Actors (0.000 secs)
[2014.11.18-23.10.01:856][  0]LogAIModule: Creating AISystem for world Untitled_1
[2014.11.18-23.10.01:857][  0]Cmd: MAP CHECKDEP
[2014.11.18-23.10.01:857][  0]MapCheck: New page: Untitled_1 - Nov 18, 2014, 9:10:01 AM
[2014.11.18-23.10.01:930][  0]MapCheck: Info Map check complete: 0 Error(s), 0 Warning(s), took 72.734ms to complete.
[2014.11.18-23.10.01:930][  0]LogFileHelpers: Loading map 'Template_Default' took 0.299
[2014.11.18-23.10.02:015][  0]LogCollectionManager: Loaded 0 collections in 0.000898 seconds
[2014.11.18-23.10.02:029][  0]LogContentBrowser:Verbose: The content browser source was changed by the sources view to '/Game'
[2014.11.18-23.10.02:120][  0]LogCrashTracker: Crashtracker disabled due to settings.
[2014.11.18-23.10.02:165][  0]LogLoad: Full Startup: 10.79 seconds (BP compile: 0.06 seconds)
[2014.11.18-23.10.02:329][  0]LogRenderer:Warning: Reallocating scene render targets to support 1136x904.
[2014.11.18-23.10.02:811][  2]LogAssetRegistry: Asset discovery search completed in 2.2720 seconds
[2014.11.18-23.10.36:775][427]Cmd: MAP LOAD FILE="../../../../../../Users/u0952138/Documents/GitHub/CloudFactory/MyProject 4.5/Content/Maps/Boss_office_for_mocap.umap" TEMPLATE=0 SHOWPROGRESS=1
[2014.11.18-23.10.36:776][427]LightingResults: New page: Lighting Build
[2014.11.18-23.10.36:803][427]LoadErrors: New page: Loading map: Boss_office_for_mocap.umap
[2014.11.18-23.10.36:803][427]MapCheck: New page: Map Check
[2014.11.18-23.10.36:803][427]LightingResults: New page: Lighting Build
[2014.11.18-23.10.36:833][427]LogParticles: Destroying 0 GPU particle simulations for FXSystem 0x000000000BA1A7A0
[2014.11.18-23.10.36:883][427]LogEditorServer: Finished looking for orphan Actors (0.000 secs)
[2014.11.18-23.10.36:884][427]LogAIModule: Creating AISystem for world Boss_office_for_mocap
[2014.11.18-23.10.36:903][427]Cmd: MAP CHECKDEP
[2014.11.18-23.10.36:903][427]MapCheck: New page: Boss_office_for_mocap - Nov 18, 2014, 9:10:36 AM
[2014.11.18-23.10.36:993][427]MapCheck: Info Map check complete: 0 Error(s), 0 Warning(s), took 89.935ms to complete.
[2014.11.18-23.10.36:993][427]LogFileHelpers: Loading map 'Boss_office_for_mocap' took 0.219
[2014.11.18-23.12.45:826][500]LogContentStreaming: Texture pool size now 200 MB
[2014.11.18-23.12.45:839][501]LogRenderer:Warning: Reallocating scene render targets to support 1136x904.
[2014.11.18-23.12.49:198][633]LogEditorViewport: Clicking on Actor (LMB): BP_Sky_Sphere_C (BP_Sky_Shere)
[2014.11.18-23.13.40:588][101]LogInit: Transaction tracking system initialized
[2014.11.18-23.13.40:588][101]EditorErrors: New page: Matinee Initialization
[2014.11.18-23.14.22:471][529]LogExit: Transaction tracking system shut down
[2014.11.18-23.14.22:529][529]LogSavePackage: Save=51.209728ms
[2014.11.18-23.14.22:529][529]LogSavePackage: Moving '../../../../../../Users/u0952138/Documents/GitHub/CloudFactory/MyProject 4.5/Saved/Boss_office_for_mocapC84941A54F451F46FA4AEB92348C80D7.tmp' to '../../../../../../Users/u0952138/Documents/GitHub/CloudFactory/MyProject 4.5/Content/Maps/Boss_office_for_mocap.umap'
[2014.11.18-23.14.28:785][836]Cmd: MAP LOAD FILE="../../../../../../Users/u0952138/Documents/GitHub/CloudFactory/MyProject 4.5/Content/Maps/barracks_layout_for_mocap.umap" TEMPLATE=0 SHOWPROGRESS=1
[2014.11.18-23.14.28:785][836]LightingResults: New page: Lighting Build
[2014.11.18-23.14.28:818][836]LoadErrors: New page: Loading map: barracks_layout_for_mocap.umap
[2014.11.18-23.14.28:881][836]MapCheck: New page: Map Check
[2014.11.18-23.14.28:881][836]LightingResults: New page: Lighting Build
[2014.11.18-23.14.28:897][836]LogParticles: Destroying 0 GPU particle simulations for FXSystem 0x000000001C8204A0
[2014.11.18-23.14.28:966][836]LogEditorServer: Finished looking for orphan Actors (0.000 secs)
[2014.11.18-23.14.28:966][836]LogAIModule: Creating AISystem for world barracks_layout_for_mocap
[2014.11.18-23.14.28:986][836]Cmd: MAP CHECKDEP
[2014.11.18-23.14.28:986][836]MapCheck: New page: barracks_layout_for_mocap - Nov 18, 2014, 9:14:28 AM
[2014.11.18-23.14.29:080][836]MapCheck: Info Map check complete: 0 Error(s), 0 Warning(s), took 93.899ms to complete.
[2014.11.18-23.14.29:080][836]LogFileHelpers: Loading map 'barracks_layout_for_mocap' took 0.297
[2014.11.18-23.15.05:045][791]LogEditorViewport: Clicking on Actor (LMB): StaticMeshActor (SM_Template_Map_Floor)
[2014.11.18-23.15.14:608][ 80]LogInit: Transaction tracking system initialized
[2014.11.18-23.15.14:609][ 80]EditorErrors: New page: Matinee Initialization
[2014.11.18-23.16.01:227][166]LogInit: Transaction tracking system initialized
[2014.11.18-23.16.01:227][166]EditorErrors: New page: Matinee Initialization
[2014.11.18-23.16.17:695][799]LogExit: Transaction tracking system shut down
[2014.11.18-23.16.17:695][799]LogExit: Transaction tracking system shut down
[2014.11.18-23.16.17:991][799]LogSavePackage: Save=113.116714ms
[2014.11.18-23.16.17:991][799]LogSavePackage: Moving '../../../../../../Users/u0952138/Documents/GitHub/CloudFactory/MyProject 4.5/Saved/barracks_layout_for_mocap3FDD58534C182DCC6F7288A142808E2C.tmp' to '../../../../../../Users/u0952138/Documents/GitHub/CloudFactory/MyProject 4.5/Content/Maps/barracks_layout_for_mocap.umap'
[2014.11.18-23.16.18:016][799]LogFileHelpers: Saving map 'barracks_layout_for_mocap' took 0.258
[2014.11.18-23.16.22:207][973]Cmd: MAP LOAD FILE="../../../../../../Users/u0952138/Documents/GitHub/CloudFactory/MyProject 4.5/Content/Maps/basicinterior2.umap" TEMPLATE=0 SHOWPROGRESS=1
[2014.11.18-23.16.22:207][973]LightingResults: New page: Lighting Build
[2014.11.18-23.16.22:239][973]LoadErrors: New page: Loading map: basicinterior2.umap
[2014.11.18-23.16.22:301][973]MapCheck: New page: Map Check
[2014.11.18-23.16.22:301][973]LightingResults: New page: Lighting Build
[2014.11.18-23.16.22:319][973]LogParticles: Destroying 0 GPU particle simulations for FXSystem 0x000000001C615760
[2014.11.18-23.16.22:462][973]LogEditorServer: Finished looking for orphan Actors (0.000 secs)
[2014.11.18-23.16.22:463][973]LogAIModule: Creating AISystem for world basicinterior2
[2014.11.18-23.16.22:488][973]Cmd: MAP CHECKDEP
[2014.11.18-23.16.22:488][973]MapCheck: New page: basicinterior2 - Nov 18, 2014, 9:16:22 AM
[2014.11.18-23.16.22:583][973]MapCheck: Info Map check complete: 0 Error(s), 0 Warning(s), took 94.244ms to complete.
[2014.11.18-23.16.22:583][973]LogFileHelpers: Loading map 'basicinterior2' took 0.378
[2014.11.18-23.17.15:973][186]LogEditorViewport: Clicking on Actor (LMB): PointLight (PointLight9)
[2014.11.18-23.17.31:298][616]Cmd: MAP LOAD FILE="../../../../../../Users/u0952138/Documents/GitHub/CloudFactory/MyProject 4.5/Content/Maps/basicinterior2.umap" TEMPLATE=0 SHOWPROGRESS=1
[2014.11.18-23.17.31:298][616]LightingResults: New page: Lighting Build
[2014.11.18-23.17.31:331][616]LoadErrors: New page: Loading map: basicinterior2.umap
[2014.11.18-23.17.31:333][616]MapCheck: New page: Map Check
[2014.11.18-23.17.31:333][616]LightingResults: New page: Lighting Build
[2014.11.18-23.17.31:355][616]LogParticles: Destroying 0 GPU particle simulations for FXSystem 0x000000001156BCE0
[2014.11.18-23.17.31:479][616]LogEditorServer: Finished looking for orphan Actors (0.000 secs)
[2014.11.18-23.17.31:480][616]LogAIModule: Creating AISystem for world basicinterior2
[2014.11.18-23.17.31:505][616]Cmd: MAP CHECKDEP
[2014.11.18-23.17.31:505][616]MapCheck: New page: basicinterior2 - Nov 18, 2014, 9:17:31 AM
[2014.11.18-23.17.31:600][616]MapCheck: Info Map check complete: 0 Error(s), 0 Warning(s), took 94.744ms to complete.
[2014.11.18-23.17.31:600][616]LogFileHelpers: Loading map 'basicinterior2' took 0.304
[2014.11.18-23.17.36:086][728]Cmd: MAP LOAD FILE="../../../../../../Users/u0952138/Documents/GitHub/CloudFactory/MyProject 4.5/Content/Maps/Boss_office_for_mocap.umap" TEMPLATE=0 SHOWPROGRESS=1
[2014.11.18-23.17.36:087][728]LightingResults: New page: Lighting Build
[2014.11.18-23.17.36:114][728]LoadErrors: New page: Loading map: Boss_office_for_mocap.umap
[2014.11.18-23.17.36:116][728]MapCheck: New page: Map Check
[2014.11.18-23.17.36:116][728]LightingResults: New page: Lighting Build
[2014.11.18-23.17.36:182][728]LogParticles: Destroying 0 GPU particle simulations for FXSystem 0x000000001C9B62A0
[2014.11.18-23.17.36:220][728]LogEditorServer: Finished looking for orphan Actors (0.000 secs)
[2014.11.18-23.17.36:220][728]LogAIModule: Creating AISystem for world Boss_office_for_mocap
[2014.11.18-23.17.36:241][728]Cmd: MAP CHECKDEP
[2014.11.18-23.17.36:241][728]MapCheck: New page: Boss_office_for_mocap - Nov 18, 2014, 9:17:36 AM
[2014.11.18-23.17.36:335][728]MapCheck: Info Map check complete: 0 Error(s), 0 Warning(s), took 94.652ms to complete.
[2014.11.18-23.17.36:336][728]LogFileHelpers: Loading map 'Boss_office_for_mocap' took 0.251
[2014.11.18-23.17.53:094][236]LogInit: Transaction tracking system initialized
[2014.11.18-23.17.53:094][236]EditorErrors: New page: Matinee Initialization
[2014.11.18-23.18.08:693][787]LogExit: Transaction tracking system shut down
[2014.11.18-23.18.08:924][787]LogSavePackage: Save=47.815495ms
[2014.11.18-23.18.08:924][787]LogSavePackage: Moving '../../../../../../Users/u0952138/Documents/GitHub/CloudFactory/MyProject 4.5/Saved/Boss_office_for_mocap3CC0A8244277AE61627F23B574DCF460.tmp' to '../../../../../../Users/u0952138/Documents/GitHub/CloudFactory/MyProject 4.5/Content/Maps/Boss_office_for_mocap.umap'
[2014.11.18-23.18.08:951][787]LogFileHelpers: Saving map 'Boss_office_for_mocap' took 0.192
[2014.11.18-23.45.58:422][ 99]Cmd: QUIT_EDITOR
[2014.11.18-23.45.58:706][ 99]LogExit: Preparing to exit.
[2014.11.18-23.45.59:804][ 99]LogExit: Editor shut down
[2014.11.18-23.45.59:805][ 99]LogExit: Transaction tracking system shut down
[2014.11.18-23.45.59:806][ 99]LogParticles: Destroying 0 GPU particle simulations for FXSystem 0x000000000D5BB100
[2014.11.18-23.45.59:806][ 99]LogParticles: Destroying 0 GPU particle simulations for FXSystem 0x000000000D5BAFC0
[2014.11.18-23.45.59:831][ 99]LogParticles: Destroying 0 GPU particle simulations for FXSystem 0x000000001C334C20
[2014.11.18-23.45.59:831][ 99]LogExit: Object subsystem successfully closed.
[2014.11.18-23.45.59:876][ 99]LogModuleManager: Shutting down and abandoning module DistCurveEditor (168)
[2014.11.18-23.45.59:876][ 99]LogModuleManager: Shutting down and abandoning module Matinee (167)
[2014.11.18-23.45.59:876][ 99]LogModuleManager: Shutting down and abandoning module AndroidDeviceDetection (166)
[2014.11.18-23.45.59:876][ 99]LogModuleManager: Shutting down and abandoning module CrashTracker (165)
[2014.11.18-23.45.59:876][ 99]LogModuleManager: Shutting down and abandoning module SuperSearch (164)
[2014.11.18-23.45.59:876][ 99]LogModuleManager: Shutting down and abandoning module SceneOutliner (163)
[2014.11.18-23.45.59:876][ 99]LogModuleManager: Shutting down and abandoning module EditorWidgets (162)
[2014.11.18-23.45.59:876][ 99]LogModuleManager: Shutting down and abandoning module CollectionManager (161)
[2014.11.18-23.45.59:876][ 99]LogModuleManager: Shutting down and abandoning module StatsViewer (160)
[2014.11.18-23.45.59:876][ 99]LogModuleManager: Shutting down and abandoning module FoliageEdit (159)
[2014.11.18-23.45.59:876][ 99]LogModuleManager: Shutting down and abandoning module LandscapeEditor (158)
[2014.11.18-23.45.59:876][ 99]LogModuleManager: Shutting down and abandoning module MeshPaint (157)
[2014.11.18-23.45.59:876][ 99]LogModuleManager: Shutting down and abandoning module ActorPickerMode (156)
[2014.11.18-23.45.59:876][ 99]LogModuleManager: Shutting down and abandoning module GeometryMode (155)
[2014.11.18-23.45.59:876][ 99]LogModuleManager: Shutting down and abandoning module TextureAlignMode (154)
[2014.11.18-23.45.59:876][ 99]LogModuleManager: Shutting down and abandoning module BspMode (153)
[2014.11.18-23.45.59:876][ 99]LogModuleManager: Shutting down and abandoning module PlacementMode (152)
[2014.11.18-23.45.59:876][ 99]LogModuleManager: Shutting down and abandoning module AutomationWorker (151)
[2014.11.18-23.45.59:877][ 99]LogModuleManager: Shutting down and abandoning module CharacterAI (150)
[2014.11.18-23.45.59:877][ 99]LogModuleManager: Shutting down and abandoning module GameProjectGeneration (149)
[2014.11.18-23.45.59:877][ 99]LogModuleManager: Shutting down and abandoning module IntroTutorials (148)
[2014.11.18-23.45.59:877][ 99]LogModuleManager: Shutting down and abandoning module EditorLiveStreaming (147)
[2014.11.18-23.45.59:877][ 99]LogModuleManager: Shutting down and abandoning module HardwareTargeting (146)
[2014.11.18-23.45.59:877][ 99]LogModuleManager: Shutting down and abandoning module BehaviorTreeEditor (145)
[2014.11.18-23.45.59:877][ 99]LogModuleManager: Shutting down and abandoning module DeviceProfileEditor (144)
[2014.11.18-23.45.59:877][ 99]LogModuleManager: Shutting down and abandoning module UndoHistory (143)
[2014.11.18-23.45.59:877][ 99]LogModuleManager: Shutting down and abandoning module GameplayTagsEditor (142)
[2014.11.18-23.45.59:877][ 99]LogModuleManager: Shutting down and abandoning module UserFeedback (141)
[2014.11.18-23.45.59:877][ 99]LogModuleManager: Shutting down and abandoning module XmlParser (140)
[2014.11.18-23.45.59:877][ 99]LogModuleManager: Shutting down and abandoning module Blutility (139)
[2014.11.18-23.45.59:877][ 99]LogModuleManager: Shutting down and abandoning module IOSPlatformEditor (138)
[2014.11.18-23.45.59:877][ 99]LogModuleManager: Shutting down and abandoning module IOSRuntimeSettings (137)
[2014.11.18-23.45.59:877][ 99]LogModuleManager: Shutting down and abandoning module AndroidPlatformEditor (136)
[2014.11.18-23.45.59:877][ 99]LogModuleManager: Shutting down and abandoning module AndroidRuntimeSettings (135)
[2014.11.18-23.45.59:877][ 99]LogModuleManager: Shutting down and abandoning module ProjectTargetPlatformEditor (134)
[2014.11.18-23.45.59:877][ 99]LogModuleManager: Shutting down and abandoning module ProjectSettingsViewer (133)
[2014.11.18-23.45.59:877][ 99]LogModuleManager: Shutting down and abandoning module InputBindingEditor (132)
[2014.11.18-23.45.59:877][ 99]LogModuleManager: Shutting down and abandoning module EditorSettingsViewer (131)
[2014.11.18-23.45.59:877][ 99]LogModuleManager: Shutting down and abandoning module SettingsEditor (130)
[2014.11.18-23.45.59:877][ 99]LogModuleManager: Shutting down and abandoning module ProjectLauncher (129)
[2014.11.18-23.45.59:877][ 99]LogModuleManager: Shutting down and abandoning module SessionFrontend (128)
[2014.11.18-23.45.59:877][ 99]LogModuleManager: Shutting down and abandoning module ProfilerClient (127)
[2014.11.18-23.45.59:877][ 99]LogModuleManager: Shutting down and abandoning module TargetDeviceServices (126)
[2014.11.18-23.45.59:877][ 99]LogModuleManager: Shutting down and abandoning module DeviceManager (125)
[2014.11.18-23.45.59:877][ 99]LogModuleManager: Shutting down and abandoning module AutomationController (124)
[2014.11.18-23.45.59:877][ 99]LogModuleManager: Shutting down and abandoning module AutomationWindow (123)
[2014.11.18-23.45.59:877][ 99]LogModuleManager: Shutting down and abandoning module Layers (122)
[2014.11.18-23.45.59:877][ 99]LogModuleManager: Shutting down and abandoning module ComponentVisualizers (121)
[2014.11.18-23.45.59:877][ 99]LogModuleManager: Shutting down and abandoning module DetailCustomizations (120)
[2014.11.18-23.45.59:877][ 99]LogModuleManager: Shutting down and abandoning module PackagesDialog (119)
[2014.11.18-23.45.59:878][ 99]LogModuleManager: Shutting down and abandoning module AssetRegistry (118)
[2014.11.18-23.45.59:964][ 99]LogModuleManager: Shutting down and abandoning module Persona (117)
[2014.11.18-23.45.59:964][ 99]LogModuleManager: Shutting down and abandoning module Kismet (116)
[2014.11.18-23.45.59:964][ 99]LogModuleManager: Shutting down and abandoning module GraphEditor (115)
[2014.11.18-23.45.59:964][ 99]LogModuleManager: Shutting down and abandoning module ClassViewer (114)
[2014.11.18-23.45.59:964][ 99]LogModuleManager: Shutting down and abandoning module Toolbox (113)
[2014.11.18-23.45.59:964][ 99]LogModuleManager: Shutting down and abandoning module ModuleUI (112)
[2014.11.18-23.45.59:964][ 99]LogModuleManager: Shutting down and abandoning module MovieSceneTools (111)
[2014.11.18-23.45.59:964][ 99]LogModuleManager: Shutting down and abandoning module OutputLog (110)
[2014.11.18-23.45.59:964][ 99]LogModuleManager: Shutting down and abandoning module GammaUI (109)
[2014.11.18-23.45.59:964][ 99]LogModuleManager: Shutting down and abandoning module Documentation (108)
[2014.11.18-23.45.59:964][ 99]LogModuleManager: Shutting down and abandoning module GameLiveStreaming (107)
[2014.11.18-23.45.59:964][ 99]LogModuleManager: Shutting down and abandoning module StreamingPauseRendering (106)
[2014.11.18-23.45.59:965][ 99]LogModuleManager: Shutting down and abandoning module HTTP (105)
[2014.11.18-23.45.59:965][ 99]LogModuleManager: Shutting down and abandoning module AnalyticsET (104)
[2014.11.18-23.45.59:965][ 99]LogModuleManager: Shutting down and abandoning module Analytics (103)
[2014.11.18-23.45.59:965][ 99]LogModuleManager: Shutting down and abandoning module GameplayDebugger (102)
[2014.11.18-23.45.59:965][ 99]LogModuleManager: Shutting down and abandoning module AIModule (101)
[2014.11.18-23.45.59:965][ 99]LogModuleManager: Shutting down and abandoning module ProfilerService (100)
[2014.11.18-23.46.00:002][ 99]LogModuleManager: Shutting down and abandoning module TaskGraph (99)
[2014.11.18-23.46.00:002][ 99]LogModuleManager: Shutting down and abandoning module SlateRemote (98)
[2014.11.18-23.46.00:002][ 99]LogModuleManager: Shutting down and abandoning module ScriptEditorPlugin (97)
[2014.11.18-23.46.00:002][ 99]LogModuleManager: Shutting down and abandoning module CustomMeshComponent (96)
[2014.11.18-23.46.00:002][ 99]LogModuleManager: Shutting down and abandoning module CableComponent (95)
[2014.11.18-23.46.00:002][ 99]LogModuleManager: Shutting down and abandoning module MessagingDebugger (94)
[2014.11.18-23.46.00:002][ 99]LogModuleManager: Shutting down and abandoning module MediaPlayerEditor (93)
[2014.11.18-23.46.00:002][ 99]LogModuleManager: Shutting down and abandoning module SpeedTreeImporter (92)
[2014.11.18-23.46.00:002][ 99]LogModuleManager: Shutting down and abandoning module PluginsEditor (91)
[2014.11.18-23.46.00:002][ 99]LogModuleManager: Shutting down and abandoning module EpicSurvey (90)
[2014.11.18-23.46.00:002][ 99]LogModuleManager: Shutting down and abandoning module DesktopPlatform (89)
[2014.11.18-23.46.00:002][ 99]LogModuleManager: Shutting down and abandoning module VisualStudioSourceCodeAccess (88)
[2014.11.18-23.46.00:002][ 99]LogModuleManager: Shutting down and abandoning module UObjectPlugin (87)
[2014.11.18-23.46.00:002][ 99]LogModuleManager: Shutting down and abandoning module SubversionSourceControl (86)
[2014.11.18-23.46.00:002][ 99]LogModuleManager: Shutting down and abandoning module SourceControl (85)
[2014.11.18-23.46.00:002][ 99]LogModuleManager: Shutting down and abandoning module PerforceSourceControl (84)
[2014.11.18-23.46.00:002][ 99]LogModuleManager: Shutting down and abandoning module BlankPlugin (83)
[2014.11.18-23.46.00:002][ 99]LogModuleManager: Shutting down and abandoning module SlateReflector (82)
[2014.11.18-23.46.00:002][ 99]LogModuleManager: Shutting down and abandoning module DirectoryWatcher (81)
[2014.11.18-23.46.00:002][ 99]LogModuleManager: Shutting down and abandoning module HotReload (80)
[2014.11.18-23.46.00:003][ 99]LogModuleManager: Shutting down and abandoning module MainFrame (79)
[2014.11.18-23.46.00:003][ 99]LogModuleManager: Shutting down and abandoning module LevelEditor (78)
[2014.11.18-23.46.00:004][ 99]LogModuleManager: Shutting down and abandoning module ViewportSnapping (77)
[2014.11.18-23.46.00:004][ 99]LogModuleManager: Shutting down and abandoning module SmartSnapping (76)
[2014.11.18-23.46.00:004][ 99]LogModuleManager: Shutting down and abandoning module PaperTiledImporter (75)
[2014.11.18-23.46.00:004][ 99]LogModuleManager: Shutting down and abandoning module PaperJsonImporter (74)
[2014.11.18-23.46.00:004][ 99]LogModuleManager: Shutting down and abandoning module ContentBrowser (73)
[2014.11.18-23.46.00:004][ 99]LogModuleManager: Shutting down and abandoning module PropertyEditor (72)
[2014.11.18-23.46.00:004][ 99]LogModuleManager: Shutting down and abandoning module Paper2DEditor (71)
[2014.11.18-23.46.00:004][ 99]LogModuleManager: Shutting down and abandoning module ScriptPlugin (70)
[2014.11.18-23.46.00:004][ 99]LogModuleManager: Shutting down and abandoning module UdpMessaging (69)
[2014.11.18-23.46.00:104][ 99]LogModuleManager: Shutting down and abandoning module Paper2D (68)
[2014.11.18-23.46.00:104][ 99]LogModuleManager: Shutting down and abandoning module WindowsMoviePlayer (67)
[2014.11.18-23.46.00:106][ 99]LogModuleManager: Shutting down and abandoning module Media (66)
[2014.11.18-23.46.00:106][ 99]LogModuleManager: Shutting down and abandoning module WmfMedia (65)
[2014.11.18-23.46.00:107][ 99]LogModuleManager: Shutting down and abandoning module OnlineBlueprintSupport (64)
[2014.11.18-23.46.00:107][ 99]LogModuleManager: Shutting down and abandoning module FunctionalTesting (63)
[2014.11.18-23.46.00:107][ 99]LogModuleManager: Shutting down and abandoning module CollisionAnalyzer (62)
[2014.11.18-23.46.00:107][ 99]LogModuleManager: Shutting down and abandoning module WorkspaceMenuStructure (61)
[2014.11.18-23.46.00:107][ 99]LogModuleManager: Shutting down and abandoning module MessageLog (60)
[2014.11.18-23.46.00:107][ 99]LogModuleManager: Shutting down and abandoning module Sequencer (59)
[2014.11.18-23.46.00:107][ 99]LogModuleManager: Shutting down and abandoning module AssetTools (58)
[2014.11.18-23.46.00:107][ 99]LogModuleManager: Shutting down and abandoning module UMGEditor (57)
[2014.11.18-23.46.00:107][ 99]LogModuleManager: Shutting down and abandoning module UMG (56)
[2014.11.18-23.46.00:107][ 99]LogModuleManager: Shutting down and abandoning module Slate (55)
[2014.11.18-23.46.00:107][ 99]LogModuleManager: Shutting down and abandoning module EditorStyle (54)
[2014.11.18-23.46.00:109][ 99]LogModuleManager: Shutting down and abandoning module SessionServices (53)
[2014.11.18-23.46.00:109][ 99]LogModuleManager: Shutting down and abandoning module SourceCodeAccess (52)
[2014.11.18-23.46.00:109][ 99]LogModuleManager: Shutting down and abandoning module HeadMountedDisplay (51)
[2014.11.18-23.46.00:109][ 99]LogModuleManager: Shutting down and abandoning module XAudio2 (50)
[2014.11.18-23.46.00:109][ 99]LogModuleManager: Shutting down and abandoning module Networking (48)
[2014.11.18-23.46.00:109][ 99]LogModuleManager: Shutting down and abandoning module Core (47)
[2014.11.18-23.46.00:109][ 99]LogModuleManager: Shutting down and abandoning module KismetCompiler (46)
[2014.11.18-23.46.00:109][ 99]LogModuleManager: Shutting down and abandoning module PhysXFormats (45)
[2014.11.18-23.46.00:109][ 99]LogModuleManager: Shutting down and abandoning module MeshUtilities (44)
[2014.11.18-23.46.00:109][ 99]LogModuleManager: Shutting down and abandoning module DerivedDataCache (43)
[2014.11.18-23.46.00:144][ 99]LogDerivedDataCache: Shutdown
[2014.11.18-23.46.00:144][ 99]LogModuleManager: Shutting down and abandoning module ShaderFormatOpenGL (42)
[2014.11.18-23.46.00:144][ 99]LogModuleManager: Shutting down and abandoning module ShaderFormatD3D (41)
[2014.11.18-23.46.00:144][ 99]LogModuleManager: Shutting down and abandoning module MetalShaderFormat (40)
[2014.11.18-23.46.00:144][ 99]LogModuleManager: Shutting down and abandoning module TextureFormatUncompressed (39)
[2014.11.18-23.46.00:144][ 99]LogModuleManager: Shutting down and abandoning module TextureFormatPVR (38)
[2014.11.18-23.46.00:144][ 99]LogModuleManager: Shutting down and abandoning module TextureFormatDXT (37)
[2014.11.18-23.46.00:144][ 99]LogModuleManager: Shutting down and abandoning module TextureFormatAndroid (36)
[2014.11.18-23.46.00:144][ 99]LogModuleManager: Shutting down and abandoning module AudioFormatOpus (35)
[2014.11.18-23.46.00:144][ 99]LogModuleManager: Shutting down and abandoning module AudioFormatOgg (34)
[2014.11.18-23.46.00:144][ 99]LogModuleManager: Shutting down and abandoning module AudioFormatADPCM (33)
[2014.11.18-23.46.00:144][ 99]LogModuleManager: Shutting down and abandoning module Messaging (32)
[2014.11.18-23.46.00:144][ 99]LogModuleManager: Shutting down and abandoning module IOSTargetPlatform (31)
[2014.11.18-23.46.00:144][ 99]LogModuleManager: Shutting down and abandoning module Android_PVRTCTargetPlatform (30)
[2014.11.18-23.46.00:144][ 99]LogModuleManager: Shutting down and abandoning module Android_ETC2TargetPlatform (29)
[2014.11.18-23.46.00:144][ 99]LogModuleManager: Shutting down and abandoning module Android_ETC1TargetPlatform (28)
[2014.11.18-23.46.00:144][ 99]LogModuleManager: Shutting down and abandoning module Android_DXTTargetPlatform (27)
[2014.11.18-23.46.00:144][ 99]LogModuleManager: Shutting down and abandoning module Android_ATCTargetPlatform (26)
[2014.11.18-23.46.00:144][ 99]LogModuleManager: Shutting down and abandoning module AndroidTargetPlatform (25)
[2014.11.18-23.46.00:144][ 99]LogModuleManager: Shutting down and abandoning module WindowsTargetPlatform (24)
[2014.11.18-23.46.00:144][ 99]LogModuleManager: Shutting down and abandoning module WindowsServerTargetPlatform (23)
[2014.11.18-23.46.00:144][ 99]LogModuleManager: Shutting down and abandoning module WindowsNoEditorTargetPlatform (22)
[2014.11.18-23.46.00:144][ 99]LogModuleManager: Shutting down and abandoning module WindowsClientTargetPlatform (21)
[2014.11.18-23.46.00:144][ 99]LogModuleManager: Shutting down and abandoning module TargetPlatform (20)
[2014.11.18-23.46.00:144][ 99]LogModuleManager: Shutting down and abandoning module InputCore (19)
[2014.11.18-23.46.00:144][ 99]LogModuleManager: Shutting down and abandoning module Settings (18)
[2014.11.18-23.46.00:144][ 99]LogModuleManager: Shutting down and abandoning module ImageWrapper (17)
[2014.11.18-23.46.00:144][ 99]LogModuleManager: Shutting down and abandoning module OculusRift (14)
[2014.11.18-23.46.00:144][ 99]LogModuleManager: Shutting down and abandoning module ExampleDeviceProfileSelector (13)
[2014.11.18-23.46.00:144][ 99]LogModuleManager: Shutting down and abandoning module TextureCompressor (12)
[2014.11.18-23.46.00:144][ 99]LogModuleManager: Shutting down and abandoning module ShaderCore (11)
[2014.11.18-23.46.00:144][ 99]LogModuleManager: Shutting down and abandoning module SlateRHIRenderer (10)
[2014.11.18-23.46.00:145][ 99]LogModuleManager: Shutting down and abandoning module OpenGLDrv (9)
[2014.11.18-23.46.00:145][ 99]LogModuleManager: Shutting down and abandoning module D3D11RHI (8)
[2014.11.18-23.46.00:145][ 99]LogModuleManager: Shutting down and abandoning module Renderer (7)
[2014.11.18-23.46.00:145][ 99]LogModuleManager: Shutting down and abandoning module Engine (6)
[2014.11.18-23.46.00:145][ 99]LogModuleManager: Shutting down and abandoning module CoreUObject (5)
[2014.11.18-23.46.00:145][ 99]LogModuleManager: Shutting down and abandoning module NetworkFile (4)
[2014.11.18-23.46.00:145][ 99]LogModuleManager: Shutting down and abandoning module StreamingFile (3)
[2014.11.18-23.46.00:145][ 99]LogModuleManager: Shutting down and abandoning module SandboxFile (2)
[2014.11.18-23.46.00:145][ 99]LogModuleManager: Shutting down and abandoning module PakFile (1)
[2014.11.18-23.46.00:146][ 99]LogExit: Exiting.
[2014.11.18-23.46.00:160][ 99]Log file closed, 11/18/14 16:46:00
