Log file open, 12/09/14 15:47:10
LogInit:Display: Running engine for game: MyProject
LogInit: Version: 4.4.1-2270799+++depot+UE4-Releases+4.4
LogInit: API Version: 2255576
LogInit: Compiled (64-bit): Aug 25 2014 14:19:12
LogInit: Build Configuration: Development
LogInit: Branch Name: ++depot+UE4-Releases+4.4
LogInit: Command line:  
LogInit: Base directory: C:/Program Files/Unreal Engine/4.4/Engine/Binaries/Win64/
LogInit: Rocket: 1
[2014.12.09-22.47.10:210][  0]LogTaskGraph: Started task graph with 3 named threads and 4 total threads.
[2014.12.09-22.47.10:248][  0]LogOnline:Warning: No default platform service specified for OnlineSubsystem
[2014.12.09-22.47.10:289][  0]LogInit: Presizing for 0 objects not considered by GC, pre-allocating 0 bytes.
[2014.12.09-22.47.10:340][  0]LogInit: Object subsystem initialized
[2014.12.09-22.47.10:359][  0]LogInit: Selected Device Profile: [Windows]
[2014.12.09-22.47.10:359][  0]LogInit: Applying CVar settings loaded from the selected device profile: [Windows]
[2014.12.09-22.47.10:373][  0]LogInit: Computer: NOAH-PC
[2014.12.09-22.47.10:373][  0]LogInit: User: Noah
[2014.12.09-22.47.10:375][  0]LogInit: CPU Page size=4096, Cores=4
[2014.12.09-22.47.10:375][  0]LogInit: High frequency timer resolution =1.948730 MHz
[2014.12.09-22.47.10:375][  0]LogMemory: Memory total: Physical=7.9GB (8GB approx) Virtual=8192.0GB
[2014.12.09-22.47.10:376][  0]LogMemory: Platform Memory Stats for Windows
[2014.12.09-22.47.10:376][  0]LogMemory: Process Physical Memory: 62.41 MB used, 62.41 MB peak
[2014.12.09-22.47.10:376][  0]LogMemory: Process Virtual Memory: 38.32 MB used, 38.32 MB peak
[2014.12.09-22.47.10:376][  0]LogMemory: Physical Memory: 3820.50 MB used, 8100.68 MB total
[2014.12.09-22.47.10:376][  0]LogMemory: Virtual Memory: 260.59 MB used, 8388608.00 MB total
[2014.12.09-22.47.10:442][  0]LogD3D11RHI: Found D3D11 adapter 0: Intel(R) Iris(TM) Pro Graphics 5200 (Feature Level 11_0)
[2014.12.09-22.47.10:442][  0]LogD3D11RHI: Adapter has 64MB of dedicated video memory, 0MB of dedicated system memory, and 1632MB of shared system memory, 1 output[s]
[2014.12.09-22.47.10:442][  0]LogD3D11RHI: Chosen D3D11 Adapter Id = 0
[2014.12.09-22.47.10:453][  0]LogRHI: Texture pool is 616 MB (70% of 880 MB)
[2014.12.09-22.47.10:468][  0]LogD3D11RHI: Async texture creation enabled
[2014.12.09-22.47.10:741][  0]LogContentStreaming: Texture pool size is 0.000000MB
[2014.12.09-22.47.12:363][  0]LogTargetPlatformManager:Display: Building Assets For Windows
[2014.12.09-22.47.12:682][  0]LogTargetPlatformManager:Display: Building Assets For Windows
[2014.12.09-22.47.12:714][  0]LogDerivedDataCache:Display: Max Cache Size: 512 MB
[2014.12.09-22.47.12:802][  0]LogDerivedDataCache: Loaded boot cache 0.09s 39MB C:/Users/Noah/AppData/Local/UnrealEngine/4.4/DerivedDataCache/Boot.ddc.
[2014.12.09-22.47.12:802][  0]LogDerivedDataCache:Display: Loaded Boot cache: C:/Users/Noah/AppData/Local/UnrealEngine/4.4/DerivedDataCache/Boot.ddc
[2014.12.09-22.47.12:802][  0]LogDerivedDataCache: FDerivedDataBackendGraph:  Pak pak cache file ../../../../../../Users/Noah/Documents/Unreal Projects/assignment3/Content/CloudFactory/Cloud_Factory_Scene/DerivedDataCache/DDC.ddp not found, will not use a pak cache.
[2014.12.09-22.47.12:802][  0]LogDerivedDataCache: Unable to find inner node Pak for hierarchical cache Hierarchy.
[2014.12.09-22.47.12:823][  0]LogDerivedDataCache:Display: Pak cache opened for reading ../../../Engine/DerivedDataCache/DDC.ddp.
[2014.12.09-22.47.12:834][  0]LogDerivedDataCache: Using Local data cache path C:/Users/Noah/AppData/Local/UnrealEngine/4.4/DerivedDataCache: Writable
[2014.12.09-22.47.13:331][  0]LogMeshUtilities: No automatic mesh reduction module available
[2014.12.09-22.47.13:331][  0]LogMeshUtilities: No automatic mesh merging module available
[2014.12.09-22.47.14:011][  0]LogInit: WinSock: version 1.1 (2.2), MaxSocks=32767, MaxUdp=65467
[2014.12.09-22.47.15:555][  0]LogStats:Warning: MetaData mismatch. Did you assign a stat to two groups? New //STATGROUP_Threads//FMonitoredProcess///Thread_2eb0_0///////STATCAT_Advanced//// old //STATGROUP_Threads//FMonitoredProcess///Thread_2008_0///////STATCAT_Advanced////
[2014.12.09-22.47.15:555][  0]UdpMessaging: Initializing bridge on interface 0.0.0.0:0 to multicast group 230.0.0.1:6666.
[2014.12.09-22.47.15:730][  0]SourceControl: Info Source control is disabled
[2014.12.09-22.47.15:730][  0]SourceControl: Info Source control is disabled
[2014.12.09-22.47.15:735][  0]SourceControl: Info Source control is disabled
[2014.12.09-22.47.16:276][  0]BlueprintLog: New page: Editor Load
[2014.12.09-22.47.16:397][  0]LogObj: 21438 objects as part of root set at end of initial load.
[2014.12.09-22.47.16:397][  0]LogUObjectAllocator: 4218656 out of 0 bytes used by permanent object pool.
[2014.12.09-22.47.16:576][  0]LogEngine: Initializing Engine...
[2014.12.09-22.47.16:706][  0]LogInit: XAudio2 using 'Headphones (Cirrus Logic CS4208 (AB 94))' : 2 channels at 48 kHz using 32 bits per sample (channel mask 0x3)
[2014.12.09-22.47.16:722][  0]LogInit: FAudioDevice initialized.
[2014.12.09-22.47.16:760][  0]LogAIModule: Creating AISystem for world NewWorld
[2014.12.09-22.47.16:786][  0]LogDerivedDataCache: Saved boot cache 0.02s 39MB C:/Users/Noah/AppData/Local/UnrealEngine/4.4/DerivedDataCache/Boot.ddc.
[2014.12.09-22.47.16:790][  0]LogInit: Texture streaming: Enabled
[2014.12.09-22.47.16:822][  0]LogInit: Transaction tracking system initialized
[2014.12.09-22.47.16:927][  0]LogAssetRegistry: FAssetRegistry took 0.0115 seconds to start up
[2014.12.09-22.47.17:328][  0]LogTargetPlatformManager:Display: Building Assets For Windows
[2014.12.09-22.47.17:584][  0]LogTargetPlatformManager:Display: Building Assets For Windows
[2014.12.09-22.47.17:704][  0]LogConsoleResponse:Display: 
[2014.12.09-22.47.17:883][  0]LogStats:Warning: MetaData mismatch. Did you assign a stat to two groups? New //STATGROUP_Threads//FMonitoredProcess///Thread_2f88_0///////STATCAT_Advanced//// old //STATGROUP_Threads//FMonitoredProcess///Thread_2008_0///////STATCAT_Advanced////
[2014.12.09-22.47.17:883][  0]LogStats:Warning: MetaData mismatch. Did you assign a stat to two groups? New //STATGROUP_Threads//FMonitoredProcess///Thread_2f8c_0///////STATCAT_Advanced//// old //STATGROUP_Threads//FMonitoredProcess///Thread_2008_0///////STATCAT_Advanced////
[2014.12.09-22.47.17:883][  0]SourceControl: Info Source control is disabled
[2014.12.09-22.47.17:885][  0]Cmd: MAP LOAD FILE="../../../Engine/Content/Maps/Templates/Template_Default.umap" TEMPLATE=1 SHOWPROGRESS=1
[2014.12.09-22.47.17:886][  0]LightingResults: New page: Lighting Build
[2014.12.09-22.47.17:895][  0]MapCheck: New page: Map Check
[2014.12.09-22.47.17:895][  0]LightingResults: New page: Lighting Build
[2014.12.09-22.47.17:913][  0]LogParticles: Destroying 0 GPU particle simulations for FXSystem 0x0000000011DAD300
[2014.12.09-22.47.18:092][  0]LogEditorServer: Finished looking for orphan Actors (0.000 secs)
[2014.12.09-22.47.18:093][  0]LogAIModule: Creating AISystem for world Template_Default
[2014.12.09-22.47.18:094][  0]Cmd: MAP CHECKDEP
[2014.12.09-22.47.18:094][  0]MapCheck: New page: Untitled_1 - Dec 9, 2014, 8:47:18 AM
[2014.12.09-22.47.18:126][  0]MapCheck: Info ========== Map Check: 0 Error(s), 0 Warning(s), [32.094ms] ==========
[2014.12.09-22.47.18:126][  0]LogFileHelpers: Loading map 'Template_Default' took 0.241
[2014.12.09-22.47.18:263][  0]LogCollectionManager: Loaded 0 collections in 0.001110 seconds
[2014.12.09-22.47.18:431][  0]LogCrashTracker: Crashtracker disabled due to settings.
[2014.12.09-22.47.18:490][  0]LogLoad: Full Startup: 10.70 seconds (BP compile: 0.08 seconds)
[2014.12.09-22.47.18:506][  0]LogContentBrowser:Verbose: The content browser source was changed by the sources view to '/Game/Architecture'
[2014.12.09-22.47.18:676][  2]LogRenderer:Warning: Reallocating scene render targets to support 784x720.
[2014.12.09-22.47.19:216][  2]LogAssetRegistry: Asset discovery search completed in 2.3006 seconds
[2014.12.09-22.47.35:559][708]Cmd: MAP LOAD FILE="../../../../../../Users/Noah/Documents/Unreal Projects/assignment3/Content/CloudFactory/Cloud_Factory_Scene/Content/Maps/bossofficescenelights.umap" TEMPLATE=0 SHOWPROGRESS=1
[2014.12.09-22.47.35:560][708]LightingResults: New page: Lighting Build
[2014.12.09-22.47.35:604][708]LoadErrors: New page: Loading map: bossofficescenelights.umap
[2014.12.09-22.47.35:605][708]MapCheck: New page: Map Check
[2014.12.09-22.47.35:605][708]LightingResults: New page: Lighting Build
[2014.12.09-22.47.35:634][708]LogParticles: Destroying 0 GPU particle simulations for FXSystem 0x0000000016353EC0
[2014.12.09-22.47.35:678][708]LogLinker:Warning: Asset '../../../../../../Users/Noah/Documents/Unreal Projects/assignment3/Content/CloudFactory/Cloud_Factory_Scene/Content/Blueprints/Blueprint_Effect_Smoke.uasset' has been saved with empty engine version. The asset will be loaded but may be incompatible.
[2014.12.09-22.47.35:709][708]LogLinker:Warning: Asset '../../../../../../Users/Noah/Documents/Unreal Projects/assignment3/Content/CloudFactory/Cloud_Factory_Scene/Content/Blueprints/Blueprint_Effect_Steam.uasset' has been saved with empty engine version. The asset will be loaded but may be incompatible.
[2014.12.09-22.47.35:909][708]LogLinker:Warning: Asset '../../../../../../Users/Noah/Documents/Unreal Projects/assignment3/Content/CloudFactory/Cloud_Factory_Scene/Content/Props/SM_Lamp_Ceiling.uasset' has been saved with empty engine version. The asset will be loaded but may be incompatible.
[2014.12.09-22.47.37:776][708]LogEditorServer: Finished looking for orphan Actors (0.000 secs)
[2014.12.09-22.47.37:777][708]LogAIModule: Creating AISystem for world bossofficescenelights
[2014.12.09-22.47.37:787][708]Cmd: MAP CHECKDEP
[2014.12.09-22.47.37:787][708]MapCheck: New page: bossofficescenelights - Dec 9, 2014, 8:47:37 AM
[2014.12.09-22.47.37:833][708]MapCheck: Info ========== Map Check: 0 Error(s), 0 Warning(s), [45.833ms] ==========
[2014.12.09-22.47.37:833][708]LogFileHelpers: Loading map 'bossofficescenelights' took 2.275
[2014.12.09-22.47.42:907][775]LogRenderer:Warning: Reallocating scene render targets to support 1056x1056.
[2014.12.09-22.48.09:068][245]Cmd: MAP LOAD FILE="../../../../../../Users/Noah/Documents/Unreal Projects/assignment3/Content/CloudFactory/Cloud_Factory_Scene/Content/Maps/basementfloorscenelights.umap" TEMPLATE=0 SHOWPROGRESS=1
[2014.12.09-22.48.11:956][245]LightingResults: New page: Lighting Build
[2014.12.09-22.48.11:959][245]MapCheck: New page: Map Check
[2014.12.09-22.48.11:959][245]LightingResults: New page: Lighting Build
[2014.12.09-22.48.11:977][245]LogParticles: Destroying 0 GPU particle simulations for FXSystem 0x0000000032041940
[2014.12.09-22.48.11:977][245]LogAIModule: Creating AISystem for world NewWorld
[2014.12.09-22.48.12:002][245]LoadErrors: New page: New Map
[2014.12.09-22.48.17:026][480]Cmd: QUIT_EDITOR
[2014.12.09-22.48.17:234][480]LogWindowsTextInputMethodSystem:Error: Terminating failed while unadvising the language notification sink from the TSF source.
[2014.12.09-22.48.17:237][480]LogExit: Preparing to exit.
[2014.12.09-22.48.17:713][480]LogExit: Editor shut down
[2014.12.09-22.48.17:713][480]LogExit: Transaction tracking system shut down
[2014.12.09-22.48.17:714][480]LogParticles: Destroying 0 GPU particle simulations for FXSystem 0x0000000026188E00
[2014.12.09-22.48.17:714][480]LogParticles: Destroying 0 GPU particle simulations for FXSystem 0x0000000032042020
[2014.12.09-22.48.17:715][480]LogParticles: Destroying 0 GPU particle simulations for FXSystem 0x0000000038D87BA0
[2014.12.09-22.48.17:775][480]LogExit: Object subsystem successfully closed.
[2014.12.09-22.48.17:821][480]LogModuleManager: Shutting down and abandoning module AndroidDeviceDetection (161)
[2014.12.09-22.48.17:821][480]LogModuleManager: Shutting down and abandoning module HTTP (160)
[2014.12.09-22.48.17:821][480]LogModuleManager: Shutting down and abandoning module CrashTracker (159)
[2014.12.09-22.48.17:821][480]LogModuleManager: Shutting down and abandoning module SuperSearch (158)
[2014.12.09-22.48.17:821][480]LogModuleManager: Shutting down and abandoning module SceneOutliner (157)
[2014.12.09-22.48.17:821][480]LogModuleManager: Shutting down and abandoning module EditorWidgets (156)
[2014.12.09-22.48.17:821][480]LogModuleManager: Shutting down and abandoning module CollectionManager (155)
[2014.12.09-22.48.17:822][480]LogModuleManager: Shutting down and abandoning module StatsViewer (154)
[2014.12.09-22.48.17:822][480]LogModuleManager: Shutting down and abandoning module FoliageEdit (153)
[2014.12.09-22.48.17:822][480]LogModuleManager: Shutting down and abandoning module LandscapeEditor (152)
[2014.12.09-22.48.17:823][480]LogModuleManager: Shutting down and abandoning module MeshPaint (151)
[2014.12.09-22.48.17:823][480]LogModuleManager: Shutting down and abandoning module ActorPickerMode (150)
[2014.12.09-22.48.17:823][480]LogModuleManager: Shutting down and abandoning module GeometryMode (149)
[2014.12.09-22.48.17:823][480]LogModuleManager: Shutting down and abandoning module TextureAlignMode (148)
[2014.12.09-22.48.17:823][480]LogModuleManager: Shutting down and abandoning module BspMode (147)
[2014.12.09-22.48.17:823][480]LogModuleManager: Shutting down and abandoning module PlacementMode (146)
[2014.12.09-22.48.17:823][480]LogModuleManager: Shutting down and abandoning module AutomationWorker (145)
[2014.12.09-22.48.17:823][480]LogModuleManager: Shutting down and abandoning module EditorLiveStreaming (144)
[2014.12.09-22.48.17:823][480]LogModuleManager: Shutting down and abandoning module BehaviorTreeEditor (143)
[2014.12.09-22.48.17:824][480]LogModuleManager: Shutting down and abandoning module DeviceProfileEditor (142)
[2014.12.09-22.48.17:824][480]LogModuleManager: Shutting down and abandoning module UndoHistory (141)
[2014.12.09-22.48.17:824][480]LogModuleManager: Shutting down and abandoning module GameplayTagsEditor (140)
[2014.12.09-22.48.17:824][480]LogModuleManager: Shutting down and abandoning module UserFeedback (139)
[2014.12.09-22.48.17:824][480]LogModuleManager: Shutting down and abandoning module XmlParser (138)
[2014.12.09-22.48.17:824][480]LogModuleManager: Shutting down and abandoning module Blutility (137)
[2014.12.09-22.48.17:824][480]LogModuleManager: Shutting down and abandoning module IOSPlatformEditor (136)
[2014.12.09-22.48.17:824][480]LogModuleManager: Shutting down and abandoning module IOSRuntimeSettings (135)
[2014.12.09-22.48.17:824][480]LogModuleManager: Shutting down and abandoning module AndroidPlatformEditor (134)
[2014.12.09-22.48.17:824][480]LogModuleManager: Shutting down and abandoning module AndroidRuntimeSettings (133)
[2014.12.09-22.48.17:824][480]LogModuleManager: Shutting down and abandoning module ProjectTargetPlatformEditor (132)
[2014.12.09-22.48.17:824][480]LogModuleManager: Shutting down and abandoning module ProjectSettingsViewer (131)
[2014.12.09-22.48.17:825][480]LogModuleManager: Shutting down and abandoning module InputBindingEditor (130)
[2014.12.09-22.48.17:825][480]LogModuleManager: Shutting down and abandoning module EditorSettingsViewer (129)
[2014.12.09-22.48.17:825][480]LogModuleManager: Shutting down and abandoning module SettingsEditor (128)
[2014.12.09-22.48.17:825][480]LogModuleManager: Shutting down and abandoning module SessionLauncher (127)
[2014.12.09-22.48.17:825][480]LogModuleManager: Shutting down and abandoning module SessionFrontend (126)
[2014.12.09-22.48.17:825][480]LogModuleManager: Shutting down and abandoning module ProfilerClient (125)
[2014.12.09-22.48.17:826][480]LogModuleManager: Shutting down and abandoning module TargetDeviceServices (124)
[2014.12.09-22.48.17:826][480]LogModuleManager: Shutting down and abandoning module DeviceManager (123)
[2014.12.09-22.48.17:826][480]LogModuleManager: Shutting down and abandoning module AutomationController (122)
[2014.12.09-22.48.17:826][480]LogModuleManager: Shutting down and abandoning module AutomationWindow (121)
[2014.12.09-22.48.17:826][480]LogModuleManager: Shutting down and abandoning module Layers (120)
[2014.12.09-22.48.17:827][480]LogModuleManager: Shutting down and abandoning module ComponentVisualizers (119)
[2014.12.09-22.48.17:828][480]LogModuleManager: Shutting down and abandoning module DetailCustomizations (118)
[2014.12.09-22.48.17:828][480]LogModuleManager: Shutting down and abandoning module PackagesDialog (117)
[2014.12.09-22.48.17:828][480]LogModuleManager: Shutting down and abandoning module DirectoryWatcher (116)
[2014.12.09-22.48.17:828][480]LogModuleManager: Shutting down and abandoning module AssetRegistry (115)
[2014.12.09-22.48.17:948][480]LogModuleManager: Shutting down and abandoning module Persona (114)
[2014.12.09-22.48.17:949][480]LogModuleManager: Shutting down and abandoning module GraphEditor (113)
[2014.12.09-22.48.17:949][480]LogModuleManager: Shutting down and abandoning module ClassViewer (112)
[2014.12.09-22.48.17:949][480]LogModuleManager: Shutting down and abandoning module Toolbox (111)
[2014.12.09-22.48.17:949][480]LogModuleManager: Shutting down and abandoning module ModuleUI (110)
[2014.12.09-22.48.17:950][480]LogModuleManager: Shutting down and abandoning module Sequencer (109)
[2014.12.09-22.48.17:951][480]LogModuleManager: Shutting down and abandoning module MovieSceneTools (108)
[2014.12.09-22.48.17:951][480]LogModuleManager: Shutting down and abandoning module OutputLog (107)
[2014.12.09-22.48.17:951][480]LogModuleManager: Shutting down and abandoning module GammaUI (106)
[2014.12.09-22.48.17:951][480]LogModuleManager: Shutting down and abandoning module Documentation (105)
[2014.12.09-22.48.17:951][480]LogModuleManager: Shutting down and abandoning module GameLiveStreaming (104)
[2014.12.09-22.48.17:951][480]LogModuleManager: Shutting down and abandoning module DesktopPlatform (103)
[2014.12.09-22.48.17:951][480]LogModuleManager: Shutting down and abandoning module StreamingPauseRendering (102)
[2014.12.09-22.48.17:951][480]LogModuleManager: Shutting down and abandoning module AnalyticsET (101)
[2014.12.09-22.48.17:951][480]LogModuleManager: Shutting down and abandoning module Analytics (100)
[2014.12.09-22.48.17:951][480]LogModuleManager: Shutting down and abandoning module GameplayDebugger (99)
[2014.12.09-22.48.17:951][480]LogModuleManager: Shutting down and abandoning module AIModule (98)
[2014.12.09-22.48.17:951][480]LogModuleManager: Shutting down and abandoning module ProfilerService (97)
[2014.12.09-22.48.18:167][480]LogModuleManager: Shutting down and abandoning module TaskGraph (96)
[2014.12.09-22.48.18:168][480]LogModuleManager: Shutting down and abandoning module SlateRemote (95)
[2014.12.09-22.48.18:169][480]LogModuleManager: Shutting down and abandoning module ScriptEditorPlugin (94)
[2014.12.09-22.48.18:169][480]LogModuleManager: Shutting down and abandoning module CustomMeshComponent (93)
[2014.12.09-22.48.18:169][480]LogModuleManager: Shutting down and abandoning module CableComponent (92)
[2014.12.09-22.48.18:169][480]LogModuleManager: Shutting down and abandoning module MessagingDebugger (91)
[2014.12.09-22.48.18:170][480]LogModuleManager: Shutting down and abandoning module ViewportSnapping (90)
[2014.12.09-22.48.18:170][480]LogModuleManager: Shutting down and abandoning module SmartSnapping (89)
[2014.12.09-22.48.18:170][480]LogModuleManager: Shutting down and abandoning module PaperTiledImporter (88)
[2014.12.09-22.48.18:170][480]LogModuleManager: Shutting down and abandoning module PaperJsonImporter (87)
[2014.12.09-22.48.18:170][480]LogModuleManager: Shutting down and abandoning module GameProjectGeneration (86)
[2014.12.09-22.48.18:170][480]LogModuleManager: Shutting down and abandoning module Matinee (85)
[2014.12.09-22.48.18:171][480]LogModuleManager: Shutting down and abandoning module Kismet (84)
[2014.12.09-22.48.18:172][480]LogModuleManager: Shutting down and abandoning module SlateReflector (83)
[2014.12.09-22.48.18:172][480]LogModuleManager: Shutting down and abandoning module LevelEditor (82)
[2014.12.09-22.48.18:175][480]LogModuleManager: Shutting down and abandoning module IntroTutorials (81)
[2014.12.09-22.48.18:175][480]LogModuleManager: Shutting down and abandoning module ContentBrowser (80)
[2014.12.09-22.48.18:175][480]LogModuleManager: Shutting down and abandoning module PropertyEditor (79)
[2014.12.09-22.48.18:175][480]LogModuleManager: Shutting down and abandoning module AssetTools (78)
[2014.12.09-22.48.18:176][480]LogModuleManager: Shutting down and abandoning module Paper2DEditor (77)
[2014.12.09-22.48.18:177][480]LogModuleManager: Shutting down and abandoning module SpeedTreeImporter (76)
[2014.12.09-22.48.18:177][480]LogModuleManager: Shutting down and abandoning module PluginsEditor (75)
[2014.12.09-22.48.18:177][480]LogModuleManager: Shutting down and abandoning module MainFrame (74)
[2014.12.09-22.48.18:177][480]LogModuleManager: Shutting down and abandoning module EpicSurvey (73)
[2014.12.09-22.48.18:177][480]LogModuleManager: Shutting down and abandoning module VisualStudioSourceCodeAccess (72)
[2014.12.09-22.48.18:177][480]LogModuleManager: Shutting down and abandoning module UObjectPlugin (71)
[2014.12.09-22.48.18:177][480]LogModuleManager: Shutting down and abandoning module SubversionSourceControl (70)
[2014.12.09-22.48.18:177][480]LogModuleManager: Shutting down and abandoning module SourceControl (69)
[2014.12.09-22.48.18:177][480]LogModuleManager: Shutting down and abandoning module PerforceSourceControl (68)
[2014.12.09-22.48.18:178][480]LogModuleManager: Shutting down and abandoning module BlankPlugin (67)
[2014.12.09-22.48.18:178][480]LogModuleManager: Shutting down and abandoning module ScriptPlugin (66)
[2014.12.09-22.48.18:178][480]LogModuleManager: Shutting down and abandoning module UdpMessaging (65)
[2014.12.09-22.48.18:278][480]LogModuleManager: Shutting down and abandoning module Paper2D (64)
[2014.12.09-22.48.18:278][480]LogModuleManager: Shutting down and abandoning module WindowsMoviePlayer (63)
[2014.12.09-22.48.18:289][480]LogModuleManager: Shutting down and abandoning module ImageWrapper (62)
[2014.12.09-22.48.18:289][480]LogModuleManager: Shutting down and abandoning module OnlineBlueprintSupport (61)
[2014.12.09-22.48.18:289][480]LogModuleManager: Shutting down and abandoning module FunctionalTesting (60)
[2014.12.09-22.48.18:289][480]LogModuleManager: Shutting down and abandoning module CollisionAnalyzer (59)
[2014.12.09-22.48.18:290][480]LogModuleManager: Shutting down and abandoning module WorkspaceMenuStructure (58)
[2014.12.09-22.48.18:290][480]LogModuleManager: Shutting down and abandoning module MessageLog (57)
[2014.12.09-22.48.18:290][480]LogModuleManager: Shutting down and abandoning module UMGEditor (56)
[2014.12.09-22.48.18:291][480]LogModuleManager: Shutting down and abandoning module UMG (55)
[2014.12.09-22.48.18:291][480]LogModuleManager: Shutting down and abandoning module Slate (54)
[2014.12.09-22.48.18:291][480]LogModuleManager: Shutting down and abandoning module EditorStyle (53)
[2014.12.09-22.48.18:295][480]LogModuleManager: Shutting down and abandoning module SessionServices (52)
[2014.12.09-22.48.18:295][480]LogModuleManager: Shutting down and abandoning module SourceCodeAccess (51)
[2014.12.09-22.48.18:296][480]LogModuleManager: Shutting down and abandoning module HeadMountedDisplay (50)
[2014.12.09-22.48.18:296][480]LogModuleManager: Shutting down and abandoning module XAudio2 (49)
[2014.12.09-22.48.18:296][480]LogModuleManager: Shutting down and abandoning module Networking (47)
[2014.12.09-22.48.18:296][480]LogModuleManager: Shutting down and abandoning module Core (46)
[2014.12.09-22.48.18:296][480]LogModuleManager: Shutting down and abandoning module KismetCompiler (45)
[2014.12.09-22.48.18:296][480]LogModuleManager: Shutting down and abandoning module PhysXFormats (44)
[2014.12.09-22.48.18:296][480]LogModuleManager: Shutting down and abandoning module MeshUtilities (43)
[2014.12.09-22.48.18:296][480]LogModuleManager: Shutting down and abandoning module DerivedDataCache (42)
[2014.12.09-22.48.18:330][480]LogDerivedDataCache: Shutdown
[2014.12.09-22.48.18:330][480]LogModuleManager: Shutting down and abandoning module ShaderFormatOpenGL (41)
[2014.12.09-22.48.18:331][480]LogModuleManager: Shutting down and abandoning module ShaderFormatD3D (40)
[2014.12.09-22.48.18:331][480]LogModuleManager: Shutting down and abandoning module MetalShaderFormat (39)
[2014.12.09-22.48.18:332][480]LogModuleManager: Shutting down and abandoning module TextureFormatUncompressed (38)
[2014.12.09-22.48.18:332][480]LogModuleManager: Shutting down and abandoning module TextureFormatPVR (37)
[2014.12.09-22.48.18:332][480]LogModuleManager: Shutting down and abandoning module TextureFormatDXT (36)
[2014.12.09-22.48.18:332][480]LogModuleManager: Shutting down and abandoning module TextureFormatAndroid (35)
[2014.12.09-22.48.18:332][480]LogModuleManager: Shutting down and abandoning module AudioFormatOpus (34)
[2014.12.09-22.48.18:332][480]LogModuleManager: Shutting down and abandoning module AudioFormatOgg (33)
[2014.12.09-22.48.18:332][480]LogModuleManager: Shutting down and abandoning module AudioFormatADPCM (32)
[2014.12.09-22.48.18:332][480]LogModuleManager: Shutting down and abandoning module Messaging (31)
[2014.12.09-22.48.18:332][480]LogModuleManager: Shutting down and abandoning module IOSTargetPlatform (30)
[2014.12.09-22.48.18:332][480]LogModuleManager: Shutting down and abandoning module Android_PVRTCTargetPlatform (29)
[2014.12.09-22.48.18:332][480]LogModuleManager: Shutting down and abandoning module Android_ETC2TargetPlatform (28)
[2014.12.09-22.48.18:332][480]LogModuleManager: Shutting down and abandoning module Android_ETC1TargetPlatform (27)
[2014.12.09-22.48.18:332][480]LogModuleManager: Shutting down and abandoning module Android_DXTTargetPlatform (26)
[2014.12.09-22.48.18:332][480]LogModuleManager: Shutting down and abandoning module Android_ATCTargetPlatform (25)
[2014.12.09-22.48.18:332][480]LogModuleManager: Shutting down and abandoning module AndroidTargetPlatform (24)
[2014.12.09-22.48.18:332][480]LogModuleManager: Shutting down and abandoning module WindowsTargetPlatform (23)
[2014.12.09-22.48.18:332][480]LogModuleManager: Shutting down and abandoning module WindowsServerTargetPlatform (22)
[2014.12.09-22.48.18:332][480]LogModuleManager: Shutting down and abandoning module WindowsNoEditorTargetPlatform (21)
[2014.12.09-22.48.18:332][480]LogModuleManager: Shutting down and abandoning module WindowsClientTargetPlatform (20)
[2014.12.09-22.48.18:332][480]LogModuleManager: Shutting down and abandoning module TargetPlatform (19)
[2014.12.09-22.48.18:332][480]LogModuleManager: Shutting down and abandoning module InputCore (18)
[2014.12.09-22.48.18:332][480]LogModuleManager: Shutting down and abandoning module Settings (17)
[2014.12.09-22.48.18:332][480]LogModuleManager: Shutting down and abandoning module ExampleDeviceProfileSelector (14)
[2014.12.09-22.48.18:332][480]LogModuleManager: Shutting down and abandoning module OculusRift (13)
[2014.12.09-22.48.18:332][480]LogModuleManager: Shutting down and abandoning module TextureCompressor (12)
[2014.12.09-22.48.18:333][480]LogModuleManager: Shutting down and abandoning module ShaderCore (11)
[2014.12.09-22.48.18:333][480]LogModuleManager: Shutting down and abandoning module OpenGLDrv (10)
[2014.12.09-22.48.18:333][480]LogModuleManager: Shutting down and abandoning module D3D11RHI (9)
[2014.12.09-22.48.18:333][480]LogModuleManager: Shutting down and abandoning module SlateRHIRenderer (8)
[2014.12.09-22.48.18:333][480]LogModuleManager: Shutting down and abandoning module Renderer (7)
[2014.12.09-22.48.18:333][480]LogModuleManager: Shutting down and abandoning module Engine (6)
[2014.12.09-22.48.18:333][480]LogModuleManager: Shutting down and abandoning module CoreUObject (5)
[2014.12.09-22.48.18:333][480]LogModuleManager: Shutting down and abandoning module NetworkFile (4)
[2014.12.09-22.48.18:333][480]LogModuleManager: Shutting down and abandoning module StreamingFile (3)
[2014.12.09-22.48.18:333][480]LogModuleManager: Shutting down and abandoning module SandboxFile (2)
[2014.12.09-22.48.18:333][480]LogModuleManager: Shutting down and abandoning module PakFile (1)
[2014.12.09-22.48.18:334][480]LogExit: Exiting.
[2014.12.09-22.48.18:358][480]Log file closed, 12/09/14 15:48:18
