Log file open, 12/02/14 17:16:54
LogInit:Display: Running engine for game: MyProject
LogInit: Version: 4.4.3-2296771+++depot+UE4-Releases+4.4
LogInit: API Version: 2255576
LogInit: Compiled (64-bit): Sep 13 2014 22:30:58
LogInit: Build Configuration: Development
LogInit: Branch Name: ++depot+UE4-Releases+4.4
LogInit: Command line: 
LogInit: Base directory: C:/Program Files/Unreal Engine/4.4/Engine/Binaries/Win64/
LogInit: Rocket: 1
[2014.12.03-00.16.54:044][  0]LogTaskGraph: Started task graph with 3 named threads and 4 total threads.
[2014.12.03-00.16.54:070][  0]LogOnline:Warning: No default platform service specified for OnlineSubsystem
[2014.12.03-00.16.54:077][  0]LogInit: Presizing for 0 objects not considered by GC, pre-allocating 0 bytes.
[2014.12.03-00.16.54:085][  0]LogInit: Object subsystem initialized
[2014.12.03-00.16.54:087][  0]LogInit: Selected Device Profile: [Windows]
[2014.12.03-00.16.54:087][  0]LogInit: Applying CVar settings loaded from the selected device profile: [Windows]
[2014.12.03-00.16.54:090][  0]LogInit: Computer: TCPC-10
[2014.12.03-00.16.54:091][  0]LogInit: User: u0851349
[2014.12.03-00.16.54:091][  0]LogInit: CPU Page size=4096, Cores=4
[2014.12.03-00.16.54:091][  0]LogInit: High frequency timer resolution =3.906337 MHz
[2014.12.03-00.16.54:092][  0]LogMemory: Memory total: Physical=8.0GB (8GB approx) Virtual=8192.0GB
[2014.12.03-00.16.54:092][  0]LogMemory: Platform Memory Stats for Windows
[2014.12.03-00.16.54:092][  0]LogMemory: Process Physical Memory: 62.46 MB used, 62.46 MB peak
[2014.12.03-00.16.54:092][  0]LogMemory: Process Virtual Memory: 38.23 MB used, 38.23 MB peak
[2014.12.03-00.16.54:092][  0]LogMemory: Physical Memory: 2966.62 MB used, 8173.54 MB total
[2014.12.03-00.16.54:092][  0]LogMemory: Virtual Memory: 261.05 MB used, 8388608.00 MB total
[2014.12.03-00.16.54:119][  0]LogD3D11RHI: Found D3D11 adapter 0: NVIDIA GeForce GT 630 (Feature Level 11_0)
[2014.12.03-00.16.54:119][  0]LogD3D11RHI: Adapter has 978MB of dedicated video memory, 0MB of dedicated system memory, and 3071MB of shared system memory, 1 output[s]
[2014.12.03-00.16.54:119][  0]LogD3D11RHI: Chosen D3D11 Adapter Id = 0
[2014.12.03-00.16.54:125][  0]LogRHI: Texture pool is 684 MB (70% of 978 MB)
[2014.12.03-00.16.54:133][  0]LogD3D11RHI: Async texture creation enabled
[2014.12.03-00.16.54:263][  0]LogContentStreaming: Texture pool size is 0.000000MB
[2014.12.03-00.16.55:591][  0]LogTargetPlatformManager:Display: Building Assets For Windows
[2014.12.03-00.16.55:926][  0]LogTargetPlatformManager:Display: Building Assets For Windows
[2014.12.03-00.16.55:959][  0]LogDerivedDataCache:Display: Max Cache Size: 512 MB
[2014.12.03-00.16.56:019][  0]LogDerivedDataCache: Loaded boot cache 0.06s 39MB C:/Users/u0851349/AppData/Local/UnrealEngine/4.4/DerivedDataCache/Boot.ddc.
[2014.12.03-00.16.56:019][  0]LogDerivedDataCache:Display: Loaded Boot cache: C:/Users/u0851349/AppData/Local/UnrealEngine/4.4/DerivedDataCache/Boot.ddc
[2014.12.03-00.16.56:019][  0]LogDerivedDataCache: FDerivedDataBackendGraph:  Pak pak cache file ../../../../../../Users/u0851349/Desktop/CloudFactory/Cloud_Factory_Scene/DerivedDataCache/DDC.ddp not found, will not use a pak cache.
[2014.12.03-00.16.56:019][  0]LogDerivedDataCache: Unable to find inner node Pak for hierarchical cache Hierarchy.
[2014.12.03-00.16.56:035][  0]LogDerivedDataCache:Display: Pak cache opened for reading ../../../Engine/DerivedDataCache/DDC.ddp.
[2014.12.03-00.16.56:046][  0]LogDerivedDataCache: Using Local data cache path C:/Users/u0851349/AppData/Local/UnrealEngine/4.4/DerivedDataCache: Writable
[2014.12.03-00.16.56:200][  0]LogMeshUtilities: No automatic mesh reduction module available
[2014.12.03-00.16.56:200][  0]LogMeshUtilities: No automatic mesh merging module available
[2014.12.03-00.16.56:550][  0]LogInit: WinSock: version 1.1 (2.2), MaxSocks=32767, MaxUdp=65467
[2014.12.03-00.16.57:216][  0]LogStats:Warning: MetaData mismatch. Did you assign a stat to two groups? New //STATGROUP_Threads//FMonitoredProcess///Thread_27f4_0///////STATCAT_Advanced//// old //STATGROUP_Threads//FMonitoredProcess///Thread_2950_0///////STATCAT_Advanced////
[2014.12.03-00.16.57:217][  0]UdpMessaging: Initializing bridge on interface 0.0.0.0:0 to multicast group 230.0.0.1:6666.
[2014.12.03-00.16.57:306][  0]SourceControl: Info Source control is disabled
[2014.12.03-00.16.57:306][  0]SourceControl: Info Source control is disabled
[2014.12.03-00.16.57:310][  0]SourceControl: Info Source control is disabled
[2014.12.03-00.16.57:447][  0]BlueprintLog: New page: Editor Load
[2014.12.03-00.16.57:519][  0]LogObj: 21438 objects as part of root set at end of initial load.
[2014.12.03-00.16.57:519][  0]LogUObjectAllocator: 4218648 out of 0 bytes used by permanent object pool.
[2014.12.03-00.16.57:680][  0]LogEngine: Initializing Engine...
[2014.12.03-00.16.57:780][  0]LogInit: XAudio2 using 'Digital Audio (S/PDIF) (4- High Definition Audio Device)' : 2 channels at 44.1 kHz using 16 bits per sample (channel mask 0x3)
[2014.12.03-00.16.57:810][  0]LogInit: FAudioDevice initialized.
[2014.12.03-00.16.57:824][  0]LogAIModule: Creating AISystem for world NewWorld
[2014.12.03-00.16.57:862][  0]LogDerivedDataCache: Saved boot cache 0.04s 39MB C:/Users/u0851349/AppData/Local/UnrealEngine/4.4/DerivedDataCache/Boot.ddc.
[2014.12.03-00.16.57:872][  0]LogInit: Texture streaming: Enabled
[2014.12.03-00.16.57:896][  0]LogInit: Transaction tracking system initialized
[2014.12.03-00.16.57:980][  0]LogAssetRegistry: FAssetRegistry took 0.0093 seconds to start up
[2014.12.03-00.16.58:375][  0]LogTargetPlatformManager:Display: Building Assets For Windows
[2014.12.03-00.16.58:662][  0]LogTargetPlatformManager:Display: Building Assets For Windows
[2014.12.03-00.16.58:757][  0]LogConsoleResponse:Display: 
[2014.12.03-00.16.58:888][  0]LogStats:Warning: MetaData mismatch. Did you assign a stat to two groups? New //STATGROUP_Threads//FMonitoredProcess///Thread_1040_0///////STATCAT_Advanced//// old //STATGROUP_Threads//FMonitoredProcess///Thread_2950_0///////STATCAT_Advanced////
[2014.12.03-00.16.58:888][  0]LogStats:Warning: MetaData mismatch. Did you assign a stat to two groups? New //STATGROUP_Threads//FMonitoredProcess///Thread_17dc_0///////STATCAT_Advanced//// old //STATGROUP_Threads//FMonitoredProcess///Thread_2950_0///////STATCAT_Advanced////
[2014.12.03-00.16.58:888][  0]SourceControl: Info Source control is disabled
[2014.12.03-00.16.58:888][  0]Cmd: MAP LOAD FILE="../../../Engine/Content/Maps/Templates/Template_Default.umap" TEMPLATE=1 SHOWPROGRESS=1
[2014.12.03-00.16.58:888][  0]LightingResults: New page: Lighting Build
[2014.12.03-00.16.58:895][  0]MapCheck: New page: Map Check
[2014.12.03-00.16.58:895][  0]LightingResults: New page: Lighting Build
[2014.12.03-00.16.58:907][  0]LogParticles: Destroying 0 GPU particle simulations for FXSystem 0x000000000EBC9300
[2014.12.03-00.16.59:067][  0]LogEditorServer: Finished looking for orphan Actors (0.000 secs)
[2014.12.03-00.16.59:068][  0]LogAIModule: Creating AISystem for world Template_Default
[2014.12.03-00.16.59:068][  0]Cmd: MAP CHECKDEP
[2014.12.03-00.16.59:068][  0]MapCheck: New page: Untitled_1 - Dec 2, 2014, 10:16:59 AM
[2014.12.03-00.16.59:115][  0]MapCheck: Info ========== Map Check: 0 Error(s), 0 Warning(s), [47.592ms] ==========
[2014.12.03-00.16.59:115][  0]LogFileHelpers: Loading map 'Template_Default' took 0.227
[2014.12.03-00.16.59:195][  0]LogCollectionManager: Loaded 0 collections in 0.000844 seconds
[2014.12.03-00.16.59:265][  0]LogCrashTracker: Crashtracker disabled due to settings.
[2014.12.03-00.16.59:304][  0]LogLoad: Full Startup: 6.89 seconds (BP compile: 0.06 seconds)
[2014.12.03-00.16.59:516][  0]LogRenderer:Warning: Reallocating scene render targets to support 1056x896.
[2014.12.03-00.16.59:792][  1]LogAssetRegistry: Asset discovery search completed in 1.8217 seconds
[2014.12.03-00.17.08:678][129]Cmd: MAP LOAD FILE="../../../../../../Users/u0851349/Desktop/CloudFactory/Cloud_Factory_Scene/Content/Maps/mainfloorscene.umap" TEMPLATE=0 SHOWPROGRESS=1
[2014.12.03-00.17.08:678][129]LightingResults: New page: Lighting Build
[2014.12.03-00.17.08:692][129]LoadErrors: New page: Loading map: mainfloorscene.umap
[2014.12.03-00.17.08:692][129]MapCheck: New page: Map Check
[2014.12.03-00.17.08:692][129]LightingResults: New page: Lighting Build
[2014.12.03-00.17.08:713][129]LogParticles: Destroying 0 GPU particle simulations for FXSystem 0x00000000136B40E0
[2014.12.03-00.17.08:731][129]LogLinker:Warning: Asset '../../../../../../Users/u0851349/Desktop/CloudFactory/Cloud_Factory_Scene/Content/Blueprints/Blueprint_Effect_Smoke.uasset' has been saved with empty engine version. The asset will be loaded but may be incompatible.
[2014.12.03-00.17.08:742][129]LogLinker:Warning: Asset '../../../../../../Users/u0851349/Desktop/CloudFactory/Cloud_Factory_Scene/Content/Blueprints/Blueprint_Effect_Steam.uasset' has been saved with empty engine version. The asset will be loaded but may be incompatible.
[2014.12.03-00.17.08:824][129]LogLinker:Warning: Asset '../../../../../../Users/u0851349/Desktop/CloudFactory/Cloud_Factory_Scene/Content/Props/SM_Lamp_Ceiling.uasset' has been saved with empty engine version. The asset will be loaded but may be incompatible.
[2014.12.03-00.17.10:571][129]LogEditorServer: Finished looking for orphan Actors (0.000 secs)
[2014.12.03-00.17.10:572][129]LogAIModule: Creating AISystem for world mainfloorscene
[2014.12.03-00.17.10:586][129]Cmd: MAP CHECKDEP
[2014.12.03-00.17.10:586][129]MapCheck: New page: mainfloorscene - Dec 2, 2014, 10:17:10 AM
[2014.12.03-00.17.10:651][129]MapCheck: Info ========== Map Check: 0 Error(s), 0 Warning(s), [64.797ms] ==========
[2014.12.03-00.17.10:651][129]LogFileHelpers: Loading map 'mainfloorscene' took 1.974
[2014.12.03-00.17.14:347][212]Cmd: QUIT_EDITOR
[2014.12.03-00.17.14:469][212]LogWindowsTextInputMethodSystem:Error: Terminating failed while unadvising the language notification sink from the TSF source.
[2014.12.03-00.17.14:470][212]LogExit: Preparing to exit.
[2014.12.03-00.17.15:339][212]LogExit: Editor shut down
[2014.12.03-00.17.15:339][212]LogExit: Transaction tracking system shut down
[2014.12.03-00.17.15:340][212]LogParticles: Destroying 0 GPU particle simulations for FXSystem 0x000000001FA18E00
[2014.12.03-00.17.15:384][212]LogExit: Object subsystem successfully closed.
[2014.12.03-00.17.15:419][212]LogModuleManager: Shutting down and abandoning module AndroidDeviceDetection (161)
[2014.12.03-00.17.15:419][212]LogModuleManager: Shutting down and abandoning module HTTP (160)
[2014.12.03-00.17.15:419][212]LogModuleManager: Shutting down and abandoning module CrashTracker (159)
[2014.12.03-00.17.15:420][212]LogModuleManager: Shutting down and abandoning module SuperSearch (158)
[2014.12.03-00.17.15:420][212]LogModuleManager: Shutting down and abandoning module SceneOutliner (157)
[2014.12.03-00.17.15:420][212]LogModuleManager: Shutting down and abandoning module EditorWidgets (156)
[2014.12.03-00.17.15:420][212]LogModuleManager: Shutting down and abandoning module CollectionManager (155)
[2014.12.03-00.17.15:420][212]LogModuleManager: Shutting down and abandoning module StatsViewer (154)
[2014.12.03-00.17.15:420][212]LogModuleManager: Shutting down and abandoning module FoliageEdit (153)
[2014.12.03-00.17.15:420][212]LogModuleManager: Shutting down and abandoning module LandscapeEditor (152)
[2014.12.03-00.17.15:420][212]LogModuleManager: Shutting down and abandoning module MeshPaint (151)
[2014.12.03-00.17.15:420][212]LogModuleManager: Shutting down and abandoning module ActorPickerMode (150)
[2014.12.03-00.17.15:420][212]LogModuleManager: Shutting down and abandoning module GeometryMode (149)
[2014.12.03-00.17.15:420][212]LogModuleManager: Shutting down and abandoning module TextureAlignMode (148)
[2014.12.03-00.17.15:420][212]LogModuleManager: Shutting down and abandoning module BspMode (147)
[2014.12.03-00.17.15:420][212]LogModuleManager: Shutting down and abandoning module PlacementMode (146)
[2014.12.03-00.17.15:420][212]LogModuleManager: Shutting down and abandoning module DesktopPlatform (145)
[2014.12.03-00.17.15:420][212]LogModuleManager: Shutting down and abandoning module AutomationWorker (144)
[2014.12.03-00.17.15:420][212]LogModuleManager: Shutting down and abandoning module EditorLiveStreaming (143)
[2014.12.03-00.17.15:420][212]LogModuleManager: Shutting down and abandoning module BehaviorTreeEditor (142)
[2014.12.03-00.17.15:420][212]LogModuleManager: Shutting down and abandoning module DeviceProfileEditor (141)
[2014.12.03-00.17.15:420][212]LogModuleManager: Shutting down and abandoning module UndoHistory (140)
[2014.12.03-00.17.15:420][212]LogModuleManager: Shutting down and abandoning module GameplayTagsEditor (139)
[2014.12.03-00.17.15:420][212]LogModuleManager: Shutting down and abandoning module UserFeedback (138)
[2014.12.03-00.17.15:420][212]LogModuleManager: Shutting down and abandoning module XmlParser (137)
[2014.12.03-00.17.15:420][212]LogModuleManager: Shutting down and abandoning module Blutility (136)
[2014.12.03-00.17.15:420][212]LogModuleManager: Shutting down and abandoning module IOSPlatformEditor (135)
[2014.12.03-00.17.15:420][212]LogModuleManager: Shutting down and abandoning module IOSRuntimeSettings (134)
[2014.12.03-00.17.15:420][212]LogModuleManager: Shutting down and abandoning module AndroidPlatformEditor (133)
[2014.12.03-00.17.15:420][212]LogModuleManager: Shutting down and abandoning module AndroidRuntimeSettings (132)
[2014.12.03-00.17.15:420][212]LogModuleManager: Shutting down and abandoning module ProjectTargetPlatformEditor (131)
[2014.12.03-00.17.15:420][212]LogModuleManager: Shutting down and abandoning module ProjectSettingsViewer (130)
[2014.12.03-00.17.15:420][212]LogModuleManager: Shutting down and abandoning module InputBindingEditor (129)
[2014.12.03-00.17.15:420][212]LogModuleManager: Shutting down and abandoning module EditorSettingsViewer (128)
[2014.12.03-00.17.15:420][212]LogModuleManager: Shutting down and abandoning module SettingsEditor (127)
[2014.12.03-00.17.15:420][212]LogModuleManager: Shutting down and abandoning module SessionLauncher (126)
[2014.12.03-00.17.15:420][212]LogModuleManager: Shutting down and abandoning module SessionFrontend (125)
[2014.12.03-00.17.15:420][212]LogModuleManager: Shutting down and abandoning module ProfilerClient (124)
[2014.12.03-00.17.15:420][212]LogModuleManager: Shutting down and abandoning module TargetDeviceServices (123)
[2014.12.03-00.17.15:420][212]LogModuleManager: Shutting down and abandoning module DeviceManager (122)
[2014.12.03-00.17.15:420][212]LogModuleManager: Shutting down and abandoning module AutomationController (121)
[2014.12.03-00.17.15:420][212]LogModuleManager: Shutting down and abandoning module AutomationWindow (120)
[2014.12.03-00.17.15:420][212]LogModuleManager: Shutting down and abandoning module Layers (119)
[2014.12.03-00.17.15:420][212]LogModuleManager: Shutting down and abandoning module ComponentVisualizers (118)
[2014.12.03-00.17.15:420][212]LogModuleManager: Shutting down and abandoning module DetailCustomizations (117)
[2014.12.03-00.17.15:420][212]LogModuleManager: Shutting down and abandoning module PackagesDialog (116)
[2014.12.03-00.17.15:420][212]LogModuleManager: Shutting down and abandoning module DirectoryWatcher (115)
[2014.12.03-00.17.15:421][212]LogModuleManager: Shutting down and abandoning module AssetRegistry (114)
[2014.12.03-00.17.15:448][212]LogModuleManager: Shutting down and abandoning module Persona (113)
[2014.12.03-00.17.15:449][212]LogModuleManager: Shutting down and abandoning module GraphEditor (112)
[2014.12.03-00.17.15:449][212]LogModuleManager: Shutting down and abandoning module ClassViewer (111)
[2014.12.03-00.17.15:449][212]LogModuleManager: Shutting down and abandoning module Toolbox (110)
[2014.12.03-00.17.15:449][212]LogModuleManager: Shutting down and abandoning module ModuleUI (109)
[2014.12.03-00.17.15:449][212]LogModuleManager: Shutting down and abandoning module Sequencer (108)
[2014.12.03-00.17.15:449][212]LogModuleManager: Shutting down and abandoning module MovieSceneTools (107)
[2014.12.03-00.17.15:449][212]LogModuleManager: Shutting down and abandoning module OutputLog (106)
[2014.12.03-00.17.15:449][212]LogModuleManager: Shutting down and abandoning module GammaUI (105)
[2014.12.03-00.17.15:449][212]LogModuleManager: Shutting down and abandoning module Documentation (104)
[2014.12.03-00.17.15:449][212]LogModuleManager: Shutting down and abandoning module GameLiveStreaming (103)
[2014.12.03-00.17.15:449][212]LogModuleManager: Shutting down and abandoning module StreamingPauseRendering (102)
[2014.12.03-00.17.15:449][212]LogModuleManager: Shutting down and abandoning module AnalyticsET (101)
[2014.12.03-00.17.15:449][212]LogModuleManager: Shutting down and abandoning module Analytics (100)
[2014.12.03-00.17.15:449][212]LogModuleManager: Shutting down and abandoning module GameplayDebugger (99)
[2014.12.03-00.17.15:449][212]LogModuleManager: Shutting down and abandoning module AIModule (98)
[2014.12.03-00.17.15:449][212]LogModuleManager: Shutting down and abandoning module ProfilerService (97)
[2014.12.03-00.17.15:532][212]LogModuleManager: Shutting down and abandoning module TaskGraph (96)
[2014.12.03-00.17.15:532][212]LogModuleManager: Shutting down and abandoning module SlateRemote (95)
[2014.12.03-00.17.15:532][212]LogModuleManager: Shutting down and abandoning module ScriptEditorPlugin (94)
[2014.12.03-00.17.15:532][212]LogModuleManager: Shutting down and abandoning module CustomMeshComponent (93)
[2014.12.03-00.17.15:532][212]LogModuleManager: Shutting down and abandoning module CableComponent (92)
[2014.12.03-00.17.15:532][212]LogModuleManager: Shutting down and abandoning module MessagingDebugger (91)
[2014.12.03-00.17.15:532][212]LogModuleManager: Shutting down and abandoning module ViewportSnapping (90)
[2014.12.03-00.17.15:532][212]LogModuleManager: Shutting down and abandoning module SmartSnapping (89)
[2014.12.03-00.17.15:532][212]LogModuleManager: Shutting down and abandoning module PaperTiledImporter (88)
[2014.12.03-00.17.15:532][212]LogModuleManager: Shutting down and abandoning module PaperJsonImporter (87)
[2014.12.03-00.17.15:532][212]LogModuleManager: Shutting down and abandoning module GameProjectGeneration (86)
[2014.12.03-00.17.15:532][212]LogModuleManager: Shutting down and abandoning module Matinee (85)
[2014.12.03-00.17.15:532][212]LogModuleManager: Shutting down and abandoning module Kismet (84)
[2014.12.03-00.17.15:532][212]LogModuleManager: Shutting down and abandoning module SlateReflector (83)
[2014.12.03-00.17.15:532][212]LogModuleManager: Shutting down and abandoning module LevelEditor (82)
[2014.12.03-00.17.15:533][212]LogModuleManager: Shutting down and abandoning module IntroTutorials (81)
[2014.12.03-00.17.15:533][212]LogModuleManager: Shutting down and abandoning module ContentBrowser (80)
[2014.12.03-00.17.15:533][212]LogModuleManager: Shutting down and abandoning module PropertyEditor (79)
[2014.12.03-00.17.15:533][212]LogModuleManager: Shutting down and abandoning module AssetTools (78)
[2014.12.03-00.17.15:533][212]LogModuleManager: Shutting down and abandoning module Paper2DEditor (77)
[2014.12.03-00.17.15:533][212]LogModuleManager: Shutting down and abandoning module SpeedTreeImporter (76)
[2014.12.03-00.17.15:533][212]LogModuleManager: Shutting down and abandoning module PluginsEditor (75)
[2014.12.03-00.17.15:533][212]LogModuleManager: Shutting down and abandoning module MainFrame (74)
[2014.12.03-00.17.15:533][212]LogModuleManager: Shutting down and abandoning module EpicSurvey (73)
[2014.12.03-00.17.15:533][212]LogModuleManager: Shutting down and abandoning module VisualStudioSourceCodeAccess (72)
[2014.12.03-00.17.15:533][212]LogModuleManager: Shutting down and abandoning module UObjectPlugin (71)
[2014.12.03-00.17.15:533][212]LogModuleManager: Shutting down and abandoning module SubversionSourceControl (70)
[2014.12.03-00.17.15:533][212]LogModuleManager: Shutting down and abandoning module SourceControl (69)
[2014.12.03-00.17.15:533][212]LogModuleManager: Shutting down and abandoning module PerforceSourceControl (68)
[2014.12.03-00.17.15:533][212]LogModuleManager: Shutting down and abandoning module BlankPlugin (67)
[2014.12.03-00.17.15:533][212]LogModuleManager: Shutting down and abandoning module ScriptPlugin (66)
[2014.12.03-00.17.15:533][212]LogModuleManager: Shutting down and abandoning module UdpMessaging (65)
[2014.12.03-00.17.15:633][212]LogModuleManager: Shutting down and abandoning module Paper2D (64)
[2014.12.03-00.17.15:633][212]LogModuleManager: Shutting down and abandoning module WindowsMoviePlayer (63)
[2014.12.03-00.17.15:637][212]LogModuleManager: Shutting down and abandoning module ImageWrapper (62)
[2014.12.03-00.17.15:637][212]LogModuleManager: Shutting down and abandoning module OnlineBlueprintSupport (61)
[2014.12.03-00.17.15:637][212]LogModuleManager: Shutting down and abandoning module FunctionalTesting (60)
[2014.12.03-00.17.15:637][212]LogModuleManager: Shutting down and abandoning module CollisionAnalyzer (59)
[2014.12.03-00.17.15:637][212]LogModuleManager: Shutting down and abandoning module WorkspaceMenuStructure (58)
[2014.12.03-00.17.15:637][212]LogModuleManager: Shutting down and abandoning module MessageLog (57)
[2014.12.03-00.17.15:637][212]LogModuleManager: Shutting down and abandoning module UMGEditor (56)
[2014.12.03-00.17.15:637][212]LogModuleManager: Shutting down and abandoning module UMG (55)
[2014.12.03-00.17.15:637][212]LogModuleManager: Shutting down and abandoning module Slate (54)
[2014.12.03-00.17.15:637][212]LogModuleManager: Shutting down and abandoning module EditorStyle (53)
[2014.12.03-00.17.15:638][212]LogModuleManager: Shutting down and abandoning module SessionServices (52)
[2014.12.03-00.17.15:638][212]LogModuleManager: Shutting down and abandoning module SourceCodeAccess (51)
[2014.12.03-00.17.15:638][212]LogModuleManager: Shutting down and abandoning module HeadMountedDisplay (50)
[2014.12.03-00.17.15:638][212]LogModuleManager: Shutting down and abandoning module XAudio2 (49)
[2014.12.03-00.17.15:638][212]LogModuleManager: Shutting down and abandoning module Networking (47)
[2014.12.03-00.17.15:638][212]LogModuleManager: Shutting down and abandoning module Core (46)
[2014.12.03-00.17.15:638][212]LogModuleManager: Shutting down and abandoning module KismetCompiler (45)
[2014.12.03-00.17.15:638][212]LogModuleManager: Shutting down and abandoning module PhysXFormats (44)
[2014.12.03-00.17.15:638][212]LogModuleManager: Shutting down and abandoning module MeshUtilities (43)
[2014.12.03-00.17.15:638][212]LogModuleManager: Shutting down and abandoning module DerivedDataCache (42)
[2014.12.03-00.17.16:037][212]LogDerivedDataCache: Shutdown
[2014.12.03-00.17.16:037][212]LogModuleManager: Shutting down and abandoning module ShaderFormatOpenGL (41)
[2014.12.03-00.17.16:037][212]LogModuleManager: Shutting down and abandoning module ShaderFormatD3D (40)
[2014.12.03-00.17.16:037][212]LogModuleManager: Shutting down and abandoning module MetalShaderFormat (39)
[2014.12.03-00.17.16:037][212]LogModuleManager: Shutting down and abandoning module TextureFormatUncompressed (38)
[2014.12.03-00.17.16:037][212]LogModuleManager: Shutting down and abandoning module TextureFormatPVR (37)
[2014.12.03-00.17.16:037][212]LogModuleManager: Shutting down and abandoning module TextureFormatDXT (36)
[2014.12.03-00.17.16:037][212]LogModuleManager: Shutting down and abandoning module TextureFormatAndroid (35)
[2014.12.03-00.17.16:037][212]LogModuleManager: Shutting down and abandoning module AudioFormatOpus (34)
[2014.12.03-00.17.16:037][212]LogModuleManager: Shutting down and abandoning module AudioFormatOgg (33)
[2014.12.03-00.17.16:037][212]LogModuleManager: Shutting down and abandoning module AudioFormatADPCM (32)
[2014.12.03-00.17.16:037][212]LogModuleManager: Shutting down and abandoning module Messaging (31)
[2014.12.03-00.17.16:037][212]LogModuleManager: Shutting down and abandoning module IOSTargetPlatform (30)
[2014.12.03-00.17.16:037][212]LogModuleManager: Shutting down and abandoning module Android_PVRTCTargetPlatform (29)
[2014.12.03-00.17.16:037][212]LogModuleManager: Shutting down and abandoning module Android_ETC2TargetPlatform (28)
[2014.12.03-00.17.16:037][212]LogModuleManager: Shutting down and abandoning module Android_ETC1TargetPlatform (27)
[2014.12.03-00.17.16:037][212]LogModuleManager: Shutting down and abandoning module Android_DXTTargetPlatform (26)
[2014.12.03-00.17.16:037][212]LogModuleManager: Shutting down and abandoning module Android_ATCTargetPlatform (25)
[2014.12.03-00.17.16:037][212]LogModuleManager: Shutting down and abandoning module AndroidTargetPlatform (24)
[2014.12.03-00.17.16:037][212]LogModuleManager: Shutting down and abandoning module WindowsTargetPlatform (23)
[2014.12.03-00.17.16:037][212]LogModuleManager: Shutting down and abandoning module WindowsServerTargetPlatform (22)
[2014.12.03-00.17.16:037][212]LogModuleManager: Shutting down and abandoning module WindowsNoEditorTargetPlatform (21)
[2014.12.03-00.17.16:037][212]LogModuleManager: Shutting down and abandoning module WindowsClientTargetPlatform (20)
[2014.12.03-00.17.16:037][212]LogModuleManager: Shutting down and abandoning module TargetPlatform (19)
[2014.12.03-00.17.16:037][212]LogModuleManager: Shutting down and abandoning module InputCore (18)
[2014.12.03-00.17.16:037][212]LogModuleManager: Shutting down and abandoning module Settings (17)
[2014.12.03-00.17.16:037][212]LogModuleManager: Shutting down and abandoning module ExampleDeviceProfileSelector (14)
[2014.12.03-00.17.16:037][212]LogModuleManager: Shutting down and abandoning module OculusRift (13)
[2014.12.03-00.17.16:037][212]LogModuleManager: Shutting down and abandoning module TextureCompressor (12)
[2014.12.03-00.17.16:037][212]LogModuleManager: Shutting down and abandoning module ShaderCore (11)
[2014.12.03-00.17.16:037][212]LogModuleManager: Shutting down and abandoning module OpenGLDrv (10)
[2014.12.03-00.17.16:037][212]LogModuleManager: Shutting down and abandoning module D3D11RHI (9)
[2014.12.03-00.17.16:037][212]LogModuleManager: Shutting down and abandoning module SlateRHIRenderer (8)
[2014.12.03-00.17.16:037][212]LogModuleManager: Shutting down and abandoning module Renderer (7)
[2014.12.03-00.17.16:037][212]LogModuleManager: Shutting down and abandoning module Engine (6)
[2014.12.03-00.17.16:037][212]LogModuleManager: Shutting down and abandoning module CoreUObject (5)
[2014.12.03-00.17.16:037][212]LogModuleManager: Shutting down and abandoning module NetworkFile (4)
[2014.12.03-00.17.16:037][212]LogModuleManager: Shutting down and abandoning module StreamingFile (3)
[2014.12.03-00.17.16:037][212]LogModuleManager: Shutting down and abandoning module SandboxFile (2)
[2014.12.03-00.17.16:037][212]LogModuleManager: Shutting down and abandoning module PakFile (1)
[2014.12.03-00.17.16:038][212]LogExit: Exiting.
[2014.12.03-00.17.16:047][212]Log file closed, 12/02/14 17:17:16
