Log file open, 12/07/14 13:16:50
LogInit:Display: Running engine for game: MyProject
LogInit: Version: 4.4.3-2296771+++depot+UE4-Releases+4.4
LogInit: API Version: 2255576
LogInit: Compiled (64-bit): Sep 13 2014 22:30:58
LogInit: Build Configuration: Development
LogInit: Branch Name: ++depot+UE4-Releases+4.4
LogInit: Command line: 
LogInit: Base directory: C:/Program Files/Unreal Engine/4.4/Engine/Binaries/Win64/
LogInit: Rocket: 1
[2014.12.07-20.16.50:224][  0]LogTaskGraph: Started task graph with 3 named threads and 4 total threads.
[2014.12.07-20.16.50:250][  0]LogOnline:Warning: No default platform service specified for OnlineSubsystem
[2014.12.07-20.16.50:257][  0]LogInit: Presizing for 0 objects not considered by GC, pre-allocating 0 bytes.
[2014.12.07-20.16.50:265][  0]LogInit: Object subsystem initialized
[2014.12.07-20.16.50:267][  0]LogInit: Selected Device Profile: [Windows]
[2014.12.07-20.16.50:267][  0]LogInit: Applying CVar settings loaded from the selected device profile: [Windows]
[2014.12.07-20.16.50:271][  0]LogInit: Computer: TCPC-10
[2014.12.07-20.16.50:271][  0]LogInit: User: u0851349
[2014.12.07-20.16.50:272][  0]LogInit: CPU Page size=4096, Cores=4
[2014.12.07-20.16.50:272][  0]LogInit: High frequency timer resolution =3.906318 MHz
[2014.12.07-20.16.50:272][  0]LogMemory: Memory total: Physical=8.0GB (8GB approx) Virtual=8192.0GB
[2014.12.07-20.16.50:272][  0]LogMemory: Platform Memory Stats for Windows
[2014.12.07-20.16.50:272][  0]LogMemory: Process Physical Memory: 62.37 MB used, 62.37 MB peak
[2014.12.07-20.16.50:272][  0]LogMemory: Process Virtual Memory: 38.47 MB used, 38.47 MB peak
[2014.12.07-20.16.50:272][  0]LogMemory: Physical Memory: 3243.57 MB used, 8173.54 MB total
[2014.12.07-20.16.50:272][  0]LogMemory: Virtual Memory: 257.78 MB used, 8388608.00 MB total
[2014.12.07-20.16.50:300][  0]LogD3D11RHI: Found D3D11 adapter 0: NVIDIA GeForce GT 630 (Feature Level 11_0)
[2014.12.07-20.16.50:300][  0]LogD3D11RHI: Adapter has 978MB of dedicated video memory, 0MB of dedicated system memory, and 3071MB of shared system memory, 1 output[s]
[2014.12.07-20.16.50:300][  0]LogD3D11RHI: Chosen D3D11 Adapter Id = 0
[2014.12.07-20.16.50:305][  0]LogRHI: Texture pool is 684 MB (70% of 978 MB)
[2014.12.07-20.16.50:313][  0]LogD3D11RHI: Async texture creation enabled
[2014.12.07-20.16.50:423][  0]LogContentStreaming: Texture pool size is 0.000000MB
[2014.12.07-20.16.51:823][  0]LogTargetPlatformManager:Display: Building Assets For Windows
[2014.12.07-20.16.52:168][  0]LogTargetPlatformManager:Display: Building Assets For Windows
[2014.12.07-20.16.52:201][  0]LogDerivedDataCache:Display: Max Cache Size: 512 MB
[2014.12.07-20.16.52:270][  0]LogDerivedDataCache: Loaded boot cache 0.07s 39MB C:/Users/u0851349/AppData/Local/UnrealEngine/4.4/DerivedDataCache/Boot.ddc.
[2014.12.07-20.16.52:270][  0]LogDerivedDataCache:Display: Loaded Boot cache: C:/Users/u0851349/AppData/Local/UnrealEngine/4.4/DerivedDataCache/Boot.ddc
[2014.12.07-20.16.52:270][  0]LogDerivedDataCache: FDerivedDataBackendGraph:  Pak pak cache file ../../../../../../Users/u0851349/Desktop/CloudFactory/Cloud_Factory_Scene/DerivedDataCache/DDC.ddp not found, will not use a pak cache.
[2014.12.07-20.16.52:270][  0]LogDerivedDataCache: Unable to find inner node Pak for hierarchical cache Hierarchy.
[2014.12.07-20.16.52:286][  0]LogDerivedDataCache:Display: Pak cache opened for reading ../../../Engine/DerivedDataCache/DDC.ddp.
[2014.12.07-20.16.52:298][  0]LogDerivedDataCache: Using Local data cache path C:/Users/u0851349/AppData/Local/UnrealEngine/4.4/DerivedDataCache: Writable
[2014.12.07-20.16.52:449][  0]LogMeshUtilities: No automatic mesh reduction module available
[2014.12.07-20.16.52:449][  0]LogMeshUtilities: No automatic mesh merging module available
[2014.12.07-20.16.52:810][  0]LogInit: WinSock: version 1.1 (2.2), MaxSocks=32767, MaxUdp=65467
[2014.12.07-20.16.53:472][  0]LogStats:Warning: MetaData mismatch. Did you assign a stat to two groups? New //STATGROUP_Threads//FMonitoredProcess///Thread_2040_0///////STATCAT_Advanced//// old //STATGROUP_Threads//FMonitoredProcess///Thread_23d4_0///////STATCAT_Advanced////
[2014.12.07-20.16.53:472][  0]UdpMessaging: Initializing bridge on interface 0.0.0.0:0 to multicast group 230.0.0.1:6666.
[2014.12.07-20.16.53:560][  0]SourceControl: Info Source control is disabled
[2014.12.07-20.16.53:560][  0]SourceControl: Info Source control is disabled
[2014.12.07-20.16.53:565][  0]SourceControl: Info Source control is disabled
[2014.12.07-20.16.53:704][  0]BlueprintLog: New page: Editor Load
[2014.12.07-20.16.53:776][  0]LogObj: 21438 objects as part of root set at end of initial load.
[2014.12.07-20.16.53:776][  0]LogUObjectAllocator: 4218648 out of 0 bytes used by permanent object pool.
[2014.12.07-20.16.53:936][  0]LogEngine: Initializing Engine...
[2014.12.07-20.16.54:038][  0]LogInit: XAudio2 using 'Digital Audio (S/PDIF) (4- High Definition Audio Device)' : 2 channels at 44.1 kHz using 16 bits per sample (channel mask 0x3)
[2014.12.07-20.16.54:045][  0]LogInit: FAudioDevice initialized.
[2014.12.07-20.16.54:059][  0]LogAIModule: Creating AISystem for world NewWorld
[2014.12.07-20.16.54:097][  0]LogDerivedDataCache: Saved boot cache 0.04s 39MB C:/Users/u0851349/AppData/Local/UnrealEngine/4.4/DerivedDataCache/Boot.ddc.
[2014.12.07-20.16.54:107][  0]LogInit: Texture streaming: Enabled
[2014.12.07-20.16.54:132][  0]LogInit: Transaction tracking system initialized
[2014.12.07-20.16.54:216][  0]LogAssetRegistry: FAssetRegistry took 0.0100 seconds to start up
[2014.12.07-20.16.54:612][  0]LogTargetPlatformManager:Display: Building Assets For Windows
[2014.12.07-20.16.54:896][  0]LogTargetPlatformManager:Display: Building Assets For Windows
[2014.12.07-20.16.54:994][  0]LogConsoleResponse:Display: 
[2014.12.07-20.16.55:130][  0]LogStats:Warning: MetaData mismatch. Did you assign a stat to two groups? New //STATGROUP_Threads//FMonitoredProcess///Thread_23a0_0///////STATCAT_Advanced//// old //STATGROUP_Threads//FMonitoredProcess///Thread_23d4_0///////STATCAT_Advanced////
[2014.12.07-20.16.55:130][  0]LogStats:Warning: MetaData mismatch. Did you assign a stat to two groups? New //STATGROUP_Threads//FMonitoredProcess///Thread_2f8_0///////STATCAT_Advanced//// old //STATGROUP_Threads//FMonitoredProcess///Thread_23d4_0///////STATCAT_Advanced////
[2014.12.07-20.16.55:130][  0]SourceControl: Info Source control is disabled
[2014.12.07-20.16.55:130][  0]Cmd: MAP LOAD FILE="../../../Engine/Content/Maps/Templates/Template_Default.umap" TEMPLATE=1 SHOWPROGRESS=1
[2014.12.07-20.16.55:130][  0]LightingResults: New page: Lighting Build
[2014.12.07-20.16.55:137][  0]MapCheck: New page: Map Check
[2014.12.07-20.16.55:137][  0]LightingResults: New page: Lighting Build
[2014.12.07-20.16.55:150][  0]LogParticles: Destroying 0 GPU particle simulations for FXSystem 0x000000000EA5D300
[2014.12.07-20.16.55:317][  0]LogEditorServer: Finished looking for orphan Actors (0.000 secs)
[2014.12.07-20.16.55:317][  0]LogAIModule: Creating AISystem for world Template_Default
[2014.12.07-20.16.55:317][  0]Cmd: MAP CHECKDEP
[2014.12.07-20.16.55:317][  0]MapCheck: New page: Untitled_1 - Dec 7, 2014, 6:16:55 AM
[2014.12.07-20.16.55:364][  0]MapCheck: Info ========== Map Check: 0 Error(s), 0 Warning(s), [47.118ms] ==========
[2014.12.07-20.16.55:364][  0]LogFileHelpers: Loading map 'Template_Default' took 0.235
[2014.12.07-20.16.55:488][  0]LogCollectionManager: Loaded 0 collections in 0.000849 seconds
[2014.12.07-20.16.55:578][  0]LogCrashTracker: Crashtracker disabled due to settings.
[2014.12.07-20.16.55:668][  0]LogLoad: Full Startup: 7.09 seconds (BP compile: 0.06 seconds)
[2014.12.07-20.16.55:680][  0]LogContentBrowser:Verbose: The content browser source was changed by the sources view to '/Game/Particles'
[2014.12.07-20.16.55:881][  2]LogRenderer:Warning: Reallocating scene render targets to support 760x672.
[2014.12.07-20.16.56:351][  2]LogAssetRegistry: Asset discovery search completed in 2.1453 seconds
[2014.12.07-20.17.26:523][658]Cmd: MAP LOAD FILE="../../../../../../Users/u0851349/Desktop/CloudFactory/Cloud_Factory_Scene/Content/Maps/basementfloorscene.umap" TEMPLATE=0 SHOWPROGRESS=1
[2014.12.07-20.17.26:523][658]LightingResults: New page: Lighting Build
[2014.12.07-20.17.26:537][658]LoadErrors: New page: Loading map: basementfloorscene.umap
[2014.12.07-20.17.26:537][658]MapCheck: New page: Map Check
[2014.12.07-20.17.26:537][658]LightingResults: New page: Lighting Build
[2014.12.07-20.17.26:554][658]LogParticles: Destroying 0 GPU particle simulations for FXSystem 0x00000000164180E0
[2014.12.07-20.17.26:573][658]LogLinker:Warning: Asset '../../../../../../Users/u0851349/Desktop/CloudFactory/Cloud_Factory_Scene/Content/Blueprints/Blueprint_Effect_Smoke.uasset' has been saved with empty engine version. The asset will be loaded but may be incompatible.
[2014.12.07-20.17.26:585][658]LogLinker:Warning: Asset '../../../../../../Users/u0851349/Desktop/CloudFactory/Cloud_Factory_Scene/Content/Blueprints/Blueprint_Effect_Steam.uasset' has been saved with empty engine version. The asset will be loaded but may be incompatible.
[2014.12.07-20.17.26:717][658]LogLinker:Warning: Asset '../../../../../../Users/u0851349/Desktop/CloudFactory/Cloud_Factory_Scene/Content/Props/SM_Lamp_Ceiling.uasset' has been saved with empty engine version. The asset will be loaded but may be incompatible.
[2014.12.07-20.17.26:826][658]LogTexture:Display: Building textures: tableTexture (AutoDXT)
[2014.12.07-20.17.27:115][658]LogMaterial: Missing cached shader map for material tableTexture_Mat, compiling.
[2014.12.07-20.17.27:149][658]LogTexture:Display: Building textures: bossChairTexture (AutoDXT)
[2014.12.07-20.17.27:381][658]LogMaterial: Missing cached shader map for material bossChairTexture_Mat, compiling.
[2014.12.07-20.17.27:641][658]LogTexture:Display: Building textures: tileFloor_texture (AutoDXT)
[2014.12.07-20.17.33:005][658]LogMaterial: Missing cached shader map for material tileFloor_texture_Mat, compiling.
[2014.12.07-20.17.33:156][658]LogStaticMesh: Building static mesh stand1...
[2014.12.07-20.17.33:292][658]LogStaticMesh: Built static mesh [136.542648ms] /Game/addprops/stand1.stand1
[2014.12.07-20.17.33:328][658]LogStaticMesh: Building static mesh Filter...
[2014.12.07-20.17.34:643][658]LogStaticMesh: Built static mesh [1315.415649ms] /Game/addprops/Filter.Filter
[2014.12.07-20.17.34:963][658]LogStaticMesh: Building static mesh barrel...
[2014.12.07-20.17.35:012][658]LogStaticMesh: Built static mesh [49.408421ms] /Game/addprops/barrel.barrel
[2014.12.07-20.17.35:030][658]LogStaticMesh: Building static mesh fan...
[2014.12.07-20.17.35:186][658]LogStaticMesh: Built static mesh [156.364380ms] /Game/addprops/fan.fan
[2014.12.07-20.17.35:209][658]LogStaticMesh: Building static mesh Hanger...
[2014.12.07-20.17.35:239][658]LogStaticMesh: Built static mesh [30.056950ms] /Game/addprops/Hanger.Hanger
[2014.12.07-20.17.35:247][658]LogStaticMesh: Building static mesh lamp...
[2014.12.07-20.17.36:049][658]LogStaticMesh: Built static mesh [802.664551ms] /Game/addprops/lamp.lamp
[2014.12.07-20.17.36:317][658]LogStaticMesh: Building static mesh Institutional_Bed_5...
[2014.12.07-20.17.36:345][658]LogStaticMesh: Built static mesh [28.894730ms] /Game/addprops/Institutional_Bed_5.Institutional_Bed_5
[2014.12.07-20.17.36:349][658]LogStaticMesh: Building static mesh Office-desk...
[2014.12.07-20.17.36:368][658]LogStaticMesh: Built static mesh [20.700567ms] /Game/addprops/Office-desk.Office-desk
[2014.12.07-20.17.36:370][658]LogStaticMesh: Building static mesh machine...
[2014.12.07-20.17.36:789][658]LogStaticMesh: Built static mesh [419.892853ms] /Game/addprops/machine.machine
[2014.12.07-20.17.36:850][658]LogStaticMesh: Building static mesh stairs...
[2014.12.07-20.17.38:697][658]LogStaticMesh: Built static mesh [1847.596924ms] /Game/addprops/stairs.stairs
[2014.12.07-20.17.38:855][658]LogStaticMesh: Building static mesh tank...
[2014.12.07-20.17.38:978][658]LogStaticMesh: Built static mesh [122.948517ms] /Game/addprops/tank.tank
[2014.12.07-20.17.38:996][658]LogStaticMesh: Building static mesh vana_defaultrender...
[2014.12.07-20.17.39:144][658]LogStaticMesh: Built static mesh [149.317596ms] /Game/addprops/vana_defaultrender.vana_defaultrender
[2014.12.07-20.17.39:197][658]LogStaticMesh: Building static mesh 3261_Hidraulic_Actuator...
[2014.12.07-20.17.39:589][658]LogStaticMesh: Built static mesh [392.507996ms] /Game/Architecture/3261_Hidraulic_Actuator.3261_Hidraulic_Actuator
[2014.12.07-20.17.39:660][658]LogStaticMesh: Building static mesh The_Compound...
[2014.12.07-20.17.53:420][658]LogStaticMesh: Built static mesh [13761.467773ms] /Game/Architecture/The_Compound.The_Compound
[2014.12.07-20.17.55:599][658]LogEditorServer: Finished looking for orphan Actors (0.000 secs)
[2014.12.07-20.17.55:599][658]LogAIModule: Creating AISystem for world basementfloorscene
[2014.12.07-20.17.55:621][658]Cmd: MAP CHECKDEP
[2014.12.07-20.17.55:621][658]MapCheck: New page: basementfloorscene - Dec 7, 2014, 6:17:55 AM
[2014.12.07-20.17.55:698][658]MapCheck: Info ========== Map Check: 0 Error(s), 0 Warning(s), [77.261ms] ==========
[2014.12.07-20.17.55:698][658]LogFileHelpers: Loading map 'basementfloorscene' took 29.177
[2014.12.07-20.18.01:198][760]LogRenderer:Warning: Reallocating scene render targets to support 1056x896.
[2014.12.07-20.18.32:437][468]LogRenderer:Warning: Reallocating scene render targets to support 1056x896.
[2014.12.07-20.18.33:851][576]LogContentStreaming: Texture pool size now 200 MB
[2014.12.07-20.18.52:178][154]LogPlayLevel: PIE:  No blueprints needed recompiling
[2014.12.07-20.18.52:181][154]PIE: New page: PIE session: basementfloorscene (Dec 7, 2014, 6:18:52 AM)
[2014.12.07-20.18.52:251][154]LogPlayLevel: PIE: StaticDuplicateObject took: (0.059925s)
[2014.12.07-20.18.52:251][154]LogPlayLevel: PIE: World Init took: (0.000688s)
[2014.12.07-20.18.52:251][154]LogPlayLevel: PIE: Created PIE world by copying editor world from /Game/Maps/basementfloorscene.basementfloorscene to /Game/Maps/UEDPIE_0_basementfloorscene.basementfloorscene (0.061084s)
[2014.12.07-20.18.52:291][154]LogWorld: Game class is 'GameMode'
[2014.12.07-20.18.52:302][154]LogAIModule: Creating AISystem for world basementfloorscene
[2014.12.07-20.18.52:315][154]LogWorld: Bringing World /Game/Maps/UEDPIE_0_basementfloorscene.basementfloorscene up for play (max tick rate 0) at 2014.12.07-13.18.52
[2014.12.07-20.18.52:320][154]LogWorld: Bringing up level for play took: 0.018025
[2014.12.07-20.18.52:329][154]PIE: Info Play in editor start time for /Game/Maps/UEDPIE_0_basementfloorscene -0.09
[2014.12.07-20.19.22:274][765]LogParticles: Destroying 0 GPU particle simulations for FXSystem 0x000000002809FBA0
[2014.12.07-20.19.31:039][923]LogSavePackage: Save=216.973373ms
[2014.12.07-20.19.31:039][923]LogSavePackage: Moving '../../../../../../Users/u0851349/Desktop/CloudFactory/Cloud_Factory_Scene/Saved/basementfloorscene83ED01924671346224342580D3FEA8CC.tmp' to '../../../../../../Users/u0851349/Desktop/CloudFactory/Cloud_Factory_Scene/Content/Maps/basementfloorscene.umap'
[2014.12.07-20.19.31:060][923]LogFileHelpers: Saving map 'basementfloorscene' took 0.340
[2014.12.07-20.19.31:062][923]Cmd: MAP LOAD FILE="../../../../../../Users/u0851349/Desktop/CloudFactory/Cloud_Factory_Scene/Content/Maps/mainfloorscene.umap" TEMPLATE=0 SHOWPROGRESS=1
[2014.12.07-20.19.31:062][923]LightingResults: New page: Lighting Build
[2014.12.07-20.19.31:077][923]LoadErrors: New page: Loading map: mainfloorscene.umap
[2014.12.07-20.19.31:079][923]MapCheck: New page: Map Check
[2014.12.07-20.19.31:079][923]LightingResults: New page: Lighting Build
[2014.12.07-20.19.31:100][923]LogParticles: Destroying 0 GPU particle simulations for FXSystem 0x000000000CF0F6A0
[2014.12.07-20.19.31:399][923]LogTexture:Display: Building textures: wallPanel_texture (AutoDXT)
[2014.12.07-20.19.36:290][923]LogMaterial: Missing cached shader map for material wallPanel_texture_Mat, compiling.
[2014.12.07-20.19.36:298][923]LogStaticMesh: Building static mesh Generator...
[2014.12.07-20.19.36:769][923]LogStaticMesh: Built static mesh [471.789795ms] /Game/addprops/Generator.Generator
[2014.12.07-20.19.36:861][923]LogStaticMesh: Building static mesh lathe...
[2014.12.07-20.19.42:957][923]LogStaticMesh: Built static mesh [6096.950684ms] /Game/addprops/lathe.lathe
[2014.12.07-20.19.42:963][923]LogStaticMesh: Building static mesh stand...
[2014.12.07-20.19.45:837][923]LogStaticMesh: Built static mesh [2874.531494ms] /Game/addprops/stand.stand
[2014.12.07-20.19.46:046][923]LogStaticMesh: Building static mesh thing...
[2014.12.07-20.22.41:296][923]LogStaticMesh: Built static mesh [175257.781250ms] /Game/addprops/thing.thing
[2014.12.07-20.22.41:850][923]LogEditorServer: Finished looking for orphan Actors (0.000 secs)
[2014.12.07-20.22.41:851][923]LogAIModule: Creating AISystem for world mainfloorscene
[2014.12.07-20.22.41:866][923]Cmd: MAP CHECKDEP
[2014.12.07-20.22.41:867][923]MapCheck: New page: mainfloorscene - Dec 7, 2014, 6:22:41 AM
[2014.12.07-20.22.41:948][923]MapCheck: Info ========== Map Check: 0 Error(s), 0 Warning(s), [81.752ms] ==========
[2014.12.07-20.22.41:948][923]LogFileHelpers: Loading map 'mainfloorscene' took 190.895
[2014.12.07-20.23.03:194][452]LogContentBrowser:Verbose: The content browser source was changed by the sources view to '/Game/addprops'
[2014.12.07-20.23.13:960][149]LogContentBrowser:Verbose: The content browser source was changed by the sources view to '/Game/Textures'
[2014.12.07-20.23.15:243][180]LogContentBrowser:Verbose: The content browser source was changed by the sources view to '/Game/Shapes'
[2014.12.07-20.23.16:432][209]LogContentBrowser:Verbose: The content browser source was changed by the sources view to '/Game/Props'
[2014.12.07-20.23.21:394][409]LogContentBrowser:Verbose: The content browser source was changed by the sources view to '/Game/Particles'
[2014.12.07-20.23.22:243][430]LogContentBrowser:Verbose: The content browser source was changed by the sources view to '/Game/Materials'
[2014.12.07-20.23.23:324][455]LogContentBrowser:Verbose: The content browser source was changed by the sources view to '/Game/Maps'
[2014.12.07-20.23.24:038][473]LogContentBrowser:Verbose: The content browser source was changed by the sources view to '/Game/Blueprints'
[2014.12.07-20.23.29:050][589]LogContentBrowser:Verbose: The content browser source was changed by the sources view to '/Game/Audio'
[2014.12.07-20.23.29:729][606]LogContentBrowser:Verbose: The content browser source was changed by the sources view to '/Game/Architecture'
[2014.12.07-20.23.34:858][875]LogContentBrowser:Verbose: The content browser source was changed by the sources view to '/Game/addprops'
[2014.12.07-20.23.36:613][916]LogContentBrowser:Verbose: The content browser source was changed by the sources view to '/Game/addmats'
[2014.12.07-20.23.39:677][ 45]LogContentBrowser:Verbose: The content browser source was changed by the sources view to '/Game'
[2014.12.07-20.27.13:548][925]LogFactory: FactoryCreateBinary: StaticMesh with FbxFactory (0 0 C:\Users\u0851349\Desktop\CloudFactory\Props\Static_Props\officeScene.fbx)
[2014.12.07-20.27.13:918][925]LogFbx: ItemName: GlobalSettings, ItemCount : 1
[2014.12.07-20.27.13:918][925]LogFbx: ItemName: AnimationStack, ItemCount : 1
[2014.12.07-20.27.13:918][925]LogFbx: ItemName: AnimationLayer, ItemCount : 1
[2014.12.07-20.27.13:918][925]LogFbx: ItemName: Geometry, ItemCount : 1
[2014.12.07-20.27.13:918][925]LogFbx: ItemName: Material, ItemCount : 3
[2014.12.07-20.27.13:918][925]LogFbx: ItemName: Texture, ItemCount : 2
[2014.12.07-20.27.13:918][925]LogFbx: ItemName: Model, ItemCount : 1
[2014.12.07-20.27.13:918][925]LogFbx: ItemName: Video, ItemCount : 2
[2014.12.07-20.27.17:996][925]LogFbx: Loading FBX Scene from C:\Users\u0851349\Desktop\CloudFactory\Props\Static_Props\officeScene.fbx
[2014.12.07-20.27.18:751][925]LogFbx: FBX Scene Loaded Succesfully
[2014.12.07-20.27.18:756][925]LogLinker:Warning: Can't find file '/Game/Architecture/officeTexture'
[2014.12.07-20.27.18:756][925]LogLinker:Warning: Can't find file '/Game/Architecture/officeTexture'
[2014.12.07-20.27.18:756][925]LogUObjectGlobals:Warning: Failed to find object 'Texture /Game/Architecture/officeTexture.officeTexture'
[2014.12.07-20.27.18:769][925]LogTexture:Display: Building textures: officeTexture (AutoDXT)
[2014.12.07-20.27.19:438][925]LogLinker:Warning: Can't find file '/Game/Architecture/officeTexture'
[2014.12.07-20.27.19:439][925]LogLinker:Warning: Can't find file '/Game/Architecture/officeTexture'
[2014.12.07-20.27.19:450][925]LogTexture:Display: Building textures: officeTexture (AutoDXT)
[2014.12.07-20.27.20:127][925]LogFbx:Warning: Triangulating static mesh polySurface82
[2014.12.07-20.27.25:439][925]LogFbx: == Initial material list:
[2014.12.07-20.27.25:439][925]LogFbx: 0: lambert2
[2014.12.07-20.27.25:439][925]LogFbx: 1: phong1
[2014.12.07-20.27.25:439][925]LogFbx: 2: lambert1
[2014.12.07-20.27.25:439][925]LogFbx: == After sorting:
[2014.12.07-20.27.25:439][925]LogFbx: 0: lambert2
[2014.12.07-20.27.25:439][925]LogFbx: 1: phong1
[2014.12.07-20.27.25:439][925]LogFbx: 2: lambert1
[2014.12.07-20.27.25:439][925]LogFbx: == Mapping table:
[2014.12.07-20.27.25:439][925]LogFbx:   sort 0 -> 0
[2014.12.07-20.27.25:439][925]LogFbx:   sort 1 -> 1
[2014.12.07-20.27.25:439][925]LogFbx:   sort 2 -> 2
[2014.12.07-20.27.25:452][925]LogStaticMesh: Building static mesh officeScene...
[2014.12.07-20.27.25:749][925]LogStaticMesh: Built static mesh [297.193176ms] /Game/Architecture/officeScene.officeScene
[2014.12.07-20.27.26:016][925]LogContentBrowser:Verbose: The content browser source was changed by the sources view to 'None'
[2014.12.07-20.27.26:016][925]LogContentBrowser:Verbose: The content browser source was changed by the sources view to '/Game/Architecture'
[2014.12.07-20.27.48:975][450]LogActorFactory: Actor Factory created officeScene
[2014.12.07-20.27.57:644][646]LogActorFactory: Actor Factory created officeScene
[2014.12.07-20.28.00:677][711]Cmd: DELETE
[2014.12.07-20.28.00:677][711]Cmd: ACTOR DELETE
[2014.12.07-20.28.00:684][711]LogEditorActor: Deleted Actor: Brush
[2014.12.07-20.28.01:062][711]LogEditorActor: Deleted 1 Actors (0.380 secs)
[2014.12.07-20.28.05:642][811]Cmd: DELETE
[2014.12.07-20.28.05:642][811]Cmd: ACTOR DELETE
[2014.12.07-20.28.05:644][811]LogEditorActor: Deleted Actor: Brush
[2014.12.07-20.28.06:056][811]LogEditorActor: Deleted 1 Actors (0.413 secs)
[2014.12.07-20.28.07:077][829]LogEditorViewport: Clicking on Actor (LMB): StaticMeshActor (SM_DoorFrame)
[2014.12.07-20.28.07:298][833]Cmd: DELETE
[2014.12.07-20.28.07:298][833]Cmd: ACTOR DELETE
[2014.12.07-20.28.07:301][833]LogEditorActor: Deleted Actor: StaticMeshActor
[2014.12.07-20.28.07:323][833]LogEditorActor: Deleted 1 Actors (0.024 secs)
[2014.12.07-20.28.08:230][859]LogEditorViewport: Clicking on Actor (LMB): StaticMeshActor (SM_Door)
[2014.12.07-20.28.09:245][886]Cmd: DELETE
[2014.12.07-20.28.09:245][886]Cmd: ACTOR DELETE
[2014.12.07-20.28.09:247][886]LogEditorActor: Deleted Actor: StaticMeshActor
[2014.12.07-20.28.09:269][886]LogEditorActor: Deleted 1 Actors (0.023 secs)
[2014.12.07-20.28.14:622][  8]LogEditorViewport: Clicking on Actor (LMB): StaticMeshActor (officeScene)
[2014.12.07-20.28.37:678][518]LogEditorViewport: Clicking on Actor (LMB): StaticMeshActor (SM_GlassWindow_2)
[2014.12.07-20.28.45:470][689]LogEditorViewport: Clicking on Actor (LMB): StaticMeshActor (officeScene)
[2014.12.07-20.29.27:652][644]LogSavePackage: Save=216.736069ms
[2014.12.07-20.29.27:652][644]LogSavePackage: Moving '../../../../../../Users/u0851349/Desktop/CloudFactory/Cloud_Factory_Scene/Saved/mainfloorscene_Auto143585C2A4E50026CD031548D46E34F10.tmp' to '../../../../../../Users/u0851349/Desktop/CloudFactory/Cloud_Factory_Scene/Saved/Autosaves/Game/Maps/mainfloorscene_Auto1.umap'
[2014.12.07-20.29.27:659][644]LogFileHelpers: Editor autosave (incl. sublevels) for '/Game/Maps/mainfloorscene' took 0.305
[2014.12.07-20.29.27:659][644]LogFileHelpers: Editor autosave (incl. sublevels) for all levels took 0.305
[2014.12.07-20.29.27:669][644]OBJ SavePackage: Generating thumbnails for [1] asset(s) in package [/Game/Architecture/officeScene] ([1] browsable assets)...
[2014.12.07-20.29.27:693][644]OBJ SavePackage:     Rendered thumbnail for [StaticMesh /Game/Architecture/officeScene.officeScene]
[2014.12.07-20.29.27:693][644]OBJ SavePackage: Finished generating thumbnails for package [/Game/Architecture/officeScene]
[2014.12.07-20.29.27:869][644]LogSavePackage: Save=156.435547ms
[2014.12.07-20.29.27:869][644]LogSavePackage: Moving '../../../../../../Users/u0851349/Desktop/CloudFactory/Cloud_Factory_Scene/Saved/officeScene_Auto15DC98CEF45C93E5850DD6AAD56F43E13.tmp' to '../../../../../../Users/u0851349/Desktop/CloudFactory/Cloud_Factory_Scene/Saved/Autosaves/Game/Architecture/officeScene_Auto1.uasset'
[2014.12.07-20.29.27:882][644]OBJ SavePackage: Generating thumbnails for [1] asset(s) in package [/Game/Architecture/officeTexture] ([1] browsable assets)...
[2014.12.07-20.29.27:908][644]OBJ SavePackage:     Rendered thumbnail for [Texture2D /Game/Architecture/officeTexture.officeTexture]
[2014.12.07-20.29.27:908][644]OBJ SavePackage: Finished generating thumbnails for package [/Game/Architecture/officeTexture]
[2014.12.07-20.29.29:737][644]LogSavePackage: Save=1808.664063ms
[2014.12.07-20.29.29:737][644]LogSavePackage: Moving '../../../../../../Users/u0851349/Desktop/CloudFactory/Cloud_Factory_Scene/Saved/officeTexture_Auto12281FF92431E60CD54EE5CBBCD9DE6E8.tmp' to '../../../../../../Users/u0851349/Desktop/CloudFactory/Cloud_Factory_Scene/Saved/Autosaves/Game/Architecture/officeTexture_Auto1.uasset'
[2014.12.07-20.29.29:742][644]LogFileHelpers: Auto-saving content packages took 2.083
[2014.12.07-20.29.30:982][671]LogEditorViewport: Clicking on Actor (LMB): StaticMeshActor (SM_PillarFrame305)
[2014.12.07-20.29.32:231][700]LogEditorViewport: Clicking on Actor (CTRL LMB): StaticMeshActor (SM_GlassWindow_2)
[2014.12.07-20.29.33:440][726]LogEditorViewport: Clicking on Actor (CTRL LMB): StaticMeshActor (SM_PillarFrame300)
[2014.12.07-20.29.34:037][739]LogEditorViewport: Clicking on Actor (CTRL LMB): StaticMeshActor (SM_GlassWindow)
[2014.12.07-20.29.34:990][760]LogEditorViewport: Clicking on Actor (CTRL LMB): StaticMeshActor (SM_PillarFrame304)
[2014.12.07-20.29.39:790][870]Cmd: DELETE
[2014.12.07-20.29.39:790][870]Cmd: ACTOR DELETE
[2014.12.07-20.29.39:793][870]LogEditorActor: Deleted Actor: StaticMeshActor
[2014.12.07-20.29.39:794][870]LogEditorActor: Deleted Actor: StaticMeshActor
[2014.12.07-20.29.39:794][870]LogEditorActor: Deleted Actor: StaticMeshActor
[2014.12.07-20.29.39:795][870]LogEditorActor: Deleted Actor: StaticMeshActor
[2014.12.07-20.29.39:795][870]LogEditorActor: Deleted Actor: StaticMeshActor
[2014.12.07-20.29.39:817][870]LogEditorActor: Deleted 5 Actors (0.026 secs)
[2014.12.07-20.29.44:742][978]LogEditorViewport: Clicking on Actor (LMB): StaticMeshActor (officeScene)
[2014.12.07-20.30.03:581][404]LogEditorViewport: Clicking on Actor (LMB): StaticMeshActor (SM_PillarFrame302)
[2014.12.07-20.30.04:795][431]Cmd: DELETE
[2014.12.07-20.30.04:795][431]Cmd: ACTOR DELETE
[2014.12.07-20.30.04:798][431]LogEditorActor: Deleted Actor: StaticMeshActor
[2014.12.07-20.30.04:819][431]LogEditorActor: Deleted 1 Actors (0.023 secs)
[2014.12.07-20.30.07:754][495]LogEditorViewport: Clicking on Actor (LMB): StaticMeshActor (officeScene)
[2014.12.07-20.31.33:212][489]LogEditorViewport: Clicking on Actor (LMB): StaticMeshActor (officeScene)
[2014.12.07-20.31.35:226][531]LogEditorViewport: Clicking on Actor (LMB): StaticMeshActor (stand21)
[2014.12.07-20.31.36:495][560]LogEditorViewport: Clicking on Actor (LMB): StaticMeshActor (officeScene)
[2014.12.07-20.32.16:214][605]LogRenderer:Warning: Reallocating scene render targets to support 1056x896.
[2014.12.07-20.32.17:415][693]LogContentStreaming: Texture pool size now 700 MB
[2014.12.07-20.32.21:348][744]LogEditorViewport: Clicking on Actor (LMB): StaticMeshActor (officeScene)
[2014.12.07-20.32.32:121][ 16]LogRenderer:Warning: Reallocating scene render targets to support 1056x896.
[2014.12.07-20.32.33:110][ 91]LogContentStreaming: Texture pool size now 200 MB
[2014.12.07-20.32.33:147][ 92]LogEditorViewport: Clicking on Actor (LMB): StaticMeshActor (officeScene)
[2014.12.07-20.32.53:168][570]Cmd: EDIT COPY
[2014.12.07-20.32.53:805][584]Cmd: EDIT PASTE
[2014.12.07-20.34.16:698][515]LogEditorViewport: Clicking on Actor (LMB): StaticMeshActor (SM_PillarFrame301)
[2014.12.07-20.34.19:150][574]Cmd: EDIT COPY
[2014.12.07-20.34.19:548][583]Cmd: EDIT PASTE
[2014.12.07-20.34.30:209][829]Cmd: EDIT COPY
[2014.12.07-20.34.30:589][836]Cmd: EDIT PASTE
[2014.12.07-20.34.40:680][ 58]LogContentBrowser:Verbose: The content browser source was changed by the sources view to '/Game/Props'
[2014.12.07-20.34.43:263][113]LogActorFactory: Actor Factory created SM_GlassWindow
[2014.12.07-20.34.45:015][153]LogActorFactory: Actor Factory created SM_GlassWindow
[2014.12.07-20.35.02:763][562]LogEditorViewport: Clicking on Actor (LMB): StaticMeshActor (SM_PillarFrame304)
[2014.12.07-20.35.06:936][655]LogActorFactory: Actor Factory created SM_GlassWindow
[2014.12.07-20.35.08:159][682]LogActorFactory: Actor Factory created SM_GlassWindow
[2014.12.07-20.36.04:231][993]LogEditorViewport: Clicking on Actor (LMB): StaticMeshActor (officeScene)
[2014.12.07-20.38.12:506][ 45]LogEditorViewport: Clicking on Actor (LMB): StaticMeshActor (officeScene)
[2014.12.07-20.38.42:607][733]LogSavePackage: Save=211.979156ms
[2014.12.07-20.38.42:607][733]LogSavePackage: Moving '../../../../../../Users/u0851349/Desktop/CloudFactory/Cloud_Factory_Scene/Saved/mainfloorscene9AB7B7C540F42F1FC1345D85D6301BFC.tmp' to '../../../../../../Users/u0851349/Desktop/CloudFactory/Cloud_Factory_Scene/Content/Maps/mainfloorscene.umap'
[2014.12.07-20.38.42:644][733]LogFileHelpers: Saving map 'mainfloorscene' took 0.406
[2014.12.07-20.39.07:391][885]LogSavePackage: Save=214.549606ms
[2014.12.07-20.39.07:391][885]LogSavePackage: Moving '../../../../../../Users/u0851349/Desktop/CloudFactory/Cloud_Factory_Scene/Saved/bossofficescene25925CBC149CFD0440CE4DB94C98B8C1F.tmp' to '../../../../../../Users/u0851349/Desktop/CloudFactory/Cloud_Factory_Scene/Content/Maps/bossofficescene2.umap'
[2014.12.07-20.39.07:410][885]LogFileHelpers: Saving map 'bossofficescene2' took 1.684
[2014.12.07-20.39.27:142][386]LogContentBrowser:Verbose: The content browser source was changed by the sources view to '/Game/Textures'
[2014.12.07-20.39.28:153][416]LogContentBrowser:Verbose: The content browser source was changed by the sources view to '/Game/Shapes'
[2014.12.07-20.39.29:325][451]LogContentBrowser:Verbose: The content browser source was changed by the sources view to '/Game/Particles'
[2014.12.07-20.39.30:104][475]LogContentBrowser:Verbose: The content browser source was changed by the sources view to '/Game/Materials'
[2014.12.07-20.39.31:661][515]LogContentBrowser:Verbose: The content browser source was changed by the sources view to '/Game/Blueprints'
[2014.12.07-20.39.32:591][543]LogContentBrowser:Verbose: The content browser source was changed by the sources view to '/Game/Maps'
[2014.12.07-20.39.33:570][574]LogContentBrowser:Verbose: The content browser source was changed by the sources view to '/Game/Audio'
[2014.12.07-20.39.34:490][602]LogContentBrowser:Verbose: The content browser source was changed by the sources view to '/Game/Architecture'
[2014.12.07-20.39.40:980][769]LogContentBrowser:Verbose: The content browser source was changed by the sources view to '/Game/addprops'
[2014.12.07-20.39.48:678][964]LogStaticMesh: Building static mesh BossDesk...
[2014.12.07-20.39.48:892][964]LogStaticMesh: Built static mesh [214.056046ms] /Game/addprops/BossDesk.BossDesk
[2014.12.07-20.39.48:975][964]LogActorFactory: Actor Factory created BossDesk
[2014.12.07-20.39.49:950][991]LogActorFactory: Actor Factory created BossDesk
[2014.12.07-20.39.56:020][176]LogEditorViewport: Clicking on Actor (LMB): StaticMeshActor (BossDesk)
[2014.12.07-20.40.51:609][792]LogStaticMesh: Building static mesh TrashCan...
[2014.12.07-20.40.51:840][792]LogStaticMesh: Built static mesh [231.659836ms] /Game/addprops/trashCan.TrashCan
[2014.12.07-20.40.51:916][792]LogActorFactory: Actor Factory created TrashCan
[2014.12.07-20.40.52:415][805]LogActorFactory: Actor Factory created TrashCan
[2014.12.07-20.41.42:441][325]LogStaticMesh: Building static mesh phone2...
[2014.12.07-20.41.43:584][325]LogStaticMesh: Built static mesh [1143.476074ms] /Game/addprops/phone2.phone2
[2014.12.07-20.41.43:857][325]LogActorFactory: Actor Factory created phone2
[2014.12.07-20.41.44:005][328]LogActorFactory: Actor Factory created phone2
[2014.12.07-20.41.46:301][383]LogEditorViewport: Clicking on Actor (LMB): StaticMeshActor (phone2)
[2014.12.07-20.42.01:976][832]LogStaticMesh: Building static mesh bossChair...
[2014.12.07-20.42.02:053][832]LogStaticMesh: Built static mesh [76.748230ms] /Game/addprops/bossChair.bossChair
[2014.12.07-20.42.02:090][832]LogActorFactory: Actor Factory created bossChair
[2014.12.07-20.42.02:667][849]LogActorFactory: Actor Factory created bossChair
[2014.12.07-20.42.54:326][177]LogEditorViewport: Clicking on Actor (LMB): StaticMeshActor (phone2)
[2014.12.07-20.43.01:225][380]LogStaticMesh: Building static mesh bosslamp...
[2014.12.07-20.43.02:045][380]LogStaticMesh: Built static mesh [820.518433ms] /Game/addprops/bosslamp.bosslamp
[2014.12.07-20.43.02:335][380]LogActorFactory: Actor Factory created bosslamp
[2014.12.07-20.43.02:534][385]LogActorFactory: Actor Factory created bosslamp
[2014.12.07-20.43.47:893][624]LogStaticMesh: Building static mesh cielingfan...
[2014.12.07-20.43.48:519][624]LogStaticMesh: Built static mesh [626.353271ms] /Game/addprops/cielingfan.cielingfan
[2014.12.07-20.43.48:792][624]LogActorFactory: Actor Factory created cielingfan
[2014.12.07-20.43.48:901][627]LogActorFactory: Actor Factory created cielingfan
[2014.12.07-20.43.49:909][652]LogActorFactory: Actor Factory created cielingfan
[2014.12.07-20.45.29:719][202]LogEditorViewport: Clicking on Actor (LMB): StaticMeshActor (cielingfan)
[2014.12.07-20.46.05:065][206]LogStaticMesh: Building static mesh paper...
[2014.12.07-20.48.26:278][206]LogStaticMesh: Built static mesh [141218.921875ms] /Game/addprops/paper.paper
[2014.12.07-20.48.26:307][206]LogActorFactory: Actor Factory created paper
[2014.12.07-20.48.26:329][206]LogActorFactory: Actor Factory created paper
[2014.12.07-20.48.26:363][206]LogEditorViewport: Clicking on Actor (LMB): StaticMeshActor (BossDesk)
[2014.12.07-20.48.49:197][900]LogSavePackage: Save=212.325256ms
[2014.12.07-20.48.49:197][900]LogSavePackage: Moving '../../../../../../Users/u0851349/Desktop/CloudFactory/Cloud_Factory_Scene/Saved/bossofficescene2_Auto2132D8597403F11086F1C3489B5EF1589.tmp' to '../../../../../../Users/u0851349/Desktop/CloudFactory/Cloud_Factory_Scene/Saved/Autosaves/Game/Maps/bossofficescene2_Auto2.umap'
[2014.12.07-20.48.49:200][900]LogFileHelpers: Editor autosave (incl. sublevels) for '/Game/Maps/bossofficescene2' took 0.273
[2014.12.07-20.48.49:200][900]LogFileHelpers: Editor autosave (incl. sublevels) for all levels took 0.273
[2014.12.07-20.50.16:843][438]Cmd: EDIT COPY
[2014.12.07-20.50.17:364][451]Cmd: EDIT PASTE
[2014.12.07-20.50.47:037][211]LogActorFactory: Actor Factory created phone2
[2014.12.07-20.50.50:946][309]LogActorFactory: Actor Factory created phone2
[2014.12.07-20.50.51:994][335]Cmd: DELETE
[2014.12.07-20.50.51:994][335]Cmd: ACTOR DELETE
[2014.12.07-20.50.51:996][335]LogEditorActor: Deleted Actor: StaticMeshActor
[2014.12.07-20.50.52:034][335]LogEditorActor: Deleted 1 Actors (0.040 secs)
[2014.12.07-20.51.13:789][858]LogContentBrowser:Verbose: The content browser source was changed by the sources view to '/Game/Textures'
[2014.12.07-20.51.14:822][885]LogContentBrowser:Verbose: The content browser source was changed by the sources view to '/Game/addprops'
[2014.12.07-20.51.25:483][167]LogContentBrowser:Verbose: The content browser source was changed by the sources view to '/Game/Materials'
[2014.12.07-20.51.49:257][917]LogContentBrowser:Verbose: The content browser source was changed by the sources view to '/Game/addmats'
[2014.12.07-20.51.56:797][147]LogEditorViewport: Clicking on Actor (LMB): StaticMeshActor (officeScene)
[2014.12.07-20.52.23:144][752]LogContentBrowser:Verbose: The content browser source was changed by the sources view to '/Game/Materials'
[2014.12.07-20.52.28:879][874]LogEditorViewport: Clicking on Actor (LMB): StaticMeshActor (officeScene)
[2014.12.07-20.54.26:101][941]LogEditorViewport: Clicking on Actor (LMB): StaticMeshActor (officeScene)
[2014.12.07-20.54.43:101][391]LogEditorViewport: Clicking on Actor (LMB): StaticMeshActor (officeScene)
[2014.12.07-20.55.58:234][142]LogSavePackage: Save=219.382553ms
[2014.12.07-20.55.58:235][142]LogSavePackage: Moving '../../../../../../Users/u0851349/Desktop/CloudFactory/Cloud_Factory_Scene/Saved/bossofficescene2B2AC89BF495C64DD2399EC96B7D73E27.tmp' to '../../../../../../Users/u0851349/Desktop/CloudFactory/Cloud_Factory_Scene/Content/Maps/bossofficescene2.umap'
[2014.12.07-20.56.29:625][942]LogContentBrowser:Verbose: The content browser source was changed by the sources view to '/Game/addprops'
[2014.12.07-20.57.03:403][795]LogActorFactory: Actor Factory created phone2
[2014.12.07-20.57.05:849][855]LogActorFactory: Actor Factory created phone2
[2014.12.07-20.57.32:564][485]LogEditorViewport: Clicking on Actor (LMB): StaticMeshActor (stand18)
[2014.12.07-20.57.37:630][600]LogContentBrowser:Verbose: The content browser source was changed by the sources view to '/Game/Maps'
[2014.12.07-20.57.38:597][626]LogContentBrowser:Verbose: The content browser source was changed by the sources view to '/Game/Materials'
[2014.12.07-20.57.41:369][725]LogEditorViewport: Clicking on Actor (LMB): StaticMeshActor (phone3)
[2014.12.07-20.58.24:456][289]Cmd: TRANSACTION UNDO
[2014.12.07-20.58.24:456][289]LogEditorTransaction: Undo Apply Material to Surface
[2014.12.07-20.58.24:575][289]LogActorComponent: ~FComponentReregisterContext: (/Game/Maps/bossofficescene2.bossofficescene2:PersistentLevel.ModelComponent_1629) Component already registered.
[2014.12.07-20.58.46:365][188]LogEditorViewport: Clicking on Actor (LMB): StaticMeshActor (phone3)
[2014.12.07-20.58.47:059][205]LogEditorViewport: Clicking on Actor (LMB): StaticMeshActor (phone3)
[2014.12.07-20.59.07:259][696]LogEditorViewport: Clicking on Actor (LMB): BP_Sky_Sphere_C (BP_Sky_Shere)
[2014.12.07-21.00.02:167][134]LogSavePackage: Save=216.685120ms
[2014.12.07-21.00.02:167][134]LogSavePackage: Moving '../../../../../../Users/u0851349/Desktop/CloudFactory/Cloud_Factory_Scene/Saved/bossofficescene261D33ACD4602EF4E581E54997DAA1CB8.tmp' to '../../../../../../Users/u0851349/Desktop/CloudFactory/Cloud_Factory_Scene/Content/Maps/bossofficescene2.umap'
[2014.12.07-21.00.32:620][923]LogEditorViewport: Clicking on Actor (LMB): StaticMeshActor (phone3)
[2014.12.07-21.02.06:484][283]LogSavePackage: Save=221.745132ms
[2014.12.07-21.02.06:484][283]LogSavePackage: Moving '../../../../../../Users/u0851349/Desktop/CloudFactory/Cloud_Factory_Scene/Saved/bossofficescene230F5A6704CF41DB3BCC7E581A5CBB1C2.tmp' to '../../../../../../Users/u0851349/Desktop/CloudFactory/Cloud_Factory_Scene/Content/Maps/bossofficescene2.umap'
[2014.12.07-21.02.49:381][473]LogSavePackage: Save=215.966797ms
[2014.12.07-21.02.49:381][473]LogSavePackage: Moving '../../../../../../Users/u0851349/Desktop/CloudFactory/Cloud_Factory_Scene/Saved/bossofficescene2E63B29D34FC1A910D087448834E7667A.tmp' to '../../../../../../Users/u0851349/Desktop/CloudFactory/Cloud_Factory_Scene/Content/Maps/bossofficescene2.umap'
[2014.12.07-21.03.01:379][708]Cmd: EDIT COPY
[2014.12.07-21.03.09:988][801]Cmd: OBJ SAVEPACKAGE PACKAGE="/Game/Architecture/officeScene" FILE="../../../../../../Users/u0851349/Desktop/CloudFactory/Cloud_Factory_Scene/Content/Architecture/officeScene.uasset" SILENT=true
[2014.12.07-21.03.10:136][801]LogSavePackage: Save=145.855255ms
[2014.12.07-21.03.10:136][801]LogSavePackage: Moving '../../../../../../Users/u0851349/Desktop/CloudFactory/Cloud_Factory_Scene/Saved/officeScene49AFC3EA4CB3332F30D7DFBE4F6E60DB.tmp' to '../../../../../../Users/u0851349/Desktop/CloudFactory/Cloud_Factory_Scene/Content/Architecture/officeScene.uasset'
[2014.12.07-21.03.10:154][801]Cmd: OBJ SAVEPACKAGE PACKAGE="/Game/Architecture/officeTexture" FILE="../../../../../../Users/u0851349/Desktop/CloudFactory/Cloud_Factory_Scene/Content/Architecture/officeTexture.uasset" SILENT=true
[2014.12.07-21.03.10:264][801]LogSavePackage: Save=108.198563ms
[2014.12.07-21.03.10:264][801]LogSavePackage: Moving '../../../../../../Users/u0851349/Desktop/CloudFactory/Cloud_Factory_Scene/Saved/officeTextureFA19911545B9A95D0B2CDB9783EFB253.tmp' to '../../../../../../Users/u0851349/Desktop/CloudFactory/Cloud_Factory_Scene/Content/Architecture/officeTexture.uasset'
[2014.12.07-21.03.10:271][801]Cmd: MAP LOAD FILE="../../../../../../Users/u0851349/Desktop/CloudFactory/Cloud_Factory_Scene/Content/Maps/mainfloorscene.umap" TEMPLATE=0 SHOWPROGRESS=1
[2014.12.07-21.03.10:271][801]LightingResults: New page: Lighting Build
[2014.12.07-21.03.10:288][801]LoadErrors: New page: Loading map: mainfloorscene.umap
[2014.12.07-21.03.10:291][801]MapCheck: New page: Map Check
[2014.12.07-21.03.10:291][801]LightingResults: New page: Lighting Build
[2014.12.07-21.03.10:310][801]LogParticles: Destroying 0 GPU particle simulations for FXSystem 0x000000000E2E0B80
[2014.12.07-21.03.10:336][801]LogLinker:Warning: Asset '../../../../../../Users/u0851349/Desktop/CloudFactory/Cloud_Factory_Scene/Content/Blueprints/Blueprint_Effect_Smoke.uasset' has been saved with empty engine version. The asset will be loaded but may be incompatible.
[2014.12.07-21.03.10:341][801]LogLinker:Warning: Asset '../../../../../../Users/u0851349/Desktop/CloudFactory/Cloud_Factory_Scene/Content/Blueprints/Blueprint_Effect_Steam.uasset' has been saved with empty engine version. The asset will be loaded but may be incompatible.
[2014.12.07-21.03.10:431][801]LogLinker:Warning: Asset '../../../../../../Users/u0851349/Desktop/CloudFactory/Cloud_Factory_Scene/Content/Props/SM_Lamp_Ceiling.uasset' has been saved with empty engine version. The asset will be loaded but may be incompatible.
[2014.12.07-21.03.10:544][801]LogEditorServer: Finished looking for orphan Actors (0.000 secs)
[2014.12.07-21.03.10:544][801]LogAIModule: Creating AISystem for world mainfloorscene
[2014.12.07-21.03.10:572][801]Cmd: MAP CHECKDEP
[2014.12.07-21.03.10:572][801]MapCheck: New page: mainfloorscene - Dec 7, 2014, 7:03:10 AM
[2014.12.07-21.03.10:653][801]MapCheck: Info ========== Map Check: 0 Error(s), 0 Warning(s), [80.467ms] ==========
[2014.12.07-21.03.10:653][801]LogFileHelpers: Loading map 'mainfloorscene' took 0.383
[2014.12.07-21.03.15:311][916]Cmd: EDIT PASTE
[2014.12.07-21.03.19:280][  9]LogSavePackage: Save=223.985092ms
[2014.12.07-21.03.19:280][  9]LogSavePackage: Moving '../../../../../../Users/u0851349/Desktop/CloudFactory/Cloud_Factory_Scene/Saved/mainfloorscene2B1C32DC47143DDE1A6463BE19408566.tmp' to '../../../../../../Users/u0851349/Desktop/CloudFactory/Cloud_Factory_Scene/Content/Maps/mainfloorscene.umap'
[2014.12.07-21.03.43:681][597]LogSavePackage: Save=217.899567ms
[2014.12.07-21.03.43:681][597]LogSavePackage: Moving '../../../../../../Users/u0851349/Desktop/CloudFactory/Cloud_Factory_Scene/Saved/mainfloorsceneFC32770549322BCFB9E379A51C85B1E8.tmp' to '../../../../../../Users/u0851349/Desktop/CloudFactory/Cloud_Factory_Scene/Content/Maps/mainfloorscene.umap'
[2014.12.07-21.04.00:932][809]Cmd: MAP LOAD FILE="../../../../../../Users/u0851349/Desktop/CloudFactory/Cloud_Factory_Scene/Content/Maps/basementfloorscene.umap" TEMPLATE=0 SHOWPROGRESS=1
[2014.12.07-21.04.00:933][809]LightingResults: New page: Lighting Build
[2014.12.07-21.04.00:967][809]LoadErrors: New page: Loading map: basementfloorscene.umap
[2014.12.07-21.04.00:969][809]MapCheck: New page: Map Check
[2014.12.07-21.04.00:969][809]LightingResults: New page: Lighting Build
[2014.12.07-21.04.01:003][809]LogParticles: Destroying 0 GPU particle simulations for FXSystem 0x00000000301C4900
[2014.12.07-21.04.01:176][809]LogEditorServer: Finished looking for orphan Actors (0.000 secs)
[2014.12.07-21.04.01:177][809]LogAIModule: Creating AISystem for world basementfloorscene
[2014.12.07-21.04.01:213][809]Cmd: MAP CHECKDEP
[2014.12.07-21.04.01:213][809]MapCheck: New page: basementfloorscene - Dec 7, 2014, 7:04:01 AM
[2014.12.07-21.04.01:292][809]MapCheck: Info ========== Map Check: 0 Error(s), 0 Warning(s), [79.557ms] ==========
[2014.12.07-21.04.01:292][809]LogFileHelpers: Loading map 'basementfloorscene' took 0.361
[2014.12.07-21.04.26:967][581]LogStaticMesh: Building static mesh The_Compound...
[2014.12.07-21.06.25:221][581]LogStaticMesh: Built static mesh [118259.679688ms] /Game/Materials/The_Compound.The_Compound
[2014.12.07-21.06.27:267][581]LogActorFactory: Actor Factory created The_Compound
[2014.12.07-21.06.27:288][581]LogActorFactory: Actor Factory created The_Compound
[2014.12.07-21.06.30:962][826]LogEditorViewport: Clicking on Actor (LMB): StaticMeshActor (The_Compound_2)
[2014.12.07-21.07.50:093][ 74]LogSavePackage: Save=222.284775ms
[2014.12.07-21.07.50:093][ 74]LogSavePackage: Moving '../../../../../../Users/u0851349/Desktop/CloudFactory/Cloud_Factory_Scene/Saved/basementfloorsceneF1286CF24A3B0B1F3F1C60B25FD8B771.tmp' to '../../../../../../Users/u0851349/Desktop/CloudFactory/Cloud_Factory_Scene/Content/Maps/basementfloorscene.umap'
[2014.12.07-21.08.02:386][421]LogActorFactory: Actor Factory created The_Compound
[2014.12.07-21.08.05:295][499]LogActorFactory: Actor Factory created The_Compound
[2014.12.07-21.09.37:712][817]Cmd: TRANSACTION UNDO
[2014.12.07-21.09.37:712][817]LogEditorTransaction: Undo Set actor scale
[2014.12.07-21.09.37:750][817]LogPrimitiveComponent: Zero scaling not supported (/Game/Maps/basementfloorscene.basementfloorscene:PersistentLevel.The_Compound_50.StaticMeshComponent0)
[2014.12.07-21.09.37:750][817]LogPrimitiveComponent: Zero scaling not supported (/Game/Maps/basementfloorscene.basementfloorscene:PersistentLevel.The_Compound_50.StaticMeshComponent0)
[2014.12.07-21.10.17:469][829]LogEditorViewport: Clicking on Actor (LMB): StaticMeshActor (The_Compound_3)
[2014.12.07-21.10.18:402][853]Cmd: EDIT COPY
[2014.12.07-21.10.18:862][864]Cmd: EDIT PASTE
[2014.12.07-21.10.39:053][357]Cmd: EDIT COPY
[2014.12.07-21.10.39:737][374]Cmd: EDIT PASTE
[2014.12.07-21.11.14:320][250]Cmd: TRANSACTION UNDO
[2014.12.07-21.11.14:320][250]LogEditorTransaction: Undo Move Actors
[2014.12.07-21.11.48:390][129]LogSavePackage: Save=225.916580ms
[2014.12.07-21.11.48:390][129]LogSavePackage: Moving '../../../../../../Users/u0851349/Desktop/CloudFactory/Cloud_Factory_Scene/Saved/basementfloorscene4E8B6AAA478705BF4CE0F38011578700.tmp' to '../../../../../../Users/u0851349/Desktop/CloudFactory/Cloud_Factory_Scene/Content/Maps/basementfloorscene.umap'
[2014.12.07-21.12.14:853][789]LogSavePackage: Save=224.403641ms
[2014.12.07-21.12.14:853][789]LogSavePackage: Moving '../../../../../../Users/u0851349/Desktop/CloudFactory/Cloud_Factory_Scene/Saved/basementfloorscene680F69F84C17533D119D6BA0F0C279E9.tmp' to '../../../../../../Users/u0851349/Desktop/CloudFactory/Cloud_Factory_Scene/Content/Maps/basementfloorscene.umap'
[2014.12.07-21.12.16:286][820]Cmd: QUIT_EDITOR
[2014.12.07-21.12.16:414][820]LogWindowsTextInputMethodSystem:Error: Terminating failed while unadvising the language notification sink from the TSF source.
[2014.12.07-21.12.16:414][820]LogExit: Preparing to exit.
[2014.12.07-21.12.17:585][820]LogExit: Editor shut down
[2014.12.07-21.12.17:586][820]LogExit: Transaction tracking system shut down
[2014.12.07-21.12.17:587][820]LogParticles: Destroying 0 GPU particle simulations for FXSystem 0x000000000D071580
[2014.12.07-21.12.17:588][820]LogParticles: Destroying 0 GPU particle simulations for FXSystem 0x0000000004597560
[2014.12.07-21.12.17:588][820]LogParticles: Destroying 0 GPU particle simulations for FXSystem 0x000000000E2E2B60
[2014.12.07-21.12.17:756][820]LogParticles: Destroying 0 GPU particle simulations for FXSystem 0x00000000301C5EE0
[2014.12.07-21.12.17:756][820]LogExit: Object subsystem successfully closed.
[2014.12.07-21.12.17:802][820]LogModuleManager: Shutting down and abandoning module AndroidDeviceDetection (161)
[2014.12.07-21.12.17:802][820]LogModuleManager: Shutting down and abandoning module HTTP (160)
[2014.12.07-21.12.17:802][820]LogModuleManager: Shutting down and abandoning module CrashTracker (159)
[2014.12.07-21.12.17:802][820]LogModuleManager: Shutting down and abandoning module SuperSearch (158)
[2014.12.07-21.12.17:802][820]LogModuleManager: Shutting down and abandoning module SceneOutliner (157)
[2014.12.07-21.12.17:802][820]LogModuleManager: Shutting down and abandoning module EditorWidgets (156)
[2014.12.07-21.12.17:802][820]LogModuleManager: Shutting down and abandoning module CollectionManager (155)
[2014.12.07-21.12.17:804][820]LogModuleManager: Shutting down and abandoning module StatsViewer (154)
[2014.12.07-21.12.17:804][820]LogModuleManager: Shutting down and abandoning module FoliageEdit (153)
[2014.12.07-21.12.17:804][820]LogModuleManager: Shutting down and abandoning module LandscapeEditor (152)
[2014.12.07-21.12.17:805][820]LogModuleManager: Shutting down and abandoning module MeshPaint (151)
[2014.12.07-21.12.17:805][820]LogModuleManager: Shutting down and abandoning module ActorPickerMode (150)
[2014.12.07-21.12.17:805][820]LogModuleManager: Shutting down and abandoning module GeometryMode (149)
[2014.12.07-21.12.17:805][820]LogModuleManager: Shutting down and abandoning module TextureAlignMode (148)
[2014.12.07-21.12.17:805][820]LogModuleManager: Shutting down and abandoning module BspMode (147)
[2014.12.07-21.12.17:805][820]LogModuleManager: Shutting down and abandoning module PlacementMode (146)
[2014.12.07-21.12.17:805][820]LogModuleManager: Shutting down and abandoning module DesktopPlatform (145)
[2014.12.07-21.12.17:805][820]LogModuleManager: Shutting down and abandoning module AutomationWorker (144)
[2014.12.07-21.12.17:805][820]LogModuleManager: Shutting down and abandoning module EditorLiveStreaming (143)
[2014.12.07-21.12.17:805][820]LogModuleManager: Shutting down and abandoning module BehaviorTreeEditor (142)
[2014.12.07-21.12.17:805][820]LogModuleManager: Shutting down and abandoning module DeviceProfileEditor (141)
[2014.12.07-21.12.17:805][820]LogModuleManager: Shutting down and abandoning module UndoHistory (140)
[2014.12.07-21.12.17:805][820]LogModuleManager: Shutting down and abandoning module GameplayTagsEditor (139)
[2014.12.07-21.12.17:805][820]LogModuleManager: Shutting down and abandoning module UserFeedback (138)
[2014.12.07-21.12.17:805][820]LogModuleManager: Shutting down and abandoning module XmlParser (137)
[2014.12.07-21.12.17:805][820]LogModuleManager: Shutting down and abandoning module Blutility (136)
[2014.12.07-21.12.17:805][820]LogModuleManager: Shutting down and abandoning module IOSPlatformEditor (135)
[2014.12.07-21.12.17:805][820]LogModuleManager: Shutting down and abandoning module IOSRuntimeSettings (134)
[2014.12.07-21.12.17:805][820]LogModuleManager: Shutting down and abandoning module AndroidPlatformEditor (133)
[2014.12.07-21.12.17:805][820]LogModuleManager: Shutting down and abandoning module AndroidRuntimeSettings (132)
[2014.12.07-21.12.17:805][820]LogModuleManager: Shutting down and abandoning module ProjectTargetPlatformEditor (131)
[2014.12.07-21.12.17:805][820]LogModuleManager: Shutting down and abandoning module ProjectSettingsViewer (130)
[2014.12.07-21.12.17:805][820]LogModuleManager: Shutting down and abandoning module InputBindingEditor (129)
[2014.12.07-21.12.17:805][820]LogModuleManager: Shutting down and abandoning module EditorSettingsViewer (128)
[2014.12.07-21.12.17:805][820]LogModuleManager: Shutting down and abandoning module SettingsEditor (127)
[2014.12.07-21.12.17:805][820]LogModuleManager: Shutting down and abandoning module SessionLauncher (126)
[2014.12.07-21.12.17:805][820]LogModuleManager: Shutting down and abandoning module SessionFrontend (125)
[2014.12.07-21.12.17:805][820]LogModuleManager: Shutting down and abandoning module ProfilerClient (124)
[2014.12.07-21.12.17:805][820]LogModuleManager: Shutting down and abandoning module TargetDeviceServices (123)
[2014.12.07-21.12.17:805][820]LogModuleManager: Shutting down and abandoning module DeviceManager (122)
[2014.12.07-21.12.17:805][820]LogModuleManager: Shutting down and abandoning module AutomationController (121)
[2014.12.07-21.12.17:805][820]LogModuleManager: Shutting down and abandoning module AutomationWindow (120)
[2014.12.07-21.12.17:805][820]LogModuleManager: Shutting down and abandoning module Layers (119)
[2014.12.07-21.12.17:805][820]LogModuleManager: Shutting down and abandoning module ComponentVisualizers (118)
[2014.12.07-21.12.17:805][820]LogModuleManager: Shutting down and abandoning module DetailCustomizations (117)
[2014.12.07-21.12.17:805][820]LogModuleManager: Shutting down and abandoning module PackagesDialog (116)
[2014.12.07-21.12.17:805][820]LogModuleManager: Shutting down and abandoning module DirectoryWatcher (115)
[2014.12.07-21.12.17:806][820]LogModuleManager: Shutting down and abandoning module AssetRegistry (114)
[2014.12.07-21.12.17:841][820]LogModuleManager: Shutting down and abandoning module Persona (113)
[2014.12.07-21.12.17:841][820]LogModuleManager: Shutting down and abandoning module GraphEditor (112)
[2014.12.07-21.12.17:841][820]LogModuleManager: Shutting down and abandoning module ClassViewer (111)
[2014.12.07-21.12.17:841][820]LogModuleManager: Shutting down and abandoning module Toolbox (110)
[2014.12.07-21.12.17:841][820]LogModuleManager: Shutting down and abandoning module ModuleUI (109)
[2014.12.07-21.12.17:841][820]LogModuleManager: Shutting down and abandoning module Sequencer (108)
[2014.12.07-21.12.17:841][820]LogModuleManager: Shutting down and abandoning module MovieSceneTools (107)
[2014.12.07-21.12.17:841][820]LogModuleManager: Shutting down and abandoning module OutputLog (106)
[2014.12.07-21.12.17:841][820]LogModuleManager: Shutting down and abandoning module GammaUI (105)
[2014.12.07-21.12.17:841][820]LogModuleManager: Shutting down and abandoning module Documentation (104)
[2014.12.07-21.12.17:841][820]LogModuleManager: Shutting down and abandoning module GameLiveStreaming (103)
[2014.12.07-21.12.17:841][820]LogModuleManager: Shutting down and abandoning module StreamingPauseRendering (102)
[2014.12.07-21.12.17:841][820]LogModuleManager: Shutting down and abandoning module AnalyticsET (101)
[2014.12.07-21.12.17:841][820]LogModuleManager: Shutting down and abandoning module Analytics (100)
[2014.12.07-21.12.17:841][820]LogModuleManager: Shutting down and abandoning module GameplayDebugger (99)
[2014.12.07-21.12.17:841][820]LogModuleManager: Shutting down and abandoning module AIModule (98)
[2014.12.07-21.12.17:841][820]LogModuleManager: Shutting down and abandoning module ProfilerService (97)
[2014.12.07-21.12.17:850][820]LogModuleManager: Shutting down and abandoning module TaskGraph (96)
[2014.12.07-21.12.17:850][820]LogModuleManager: Shutting down and abandoning module SlateRemote (95)
[2014.12.07-21.12.17:850][820]LogModuleManager: Shutting down and abandoning module ScriptEditorPlugin (94)
[2014.12.07-21.12.17:850][820]LogModuleManager: Shutting down and abandoning module CustomMeshComponent (93)
[2014.12.07-21.12.17:850][820]LogModuleManager: Shutting down and abandoning module CableComponent (92)
[2014.12.07-21.12.17:850][820]LogModuleManager: Shutting down and abandoning module MessagingDebugger (91)
[2014.12.07-21.12.17:850][820]LogModuleManager: Shutting down and abandoning module ViewportSnapping (90)
[2014.12.07-21.12.17:850][820]LogModuleManager: Shutting down and abandoning module SmartSnapping (89)
[2014.12.07-21.12.17:850][820]LogModuleManager: Shutting down and abandoning module PaperTiledImporter (88)
[2014.12.07-21.12.17:850][820]LogModuleManager: Shutting down and abandoning module PaperJsonImporter (87)
[2014.12.07-21.12.17:850][820]LogModuleManager: Shutting down and abandoning module GameProjectGeneration (86)
[2014.12.07-21.12.17:850][820]LogModuleManager: Shutting down and abandoning module Matinee (85)
[2014.12.07-21.12.17:850][820]LogModuleManager: Shutting down and abandoning module Kismet (84)
[2014.12.07-21.12.17:850][820]LogModuleManager: Shutting down and abandoning module SlateReflector (83)
[2014.12.07-21.12.17:850][820]LogModuleManager: Shutting down and abandoning module LevelEditor (82)
[2014.12.07-21.12.17:851][820]LogModuleManager: Shutting down and abandoning module IntroTutorials (81)
[2014.12.07-21.12.17:851][820]LogModuleManager: Shutting down and abandoning module ContentBrowser (80)
[2014.12.07-21.12.17:851][820]LogModuleManager: Shutting down and abandoning module PropertyEditor (79)
[2014.12.07-21.12.17:851][820]LogModuleManager: Shutting down and abandoning module AssetTools (78)
[2014.12.07-21.12.17:851][820]LogModuleManager: Shutting down and abandoning module Paper2DEditor (77)
[2014.12.07-21.12.17:851][820]LogModuleManager: Shutting down and abandoning module SpeedTreeImporter (76)
[2014.12.07-21.12.17:851][820]LogModuleManager: Shutting down and abandoning module PluginsEditor (75)
[2014.12.07-21.12.17:851][820]LogModuleManager: Shutting down and abandoning module MainFrame (74)
[2014.12.07-21.12.17:851][820]LogModuleManager: Shutting down and abandoning module EpicSurvey (73)
[2014.12.07-21.12.17:851][820]LogModuleManager: Shutting down and abandoning module VisualStudioSourceCodeAccess (72)
[2014.12.07-21.12.17:851][820]LogModuleManager: Shutting down and abandoning module UObjectPlugin (71)
[2014.12.07-21.12.17:851][820]LogModuleManager: Shutting down and abandoning module SubversionSourceControl (70)
[2014.12.07-21.12.17:851][820]LogModuleManager: Shutting down and abandoning module SourceControl (69)
[2014.12.07-21.12.17:851][820]LogModuleManager: Shutting down and abandoning module PerforceSourceControl (68)
[2014.12.07-21.12.17:851][820]LogModuleManager: Shutting down and abandoning module BlankPlugin (67)
[2014.12.07-21.12.17:851][820]LogModuleManager: Shutting down and abandoning module ScriptPlugin (66)
[2014.12.07-21.12.17:851][820]LogModuleManager: Shutting down and abandoning module UdpMessaging (65)
[2014.12.07-21.12.17:951][820]LogModuleManager: Shutting down and abandoning module Paper2D (64)
[2014.12.07-21.12.17:951][820]LogModuleManager: Shutting down and abandoning module WindowsMoviePlayer (63)
[2014.12.07-21.12.17:956][820]LogModuleManager: Shutting down and abandoning module ImageWrapper (62)
[2014.12.07-21.12.17:956][820]LogModuleManager: Shutting down and abandoning module OnlineBlueprintSupport (61)
[2014.12.07-21.12.17:956][820]LogModuleManager: Shutting down and abandoning module FunctionalTesting (60)
[2014.12.07-21.12.17:956][820]LogModuleManager: Shutting down and abandoning module CollisionAnalyzer (59)
[2014.12.07-21.12.17:956][820]LogModuleManager: Shutting down and abandoning module WorkspaceMenuStructure (58)
[2014.12.07-21.12.17:956][820]LogModuleManager: Shutting down and abandoning module MessageLog (57)
[2014.12.07-21.12.17:956][820]LogModuleManager: Shutting down and abandoning module UMGEditor (56)
[2014.12.07-21.12.17:956][820]LogModuleManager: Shutting down and abandoning module UMG (55)
[2014.12.07-21.12.17:956][820]LogModuleManager: Shutting down and abandoning module Slate (54)
[2014.12.07-21.12.17:956][820]LogModuleManager: Shutting down and abandoning module EditorStyle (53)
[2014.12.07-21.12.17:957][820]LogModuleManager: Shutting down and abandoning module SessionServices (52)
[2014.12.07-21.12.17:957][820]LogModuleManager: Shutting down and abandoning module SourceCodeAccess (51)
[2014.12.07-21.12.17:957][820]LogModuleManager: Shutting down and abandoning module HeadMountedDisplay (50)
[2014.12.07-21.12.17:957][820]LogModuleManager: Shutting down and abandoning module XAudio2 (49)
[2014.12.07-21.12.17:957][820]LogModuleManager: Shutting down and abandoning module Networking (47)
[2014.12.07-21.12.17:957][820]LogModuleManager: Shutting down and abandoning module Core (46)
[2014.12.07-21.12.17:957][820]LogModuleManager: Shutting down and abandoning module KismetCompiler (45)
[2014.12.07-21.12.17:957][820]LogModuleManager: Shutting down and abandoning module PhysXFormats (44)
[2014.12.07-21.12.17:957][820]LogModuleManager: Shutting down and abandoning module MeshUtilities (43)
[2014.12.07-21.12.17:957][820]LogModuleManager: Shutting down and abandoning module DerivedDataCache (42)
[2014.12.07-21.12.17:983][820]LogDerivedDataCache: Shutdown
[2014.12.07-21.12.17:983][820]LogModuleManager: Shutting down and abandoning module ShaderFormatOpenGL (41)
[2014.12.07-21.12.17:983][820]LogModuleManager: Shutting down and abandoning module ShaderFormatD3D (40)
[2014.12.07-21.12.17:983][820]LogModuleManager: Shutting down and abandoning module MetalShaderFormat (39)
[2014.12.07-21.12.17:983][820]LogModuleManager: Shutting down and abandoning module TextureFormatUncompressed (38)
[2014.12.07-21.12.17:983][820]LogModuleManager: Shutting down and abandoning module TextureFormatPVR (37)
[2014.12.07-21.12.17:983][820]LogModuleManager: Shutting down and abandoning module TextureFormatDXT (36)
[2014.12.07-21.12.17:983][820]LogModuleManager: Shutting down and abandoning module TextureFormatAndroid (35)
[2014.12.07-21.12.17:983][820]LogModuleManager: Shutting down and abandoning module AudioFormatOpus (34)
[2014.12.07-21.12.17:983][820]LogModuleManager: Shutting down and abandoning module AudioFormatOgg (33)
[2014.12.07-21.12.17:983][820]LogModuleManager: Shutting down and abandoning module AudioFormatADPCM (32)
[2014.12.07-21.12.17:983][820]LogModuleManager: Shutting down and abandoning module Messaging (31)
[2014.12.07-21.12.17:983][820]LogModuleManager: Shutting down and abandoning module IOSTargetPlatform (30)
[2014.12.07-21.12.17:983][820]LogModuleManager: Shutting down and abandoning module Android_PVRTCTargetPlatform (29)
[2014.12.07-21.12.17:983][820]LogModuleManager: Shutting down and abandoning module Android_ETC2TargetPlatform (28)
[2014.12.07-21.12.17:983][820]LogModuleManager: Shutting down and abandoning module Android_ETC1TargetPlatform (27)
[2014.12.07-21.12.17:983][820]LogModuleManager: Shutting down and abandoning module Android_DXTTargetPlatform (26)
[2014.12.07-21.12.17:983][820]LogModuleManager: Shutting down and abandoning module Android_ATCTargetPlatform (25)
[2014.12.07-21.12.17:983][820]LogModuleManager: Shutting down and abandoning module AndroidTargetPlatform (24)
[2014.12.07-21.12.17:983][820]LogModuleManager: Shutting down and abandoning module WindowsTargetPlatform (23)
[2014.12.07-21.12.17:983][820]LogModuleManager: Shutting down and abandoning module WindowsServerTargetPlatform (22)
[2014.12.07-21.12.17:983][820]LogModuleManager: Shutting down and abandoning module WindowsNoEditorTargetPlatform (21)
[2014.12.07-21.12.17:983][820]LogModuleManager: Shutting down and abandoning module WindowsClientTargetPlatform (20)
[2014.12.07-21.12.17:983][820]LogModuleManager: Shutting down and abandoning module TargetPlatform (19)
[2014.12.07-21.12.17:983][820]LogModuleManager: Shutting down and abandoning module InputCore (18)
[2014.12.07-21.12.17:983][820]LogModuleManager: Shutting down and abandoning module Settings (17)
[2014.12.07-21.12.17:983][820]LogModuleManager: Shutting down and abandoning module ExampleDeviceProfileSelector (14)
[2014.12.07-21.12.17:983][820]LogModuleManager: Shutting down and abandoning module OculusRift (13)
[2014.12.07-21.12.17:983][820]LogModuleManager: Shutting down and abandoning module TextureCompressor (12)
[2014.12.07-21.12.17:983][820]LogModuleManager: Shutting down and abandoning module ShaderCore (11)
[2014.12.07-21.12.17:983][820]LogModuleManager: Shutting down and abandoning module OpenGLDrv (10)
[2014.12.07-21.12.17:983][820]LogModuleManager: Shutting down and abandoning module D3D11RHI (9)
[2014.12.07-21.12.17:983][820]LogModuleManager: Shutting down and abandoning module SlateRHIRenderer (8)
[2014.12.07-21.12.17:983][820]LogModuleManager: Shutting down and abandoning module Renderer (7)
[2014.12.07-21.12.17:983][820]LogModuleManager: Shutting down and abandoning module Engine (6)
[2014.12.07-21.12.17:983][820]LogModuleManager: Shutting down and abandoning module CoreUObject (5)
[2014.12.07-21.12.17:983][820]LogModuleManager: Shutting down and abandoning module NetworkFile (4)
[2014.12.07-21.12.17:983][820]LogModuleManager: Shutting down and abandoning module StreamingFile (3)
[2014.12.07-21.12.17:983][820]LogModuleManager: Shutting down and abandoning module SandboxFile (2)
[2014.12.07-21.12.17:983][820]LogModuleManager: Shutting down and abandoning module PakFile (1)
[2014.12.07-21.12.17:983][820]LogExit: Exiting.
[2014.12.07-21.12.17:986][820]Log file closed, 12/07/14 14:12:17
