Log file open, 12/02/14 16:36:34
LogInit:Display: Running engine for game: MyProject
LogInit: Version: 4.4.3-2296771+++depot+UE4-Releases+4.4
LogInit: API Version: 2255576
LogInit: Compiled (64-bit): Sep 13 2014 22:30:58
LogInit: Build Configuration: Development
LogInit: Branch Name: ++depot+UE4-Releases+4.4
LogInit: Command line: 
LogInit: Base directory: C:/Program Files/Unreal Engine/4.4/Engine/Binaries/Win64/
LogInit: Rocket: 1
[2014.12.02-23.36.34:036][  0]LogTaskGraph: Started task graph with 3 named threads and 4 total threads.
[2014.12.02-23.36.34:062][  0]LogOnline:Warning: No default platform service specified for OnlineSubsystem
[2014.12.02-23.36.34:069][  0]LogInit: Presizing for 0 objects not considered by GC, pre-allocating 0 bytes.
[2014.12.02-23.36.34:076][  0]LogInit: Object subsystem initialized
[2014.12.02-23.36.34:078][  0]LogInit: Selected Device Profile: [Windows]
[2014.12.02-23.36.34:078][  0]LogInit: Applying CVar settings loaded from the selected device profile: [Windows]
[2014.12.02-23.36.34:082][  0]LogInit: Computer: TCPC-10
[2014.12.02-23.36.34:082][  0]LogInit: User: u0851349
[2014.12.02-23.36.34:083][  0]LogInit: CPU Page size=4096, Cores=4
[2014.12.02-23.36.34:083][  0]LogInit: High frequency timer resolution =3.906337 MHz
[2014.12.02-23.36.34:083][  0]LogMemory: Memory total: Physical=8.0GB (8GB approx) Virtual=8192.0GB
[2014.12.02-23.36.34:083][  0]LogMemory: Platform Memory Stats for Windows
[2014.12.02-23.36.34:083][  0]LogMemory: Process Physical Memory: 62.43 MB used, 62.43 MB peak
[2014.12.02-23.36.34:083][  0]LogMemory: Process Virtual Memory: 38.22 MB used, 38.22 MB peak
[2014.12.02-23.36.34:083][  0]LogMemory: Physical Memory: 2910.39 MB used, 8173.54 MB total
[2014.12.02-23.36.34:083][  0]LogMemory: Virtual Memory: 261.05 MB used, 8388608.00 MB total
[2014.12.02-23.36.34:111][  0]LogD3D11RHI: Found D3D11 adapter 0: NVIDIA GeForce GT 630 (Feature Level 11_0)
[2014.12.02-23.36.34:111][  0]LogD3D11RHI: Adapter has 978MB of dedicated video memory, 0MB of dedicated system memory, and 3071MB of shared system memory, 1 output[s]
[2014.12.02-23.36.34:111][  0]LogD3D11RHI: Chosen D3D11 Adapter Id = 0
[2014.12.02-23.36.34:116][  0]LogRHI: Texture pool is 684 MB (70% of 978 MB)
[2014.12.02-23.36.34:124][  0]LogD3D11RHI: Async texture creation enabled
[2014.12.02-23.36.34:232][  0]LogContentStreaming: Texture pool size is 0.000000MB
[2014.12.02-23.36.35:595][  0]LogTargetPlatformManager:Display: Building Assets For Windows
[2014.12.02-23.36.35:929][  0]LogTargetPlatformManager:Display: Building Assets For Windows
[2014.12.02-23.36.35:962][  0]LogDerivedDataCache:Display: Max Cache Size: 512 MB
[2014.12.02-23.36.36:028][  0]LogDerivedDataCache: Loaded boot cache 0.06s 39MB C:/Users/u0851349/AppData/Local/UnrealEngine/4.4/DerivedDataCache/Boot.ddc.
[2014.12.02-23.36.36:028][  0]LogDerivedDataCache:Display: Loaded Boot cache: C:/Users/u0851349/AppData/Local/UnrealEngine/4.4/DerivedDataCache/Boot.ddc
[2014.12.02-23.36.36:028][  0]LogDerivedDataCache: FDerivedDataBackendGraph:  Pak pak cache file ../../../../../../Users/u0851349/Desktop/CloudFactory/Cloud_Factory_Scene/DerivedDataCache/DDC.ddp not found, will not use a pak cache.
[2014.12.02-23.36.36:028][  0]LogDerivedDataCache: Unable to find inner node Pak for hierarchical cache Hierarchy.
[2014.12.02-23.36.36:044][  0]LogDerivedDataCache:Display: Pak cache opened for reading ../../../Engine/DerivedDataCache/DDC.ddp.
[2014.12.02-23.36.36:055][  0]LogDerivedDataCache: Using Local data cache path C:/Users/u0851349/AppData/Local/UnrealEngine/4.4/DerivedDataCache: Writable
[2014.12.02-23.36.36:205][  0]LogMeshUtilities: No automatic mesh reduction module available
[2014.12.02-23.36.36:205][  0]LogMeshUtilities: No automatic mesh merging module available
[2014.12.02-23.36.36:551][  0]LogInit: WinSock: version 1.1 (2.2), MaxSocks=32767, MaxUdp=65467
[2014.12.02-23.36.37:220][  0]LogStats:Warning: MetaData mismatch. Did you assign a stat to two groups? New //STATGROUP_Threads//FMonitoredProcess///Thread_2b3c_0///////STATCAT_Advanced//// old //STATGROUP_Threads//FMonitoredProcess///Thread_22ec_0///////STATCAT_Advanced////
[2014.12.02-23.36.37:220][  0]UdpMessaging: Initializing bridge on interface 0.0.0.0:0 to multicast group 230.0.0.1:6666.
[2014.12.02-23.36.37:309][  0]SourceControl: Info Source control is disabled
[2014.12.02-23.36.37:309][  0]SourceControl: Info Source control is disabled
[2014.12.02-23.36.37:314][  0]SourceControl: Info Source control is disabled
[2014.12.02-23.36.37:450][  0]BlueprintLog: New page: Editor Load
[2014.12.02-23.36.37:522][  0]LogObj: 21438 objects as part of root set at end of initial load.
[2014.12.02-23.36.37:522][  0]LogUObjectAllocator: 4218648 out of 0 bytes used by permanent object pool.
[2014.12.02-23.36.37:682][  0]LogEngine: Initializing Engine...
[2014.12.02-23.36.37:787][  0]LogInit: XAudio2 using 'Digital Audio (S/PDIF) (4- High Definition Audio Device)' : 2 channels at 44.1 kHz using 16 bits per sample (channel mask 0x3)
[2014.12.02-23.36.37:816][  0]LogInit: FAudioDevice initialized.
[2014.12.02-23.36.37:830][  0]LogAIModule: Creating AISystem for world NewWorld
[2014.12.02-23.36.37:880][  0]LogDerivedDataCache: Saved boot cache 0.05s 39MB C:/Users/u0851349/AppData/Local/UnrealEngine/4.4/DerivedDataCache/Boot.ddc.
[2014.12.02-23.36.37:890][  0]LogInit: Texture streaming: Enabled
[2014.12.02-23.36.37:915][  0]LogInit: Transaction tracking system initialized
[2014.12.02-23.36.38:001][  0]LogAssetRegistry: FAssetRegistry took 0.0097 seconds to start up
[2014.12.02-23.36.38:395][  0]LogTargetPlatformManager:Display: Building Assets For Windows
[2014.12.02-23.36.38:668][  0]LogTargetPlatformManager:Display: Building Assets For Windows
[2014.12.02-23.36.38:763][  0]LogConsoleResponse:Display: 
[2014.12.02-23.36.38:893][  0]LogStats:Warning: MetaData mismatch. Did you assign a stat to two groups? New //STATGROUP_Threads//FMonitoredProcess///Thread_204c_0///////STATCAT_Advanced//// old //STATGROUP_Threads//FMonitoredProcess///Thread_22ec_0///////STATCAT_Advanced////
[2014.12.02-23.36.38:893][  0]LogStats:Warning: MetaData mismatch. Did you assign a stat to two groups? New //STATGROUP_Threads//FMonitoredProcess///Thread_257c_0///////STATCAT_Advanced//// old //STATGROUP_Threads//FMonitoredProcess///Thread_22ec_0///////STATCAT_Advanced////
[2014.12.02-23.36.38:893][  0]SourceControl: Info Source control is disabled
[2014.12.02-23.36.38:893][  0]Cmd: MAP LOAD FILE="../../../Engine/Content/Maps/Templates/Template_Default.umap" TEMPLATE=1 SHOWPROGRESS=1
[2014.12.02-23.36.38:893][  0]LightingResults: New page: Lighting Build
[2014.12.02-23.36.38:899][  0]MapCheck: New page: Map Check
[2014.12.02-23.36.38:899][  0]LightingResults: New page: Lighting Build
[2014.12.02-23.36.38:912][  0]LogParticles: Destroying 0 GPU particle simulations for FXSystem 0x0000000013269300
[2014.12.02-23.36.39:068][  0]LogEditorServer: Finished looking for orphan Actors (0.000 secs)
[2014.12.02-23.36.39:068][  0]LogAIModule: Creating AISystem for world Template_Default
[2014.12.02-23.36.39:068][  0]Cmd: MAP CHECKDEP
[2014.12.02-23.36.39:068][  0]MapCheck: New page: Untitled_1 - Dec 2, 2014, 9:36:39 AM
[2014.12.02-23.36.39:116][  0]MapCheck: Info ========== Map Check: 0 Error(s), 0 Warning(s), [47.494ms] ==========
[2014.12.02-23.36.39:116][  0]LogFileHelpers: Loading map 'Template_Default' took 0.223
[2014.12.02-23.36.39:205][  0]LogCollectionManager: Loaded 0 collections in 0.000844 seconds
[2014.12.02-23.36.39:276][  0]LogCrashTracker: Crashtracker disabled due to settings.
[2014.12.02-23.36.39:322][  0]LogLoad: Full Startup: 6.92 seconds (BP compile: 0.06 seconds)
[2014.12.02-23.36.39:507][  0]LogRenderer:Warning: Reallocating scene render targets to support 1056x896.
[2014.12.02-23.36.39:728][  1]LogAssetRegistry: Asset discovery search completed in 1.7374 seconds
[2014.12.02-23.36.47:486][121]Cmd: MAP LOAD FILE="../../../../../../Users/u0851349/Desktop/CloudFactory/Cloud_Factory_Scene/Content/Maps/bossofficescene.umap" TEMPLATE=0 SHOWPROGRESS=1
[2014.12.02-23.36.47:48