Log file open, 12/10/14 21:01:15
LogInit:Display: Running engine for game: MyProject
LogInit: Version: 4.5.1-2336687+++depot+UE4-Releases+4.5
LogInit: API Version: 2326478
LogInit: Compiled (64-bit): Oct 21 2014 22:32:40
LogInit: Compiled with Visual C++: 18.00.21005.01
LogInit: Build Configuration: Development
LogInit: Branch Name: ++depot+UE4-Releases+4.5
LogInit: Command line: 
LogInit: Base directory: C:/Program Files/Unreal Engine/4.5/Engine/Binaries/Win64/
LogInit: Rocket: 1
[2014.12.11-04.01.15:524][  0]LogTaskGraph: Started task graph with 3 named threads and 4 total threads.
[2014.12.11-04.01.15:553][  0]LogOnline:Warning: No default platform service specified for OnlineSubsystem
[2014.12.11-04.01.15:572][  0]LogInit: Presizing for 0 objects not considered by GC, pre-allocating 0 bytes.
[2014.12.11-04.01.15:581][  0]LogInit: Object subsystem initialized
[2014.12.11-04.01.15:584][  0]LogConsoleResponse:Warning: Skipping Unknown console variable: 'UIScaleRule = ShortestSide'
[2014.12.11-04.01.15:585][  0]LogConsoleResponse:Warning:   Found in ini file 'C:/Users/u0952138/Documents/GitHub/CloudFactory/Cloud_Factory_Scene/Saved/Config/Windows/Engine.ini', in section '[/Script/Engine.RendererSettings]'
[2014.12.11-04.01.15:585][  0]LogConsoleResponse:Warning: Skipping Unknown console variable: 'UIScaleCurve = (EditorCurveData=(Keys=((Time=480,Value=0.444),(Time=720,Value=0.666),(Time=1080,Value=1.0),(Time=8640,Value=8.0))),ExternalCurve=None)'
[2014.12.11-04.01.15:585][  0]LogConsoleResponse:Warning:   Found in ini file 'C:/Users/u0952138/Documents/GitHub/CloudFactory/Cloud_Factory_Scene/Saved/Config/Windows/Engine.ini', in section '[/Script/Engine.RendererSettings]'
[2014.12.11-04.01.15:585][  0]LogInit: Selected Device Profile: [Windows]
[2014.12.11-04.01.15:585][  0]LogInit: Applying CVar settings loaded from the selected device profile: [Windows]
[2014.12.11-04.01.15:591][  0]LogInit: Computer: TCPC-13
[2014.12.11-04.01.15:591][  0]LogInit: User: u0952138
[2014.12.11-04.01.15:592][  0]LogInit: CPU Page size=4096, Cores=4
[2014.12.11-04.01.15:592][  0]LogInit: High frequency timer resolution =3.906298 MHz
[2014.12.11-04.01.15:592][  0]LogMemory: Memory total: Physical=8.0GB (8GB approx) Virtual=8192.0GB
[2014.12.11-04.01.15:592][  0]LogMemory: Platform Memory Stats for Windows
[2014.12.11-04.01.15:592][  0]LogMemory: Process Physical Memory: 64.05 MB used, 64.05 MB peak
[2014.12.11-04.01.15:592][  0]LogMemory: Process Virtual Memory: 39.45 MB used, 39.45 MB peak
[2014.12.11-04.01.15:592][  0]LogMemory: Physical Memory: 3226.61 MB used, 8173.54 MB total
[2014.12.11-04.01.15:592][  0]LogMemory: Virtual Memory: 269.57 MB used, 8388608.00 MB total
[2014.12.11-04.01.15:622][  0]LogD3D11RHI: Found D3D11 adapter 0: NVIDIA GeForce GT 630 (Feature Level 11_0)
[2014.12.11-04.01.15:622][  0]LogD3D11RHI: Adapter has 978MB of dedicated video memory, 0MB of dedicated system memory, and 3071MB of shared system memory, 1 output[s]
[2014.12.11-04.01.15:622][  0]LogD3D11RHI: Chosen D3D11 Adapter Id = 0
[2014.12.11-04.01.15:627][  0]LogRHI: Texture pool is 684 MB (70% of 978 MB)
[2014.12.11-04.01.15:635][  0]LogD3D11RHI: Async texture creation enabled
[2014.12.11-04.01.15:678][  0]LogTextLocalizationManager: The requested culture ('en_US') has no localization data; parent culture's ('en') localization data will be used.
[2014.12.11-04.01.15:814][  0]LogContentStreaming: Texture pool size is 0.000000MB
[2014.12.11-04.01.20:004][  0]LogTargetPlatformManager:Display: Building Assets For Windows
[2014.12.11-04.01.20:397][  0]LogTargetPlatformManager:Display: Building Assets For Windows
[2014.12.11-04.01.20:446][  0]LogDerivedDataCache:Display: Max Cache Size: 512 MB
[2014.12.11-04.01.20:509][  0]LogDerivedDataCache: Loaded boot cache 0.06s 39MB C:/Users/u0952138/AppData/Local/UnrealEngine/4.5/DerivedDataCache/Boot.ddc.
[2014.12.11-04.01.20:509][  0]LogDerivedDataCache:Display: Loaded Boot cache: C:/Users/u0952138/AppData/Local/UnrealEngine/4.5/DerivedDataCache/Boot.ddc
[2014.12.11-04.01.20:509][  0]LogDerivedDataCache: FDerivedDataBackendGraph:  Pak pak cache file ../../../../../../Users/u0952138/Documents/GitHub/CloudFactory/Cloud_Factory_Scene/DerivedDataCache/DDC.ddp not found, will not use a pak cache.
[2014.12.11-04.01.20:509][  0]LogDerivedDataCache: Unable to find inner node Pak for hierarchical cache Hierarchy.
[2014.12.11-04.01.20:568][  0]LogDerivedDataCache:Display: Pak cache opened for reading ../../../Engine/DerivedDataCache/DDC.ddp.
[2014.12.11-04.01.20:579][  0]LogDerivedDataCache: Using Local data cache path C:/Users/u0952138/AppData/Local/UnrealEngine/Common/DerivedDataCache: Writable
[2014.12.11-04.01.20:770][  0]LogMeshUtilities: No automatic mesh reduction module available
[2014.12.11-04.01.20:770][  0]LogMeshUtilities: No automatic mesh merging module available
[2014.12.11-04.01.21:046][  0]LogLinker:Warning: Asset '../../../Engine/Content/Functions/Engine_MaterialFunctions02/Texturing/FlipBook.uasset' has been saved with empty engine version. The asset will be loaded but may be incompatible.
[2014.12.11-04.01.21:049][  0]LogLinker:Warning: Asset '../../../Engine/Content/Functions/Engine_MaterialFunctions02/ExampleContent/Textures/flipbook.uasset' has been saved with empty engine version. The asset will be loaded but may be incompatible.
[2014.12.11-04.01.21:216][  0]LogInit: WinSock: version 1.1 (2.2), MaxSocks=32767, MaxUdp=65467
[2014.12.11-04.01.22:023][  0]UdpMessaging: Initializing bridge on interface 0.0.0.0:0 to multicast group 230.0.0.1:6666.
[2014.12.11-04.01.22:181][  0]LogDirectoryWatcher:Warning: Failed to begin reading directory changes for C:/Users/u0952138/Documents/GitHub/CloudFactory/Cloud_Factory_Scene/Binaries/Win64. Error: 0
[2014.12.11-04.01.22:302][  0]SourceControl: Info Source control is disabled
[2014.12.11-04.01.22:302][  0]SourceControl: Info Source control is disabled
[2014.12.11-04.01.22:308][  0]SourceControl: Info Source control is disabled
[2014.12.11-04.01.22:415][  0]LogObj: 22915 objects as part of root set at end of initial load.
[2014.12.11-04.01.22:415][  0]LogUObjectAllocator: 4803536 out of 0 bytes used by permanent object pool.
[2014.12.11-04.01.22:473][  0]LogEngine: Initializing Engine...
[2014.12.11-04.01.22:608][  0]LogInit: XAudio2 using 'Digital Audio (S/PDIF) (4- High Definition Audio Device)' : 2 channels at 44.1 kHz using 16 bits per sample (channel mask 0x3)
[2014.12.11-04.01.22:639][  0]LogInit: FAudioDevice initialized.
[2014.12.11-04.01.22:659][  0]LogAIModule: Creating AISystem for world NewWorld
[2014.12.11-04.01.22:698][  0]LogDerivedDataCache: Saved boot cache 0.04s 39MB C:/Users/u0952138/AppData/Local/UnrealEngine/4.5/DerivedDataCache/Boot.ddc.
[2014.12.11-04.01.22:707][  0]LogInit: Texture streaming: Enabled
[2014.12.11-04.01.22:746][  0]LogInit: Transaction tracking system initialized
[2014.12.11-04.01.22:832][  0]BlueprintLog: New page: Editor Load
[2014.12.11-04.01.22:861][  0]LogAssetRegistry: FAssetRegistry took 0.0094 seconds to start up
[2014.12.11-04.01.22:861][  0]LogDirectoryWatcher:Warning: Failed to begin reading directory changes for ../../../Engine/Plugins/Experimental/CharacterAI/Content/. Error: 0
[2014.12.11-04.01.23:301][  0]LogTargetPlatformManager:Display: Building Assets For Windows
[2014.12.11-04.01.23:619][  0]LogTargetPlatformManager:Display: Building Assets For Windows
[2014.12.11-04.01.23:829][  0]LogConsoleResponse:Display: 
[2014.12.11-04.01.24:006][  0]SourceControl: Info Source control is disabled
[2014.12.11-04.01.24:006][  0]Cmd: MAP LOAD FILE="../../../Engine/Content/Maps/Templates/Template_Default.umap" TEMPLATE=1 SHOWPROGRESS=1
[2014.12.11-04.01.24:007][  0]LightingResults: New page: Lighting Build
[2014.12.11-04.01.24:016][  0]MapCheck: New page: Map Check
[2014.12.11-04.01.24:016][  0]LightingResults: New page: Lighting Build
[2014.12.11-04.01.24:031][  0]LogParticles: Destroying 0 GPU particle simulations for FXSystem 0x00000000166AAA20
[2014.12.11-04.01.24:236][  0]LogEditorServer: Finished looking for orphan Actors (0.000 secs)
[2014.12.11-04.01.24:236][  0]LogAIModule: Creating AISystem for world Untitled_1
[2014.12.11-04.01.24:236][  0]Cmd: MAP CHECKDEP
[2014.12.11-04.01.24:236][  0]MapCheck: New page: Untitled_1 - Dec 10, 2014, 2:01:24 PM
[2014.12.11-04.01.24:314][  0]MapCheck: Info Map check complete: 0 Error(s), 0 Warning(s), took 74.924ms to complete.
[2014.12.11-04.01.24:314][  0]LogFileHelpers: Loading map 'Template_Default' took 0.299
[2014.12.11-04.01.24:416][  0]LogCollectionManager: Loaded 0 collections in 0.000915 seconds
[2014.12.11-04.01.24:689][  0]LogCrashTracker: Crashtracker disabled due to settings.
[2014.12.11-04.01.24:711][  0]LogUObjectGlobals:Warning: Failed to find object 'Class None.'
[2014.12.11-04.01.24:741][  0]LogLoad: Full Startup: 10.99 seconds (BP compile: 0.06 seconds)
[2014.12.11-04.01.24:753][  0]LogContentBrowser:Verbose: The content browser source was changed by the sources view to '/Game/Architecture'
[2014.12.11-04.01.24:930][  0]LogRenderer:Warning: Reallocating scene render targets to support 1064x904.
[2014.12.11-04.01.26:475][ 42]LogAssetRegistry: Asset discovery search completed in 3.5286 seconds
[2014.12.11-04.01.30:696][207]Cmd: MAP LOAD FILE="../../../../../../Users/u0952138/Documents/GitHub/CloudFactory/Cloud_Factory_Scene/Content/Maps/basementfloorscene.umap" TEMPLATE=0 SHOWPROGRESS=1
[2014.12.11-04.01.30:696][207]LightingResults: New page: Lighting Build
[2014.12.11-04.01.30:727][207]LoadErrors: New page: Loading map: basementfloorscene.umap
[2014.12.11-04.01.30:727][207]MapCheck: New page: Map Check
[2014.12.11-04.01.30:727][207]LightingResults: New page: Lighting Build
[2014.12.11-04.01.30:744][207]LogParticles: Destroying 0 GPU particle simulations for FXSystem 0x000000000B522520
[2014.12.11-04.01.30:763][207]LogLinker:Warning: Asset '../../../../../../Users/u0952138/Documents/GitHub/CloudFactory/Cloud_Factory_Scene/Content/Blueprints/Blueprint_Effect_Smoke.uasset' has been saved with empty engine version. The asset will be loaded but may be incompatible.
[2014.12.11-04.01.30:778][207]LogLinker:Warning: Asset '../../../../../../Users/u0952138/Documents/GitHub/CloudFactory/Cloud_Factory_Scene/Content/Blueprints/Blueprint_Effect_Steam.uasset' has been saved with empty engine version. The asset will be loaded but may be incompatible.
[2014.12.11-04.01.30:979][207]LogLinker:Warning: Asset '../../../../../../Users/u0952138/Documents/GitHub/CloudFactory/Cloud_Factory_Scene/Content/Props/SM_Lamp_Ceiling.uasset' has been saved with empty engine version. The asset will be loaded but may be incompatible.
[2014.12.11-04.01.32:783][207]LogEditorServer: Finished looking for orphan Actors (0.000 secs)
[2014.12.11-04.01.32:784][207]LogAIModule: Creating AISystem for world basementfloorscene
[2014.12.11-04.01.32:806][207]Cmd: MAP CHECKDEP
[2014.12.11-04.01.32:806][207]MapCheck: New page: basementfloorscene - Dec 10, 2014, 2:01:32 PM
[2014.12.11-04.01.32:941][207]MapCheck: Info Map check complete: 0 Error(s), 0 Warning(s), took 133.472ms to complete.
[2014.12.11-04.01.32:941][207]LogFileHelpers: Loading map 'basementfloorscene' took 2.226
[2014.12.11-04.02.11:370][ 67]LogFactory: FactoryCreateBinary: StaticMesh with FbxFactory (0 0 E:/!Blank_Sam.fbx)
[2014.12.11-04.02.11:394][ 67]LogFbx: ItemName: GlobalSettings, ItemCount : 1
[2014.12.11-04.02.11:394][ 67]LogFbx: ItemName: MotionBuilder_System, ItemCount : 28
[2014.12.11-04.02.11:394][ 67]LogFbx: ItemName: AnimationLayer, ItemCount : 2
[2014.12.11-04.02.11:394][ 67]LogFbx: ItemName: Model, ItemCount : 107
[2014.12.11-04.02.11:394][ 67]LogFbx: ItemName: NodeAttribute, ItemCount : 102
[2014.12.11-04.02.11:394][ 67]LogFbx: ItemName: MotionBuilder_Generic, ItemCount : 6
[2014.12.11-04.02.11:394][ 67]LogFbx: ItemName: Geometry, ItemCount : 5
[2014.12.11-04.02.11:395][ 67]LogFbx: ItemName: AnimationStack, ItemCount : 1
[2014.12.11-04.02.11:395][ 67]LogFbx: ItemName: Pose, ItemCount : 11
[2014.12.11-04.02.11:395][ 67]LogFbx: ItemName: Deformer, ItemCount : 182
[2014.12.11-04.02.11:395][ 67]LogFbx: ItemName: Character, ItemCount : 1
[2014.12.11-04.02.11:395][ 67]LogFbx: ItemName: AnimationCurveNode, ItemCount : 18
[2014.12.11-04.02.11:395][ 67]LogFbx: ItemName: AnimationCurve, ItemCount : 44
[2014.12.11-04.02.30:306][ 67]LogFbx: Loading FBX Scene from E:/!Blank_Sam.fbx
[2014.12.11-04.02.30:431][ 67]LogFbx: FBX Scene Loaded Succesfully
[2014.12.11-04.02.30:448][ 67]LogFbx: =================================================
[2014.12.11-04.02.30:448][ 67]LogFbx: Dumping Node START [BatteryBoy_Head] 
[2014.12.11-04.02.30:448][ 67]LogFbx: 	Total Deformer Count 764395440.
[2014.12.11-04.02.30:448][ 67]LogFbx: 		[Node 1]  (Type Skin).
[2014.12.11-04.02.30:448][ 67]LogFbx: =================================================
[2014.12.11-04.02.30:448][ 67]LogFbx: 	Attribute () Type (4).
[2014.12.11-04.02.30:448][ 67]LogFbx: 		[Node Attribute Child 1] BatteryBoy_Head (Type Mesh).
[2014.12.11-04.02.30:448][ 67]LogFbx: Dumping Node END [BatteryBoy_Head]
[2014.12.11-04.02.30:448][ 67]LogFbx: =================================================
[2014.12.11-04.02.30:448][ 67]LogFbx: Dumping Node START [Eyes_Geo] 
[2014.12.11-04.02.30:448][ 67]LogFbx: 	Total Deformer Count 232483248.
[2014.12.11-04.02.30:448][ 67]LogFbx: 		[Node 1] 5 (Type Skin).
[2014.12.11-04.02.30:448][ 67]LogFbx: =================================================
[2014.12.11-04.02.30:448][ 67]LogFbx: 	Attribute () Type (4).
[2014.12.11-04.02.30:448][ 67]LogFbx: 		[Node Attribute Child 1] Eyes_Geo (Type Mesh).
[2014.12.11-04.02.30:448][ 67]LogFbx: Dumping Node END [Eyes_Geo]
[2014.12.11-04.02.30:448][ 67]LogFbx: =================================================
[2014.12.11-04.02.30:448][ 67]LogFbx: Dumping Node START [EyeSpec_Geo] 
[2014.12.11-04.02.30:448][ 67]LogFbx: 	Total Deformer Count 747391872.
[2014.12.11-04.02.30:448][ 67]LogFbx: 		[Node 1] 6 (Type Skin).
[2014.12.11-04.02.30:448][ 67]LogFbx: =================================================
[2014.12.11-04.02.30:448][ 67]LogFbx: 	Attribute () Type (4).
[2014.12.11-04.02.30:448][ 67]LogFbx: 		[Node Attribute Child 1] EyeSpec_Geo (Type Mesh).
[2014.12.11-04.02.30:448][ 67]LogFbx: Dumping Node END [EyeSpec_Geo]
[2014.12.11-04.02.30:448][ 67]LogFbx: =================================================
[2014.12.11-04.02.30:448][ 67]LogFbx: Dumping Node START [TeethTongue] 
[2014.12.11-04.02.30:448][ 67]LogFbx: 	Total Deformer Count 747391872.
[2014.12.11-04.02.30:448][ 67]LogFbx: 		[Node 1] 9 (Type Skin).
[2014.12.11-04.02.30:448][ 67]LogFbx: =================================================
[2014.12.11-04.02.30:448][ 67]LogFbx: 	Attribute () Type (4).
[2014.12.11-04.02.30:448][ 67]LogFbx: 		[Node Attribute Child 1] TeethTongue (Type Mesh).
[2014.12.11-04.02.30:448][ 67]LogFbx: Dumping Node END [TeethTongue]
[2014.12.11-04.02.30:448][ 67]LogFbx: =================================================
[2014.12.11-04.02.30:448][ 67]LogFbx: Dumping Node START [BodyAndHair] 
[2014.12.11-04.02.30:448][ 67]LogFbx: 	Total Deformer Count 747391872.
[2014.12.11-04.02.30:448][ 67]LogFbx: 		[Node 1] 10 (Type Skin).
[2014.12.11-04.02.30:448][ 67]LogFbx: =================================================
[2014.12.11-04.02.30:448][ 67]LogFbx: 	Attribute () Type (4).
[2014.12.11-04.02.30:448][ 67]LogFbx: 		[Node Attribute Child 1] BodyAndHair (Type Mesh).
[2014.12.11-04.02.30:448][ 67]LogFbx: Dumping Node END [BodyAndHair]
[2014.12.11-04.02.30:448][ 67]LogFbx: =================================================
[2014.12.11-04.02.30:448][ 67]LogFbx: Dumping Node START [BatteryBoy_Head] 
[2014.12.11-04.02.30:448][ 67]LogFbx: 	Total Deformer Count 764395440.
[2014.12.11-04.02.30:448][ 67]LogFbx: 		[Node 1]  (Type Skin).
[2014.12.11-04.02.30:448][ 67]LogFbx: =================================================
[2014.12.11-04.02.30:448][ 67]LogFbx: 	Attribute () Type (4).
[2014.12.11-04.02.30:448][ 67]LogFbx: 		[Node Attribute Child 1] BatteryBoy_Head (Type Mesh).
[2014.12.11-04.02.30:448][ 67]LogFbx: Dumping Node END [BatteryBoy_Head]
[2014.12.11-04.02.30:448][ 67]LogFbx: =================================================
[2014.12.11-04.02.30:448][ 67]LogFbx: Dumping Node START [Eyes_Geo] 
[2014.12.11-04.02.30:448][ 67]LogFbx: 	Total Deformer Count 232480168.
[2014.12.11-04.02.30:448][ 67]LogFbx: 		[Node 1] 5 (Type Skin).
[2014.12.11-04.02.30:448][ 67]LogFbx: =================================================
[2014.12.11-04.02.30:448][ 67]LogFbx: 	Attribute () Type (4).
[2014.12.11-04.02.30:448][ 67]LogFbx: 		[Node Attribute Child 1] Eyes_Geo (Type Mesh).
[2014.12.11-04.02.30:448][ 67]LogFbx: Dumping Node END [Eyes_Geo]
[2014.12.11-04.02.30:448][ 67]LogFbx: =================================================
[2014.12.11-04.02.30:448][ 67]LogFbx: Dumping Node START [EyeSpec_Geo] 
[2014.12.11-04.02.30:448][ 67]LogFbx: 	Total Deformer Count 747391872.
[2014.12.11-04.02.30:448][ 67]LogFbx: 		[Node 1] 6 (Type Skin).
[2014.12.11-04.02.30:448][ 67]LogFbx: =================================================
[2014.12.11-04.02.30:448][ 67]LogFbx: 	Attribute () Type (4).
[2014.12.11-04.02.30:448][ 67]LogFbx: 		[Node Attribute Child 1] EyeSpec_Geo (Type Mesh).
[2014.12.11-04.02.30:448][ 67]LogFbx: Dumping Node END [EyeSpec_Geo]
[2014.12.11-04.02.30:448][ 67]LogFbx: =================================================
[2014.12.11-04.02.30:448][ 67]LogFbx: Dumping Node START [TeethTongue] 
[2014.12.11-04.02.30:448][ 67]LogFbx: 	Total Deformer Count 747391872.
[2014.12.11-04.02.30:448][ 67]LogFbx: 		[Node 1] 9 (Type Skin).
[2014.12.11-04.02.30:448][ 67]LogFbx: =================================================
[2014.12.11-04.02.30:448][ 67]LogFbx: 	Attribute () Type (4).
[2014.12.11-04.02.30:448][ 67]LogFbx: 		[Node Attribute Child 1] TeethTongue (Type Mesh).
[2014.12.11-04.02.30:448][ 67]LogFbx: Dumping Node END [TeethTongue]
[2014.12.11-04.02.30:448][ 67]LogFbx: =================================================
[2014.12.11-04.02.30:448][ 67]LogFbx: Dumping Node START [BodyAndHair] 
[2014.12.11-04.02.30:448][ 67]LogFbx: 	Total Deformer Count 747391872.
[2014.12.11-04.02.30:448][ 67]LogFbx: 		[Node 1] 10 (Type Skin).
[2014.12.11-04.02.30:448][ 67]LogFbx: =================================================
[2014.12.11-04.02.30:448][ 67]LogFbx: 	Attribute () Type (4).
[2014.12.11-04.02.30:448][ 67]LogFbx: 		[Node Attribute Child 1] BodyAndHair (Type Mesh).
[2014.12.11-04.02.30:448][ 67]LogFbx: Dumping Node END [BodyAndHair]
[2014.12.11-04.02.30:449][ 67]LogFbx: =================================================
[2014.12.11-04.02.30:449][ 67]LogFbx: Dumping Node START [BatteryBoy_Head] 
[2014.12.11-04.02.30:449][ 67]LogFbx: 	Total Deformer Count 764395440.
[2014.12.11-04.02.30:449][ 67]LogFbx: 		[Node 1]  (Type Skin).
[2014.12.11-04.02.30:449][ 67]LogFbx: =================================================
[2014.12.11-04.02.30:449][ 67]LogFbx: 	Attribute () Type (4).
[2014.12.11-04.02.30:449][ 67]LogFbx: 		[Node Attribute Child 1] BatteryBoy_Head (Type Mesh).
[2014.12.11-04.02.30:449][ 67]LogFbx: Dumping Node END [BatteryBoy_Head]
[2014.12.11-04.02.30:449][ 67]LogFbx: =================================================
[2014.12.11-04.02.30:449][ 67]LogFbx: Dumping Node START [Eyes_Geo] 
[2014.12.11-04.02.30:449][ 67]LogFbx: 	Total Deformer Count 232480168.
[2014.12.11-04.02.30:449][ 67]LogFbx: 		[Node 1] 5 (Type Skin).
[2014.12.11-04.02.30:449][ 67]LogFbx: =================================================
[2014.12.11-04.02.30:449][ 67]LogFbx: 	Attribute () Type (4).
[2014.12.11-04.02.30:449][ 67]LogFbx: 		[Node Attribute Child 1] Eyes_Geo (Type Mesh).
[2014.12.11-04.02.30:449][ 67]LogFbx: Dumping Node END [Eyes_Geo]
[2014.12.11-04.02.30:449][ 67]LogFbx: =================================================
[2014.12.11-04.02.30:449][ 67]LogFbx: Dumping Node START [EyeSpec_Geo] 
[2014.12.11-04.02.30:449][ 67]LogFbx: 	Total Deformer Count 747397312.
[2014.12.11-04.02.30:449][ 67]LogFbx: 		[Node 1] 6 (Type Skin).
[2014.12.11-04.02.30:449][ 67]LogFbx: =================================================
[2014.12.11-04.02.30:449][ 67]LogFbx: 	Attribute () Type (4).
[2014.12.11-04.02.30:449][ 67]LogFbx: 		[Node Attribute Child 1] EyeSpec_Geo (Type Mesh).
[2014.12.11-04.02.30:449][ 67]LogFbx: Dumping Node END [EyeSpec_Geo]
[2014.12.11-04.02.30:449][ 67]LogFbx: =================================================
[2014.12.11-04.02.30:449][ 67]LogFbx: Dumping Node START [TeethTongue] 
[2014.12.11-04.02.30:449][ 67]LogFbx: 	Total Deformer Count 747397312.
[2014.12.11-04.02.30:449][ 67]LogFbx: 		[Node 1] 9 (Type Skin).
[2014.12.11-04.02.30:449][ 67]LogFbx: =================================================
[2014.12.11-04.02.30:449][ 67]LogFbx: 	Attribute () Type (4).
[2014.12.11-04.02.30:449][ 67]LogFbx: 		[Node Attribute Child 1] TeethTongue (Type Mesh).
[2014.12.11-04.02.30:449][ 67]LogFbx: Dumping Node END [TeethTongue]
[2014.12.11-04.02.30:449][ 67]LogFbx: =================================================
[2014.12.11-04.02.30:449][ 67]LogFbx: Dumping Node START [BodyAndHair] 
[2014.12.11-04.02.30:449][ 67]LogFbx: 	Total Deformer Count 747397312.
[2014.12.11-04.02.30:449][ 67]LogFbx: 		[Node 1] 10 (Type Skin).
[2014.12.11-04.02.30:449][ 67]LogFbx: =================================================
[2014.12.11-04.02.30:449][ 67]LogFbx: 	Attribute () Type (4).
[2014.12.11-04.02.30:449][ 67]LogFbx: 		[Node Attribute Child 1] BodyAndHair (Type Mesh).
[2014.12.11-04.02.30:449][ 67]LogFbx: Dumping Node END [BodyAndHair]
[2014.12.11-04.02.30:454][ 67]LogFbx:Warning: Not valid bind pose for Pose (skinCluster1) - Node BatteryBoy_Head : The relative matrices do not match
[2014.12.11-04.02.30:454][ 67]LogFbx:Warning: Not valid bind pose for Pose (skinCluster1) - Node Eyes_Geo : The relative matrices do not match
[2014.12.11-04.02.30:454][ 67]LogFbx:Warning: Not valid bind pose for Pose (skinCluster1) - Node EyeSpec_Geo : The relative matrices do not match
[2014.12.11-04.02.30:454][ 67]LogFbx:Warning: Not valid bind pose for Pose (skinCluster1) - Node TeethTongue : The relative matrices do not match
[2014.12.11-04.02.30:454][ 67]LogFbx:Warning: Not valid bind pose for Pose (skinCluster1) - Node BodyAndHair : The relative matrices do not match
[2014.12.11-04.02.30:454][ 67]LogFbx: Valid bind pose for Pose (skinCluster2) - BatteryBoy_Head
[2014.12.11-04.02.30:454][ 67]LogFbx: Valid bind pose for Pose (skinCluster3) - BatteryBoy_Head
[2014.12.11-04.02.30:454][ 67]LogFbx: Valid bind pose for Pose (skinCluster4) - BatteryBoy_Head
[2014.12.11-04.02.30:454][ 67]LogFbx: Valid bind pose for Pose (skinCluster5) - BatteryBoy_Head
[2014.12.11-04.02.30:454][ 67]LogFbx: Valid bind pose for Pose (skinCluster6) - BatteryBoy_Head
[2014.12.11-04.02.30:454][ 67]LogFbx: Valid bind pose for Pose (skinCluster7) - BatteryBoy_Head
[2014.12.11-04.02.30:455][ 67]LogFbx: Valid bind pose for Pose (skinCluster8) - BatteryBoy_Head
[2014.12.11-04.02.30:455][ 67]LogFbx: Valid bind pose for Pose (skinCluster9) - BatteryBoy_Head
[2014.12.11-04.02.30:455][ 67]LogFbx:Warning: Not valid bind pose for Pose (skinCluster10) - Node BatteryBoy_Head : The relative matrices do not match
[2014.12.11-04.02.30:455][ 67]LogFbx:Warning: Not valid bind pose for Pose (skinCluster10) - Node Eyes_Geo : The relative matrices do not match
[2014.12.11-04.02.30:455][ 67]LogFbx:Warning: Not valid bind pose for Pose (skinCluster10) - Node EyeSpec_Geo : The relative matrices do not match
[2014.12.11-04.02.30:456][ 67]LogFbx:Warning: Not valid bind pose for Pose (skinCluster10) - Node TeethTongue : The relative matrices do not match
[2014.12.11-04.02.30:456][ 67]LogFbx:Warning: Not valid bind pose for Pose (skinCluster10) - Node BodyAndHair : The relative matrices do not match
[2014.12.11-04.02.30:457][ 67]LogFbx:Warning: Not valid bind pose for Pose (skinCluster11) - Node BatteryBoy_Head : The relative matrices do not match
[2014.12.11-04.02.30:458][ 67]LogFbx:Warning: Not valid bind pose for Pose (skinCluster11) - Node Eyes_Geo : The relative matrices do not match
[2014.12.11-04.02.30:460][ 67]LogFbx:Warning: Not valid bind pose for Pose (skinCluster11) - Node EyeSpec_Geo : The relative matrices do not match
[2014.12.11-04.02.30:461][ 67]LogFbx:Warning: Not valid bind pose for Pose (skinCluster11) - Node TeethTongue : The relative matrices do not match
[2014.12.11-04.02.30:462][ 67]LogFbx:Warning: Not valid bind pose for Pose (skinCluster11) - Node BodyAndHair : The relative matrices do not match
[2014.12.11-04.02.30:476][ 67]LogFbx: Triangulating skeletal mesh BatteryBoy_Head
[2014.12.11-04.02.32:297][ 67]LogFbx: Triangulating skeletal mesh Eyes_Geo
[2014.12.11-04.02.32:670][ 67]LogFbx: Triangulating skeletal mesh EyeSpec_Geo
[2014.12.11-04.02.33:027][ 67]LogFbx: Triangulating skeletal mesh TeethTongue
[2014.12.11-04.02.33:712][ 67]LogFbx: Triangulating skeletal mesh BodyAndHair
[2014.12.11-04.02.37:310][ 67]LogFbx:Warning: Bones digested - 86  Depth of hierarchy - 12
[2014.12.11-04.02.40:279][ 67]LogSkeletalMesh: Chunk 0: 11245 rigid vertices, 7816 soft vertices, 70 active bones
[2014.12.11-04.02.40:326][ 67]LogSkeletalMesh: Section 0: Material=0, Chunk=0, 31713 triangles
[2014.12.11-04.02.40:332][ 67]LogLinker:Warning: Can't find file '/Game/Architecture/_Blank_Sam_PhysicsAsset'
[2014.12.11-04.02.40:332][ 67]LogUObjectGlobals:Warning: Failed to find object 'Object /Game/Architecture/_Blank_Sam_PhysicsAsset._Blank_Sam_PhysicsAsset'
[2014.12.11-04.02.40:337][ 67]LogLinker:Warning: Can't find file '/Game/Architecture/_Blank_Sam_Skeleton'
[2014.12.11-04.02.40:337][ 67]LogUObjectGlobals:Warning: Failed to find object 'Object /Game/Architecture/_Blank_Sam_Skeleton._Blank_Sam_Skeleton'
[2014.12.11-04.02.40:348][ 67]FBXImport:Warning: Warning Warning: The following bones are missing from the bind pose.  This can happen for bones that are not vert weighted.  If they are not in the correct orientation after importing, please set the "Use T0 as ref pose" option or add them to the bind pose and reimport the skeletal mesh 

LeftHandRing1  
LeftHandRing2  
LeftHandRing3  
LeftHandPinky1  
LeftHandPinky2  
LeftHandPinky3  
LeftHandMiddle1  
LeftHandMiddle2  
LeftHandMiddle3  
LeftHandIndex1  
LeftHandIndex2  
LeftHandIndex3  
LeftHandThumb1  
LeftHandThumb2  
LeftHandThumb3  
 
[2014.12.11-04.02.40:358][ 67]LogContentBrowser:Verbose: The content browser source was changed by the sources view to 'None'
[2014.12.11-04.02.40:358][ 67]LogContentBrowser:Verbose: The content browser source was changed by the sources view to '/Game/Architecture'
[2014.12.11-04.02.54:918][335]LogFactory: FactoryCreateBinary: StaticMesh with FbxFactory (0 0 E:/Scene_1-2_Sam.fbx)
[2014.12.11-04.02.54:928][335]LogFbx: ItemName: GlobalSettings, ItemCount : 1
[2014.12.11-04.02.54:928][335]LogFbx: ItemName: AnimationStack, ItemCount : 1
[2014.12.11-04.02.54:928][335]LogFbx: ItemName: AnimationLayer, ItemCount : 2
[2014.12.11-04.02.54:928][335]LogFbx: ItemName: NodeAttribute, ItemCount : 88
[2014.12.11-04.02.54:928][335]LogFbx: ItemName: Model, ItemCount : 95
[2014.12.11-04.02.54:928][335]LogFbx: ItemName: Geometry, ItemCount : 7
[2014.12.11-04.02.54:928][335]LogFbx: ItemName: Material, ItemCount : 1
[2014.12.11-04.02.54:928][335]LogFbx: ItemName: AnimationCurveNode, ItemCount : 337
[2014.12.11-04.02.54:928][335]LogFbx: ItemName: AnimationCurve, ItemCount : 318
[2014.12.11-04.02.54:928][335]LogFbx: ItemName: Pose, ItemCount : 7
[2014.12.11-04.02.54:928][335]LogFbx: ItemName: Deformer, ItemCount : 111
[2014.12.11-04.03.06:334][335]LogFbx: Loading FBX Scene from E:/Scene_1-2_Sam.fbx
[2014.12.11-04.03.06:452][335]LogFbx: FBX Scene Loaded Succesfully
[2014.12.11-04.03.06:463][335]LogFbx: =================================================
[2014.12.11-04.03.06:463][335]LogFbx: Dumping Node START [Meter_Charged_GEO] 
[2014.12.11-04.03.06:463][335]LogFbx: 	Total Deformer Count 459220656.
[2014.12.11-04.03.06:463][335]LogFbx: 		[Node 1]  (Type Skin).
[2014.12.11-04.03.06:463][335]LogFbx: =================================================
[2014.12.11-04.03.06:463][335]LogFbx: 	Attribute () Type (4).
[2014.12.11-04.03.06:463][335]LogFbx: 		[Node Attribute Child 1] Meter_Charged_GEO (Type Mesh).
[2014.12.11-04.03.06:463][335]LogFbx: Dumping Node END [Meter_Charged_GEO]
[2014.12.11-04.03.06:463][335]LogFbx: =================================================
[2014.12.11-04.03.06:463][335]LogFbx: Dumping Node START [Meter_Low_GEO] 
[2014.12.11-04.03.06:463][335]LogFbx: 	Total Deformer Count 459220656.
[2014.12.11-04.03.06:464][335]LogFbx: 		[Node 1]  (Type Skin).
[2014.12.11-04.03.06:464][335]LogFbx: =================================================
[2014.12.11-04.03.06:464][335]LogFbx: 	Attribute () Type (4).
[2014.12.11-04.03.06:464][335]LogFbx: 		[Node Attribute Child 1] Meter_Low_GEO (Type Mesh).
[2014.12.11-04.03.06:464][335]LogFbx: Dumping Node END [Meter_Low_GEO]
[2014.12.11-04.03.06:464][335]LogFbx: =================================================
[2014.12.11-04.03.06:464][335]LogFbx: Dumping Node START [BatteryBoy_Head] 
[2014.12.11-04.03.06:464][335]LogFbx: 	Total Deformer Count 459221616.
[2014.12.11-04.03.06:464][335]LogFbx: 		[Node 1]  (Type Skin).
[2014.12.11-04.03.06:464][335]LogFbx: =================================================
[2014.12.11-04.03.06:464][335]LogFbx: 	Attribute () Type (4).
[2014.12.11-04.03.06:464][335]LogFbx: 		[Node Attribute Child 1] BatteryBoy_Head (Type Mesh).
[2014.12.11-04.03.06:464][335]LogFbx: Dumping Node END [BatteryBoy_Head]
[2014.12.11-04.03.06:464][335]LogFbx: =================================================
[2014.12.11-04.03.06:464][335]LogFbx: Dumping Node START [Eyes_Geo] 
[2014.12.11-04.03.06:464][335]LogFbx: 	Total Deformer Count 298344744.
[2014.12.11-04.03.06:464][335]LogFbx: 		[Node 1]  (Type Skin).
[2014.12.11-04.03.06:464][335]LogFbx: =================================================
[2014.12.11-04.03.06:464][335]LogFbx: 	Attribute () Type (4).
[2014.12.11-04.03.06:464][335]LogFbx: 		[Node Attribute Child 1] Eyes_Geo (Type Mesh).
[2014.12.11-04.03.06:464][335]LogFbx: Dumping Node END [Eyes_Geo]
[2014.12.11-04.03.06:464][335]LogFbx: =================================================
[2014.12.11-04.03.06:464][335]LogFbx: Dumping Node START [EyeSpec_Geo] 
[2014.12.11-04.03.06:464][335]LogFbx: 	Total Deformer Count 889752192.
[2014.12.11-04.03.06:464][335]LogFbx: 		[Node 1]  (Type Skin).
[2014.12.11-04.03.06:464][335]LogFbx: =================================================
[2014.12.11-04.03.06:464][335]LogFbx: 	Attribute () Type (4).
[2014.12.11-04.03.06:464][335]LogFbx: 		[Node Attribute Child 1] EyeSpec_Geo (Type Mesh).
[2014.12.11-04.03.06:464][335]LogFbx: Dumping Node END [EyeSpec_Geo]
[2014.12.11-04.03.06:464][335]LogFbx: =================================================
[2014.12.11-04.03.06:464][335]LogFbx: Dumping Node START [TeethTongue] 
[2014.12.11-04.03.06:464][335]LogFbx: 	Total Deformer Count 889752192.
[2014.12.11-04.03.06:464][335]LogFbx: 		[Node 1]  (Type Skin).
[2014.12.11-04.03.06:464][335]LogFbx: =================================================
[2014.12.11-04.03.06:464][335]LogFbx: 	Attribute () Type (4).
[2014.12.11-04.03.06:464][335]LogFbx: 		[Node Attribute Child 1] TeethTongue (Type Mesh).
[2014.12.11-04.03.06:464][335]LogFbx: Dumping Node END [TeethTongue]
[2014.12.11-04.03.06:464][335]LogFbx: =================================================
[2014.12.11-04.03.06:464][335]LogFbx: Dumping Node START [BodyAndHair] 
[2014.12.11-04.03.06:464][335]LogFbx: 	Total Deformer Count 889752192.
[2014.12.11-04.03.06:464][335]LogFbx: 		[Node 1]  (Type Skin).
[2014.12.11-04.03.06:464][335]LogFbx: =================================================
[2014.12.11-04.03.06:464][335]LogFbx: 	Attribute () Type (4).
[2014.12.11-04.03.06:464][335]LogFbx: 		[Node Attribute Child 1] BodyAndHair (Type Mesh).
[2014.12.11-04.03.06:464][335]LogFbx: Dumping Node END [BodyAndHair]
[2014.12.11-04.03.06:464][335]LogFbx: =================================================
[2014.12.11-04.03.06:464][335]LogFbx: Dumping Node START [Meter_Charged_GEO] 
[2014.12.11-04.03.06:464][335]LogFbx: 	Total Deformer Count 459220656.
[2014.12.11-04.03.06:464][335]LogFbx: 		[Node 1]  (Type Skin).
[2014.12.11-04.03.06:464][335]LogFbx: =================================================
[2014.12.11-04.03.06:464][335]LogFbx: 	Attribute () Type (4).
[2014.12.11-04.03.06:464][335]LogFbx: 		[Node Attribute Child 1] Meter_Charged_GEO (Type Mesh).
[2014.12.11-04.03.06:464][335]LogFbx: Dumping Node END [Meter_Charged_GEO]
[2014.12.11-04.03.06:464][335]LogFbx: =================================================
[2014.12.11-04.03.06:464][335]LogFbx: Dumping Node START [Meter_Low_GEO] 
[2014.12.11-04.03.06:464][335]LogFbx: 	Total Deformer Count 459220656.
[2014.12.11-04.03.06:464][335]LogFbx: 		[Node 1]  (Type Skin).
[2014.12.11-04.03.06:464][335]LogFbx: =================================================
[2014.12.11-04.03.06:464][335]LogFbx: 	Attribute () Type (4).
[2014.12.11-04.03.06:464][335]LogFbx: 		[Node Attribute Child 1] Meter_Low_GEO (Type Mesh).
[2014.12.11-04.03.06:464][335]LogFbx: Dumping Node END [Meter_Low_GEO]
[2014.12.11-04.03.06:464][335]LogFbx: =================================================
[2014.12.11-04.03.06:464][335]LogFbx: Dumping Node START [Meter_Charged_GEO] 
[2014.12.11-04.03.06:464][335]LogFbx: 	Total Deformer Count 459221616.
[2014.12.11-04.03.06:464][335]LogFbx: 		[Node 1]  (Type Skin).
[2014.12.11-04.03.06:464][335]LogFbx: =================================================
[2014.12.11-04.03.06:464][335]LogFbx: 	Attribute () Type (4).
[2014.12.11-04.03.06:464][335]LogFbx: 		[Node Attribute Child 1] Meter_Charged_GEO (Type Mesh).
[2014.12.11-04.03.06:464][335]LogFbx: Dumping Node END [Meter_Charged_GEO]
[2014.12.11-04.03.06:464][335]LogFbx: =================================================
[2014.12.11-04.03.06:464][335]LogFbx: Dumping Node START [Meter_Low_GEO] 
[2014.12.11-04.03.06:464][335]LogFbx: 	Total Deformer Count 459221616.
[2014.12.11-04.03.06:464][335]LogFbx: 		[Node 1]  (Type Skin).
[2014.12.11-04.03.06:464][335]LogFbx: =================================================
[2014.12.11-04.03.06:464][335]LogFbx: 	Attribute () Type (4).
[2014.12.11-04.03.06:464][335]LogFbx: 		[Node Attribute Child 1] Meter_Low_GEO (Type Mesh).
[2014.12.11-04.03.06:464][335]LogFbx: Dumping Node END [Meter_Low_GEO]
[2014.12.11-04.03.06:464][335]LogFbx: =================================================
[2014.12.11-04.03.06:464][335]LogFbx: Dumping Node START [BatteryBoy_Head] 
[2014.12.11-04.03.06:464][335]LogFbx: 	Total Deformer Count 459221616.
[2014.12.11-04.03.06:464][335]LogFbx: 		[Node 1]  (Type Skin).
[2014.12.11-04.03.06:464][335]LogFbx: =================================================
[2014.12.11-04.03.06:464][335]LogFbx: 	Attribute () Type (4).
[2014.12.11-04.03.06:464][335]LogFbx: 		[Node Attribute Child 1] BatteryBoy_Head (Type Mesh).
[2014.12.11-04.03.06:464][335]LogFbx: Dumping Node END [BatteryBoy_Head]
[2014.12.11-04.03.06:464][335]LogFbx: =================================================
[2014.12.11-04.03.06:464][335]LogFbx: Dumping Node START [Eyes_Geo] 
[2014.12.11-04.03.06:464][335]LogFbx: 	Total Deformer Count 298337072.
[2014.12.11-04.03.06:464][335]LogFbx: 		[Node 1]  (Type Skin).
[2014.12.11-04.03.06:464][335]LogFbx: =================================================
[2014.12.11-04.03.06:464][335]LogFbx: 	Attribute () Type (4).
[2014.12.11-04.03.06:465][335]LogFbx: 		[Node Attribute Child 1] Eyes_Geo (Type Mesh).
[2014.12.11-04.03.06:465][335]LogFbx: Dumping Node END [Eyes_Geo]
[2014.12.11-04.03.06:465][335]LogFbx: =================================================
[2014.12.11-04.03.06:465][335]LogFbx: Dumping Node START [EyeSpec_Geo] 
[2014.12.11-04.03.06:465][335]LogFbx: 	Total Deformer Count 889752192.
[2014.12.11-04.03.06:465][335]LogFbx: 		[Node 1]  (Type Skin).
[2014.12.11-04.03.06:465][335]LogFbx: =================================================
[2014.12.11-04.03.06:465][335]LogFbx: 	Attribute () Type (4).
[2014.12.11-04.03.06:465][335]LogFbx: 		[Node Attribute Child 1] EyeSpec_Geo (Type Mesh).
[2014.12.11-04.03.06:465][335]LogFbx: Dumping Node END [EyeSpec_Geo]
[2014.12.11-04.03.06:465][335]LogFbx: =================================================
[2014.12.11-04.03.06:465][335]LogFbx: Dumping Node START [TeethTongue] 
[2014.12.11-04.03.06:465][335]LogFbx: 	Total Deformer Count 889752192.
[2014.12.11-04.03.06:465][335]LogFbx: 		[Node 1]  (Type Skin).
[2014.12.11-04.03.06:465][335]LogFbx: =================================================
[2014.12.11-04.03.06:465][335]LogFbx: 	Attribute () Type (4).
[2014.12.11-04.03.06:465][335]LogFbx: 		[Node Attribute Child 1] TeethTongue (Type Mesh).
[2014.12.11-04.03.06:465][335]LogFbx: Dumping Node END [TeethTongue]
[2014.12.11-04.03.06:465][335]LogFbx: =================================================
[2014.12.11-04.03.06:465][335]LogFbx: Dumping Node START [BodyAndHair] 
[2014.12.11-04.03.06:465][335]LogFbx: 	Total Deformer Count 889752192.
[2014.12.11-04.03.06:465][335]LogFbx: 		[Node 1]  (Type Skin).
[2014.12.11-04.03.06:465][335]LogFbx: =================================================
[2014.12.11-04.03.06:465][335]LogFbx: 	Attribute () Type (4).
[2014.12.11-04.03.06:465][335]LogFbx: 		[Node Attribute Child 1] BodyAndHair (Type Mesh).
[2014.12.11-04.03.06:465][335]LogFbx: Dumping Node END [BodyAndHair]
[2014.12.11-04.03.06:465][335]LogFbx: =================================================
[2014.12.11-04.03.06:465][335]LogFbx: Dumping Node START [BatteryBoy_Head] 
[2014.12.11-04.03.06:465][335]LogFbx: 	Total Deformer Count 459221616.
[2014.12.11-04.03.06:465][335]LogFbx: 		[Node 1]  (Type Skin).
[2014.12.11-04.03.06:465][335]LogFbx: =================================================
[2014.12.11-04.03.06:465][335]LogFbx: 	Attribute () Type (4).
[2014.12.11-04.03.06:465][335]LogFbx: 		[Node Attribute Child 1] BatteryBoy_Head (Type Mesh).
[2014.12.11-04.03.06:465][335]LogFbx: Dumping Node END [BatteryBoy_Head]
[2014.12.11-04.03.06:465][335]LogFbx: =================================================
[2014.12.11-04.03.06:465][335]LogFbx: Dumping Node START [Eyes_Geo] 
[2014.12.11-04.03.06:465][335]LogFbx: 	Total Deformer Count 298337072.
[2014.12.11-04.03.06:465][335]LogFbx: 		[Node 1]  (Type Skin).
[2014.12.11-04.03.06:465][335]LogFbx: =================================================
[2014.12.11-04.03.06:465][335]LogFbx: 	Attribute () Type (4).
[2014.12.11-04.03.06:465][335]LogFbx: 		[Node Attribute Child 1] Eyes_Geo (Type Mesh).
[2014.12.11-04.03.06:465][335]LogFbx: Dumping Node END [Eyes_Geo]
[2014.12.11-04.03.06:465][335]LogFbx: =================================================
[2014.12.11-04.03.06:465][335]LogFbx: Dumping Node START [EyeSpec_Geo] 
[2014.12.11-04.03.06:465][335]LogFbx: 	Total Deformer Count 889752256.
[2014.12.11-04.03.06:465][335]LogFbx: 		[Node 1]  (Type Skin).
[2014.12.11-04.03.06:465][335]LogFbx: =================================================
[2014.12.11-04.03.06:465][335]LogFbx: 	Attribute () Type (4).
[2014.12.11-04.03.06:465][335]LogFbx: 		[Node Attribute Child 1] EyeSpec_Geo (Type Mesh).
[2014.12.11-04.03.06:465][335]LogFbx: Dumping Node END [EyeSpec_Geo]
[2014.12.11-04.03.06:465][335]LogFbx: =================================================
[2014.12.11-04.03.06:465][335]LogFbx: Dumping Node START [TeethTongue] 
[2014.12.11-04.03.06:465][335]LogFbx: 	Total Deformer Count 889752256.
[2014.12.11-04.03.06:465][335]LogFbx: 		[Node 1]  (Type Skin).
[2014.12.11-04.03.06:465][335]LogFbx: =================================================
[2014.12.11-04.03.06:465][335]LogFbx: 	Attribute () Type (4).
[2014.12.11-04.03.06:465][335]LogFbx: 		[Node Attribute Child 1] TeethTongue (Type Mesh).
[2014.12.11-04.03.06:465][335]LogFbx: Dumping Node END [TeethTongue]
[2014.12.11-04.03.06:465][335]LogFbx: =================================================
[2014.12.11-04.03.06:465][335]LogFbx: Dumping Node START [BodyAndHair] 
[2014.12.11-04.03.06:465][335]LogFbx: 	Total Deformer Count 889752256.
[2014.12.11-04.03.06:465][335]LogFbx: 		[Node 1]  (Type Skin).
[2014.12.11-04.03.06:465][335]LogFbx: =================================================
[2014.12.11-04.03.06:465][335]LogFbx: 	Attribute () Type (4).
[2014.12.11-04.03.06:465][335]LogFbx: 		[Node Attribute Child 1] BodyAndHair (Type Mesh).
[2014.12.11-04.03.06:465][335]LogFbx: Dumping Node END [BodyAndHair]
[2014.12.11-04.03.06:469][335]LogFbx: Valid bind pose for Pose (skinCluster1) - Meter_Charged_GEO
[2014.12.11-04.03.06:469][335]LogFbx: Valid bind pose for Pose (skinCluster2) - Meter_Charged_GEO
[2014.12.11-04.03.06:469][335]LogFbx:Warning: Not valid bind pose for Pose (skinCluster3) - Node Meter_Charged_GEO : The relative matrices do not match
[2014.12.11-04.03.06:469][335]LogFbx:Warning: Not valid bind pose for Pose (skinCluster3) - Node Meter_Low_GEO : The relative matrices do not match
[2014.12.11-04.03.06:469][335]LogFbx:Warning: Not valid bind pose for Pose (skinCluster3) - Node BatteryBoy_Head : The relative matrices do not match
[2014.12.11-04.03.06:469][335]LogFbx:Warning: Not valid bind pose for Pose (skinCluster3) - Node Eyes_Geo : The relative matrices do not match
[2014.12.11-04.03.06:469][335]LogFbx:Warning: Not valid bind pose for Pose (skinCluster3) - Node EyeSpec_Geo : The relative matrices do not match
[2014.12.11-04.03.06:469][335]LogFbx:Warning: Not valid bind pose for Pose (skinCluster3) - Node TeethTongue : The relative matrices do not match
[2014.12.11-04.03.06:469][335]LogFbx:Warning: Not valid bind pose for Pose (skinCluster3) - Node BodyAndHair : The relative matrices do not match
[2014.12.11-04.03.06:470][335]LogFbx: Valid bind pose for Pose (skinCluster4) - Meter_Charged_GEO
[2014.12.11-04.03.06:470][335]LogFbx: Valid bind pose for Pose (skinCluster5) - Meter_Charged_GEO
[2014.12.11-04.03.06:470][335]LogFbx:Warning: Not valid bind pose for Pose (skinCluster6) - Node Meter_Charged_GEO : The relative matrices do not match
[2014.12.11-04.03.06:470][335]LogFbx:Warning: Not valid bind pose for Pose (skinCluster6) - Node Meter_Low_GEO : The relative matrices do not match
[2014.12.11-04.03.06:470][335]LogFbx:Warning: Not valid bind pose for Pose (skinCluster6) - Node BatteryBoy_Head : The relative matrices do not match
[2014.12.11-04.03.06:470][335]LogFbx:Warning: Not valid bind pose for Pose (skinCluster6) - Node Eyes_Geo : The relative matrices do not match
[2014.12.11-04.03.06:471][335]LogFbx:Warning: Not valid bind pose for Pose (skinCluster6) - Node EyeSpec_Geo : The relative matrices do not match
[2014.12.11-04.03.06:471][335]LogFbx:Warning: Not valid bind pose for Pose (skinCluster6) - Node TeethTongue : The relative matrices do not match
[2014.12.11-04.03.06:471][335]LogFbx:Warning: Not valid bind pose for Pose (skinCluster6) - Node BodyAndHair : The relative matrices do not match
[2014.12.11-04.03.06:472][335]LogFbx:Warning: Not valid bind pose for Pose (skinCluster7) - Node Meter_Charged_GEO : The relative matrices do not match
[2014.12.11-04.03.06:473][335]LogFbx:Warning: Not valid bind pose for Pose (skinCluster7) - Node Meter_Low_GEO : The relative matrices do not match
[2014.12.11-04.03.06:474][335]LogFbx:Warning: Not valid bind pose for Pose (skinCluster7) - Node BatteryBoy_Head : The relative matrices do not match
[2014.12.11-04.03.06:476][335]LogFbx:Warning: Not valid bind pose for Pose (skinCluster7) - Node Eyes_Geo : The relative matrices do not match
[2014.12.11-04.03.06:477][335]LogFbx:Warning: Not valid bind pose for Pose (skinCluster7) - Node EyeSpec_Geo : The relative matrices do not match
[2014.12.11-04.03.06:478][335]LogFbx:Warning: Not valid bind pose for Pose (skinCluster7) - Node TeethTongue : The relative matrices do not match
[2014.12.11-04.03.06:479][335]LogFbx:Warning: Not valid bind pose for Pose (skinCluster7) - Node BodyAndHair : The relative matrices do not match
[2014.12.11-04.03.06:481][335]LogLinker:Warning: Can't find file '/Game/Architecture/lambert1'
[2014.12.11-04.03.06:482][335]LogLinker:Warning: Can't find file '/Game/Architecture/lambert1'
[2014.12.11-04.03.06:482][335]LogUObjectGlobals:Warning: Failed to find object 'MaterialInterface /Game/Architecture/lambert1.lambert1'
[2014.12.11-04.03.06:491][335]LogMaterial: Missing cached shader map for material lambert1, compiling.
[2014.12.11-04.03.06:527][335]LogFbx: Triangulating skeletal mesh Meter_Charged_GEO
[2014.12.11-04.03.06:532][335]LogFbx: Triangulating skeletal mesh Meter_Low_GEO
[2014.12.11-04.03.06:559][335]LogFbx: Triangulating skeletal mesh BatteryBoy_Head
[2014.12.11-04.03.08:608][335]LogFbx: Triangulating skeletal mesh Eyes_Geo
[2014.12.11-04.03.08:985][335]LogFbx: Triangulating skeletal mesh EyeSpec_Geo
[2014.12.11-04.03.09:348][335]LogFbx: Triangulating skeletal mesh TeethTongue
[2014.12.11-04.03.10:026][335]LogFbx: Triangulating skeletal mesh BodyAndHair
[2014.12.11-04.03.13:707][335]LogFbx:Warning: Bones digested - 86  Depth of hierarchy - 12
[2014.12.11-04.03.16:744][335]LogSkeletalMesh: Chunk 0: 11459 rigid vertices, 7816 soft vertices, 70 active bones
[2014.12.11-04.03.16:791][335]LogSkeletalMesh: Section 0: Material=0, Chunk=0, 31831 triangles
[2014.12.11-04.03.16:797][335]LogLinker:Warning: Can't find file '/Game/Architecture/Scene_1-2_Sam_PhysicsAsset'
[2014.12.11-04.03.16:797][335]LogUObjectGlobals:Warning: Failed to find object 'Object /Game/Architecture/Scene_1-2_Sam_PhysicsAsset.Scene_1-2_Sam_PhysicsAsset'
[2014.12.11-04.03.16:802][335]LogLinker:Warning: Can't find file '/Game/Architecture/Scene_1-2_Sam_Skeleton'
[2014.12.11-04.03.16:802][335]LogUObjectGlobals:Warning: Failed to find object 'Object /Game/Architecture/Scene_1-2_Sam_Skeleton.Scene_1-2_Sam_Skeleton'
[2014.12.11-04.03.16:808][335]LogFbx: =================================================
[2014.12.11-04.03.16:808][335]LogFbx: Dumping Node START [Meter_Charged_GEO] 
[2014.12.11-04.03.16:808][335]LogFbx: 	Total Deformer Count 869515024.
[2014.12.11-04.03.16:808][335]LogFbx: 		[Node 1]  (Type Skin).
[2014.12.11-04.03.16:808][335]LogFbx: =================================================
[2014.12.11-04.03.16:808][335]LogFbx: 	Attribute () Type (4).
[2014.12.11-04.03.16:808][335]LogFbx: 		[Node Attribute Child 1] Meter_Charged_GEO (Type Mesh).
[2014.12.11-04.03.16:808][335]LogFbx: Dumping Node END [Meter_Charged_GEO]
[2014.12.11-04.03.16:808][335]LogFbx: =================================================
[2014.12.11-04.03.16:808][335]LogFbx: Dumping Node START [Meter_Low_GEO] 
[2014.12.11-04.03.16:808][335]LogFbx: 	Total Deformer Count 869515024.
[2014.12.11-04.03.16:808][335]LogFbx: 		[Node 1]  (Type Skin).
[2014.12.11-04.03.16:808][335]LogFbx: =================================================
[2014.12.11-04.03.16:808][335]LogFbx: 	Attribute () Type (4).
[2014.12.11-04.03.16:808][335]LogFbx: 		[Node Attribute Child 1] Meter_Low_GEO (Type Mesh).
[2014.12.11-04.03.16:808][335]LogFbx: Dumping Node END [Meter_Low_GEO]
[2014.12.11-04.03.16:808][335]LogFbx: =================================================
[2014.12.11-04.03.16:808][335]LogFbx: Dumping Node START [BatteryBoy_Head] 
[2014.12.11-04.03.16:808][335]LogFbx: 	Total Deformer Count 869515104.
[2014.12.11-04.03.16:808][335]LogFbx: 		[Node 1]  (Type Skin).
[2014.12.11-04.03.16:808][335]LogFbx: =================================================
[2014.12.11-04.03.16:808][335]LogFbx: 	Attribute () Type (4).
[2014.12.11-04.03.16:808][335]LogFbx: 		[Node Attribute Child 1] BatteryBoy_Head (Type Mesh).
[2014.12.11-04.03.16:808][335]LogFbx: Dumping Node END [BatteryBoy_Head]
[2014.12.11-04.03.16:808][335]LogFbx: =================================================
[2014.12.11-04.03.16:808][335]LogFbx: Dumping Node START [Eyes_Geo] 
[2014.12.11-04.03.16:808][335]LogFbx: 	Total Deformer Count 759246520.
[2014.12.11-04.03.16:808][335]LogFbx: 		[Node 1]  (Type Skin).
[2014.12.11-04.03.16:808][335]LogFbx: =================================================
[2014.12.11-04.03.16:808][335]LogFbx: 	Attribute () Type (4).
[2014.12.11-04.03.16:808][335]LogFbx: 		[Node Attribute Child 1] Eyes_Geo (Type Mesh).
[2014.12.11-04.03.16:808][335]LogFbx: Dumping Node END [Eyes_Geo]
[2014.12.11-04.03.16:808][335]LogFbx: =================================================
[2014.12.11-04.03.16:808][335]LogFbx: Dumping Node START [EyeSpec_Geo] 
[2014.12.11-04.03.16:808][335]LogFbx: 	Total Deformer Count 227141952.
[2014.12.11-04.03.16:808][335]LogFbx: 		[Node 1]  (Type Skin).
[2014.12.11-04.03.16:808][335]LogFbx: =================================================
[2014.12.11-04.03.16:808][335]LogFbx: 	Attribute () Type (4).
[2014.12.11-04.03.16:808][335]LogFbx: 		[Node Attribute Child 1] EyeSpec_Geo (Type Mesh).
[2014.12.11-04.03.16:808][335]LogFbx: Dumping Node END [EyeSpec_Geo]
[2014.12.11-04.03.16:808][335]LogFbx: =================================================
[2014.12.11-04.03.16:808][335]LogFbx: Dumping Node START [TeethTongue] 
[2014.12.11-04.03.16:808][335]LogFbx: 	Total Deformer Count 227141952.
[2014.12.11-04.03.16:808][335]LogFbx: 		[Node 1]  (Type Skin).
[2014.12.11-04.03.16:808][335]LogFbx: =================================================
[2014.12.11-04.03.16:808][335]LogFbx: 	Attribute () Type (4).
[2014.12.11-04.03.16:808][335]LogFbx: 		[Node Attribute Child 1] TeethTongue (Type Mesh).
[2014.12.11-04.03.16:808][335]LogFbx: Dumping Node END [TeethTongue]
[2014.12.11-04.03.16:808][335]LogFbx: =================================================
[2014.12.11-04.03.16:808][335]LogFbx: Dumping Node START [BodyAndHair] 
[2014.12.11-04.03.16:808][335]LogFbx: 	Total Deformer Count 227141952.
[2014.12.11-04.03.16:808][335]LogFbx: 		[Node 1]  (Type Skin).
[2014.12.11-04.03.16:808][335]LogFbx: =================================================
[2014.12.11-04.03.16:808][335]LogFbx: 	Attribute () Type (4).
[2014.12.11-04.03.16:808][335]LogFbx: 		[Node Attribute Child 1] BodyAndHair (Type Mesh).
[2014.12.11-04.03.16:808][335]LogFbx: Dumping Node END [BodyAndHair]
[2014.12.11-04.03.16:808][335]LogFbx: =================================================
[2014.12.11-04.03.16:808][335]LogFbx: Dumping Node START [Meter_Charged_GEO] 
[2014.12.11-04.03.16:808][335]LogFbx: 	Total Deformer Count 869515024.
[2014.12.11-04.03.16:808][335]LogFbx: 		[Node 1]  (Type Skin).
[2014.12.11-04.03.16:808][335]LogFbx: =================================================
[2014.12.11-04.03.16:809][335]LogFbx: 	Attribute () Type (4).
[2014.12.11-04.03.16:809][335]LogFbx: 		[Node Attribute Child 1] Meter_Charged_GEO (Type Mesh).
[2014.12.11-04.03.16:809][335]LogFbx: Dumping Node END [Meter_Charged_GEO]
[2014.12.11-04.03.16:809][335]LogFbx: =================================================
[2014.12.11-04.03.16:809][335]LogFbx: Dumping Node START [Meter_Low_GEO] 
[2014.12.11-04.03.16:809][335]LogFbx: 	Total Deformer Count 869515024.
[2014.12.11-04.03.16:809][335]LogFbx: 		[Node 1]  (Type Skin).
[2014.12.11-04.03.16:809][335]LogFbx: =================================================
[2014.12.11-04.03.16:809][335]LogFbx: 	Attribute () Type (4).
[2014.12.11-04.03.16:809][335]LogFbx: 		[Node Attribute Child 1] Meter_Low_GEO (Type Mesh).
[2014.12.11-04.03.16:809][335]LogFbx: Dumping Node END [Meter_Low_GEO]
[2014.12.11-04.03.16:809][335]LogFbx: =================================================
[2014.12.11-04.03.16:809][335]LogFbx: Dumping Node START [Meter_Charged_GEO] 
[2014.12.11-04.03.16:809][335]LogFbx: 	Total Deformer Count 869515104.
[2014.12.11-04.03.16:809][335]LogFbx: 		[Node 1]  (Type Skin).
[2014.12.11-04.03.16:809][335]LogFbx: =================================================
[2014.12.11-04.03.16:809][335]LogFbx: 	Attribute () Type (4).
[2014.12.11-04.03.16:809][335]LogFbx: 		[Node Attribute Child 1] Meter_Charged_GEO (Type Mesh).
[2014.12.11-04.03.16:809][335]LogFbx: Dumping Node END [Meter_Charged_GEO]
[2014.12.11-04.03.16:809][335]LogFbx: =================================================
[2014.12.11-04.03.16:809][335]LogFbx: Dumping Node START [Meter_Low_GEO] 
[2014.12.11-04.03.16:809][335]LogFbx: 	Total Deformer Count 869515104.
[2014.12.11-04.03.16:809][335]LogFbx: 		[Node 1]  (Type Skin).
[2014.12.11-04.03.16:809][335]LogFbx: =================================================
[2014.12.11-04.03.16:809][335]LogFbx: 	Attribute () Type (4).
[2014.12.11-04.03.16:809][335]LogFbx: 		[Node Attribute Child 1] Meter_Low_GEO (Type Mesh).
[2014.12.11-04.03.16:809][335]LogFbx: Dumping Node END [Meter_Low_GEO]
[2014.12.11-04.03.16:809][335]LogFbx: =================================================
[2014.12.11-04.03.16:809][335]LogFbx: Dumping Node START [BatteryBoy_Head] 
[2014.12.11-04.03.16:809][335]LogFbx: 	Total Deformer Count 869515104.
[2014.12.11-04.03.16:809][335]LogFbx: 		[Node 1]  (Type Skin).
[2014.12.11-04.03.16:809][335]LogFbx: =================================================
[2014.12.11-04.03.16:809][335]LogFbx: 	Attribute () Type (4).
[2014.12.11-04.03.16:809][335]LogFbx: 		[Node Attribute Child 1] BatteryBoy_Head (Type Mesh).
[2014.12.11-04.03.16:809][335]LogFbx: Dumping Node END [BatteryBoy_Head]
[2014.12.11-04.03.16:809][335]LogFbx: =================================================
[2014.12.11-04.03.16:809][335]LogFbx: Dumping Node START [Eyes_Geo] 
[2014.12.11-04.03.16:809][335]LogFbx: 	Total Deformer Count 759245456.
[2014.12.11-04.03.16:809][335]LogFbx: 		[Node 1]  (Type Skin).
[2014.12.11-04.03.16:809][335]LogFbx: =================================================
[2014.12.11-04.03.16:809][335]LogFbx: 	Attribute () Type (4).
[2014.12.11-04.03.16:809][335]LogFbx: 		[Node Attribute Child 1] Eyes_Geo (Type Mesh).
[2014.12.11-04.03.16:809][335]LogFbx: Dumping Node END [Eyes_Geo]
[2014.12.11-04.03.16:809][335]LogFbx: =================================================
[2014.12.11-04.03.16:809][335]LogFbx: Dumping Node START [EyeSpec_Geo] 
[2014.12.11-04.03.16:809][335]LogFbx: 	Total Deformer Count 227141952.
[2014.12.11-04.03.16:809][335]LogFbx: 		[Node 1]  (Type Skin).
[2014.12.11-04.03.16:809][335]LogFbx: =================================================
[2014.12.11-04.03.16:809][335]LogFbx: 	Attribute () Type (4).
[2014.12.11-04.03.16:809][335]LogFbx: 		[Node Attribute Child 1] EyeSpec_Geo (Type Mesh).
[2014.12.11-04.03.16:809][335]LogFbx: Dumping Node END [EyeSpec_Geo]
[2014.12.11-04.03.16:809][335]LogFbx: =================================================
[2014.12.11-04.03.16:809][335]LogFbx: Dumping Node START [TeethTongue] 
[2014.12.11-04.03.16:809][335]LogFbx: 	Total Deformer Count 227141952.
[2014.12.11-04.03.16:809][335]LogFbx: 		[Node 1]  (Type Skin).
[2014.12.11-04.03.16:809][335]LogFbx: =================================================
[2014.12.11-04.03.16:809][335]LogFbx: 	Attribute () Type (4).
[2014.12.11-04.03.16:809][335]LogFbx: 		[Node Attribute Child 1] TeethTongue (Type Mesh).
[2014.12.11-04.03.16:809][335]LogFbx: Dumping Node END [TeethTongue]
[2014.12.11-04.03.16:809][335]LogFbx: =================================================
[2014.12.11-04.03.16:809][335]LogFbx: Dumping Node START [BodyAndHair] 
[2014.12.11-04.03.16:809][335]LogFbx: 	Total Deformer Count 227141952.
[2014.12.11-04.03.16:809][335]LogFbx: 		[Node 1]  (Type Skin).
[2014.12.11-04.03.16:809][335]LogFbx: =================================================
[2014.12.11-04.03.16:809][335]LogFbx: 	Attribute () Type (4).
[2014.12.11-04.03.16:809][335]LogFbx: 		[Node Attribute Child 1] BodyAndHair (Type Mesh).
[2014.12.11-04.03.16:809][335]LogFbx: Dumping Node END [BodyAndHair]
[2014.12.11-04.03.16:809][335]LogFbx: =================================================
[2014.12.11-04.03.16:809][335]LogFbx: Dumping Node START [BatteryBoy_Head] 
[2014.12.11-04.03.16:809][335]LogFbx: 	Total Deformer Count 869515104.
[2014.12.11-04.03.16:809][335]LogFbx: 		[Node 1]  (Type Skin).
[2014.12.11-04.03.16:809][335]LogFbx: =================================================
[2014.12.11-04.03.16:809][335]LogFbx: 	Attribute () Type (4).
[2014.12.11-04.03.16:809][335]LogFbx: 		[Node Attribute Child 1] BatteryBoy_Head (Type Mesh).
[2014.12.11-04.03.16:809][335]LogFbx: Dumping Node END [BatteryBoy_Head]
[2014.12.11-04.03.16:809][335]LogFbx: =================================================
[2014.12.11-04.03.16:809][335]LogFbx: Dumping Node START [Eyes_Geo] 
[2014.12.11-04.03.16:809][335]LogFbx: 	Total Deformer Count 759245456.
[2014.12.11-04.03.16:809][335]LogFbx: 		[Node 1]  (Type Skin).
[2014.12.11-04.03.16:809][335]LogFbx: =================================================
[2014.12.11-04.03.16:809][335]LogFbx: 	Attribute () Type (4).
[2014.12.11-04.03.16:809][335]LogFbx: 		[Node Attribute Child 1] Eyes_Geo (Type Mesh).
[2014.12.11-04.03.16:809][335]LogFbx: Dumping Node END [Eyes_Geo]
[2014.12.11-04.03.16:809][335]LogFbx: =================================================
[2014.12.11-04.03.16:809][335]LogFbx: Dumping Node START [EyeSpec_Geo] 
[2014.12.11-04.03.16:809][335]LogFbx: 	Total Deformer Count 227136192.
[2014.12.11-04.03.16:809][335]LogFbx: 		[Node 1]  (Type Skin).
[2014.12.11-04.03.16:809][335]LogFbx: =================================================
[2014.12.11-04.03.16:809][335]LogFbx: 	Attribute () Type (4).
[2014.12.11-04.03.16:809][335]LogFbx: 		[Node Attribute Child 1] EyeSpec_Geo (Type Mesh).
[2014.12.11-04.03.16:809][335]LogFbx: Dumping Node END [EyeSpec_Geo]
[2014.12.11-04.03.16:809][335]LogFbx: =================================================
[2014.12.11-04.03.16:809][335]LogFbx: Dumping Node START [TeethTongue] 
[2014.12.11-04.03.16:809][335]LogFbx: 	Total Deformer Count 227136192.
[2014.12.11-04.03.16:809][335]LogFbx: 		[Node 1]  (Type Skin).
[2014.12.11-04.03.16:809][335]LogFbx: =================================================
[2014.12.11-04.03.16:809][335]LogFbx: 	Attribute () Type (4).
[2014.12.11-04.03.16:809][335]LogFbx: 		[Node Attribute Child 1] TeethTongue (Type Mesh).
[2014.12.11-04.03.16:809][335]LogFbx: Dumping Node END [TeethTongue]
[2014.12.11-04.03.16:809][335]LogFbx: =================================================
[2014.12.11-04.03.16:809][335]LogFbx: Dumping Node START [BodyAndHair] 
[2014.12.11-04.03.16:809][335]LogFbx: 	Total Deformer Count 227136192.
[2014.12.11-04.03.16:810][335]LogFbx: 		[Node 1]  (Type Skin).
[2014.12.11-04.03.16:810][335]LogFbx: =================================================
[2014.12.11-04.03.16:810][335]LogFbx: 	Attribute () Type (4).
[2014.12.11-04.03.16:810][335]LogFbx: 		[Node Attribute Child 1] BodyAndHair (Type Mesh).
[2014.12.11-04.03.16:810][335]LogFbx: Dumping Node END [BodyAndHair]
[2014.12.11-04.03.16:811][335]LogFbx: SortedLinks :(0) Null
[2014.12.11-04.03.16:811][335]LogFbx: SortedLinks :(1) Hips
[2014.12.11-04.03.16:811][335]LogFbx: SortedLinks :(2) LeftUpLeg
[2014.12.11-04.03.16:811][335]LogFbx: SortedLinks :(3) LeftLeg
[2014.12.11-04.03.16:811][335]LogFbx: SortedLinks :(4) LeftFoot
[2014.12.11-04.03.16:811][335]LogFbx: SortedLinks :(5) LeftToeBase
[2014.12.11-04.03.16:811][335]LogFbx: SortedLinks :(6) RightUpLeg
[2014.12.11-04.03.16:811][335]LogFbx: SortedLinks :(7) RightLeg
[2014.12.11-04.03.16:811][335]LogFbx: SortedLinks :(8) RightFoot
[2014.12.11-04.03.16:811][335]LogFbx: SortedLinks :(9) RightToeBase
[2014.12.11-04.03.16:811][335]LogFbx: SortedLinks :(10) Spine
[2014.12.11-04.03.16:811][335]LogFbx: SortedLinks :(11) Spine1
[2014.12.11-04.03.16:811][335]LogFbx: SortedLinks :(12) Spine2
[2014.12.11-04.03.16:811][335]LogFbx: SortedLinks :(13) Neck
[2014.12.11-04.03.16:811][335]LogFbx: SortedLinks :(14) Head
[2014.12.11-04.03.16:811][335]LogFbx: SortedLinks :(15) Left_Eye_Joint
[2014.12.11-04.03.16:811][335]LogFbx: SortedLinks :(16) Right_Eye_Joint
[2014.12.11-04.03.16:811][335]LogFbx: SortedLinks :(17) Jaw_Joint
[2014.12.11-04.03.16:811][335]LogFbx: SortedLinks :(18) LowerTeeth
[2014.12.11-04.03.16:811][335]LogFbx: SortedLinks :(19) Tongue1
[2014.12.11-04.03.16:811][335]LogFbx: SortedLinks :(20) Tongue2
[2014.12.11-04.03.16:811][335]LogFbx: SortedLinks :(21) UpperTeeth
[2014.12.11-04.03.16:811][335]LogFbx: SortedLinks :(22) Visor
[2014.12.11-04.03.16:811][335]LogFbx: SortedLinks :(23) Visor1
[2014.12.11-04.03.16:811][335]LogFbx: SortedLinks :(24) HairAlwaysActive
[2014.12.11-04.03.16:811][335]LogFbx: SortedLinks :(25) HairB
[2014.12.11-04.03.16:811][335]LogFbx: SortedLinks :(26) HairB1
[2014.12.11-04.03.16:811][335]LogFbx: SortedLinks :(27) HairB2
[2014.12.11-04.03.16:811][335]LogFbx: SortedLinks :(28) HairA
[2014.12.11-04.03.16:811][335]LogFbx: SortedLinks :(29) HairA1
[2014.12.11-04.03.16:811][335]LogFbx: SortedLinks :(30) HairA2
[2014.12.11-04.03.16:811][335]LogFbx: SortedLinks :(31) HairF
[2014.12.11-04.03.16:811][335]LogFbx: SortedLinks :(32) HairF1
[2014.12.11-04.03.16:811][335]LogFbx: SortedLinks :(33) HairG
[2014.12.11-04.03.16:811][335]LogFbx: SortedLinks :(34) HairG1
[2014.12.11-04.03.16:811][335]LogFbx: SortedLinks :(35) HairUnderHelmet
[2014.12.11-04.03.16:811][335]LogFbx: SortedLinks :(36) HairC
[2014.12.11-04.03.16:811][335]LogFbx: SortedLinks :(37) HairC1
[2014.12.11-04.03.16:811][335]LogFbx: SortedLinks :(38) HairD
[2014.12.11-04.03.16:811][335]LogFbx: SortedLinks :(39) HairD1
[2014.12.11-04.03.16:811][335]LogFbx: SortedLinks :(40) HairE
[2014.12.11-04.03.16:811][335]LogFbx: SortedLinks :(41) HairE1
[2014.12.11-04.03.16:811][335]LogFbx: SortedLinks :(42) HairH
[2014.12.11-04.03.16:811][335]LogFbx: SortedLinks :(43) HairH1
[2014.12.11-04.03.16:811][335]LogFbx: SortedLinks :(44) HairI
[2014.12.11-04.03.16:811][335]LogFbx: SortedLinks :(45) HairI1
[2014.12.11-04.03.16:811][335]LogFbx: SortedLinks :(46) HairJ
[2014.12.11-04.03.16:811][335]LogFbx: SortedLinks :(47) HairJ1
[2014.12.11-04.03.16:811][335]LogFbx: SortedLinks :(48) LeftShoulder
[2014.12.11-04.03.16:811][335]LogFbx: SortedLinks :(49) LeftArm
[2014.12.11-04.03.16:811][335]LogFbx: SortedLinks :(50) LeftForeArm
[2014.12.11-04.03.16:811][335]LogFbx: SortedLinks :(51) LeftHand
[2014.12.11-04.03.16:811][335]LogFbx: SortedLinks :(52) LeftHandRing1
[2014.12.11-04.03.16:811][335]LogFbx: SortedLinks :(53) LeftHandRing2
[2014.12.11-04.03.16:811][335]LogFbx: SortedLinks :(54) LeftHandRing3
[2014.12.11-04.03.16:811][335]LogFbx: SortedLinks :(55) LeftHandPinky1
[2014.12.11-04.03.16:811][335]LogFbx: SortedLinks :(56) LeftHandPinky2
[2014.12.11-04.03.16:811][335]LogFbx: SortedLinks :(57) LeftHandPinky3
[2014.12.11-04.03.16:811][335]LogFbx: SortedLinks :(58) LeftHandMiddle1
[2014.12.11-04.03.16:811][335]LogFbx: SortedLinks :(59) LeftHandMiddle2
[2014.12.11-04.03.16:811][335]LogFbx: SortedLinks :(60) LeftHandMiddle3
[2014.12.11-04.03.16:811][335]LogFbx: SortedLinks :(61) LeftHandIndex1
[2014.12.11-04.03.16:811][335]LogFbx: SortedLinks :(62) LeftHandIndex2
[2014.12.11-04.03.16:811][335]LogFbx: SortedLinks :(63) LeftHandIndex3
[2014.12.11-04.03.16:811][335]LogFbx: SortedLinks :(64) LeftHandThumb1
[2014.12.11-04.03.16:811][335]LogFbx: SortedLinks :(65) LeftHandThumb2
[2014.12.11-04.03.16:811][335]LogFbx: SortedLinks :(66) LeftHandThumb3
[2014.12.11-04.03.16:811][335]LogFbx: SortedLinks :(67) RightShoulder
[2014.12.11-04.03.16:811][335]LogFbx: SortedLinks :(68) RightArm
[2014.12.11-04.03.16:811][335]LogFbx: SortedLinks :(69) RightForeArm
[2014.12.11-04.03.16:811][335]LogFbx: SortedLinks :(70) RightHand
[2014.12.11-04.03.16:811][335]LogFbx: SortedLinks :(71) RightHandThumb1
[2014.12.11-04.03.16:811][335]LogFbx: SortedLinks :(72) RightHandThumb2
[2014.12.11-04.03.16:811][335]LogFbx: SortedLinks :(73) RightHandThumb3
[2014.12.11-04.03.16:811][335]LogFbx: SortedLinks :(74) RightHandIndex1
[2014.12.11-04.03.16:811][335]LogFbx: SortedLinks :(75) RightHandIndex2
[2014.12.11-04.03.16:811][335]LogFbx: SortedLinks :(76) RightHandIndex3
[2014.12.11-04.03.16:811][335]LogFbx: SortedLinks :(77) RightHandMiddle1
[2014.12.11-04.03.16:811][335]LogFbx: SortedLinks :(78) RightHandMiddle2
[2014.12.11-04.03.16:811][335]LogFbx: SortedLinks :(79) RightHandMiddle3
[2014.12.11-04.03.16:811][335]LogFbx: SortedLinks :(80) RightHandRing1
[2014.12.11-04.03.16:811][335]LogFbx: SortedLinks :(81) RightHandRing2
[2014.12.11-04.03.16:811][335]LogFbx: SortedLinks :(82) RightHandRing3
[2014.12.11-04.03.16:811][335]LogFbx: SortedLinks :(83) RightHandPinky1
[2014.12.11-04.03.16:811][335]LogFbx: SortedLinks :(84) RightHandPinky2
[2014.12.11-04.03.16:811][335]LogFbx: SortedLinks :(85) RightHandPinky3
[2014.12.11-04.03.16:812][335]LogFbx: Parsing AnimStack Take 001
[2014.12.11-04.03.16:940][335]LogLinker:Warning: Can't find file '/Game/Architecture/Scene_1-2_Sam_Anim'
[2014.12.11-04.03.16:940][335]LogUObjectGlobals:Warning: Failed to find object 'Object /Game/Architecture/Scene_1-2_Sam_Anim.Scene_1-2_Sam_Anim'
[2014.12.11-04.03.53:840][335]FBXImport:Warning: Warning Warning: The following bones are missing from the bind pose.  This can happen for bones that are not vert weighted.  If they are not in the correct orientation after importing, please set the "Use T0 as ref pose" option or add them to the bind pose and reimport the skeletal mesh 

LeftUpLeg  
LeftLeg  
LeftFoot  
LeftToeBase  
RightUpLeg  
RightLeg  
RightFoot  
RightToeBase  
Jaw_Joint  
LowerTeeth  
Tongue1  
Tongue2  
UpperTeeth  
Visor  
Visor1  
HairAlwaysActive  
HairB  
HairB1  
HairB2  
HairA  
HairA1  
HairA2  
HairF  
HairF1  
HairG  
HairG1  
HairUnderHelmet  
HairC  
HairC1  
HairD  
HairD1  
HairE  
HairE1  
HairH  
HairH1  
HairI  
HairI1  
HairJ  
HairJ1  
LeftShoulder  
LeftArm  
LeftForeArm  
LeftHand  
LeftHandRing1  
LeftHandRing2  
LeftHandRing3  
LeftHandPinky1  
LeftHandPinky2  
LeftHandPinky3  
LeftHandMiddle1  
LeftHandMiddle2  
LeftHandMiddle3  
LeftHandIndex1  
LeftHandIndex2  
LeftHandIndex3  
LeftHandThumb1  
LeftHandThumb2  
LeftHandThumb3  
RightShoulder  
RightArm  
RightForeArm  
RightHand  
RightHandThumb1  
RightHandThumb2  
RightHandThumb3  
RightHandIndex1  
RightHandIndex2  
RightHandIndex3  
RightHandMiddle1  
RightHandMiddle2  
RightHandMiddle3  
RightHandRing1  
RightHandRing2  
RightHandRing3  
RightHandPinky1  
RightHandPinky2  
RightHandPinky3  
 
[2014.12.11-04.03.53:851][335]LogContentBrowser:Verbose: The content browser source was changed by the sources view to 'None'
[2014.12.11-04.03.53:851][335]LogContentBrowser:Verbose: The content browser source was changed by the sources view to '/Game/Architecture'
[2014.12.11-04.03.53:962][336]LogMaterial:Warning: Material /Game/Architecture/lambert1.lambert1 needed to have new flag set bUsedWithSkeletalMesh !
[2014.12.11-04.03.53:984][336]LogMaterial: Missing cached shader map for material lambert1, compiling.
[2014.12.11-04.03.54:000][336]LogMaterial: 0.000085 seconds spent updating 1 materials, 1 interfaces, 0 instances, 0 with static permutations.
[2014.12.11-04.05.42:352][924]LogInit: Transaction tracking system initialized
[2014.12.11-04.05.42:353][924]EditorErrors: New page: Matinee Initialization
[2014.12.11-04.05.49:091][ 29]LogEditorViewport: Clicking on Actor (LMB): SkeletalMeshActor (Scene_1-2_Sam_Anim)
[2014.12.11-04.11.35:369][252]LogExit: Transaction tracking system shut down
[2014.12.11-04.11.35:687][252]LogSavePackage: Save=273.442535ms
[2014.12.11-04.11.35:687][252]LogSavePackage: Moving '../../../../../../Users/u0952138/Documents/GitHub/CloudFactory/Cloud_Factory_Scene/Saved/basementfloorscene_Auto19B32FAEA474E74A91DABA79698D86E31.tmp' to '../../../../../../Users/u0952138/Documents/GitHub/CloudFactory/Cloud_Factory_Scene/Saved/Autosaves/Game/Maps/basementfloorscene_Auto1.umap'
[2014.12.11-04.11.35:693][252]LogFileHelpers: Editor autosave (incl. sublevels) for '/Game/Maps/basementfloorscene' took 0.343
[2014.12.11-04.11.35:693][252]LogFileHelpers: Editor autosave (incl. sublevels) for all levels took 0.343
[2014.12.11-04.11.35:701][252]OBJ SavePackage: Generating thumbnails for [1] asset(s) in package [/Game/Architecture/_Blank_Sam] ([1] browsable assets)...
[2014.12.11-04.11.35:732][252]OBJ SavePackage:     Rendered thumbnail for [SkeletalMesh /Game/Architecture/_Blank_Sam._Blank_Sam]
[2014.12.11-04.11.35:732][252]OBJ SavePackage: Finished generating thumbnails for package [/Game/Architecture/_Blank_Sam]
[2014.12.11-04.11.35:952][252]LogSavePackage: Save=202.486862ms
[2014.12.11-04.11.35:952][252]LogSavePackage: Moving '../../../../../../Users/u0952138/Documents/GitHub/CloudFactory/Cloud_Factory_Scene/Saved/_Blank_Sam_Auto1D0CF0974464E2A525A76E2AF2158966F.tmp' to '../../../../../../Users/u0952138/Documents/GitHub/CloudFactory/Cloud_Factory_Scene/Saved/Autosaves/Game/Architecture/_Blank_Sam_Auto1.uasset'
[2014.12.11-04.11.35:965][252]OBJ SavePackage: Generating thumbnails for [0] asset(s) in package [/Game/Architecture/_Blank_Sam_PhysicsAsset] ([1] browsable assets)...
[2014.12.11-04.11.35:984][252]OBJ SavePackage: Finished generating thumbnails for package [/Game/Architecture/_Blank_Sam_PhysicsAsset]
[2014.12.11-04.11.36:020][252]LogSavePackage: Save=19.567120ms
[2014.12.11-04.11.36:020][252]LogSavePackage: Moving '../../../../../../Users/u0952138/Documents/GitHub/CloudFactory/Cloud_Factory_Scene/Saved/_Blank_Sam_PhysicsAsset_Auto17899DBE04D9A3F6ADB14E3A4F3559438.tmp' to '../../../../../../Users/u0952138/Documents/GitHub/CloudFactory/Cloud_Factory_Scene/Saved/Autosaves/Game/Architecture/_Blank_Sam_PhysicsAsset_Auto1.uasset'
[2014.12.11-04.11.36:034][252]OBJ SavePackage: Generating thumbnails for [0] asset(s) in package [/Game/Architecture/_Blank_Sam_Skeleton] ([1] browsable assets)...
[2014.12.11-04.11.36:053][252]OBJ SavePackage: Finished generating thumbnails for package [/Game/Architecture/_Blank_Sam_Skeleton]
[2014.12.11-04.11.36:075][252]LogSavePackage: Save=6.456497ms
[2014.12.11-04.11.36:075][252]LogSavePackage: Moving '../../../../../../Users/u0952138/Documents/GitHub/CloudFactory/Cloud_Factory_Scene/Saved/_Blank_Sam_Skeleton_Auto171AA83684EF456D94412C18C76D3C8A7.tmp' to '../../../../../../Users/u0952138/Documents/GitHub/CloudFactory/Cloud_Factory_Scene/Saved/Autosaves/Game/Architecture/_Blank_Sam_Skeleton_Auto1.uasset'
[2014.12.11-04.11.36:087][252]OBJ SavePackage: Generating thumbnails for [1] asset(s) in package [/Game/Architecture/Scene_1-2_Sam] ([1] browsable assets)...
[2014.12.11-04.11.36:115][252]OBJ SavePackage:     Rendered thumbnail for [SkeletalMesh /Game/Architecture/Scene_1-2_Sam.Scene_1-2_Sam]
[2014.12.11-04.11.36:115][252]OBJ SavePackage: Finished generating thumbnails for package [/Game/Architecture/Scene_1-2_Sam]
[2014.12.11-04.11.36:359][252]LogSavePackage: Save=224.622910ms
[2014.12.11-04.11.36:359][252]LogSavePackage: Moving '../../../../../../Users/u0952138/Documents/GitHub/CloudFactory/Cloud_Factory_Scene/Saved/Scene_1-2_Sam_Auto19BB6ECF6443B139BC5CB718515B4065F.tmp' to '../../../../../../Users/u0952138/Documents/GitHub/CloudFactory/Cloud_Factory_Scene/Saved/Autosaves/Game/Architecture/Scene_1-2_Sam_Auto1.uasset'
[2014.12.11-04.11.36:372][252]OBJ SavePackage: Generating thumbnails for [1] asset(s) in package [/Game/Architecture/lambert1] ([1] browsable assets)...
[2014.12.11-04.11.36:400][252]OBJ SavePackage:     Rendered thumbnail for [Material /Game/Architecture/lambert1.lambert1]
[2014.12.11-04.11.36:400][252]OBJ SavePackage: Finished generating thumbnails for package [/Game/Architecture/lambert1]
[2014.12.11-04.11.36:656][252]LogSavePackage: Save=238.470535ms
[2014.12.11-04.11.36:656][252]LogSavePackage: Moving '../../../../../../Users/u0952138/Documents/GitHub/CloudFactory/Cloud_Factory_Scene/Saved/lambert1_Auto1F5ADE4A04D72855E30F4FE84778EBAE3.tmp' to '../../../../../../Users/u0952138/Documents/GitHub/CloudFactory/Cloud_Factory_Scene/Saved/Autosaves/Game/Architecture/lambert1_Auto1.uasset'
[2014.12.11-04.11.36:669][252]OBJ SavePackage: Generating thumbnails for [0] asset(s) in package [/Game/Architecture/Scene_1-2_Sam_PhysicsAsset] ([1] browsable assets)...
[2014.12.11-04.11.36:684][252]OBJ SavePackage: Finished generating thumbnails for package [/Game/Architecture/Scene_1-2_Sam_PhysicsAsset]
[2014.12.11-04.11.36:720][252]LogSavePackage: Save=19.333138ms
[2014.12.11-04.11.36:720][252]LogSavePackage: Moving '../../../../../../Users/u0952138/Documents/GitHub/CloudFactory/Cloud_Factory_Scene/Saved/Scene_1-2_Sam_PhysicsAsset_Auto18F8058D34B2FB27B37B47F87865B0594.tmp' to '../../../../../../Users/u0952138/Documents/GitHub/CloudFactory/Cloud_Factory_Scene/Saved/Autosaves/Game/Architecture/Scene_1-2_Sam_PhysicsAsset_Auto1.uasset'
[2014.12.11-04.11.36:733][252]OBJ SavePackage: Generating thumbnails for [0] asset(s) in package [/Game/Architecture/Scene_1-2_Sam_Skeleton] ([1] browsable assets)...
[2014.12.11-04.11.36:752][252]OBJ SavePackage: Finished generating thumbnails for package [/Game/Architecture/Scene_1-2_Sam_Skeleton]
[2014.12.11-04.11.36:775][252]LogSavePackage: Save=7.184552ms
[2014.12.11-04.11.36:775][252]LogSavePackage: Moving '../../../../../../Users/u0952138/Documents/GitHub/CloudFactory/Cloud_Factory_Scene/Saved/Scene_1-2_Sam_Skeleton_Auto11A27766D4C833E62502B60A0FC8D8709.tmp' to '../../../../../../Users/u0952138/Documents/GitHub/CloudFactory/Cloud_Factory_Scene/Saved/Autosaves/Game/Architecture/Scene_1-2_Sam_Skeleton_Auto1.uasset'
[2014.12.11-04.11.36:789][252]OBJ SavePackage: Generating thumbnails for [1] asset(s) in package [/Game/Architecture/Scene_1-2_Sam_Anim] ([1] browsable assets)...
[2014.12.11-04.11.36:816][252]OBJ SavePackage:     Rendered thumbnail for [AnimSequence /Game/Architecture/Scene_1-2_Sam_Anim.Scene_1-2_Sam_Anim]
[2014.12.11-04.11.36:816][252]OBJ SavePackage: Finished generating thumbnails for package [/Game/Architecture/Scene_1-2_Sam_Anim]
[2014.12.11-04.11.37:061][252]LogSavePackage: Save=226.518814ms
[2014.12.11-04.11.37:061][252]LogSavePackage: Moving '../../../../../../Users/u0952138/Documents/GitHub/CloudFactory/Cloud_Factory_Scene/Saved/Scene_1-2_Sam_Anim_Auto1DAB836D447E9D83DDD7F1DAE17CA10A0.tmp' to '../../../../../../Users/u0952138/Documents/GitHub/CloudFactory/Cloud_Factory_Scene/Saved/Autosaves/Game/Architecture/Scene_1-2_Sam_Anim_Auto1.uasset'
[2014.12.11-04.11.37:067][252]LogFileHelpers: Auto-saving content packages took 1.371
[2014.12.11-04.20.45:230][924]Cmd: QUIT_EDITOR
[2014.12.11-04.20.45:538][924]LogExit: Preparing to exit.
[2014.12.11-04.20.46:639][924]LogExit: Editor shut down
[2014.12.11-04.20.46:640][924]LogExit: Transaction tracking system shut down
[2014.12.11-04.20.46:640][924]LogParticles: Destroying 0 GPU particle simulations for FXSystem 0x0000000032A10F40
[2014.12.11-04.20.46:641][924]LogParticles: Destroying 0 GPU particle simulations for FXSystem 0x0000000032A10A40
[2014.12.11-04.20.46:641][924]LogParticles: Destroying 0 GPU particle simulations for FXSystem 0x000000000D0D36A0
[2014.12.11-04.20.46:641][924]LogParticles: Destroying 0 GPU particle simulations for FXSystem 0x000000000D0D00E0
[2014.12.11-04.20.46:641][924]LogParticles: Destroying 0 GPU particle simulations for FXSystem 0x000000002C80AFC0
[2014.12.11-04.20.46:695][924]LogExit: Object subsystem successfully closed.
[2014.12.11-04.20.46:752][924]LogModuleManager: Shutting down and abandoning module DistCurveEditor (168)
[2014.12.11-04.20.46:752][924]LogModuleManager: Shutting down and abandoning module Matinee (167)
[2014.12.11-04.20.46:754][924]LogModuleManager: Shutting down and abandoning module AndroidDeviceDetection (166)
[2014.12.11-04.20.46:754][924]LogModuleManager: Shutting down and abandoning module CrashTracker (165)
[2014.12.11-04.20.46:754][924]LogModuleManager: Shutting down and abandoning module SuperSearch (164)
[2014.12.11-04.20.46:754][924]LogModuleManager: Shutting down and abandoning module SceneOutliner (163)
[2014.12.11-04.20.46:754][924]LogModuleManager: Shutting down and abandoning module EditorWidgets (162)
[2014.12.11-04.20.46:754][924]LogModuleManager: Shutting down and abandoning module CollectionManager (161)
[2014.12.11-04.20.46:754][924]LogModuleManager: Shutting down and abandoning module StatsViewer (160)
[2014.12.11-04.20.46:754][924]LogModuleManager: Shutting down and abandoning module FoliageEdit (159)
[2014.12.11-04.20.46:754][924]LogModuleManager: Shutting down and abandoning module LandscapeEditor (158)
[2014.12.11-04.20.46:754][924]LogModuleManager: Shutting down and abandoning module MeshPaint (157)
[2014.12.11-04.20.46:754][924]LogModuleManager: Shutting down and abandoning module ActorPickerMode (156)
[2014.12.11-04.20.46:754][924]LogModuleManager: Shutting down and abandoning module GeometryMode (155)
[2014.12.11-04.20.46:754][924]LogModuleManager: Shutting down and abandoning module TextureAlignMode (154)
[2014.12.11-04.20.46:754][924]LogModuleManager: Shutting down and abandoning module BspMode (153)
[2014.12.11-04.20.46:754][924]LogModuleManager: Shutting down and abandoning module PlacementMode (152)
[2014.12.11-04.20.46:754][924]LogModuleManager: Shutting down and abandoning module AutomationWorker (151)
[2014.12.11-04.20.46:754][924]LogModuleManager: Shutting down and abandoning module CharacterAI (150)
[2014.12.11-04.20.46:754][924]LogModuleManager: Shutting down and abandoning module GameProjectGeneration (149)
[2014.12.11-04.20.46:755][924]LogModuleManager: Shutting down and abandoning module IntroTutorials (148)
[2014.12.11-04.20.46:755][924]LogModuleManager: Shutting down and abandoning module EditorLiveStreaming (147)
[2014.12.11-04.20.46:755][924]LogModuleManager: Shutting down and abandoning module HardwareTargeting (146)
[2014.12.11-04.20.46:755][924]LogModuleManager: Shutting down and abandoning module BehaviorTreeEditor (145)
[2014.12.11-04.20.46:755][924]LogModuleManager: Shutting down and abandoning module DeviceProfileEditor (144)
[2014.12.11-04.20.46:755][924]LogModuleManager: Shutting down and abandoning module UndoHistory (143)
[2014.12.11-04.20.46:755][924]LogModuleManager: Shutting down and abandoning module GameplayTagsEditor (142)
[2014.12.11-04.20.46:755][924]LogModuleManager: Shutting down and abandoning module UserFeedback (141)
[2014.12.11-04.20.46:755][924]LogModuleManager: Shutting down and abandoning module XmlParser (140)
[2014.12.11-04.20.46:755][924]LogModuleManager: Shutting down and abandoning module Blutility (139)
[2014.12.11-04.20.46:755][924]LogModuleManager: Shutting down and abandoning module IOSPlatformEditor (138)
[2014.12.11-04.20.46:755][924]LogModuleManager: Shutting down and abandoning module IOSRuntimeSettings (137)
[2014.12.11-04.20.46:755][924]LogModuleManager: Shutting down and abandoning module AndroidPlatformEditor (136)
[2014.12.11-04.20.46:755][924]LogModuleManager: Shutting down and abandoning module AndroidRuntimeSettings (135)
[2014.12.11-04.20.46:755][924]LogModuleManager: Shutting down and abandoning module ProjectTargetPlatformEditor (134)
[2014.12.11-04.20.46:755][924]LogModuleManager: Shutting down and abandoning module ProjectSettingsViewer (133)
[2014.12.11-04.20.46:755][924]LogModuleManager: Shutting down and abandoning module InputBindingEditor (132)
[2014.12.11-04.20.46:755][924]LogModuleManager: Shutting down and abandoning module EditorSettingsViewer (131)
[2014.12.11-04.20.46:755][924]LogModuleManager: Shutting down and abandoning module SettingsEditor (130)
[2014.12.11-04.20.46:755][924]LogModuleManager: Shutting down and abandoning module ProjectLauncher (129)
[2014.12.11-04.20.46:755][924]LogModuleManager: Shutting down and abandoning module SessionFrontend (128)
[2014.12.11-04.20.46:755][924]LogModuleManager: Shutting down and abandoning module ProfilerClient (127)
[2014.12.11-04.20.46:755][924]LogModuleManager: Shutting down and abandoning module TargetDeviceServices (126)
[2014.12.11-04.20.46:755][924]LogModuleManager: Shutting down and abandoning module DeviceManager (125)
[2014.12.11-04.20.46:755][924]LogModuleManager: Shutting down and abandoning module AutomationController (124)
[2014.12.11-04.20.46:755][924]LogModuleManager: Shutting down and abandoning module AutomationWindow (123)
[2014.12.11-04.20.46:755][924]LogModuleManager: Shutting down and abandoning module Layers (122)
[2014.12.11-04.20.46:755][924]LogModuleManager: Shutting down and abandoning module ComponentVisualizers (121)
[2014.12.11-04.20.46:755][924]LogModuleManager: Shutting down and abandoning module DetailCustomizations (120)
[2014.12.11-04.20.46:755][924]LogModuleManager: Shutting down and abandoning module PackagesDialog (119)
[2014.12.11-04.20.46:756][924]LogModuleManager: Shutting down and abandoning module AssetRegistry (118)
[2014.12.11-04.20.46:831][924]LogModuleManager: Shutting down and abandoning module Persona (117)
[2014.12.11-04.20.46:831][924]LogModuleManager: Shutting down and abandoning module Kismet (116)
[2014.12.11-04.20.46:831][924]LogModuleManager: Shutting down and abandoning module GraphEditor (115)
[2014.12.11-04.20.46:831][924]LogModuleManager: Shutting down and abandoning module ClassViewer (114)
[2014.12.11-04.20.46:831][924]LogModuleManager: Shutting down and abandoning module Toolbox (113)
[2014.12.11-04.20.46:832][924]LogModuleManager: Shutting down and abandoning module ModuleUI (112)
[2014.12.11-04.20.46:832][924]LogModuleManager: Shutting down and abandoning module MovieSceneTools (111)
[2014.12.11-04.20.46:832][924]LogModuleManager: Shutting down and abandoning module OutputLog (110)
[2014.12.11-04.20.46:832][924]LogModuleManager: Shutting down and abandoning module GammaUI (109)
[2014.12.11-04.20.46:832][924]LogModuleManager: Shutting down and abandoning module Documentation (108)
[2014.12.11-04.20.46:832][924]LogModuleManager: Shutting down and abandoning module GameLiveStreaming (107)
[2014.12.11-04.20.46:832][924]LogModuleManager: Shutting down and abandoning module StreamingPauseRendering (106)
[2014.12.11-04.20.46:832][924]LogModuleManager: Shutting down and abandoning module HTTP (105)
[2014.12.11-04.20.46:832][924]LogModuleManager: Shutting down and abandoning module AnalyticsET (104)
[2014.12.11-04.20.46:832][924]LogModuleManager: Shutting down and abandoning module Analytics (103)
[2014.12.11-04.20.46:832][924]LogModuleManager: Shutting down and abandoning module GameplayDebugger (102)
[2014.12.11-04.20.46:832][924]LogModuleManager: Shutting down and abandoning module AIModule (101)
[2014.12.11-04.20.46:832][924]LogModuleManager: Shutting down and abandoning module ProfilerService (100)
[2014.12.11-04.20.46:969][924]LogModuleManager: Shutting down and abandoning module TaskGraph (99)
[2014.12.11-04.20.46:969][924]LogModuleManager: Shutting down and abandoning module SlateRemote (98)
[2014.12.11-04.20.46:969][924]LogModuleManager: Shutting down and abandoning module ScriptEditorPlugin (97)
[2014.12.11-04.20.46:969][924]LogModuleManager: Shutting down and abandoning module CustomMeshComponent (96)
[2014.12.11-04.20.46:969][924]LogModuleManager: Shutting down and abandoning module CableComponent (95)
[2014.12.11-04.20.46:969][924]LogModuleManager: Shutting down and abandoning module MessagingDebugger (94)
[2014.12.11-04.20.46:969][924]LogModuleManager: Shutting down and abandoning module MediaPlayerEditor (93)
[2014.12.11-04.20.46:969][924]LogModuleManager: Shutting down and abandoning module SpeedTreeImporter (92)
[2014.12.11-04.20.46:969][924]LogModuleManager: Shutting down and abandoning module PluginsEditor (91)
[2014.12.11-04.20.46:969][924]LogModuleManager: Shutting down and abandoning module EpicSurvey (90)
[2014.12.11-04.20.46:969][924]LogModuleManager: Shutting down and abandoning module DesktopPlatform (89)
[2014.12.11-04.20.46:969][924]LogModuleManager: Shutting down and abandoning module VisualStudioSourceCodeAccess (88)
[2014.12.11-04.20.46:969][924]LogModuleManager: Shutting down and abandoning module UObjectPlugin (87)
[2014.12.11-04.20.46:969][924]LogModuleManager: Shutting down and abandoning module SubversionSourceControl (86)
[2014.12.11-04.20.46:969][924]LogModuleManager: Shutting down and abandoning module SourceControl (85)
[2014.12.11-04.20.46:969][924]LogModuleManager: Shutting down and abandoning module PerforceSourceControl (84)
[2014.12.11-04.20.46:969][924]LogModuleManager: Shutting down and abandoning module BlankPlugin (83)
[2014.12.11-04.20.46:969][924]LogModuleManager: Shutting down and abandoning module SlateReflector (82)
[2014.12.11-04.20.46:969][924]LogModuleManager: Shutting down and abandoning module DirectoryWatcher (81)
[2014.12.11-04.20.46:969][924]LogModuleManager: Shutting down and abandoning module HotReload (80)
[2014.12.11-04.20.46:970][924]LogModuleManager: Shutting down and abandoning module MainFrame (79)
[2014.12.11-04.20.46:970][924]LogModuleManager: Shutting down and abandoning module LevelEditor (78)
[2014.12.11-04.20.46:970][924]LogModuleManager: Shutting down and abandoning module ViewportSnapping (77)
[2014.12.11-04.20.46:971][924]LogModuleManager: Shutting down and abandoning module SmartSnapping (76)
[2014.12.11-04.20.46:971][924]LogModuleManager: Shutting down and abandoning module PaperTiledImporter (75)
[2014.12.11-04.20.46:971][924]LogModuleManager: Shutting down and abandoning module PaperJsonImporter (74)
[2014.12.11-04.20.46:971][924]LogModuleManager: Shutting down and abandoning module ContentBrowser (73)
[2014.12.11-04.20.46:971][924]LogModuleManager: Shutting down and abandoning module PropertyEditor (72)
[2014.12.11-04.20.46:971][924]LogModuleManager: Shutting down and abandoning module Paper2DEditor (71)
[2014.12.11-04.20.46:971][924]LogModuleManager: Shutting down and abandoning module ScriptPlugin (70)
[2014.12.11-04.20.46:971][924]LogModuleManager: Shutting down and abandoning module UdpMessaging (69)
[2014.12.11-04.20.47:071][924]LogModuleManager: Shutting down and abandoning module Paper2D (68)
[2014.12.11-04.20.47:071][924]LogModuleManager: Shutting down and abandoning module WindowsMoviePlayer (67)
[2014.12.11-04.20.47:075][924]LogModuleManager: Shutting down and abandoning module Media (66)
[2014.12.11-04.20.47:075][924]LogModuleManager: Shutting down and abandoning module WmfMedia (65)
[2014.12.11-04.20.47:076][924]LogModuleManager: Shutting down and abandoning module OnlineBlueprintSupport (64)
[2014.12.11-04.20.47:076][924]LogModuleManager: Shutting down and abandoning module FunctionalTesting (63)
[2014.12.11-04.20.47:076][924]LogModuleManager: Shutting down and abandoning module CollisionAnalyzer (62)
[2014.12.11-04.20.47:076][924]LogModuleManager: Shutting down and abandoning module WorkspaceMenuStructure (61)
[2014.12.11-04.20.47:076][924]LogModuleManager: Shutting down and abandoning module MessageLog (60)
[2014.12.11-04.20.47:076][924]LogModuleManager: Shutting down and abandoning module Sequencer (59)
[2014.12.11-04.20.47:076][924]LogModuleManager: Shutting down and abandoning module AssetTools (58)
[2014.12.11-04.20.47:076][924]LogModuleManager: Shutting down and abandoning module UMGEditor (57)
[2014.12.11-04.20.47:076][924]LogModuleManager: Shutting down and abandoning module UMG (56)
[2014.12.11-04.20.47:076][924]LogModuleManager: Shutting down and abandoning module Slate (55)
[2014.12.11-04.20.47:076][924]LogModuleManager: Shutting down and abandoning module EditorStyle (54)
[2014.12.11-04.20.47:078][924]LogModuleManager: Shutting down and abandoning module SessionServices (53)
[2014.12.11-04.20.47:078][924]LogModuleManager: Shutting down and abandoning module SourceCodeAccess (52)
[2014.12.11-04.20.47:078][924]LogModuleManager: Shutting down and abandoning module HeadMountedDisplay (51)
[2014.12.11-04.20.47:078][924]LogModuleManager: Shutting down and abandoning module XAudio2 (50)
[2014.12.11-04.20.47:078][924]LogModuleManager: Shutting down and abandoning module Networking (48)
[2014.12.11-04.20.47:078][924]LogModuleManager: Shutting down and abandoning module Core (47)
[2014.12.11-04.20.47:078][924]LogModuleManager: Shutting down and abandoning module KismetCompiler (46)
[2014.12.11-04.20.47:078][924]LogModuleManager: Shutting down and abandoning module PhysXFormats (45)
[2014.12.11-04.20.47:078][924]LogModuleManager: Shutting down and abandoning module MeshUtilities (44)
[2014.12.11-04.20.47:078][924]LogModuleManager: Shutting down and abandoning module DerivedDataCache (43)
[2014.12.11-04.20.47:177][924]LogDerivedDataCache: Shutdown
[2014.12.11-04.20.47:177][924]LogModuleManager: Shutting down and abandoning module ShaderFormatOpenGL (42)
[2014.12.11-04.20.47:177][924]LogModuleManager: Shutting down and abandoning module ShaderFormatD3D (41)
[2014.12.11-04.20.47:177][924]LogModuleManager: Shutting down and abandoning module MetalShaderFormat (40)
[2014.12.11-04.20.47:177][924]LogModuleManager: Shutting down and abandoning module TextureFormatUncompressed (39)
[2014.12.11-04.20.47:177][924]LogModuleManager: Shutting down and abandoning module TextureFormatPVR (38)
[2014.12.11-04.20.47:177][924]LogModuleManager: Shutting down and abandoning module TextureFormatDXT (37)
[2014.12.11-04.20.47:177][924]LogModuleManager: Shutting down and abandoning module TextureFormatAndroid (36)
[2014.12.11-04.20.47:177][924]LogModuleManager: Shutting down and abandoning module AudioFormatOpus (35)
[2014.12.11-04.20.47:177][924]LogModuleManager: Shutting down and abandoning module AudioFormatOgg (34)
[2014.12.11-04.20.47:177][924]LogModuleManager: Shutting down and abandoning module AudioFormatADPCM (33)
[2014.12.11-04.20.47:177][924]LogModuleManager: Shutting down and abandoning module Messaging (32)
[2014.12.11-04.20.47:177][924]LogModuleManager: Shutting down and abandoning module IOSTargetPlatform (31)
[2014.12.11-04.20.47:177][924]LogModuleManager: Shutting down and abandoning module Android_PVRTCTargetPlatform (30)
[2014.12.11-04.20.47:177][924]LogModuleManager: Shutting down and abandoning module Android_ETC2TargetPlatform (29)
[2014.12.11-04.20.47:177][924]LogModuleManager: Shutting down and abandoning module Android_ETC1TargetPlatform (28)
[2014.12.11-04.20.47:177][924]LogModuleManager: Shutting down and abandoning module Android_DXTTargetPlatform (27)
[2014.12.11-04.20.47:177][924]LogModuleManager: Shutting down and abandoning module Android_ATCTargetPlatform (26)
[2014.12.11-04.20.47:177][924]LogModuleManager: Shutting down and abandoning module AndroidTargetPlatform (25)
[2014.12.11-04.20.47:177][924]LogModuleManager: Shutting down and abandoning module WindowsTargetPlatform (24)
[2014.12.11-04.20.47:177][924]LogModuleManager: Shutting down and abandoning module WindowsServerTargetPlatform (23)
[2014.12.11-04.20.47:177][924]LogModuleManager: Shutting down and abandoning module WindowsNoEditorTargetPlatform (22)
[2014.12.11-04.20.47:177][924]LogModuleManager: Shutting down and abandoning module WindowsClientTargetPlatform (21)
[2014.12.11-04.20.47:177][924]LogModuleManager: Shutting down and abandoning module TargetPlatform (20)
[2014.12.11-04.20.47:177][924]LogModuleManager: Shutting down and abandoning module InputCore (19)
[2014.12.11-04.20.47:177][924]LogModuleManager: Shutting down and abandoning module Settings (18)
[2014.12.11-04.20.47:177][924]LogModuleManager: Shutting down and abandoning module ImageWrapper (17)
[2014.12.11-04.20.47:177][924]LogModuleManager: Shutting down and abandoning module OculusRift (14)
[2014.12.11-04.20.47:177][924]LogModuleManager: Shutting down and abandoning module ExampleDeviceProfileSelector (13)
[2014.12.11-04.20.47:177][924]LogModuleManager: Shutting down and abandoning module TextureCompressor (12)
[2014.12.11-04.20.47:177][924]LogModuleManager: Shutting down and abandoning module ShaderCore (11)
[2014.12.11-04.20.47:177][924]LogModuleManager: Shutting down and abandoning module SlateRHIRenderer (10)
[2014.12.11-04.20.47:178][924]LogModuleManager: Shutting down and abandoning module OpenGLDrv (9)
[2014.12.11-04.20.47:178][924]LogModuleManager: Shutting down and abandoning module D3D11RHI (8)
[2014.12.11-04.20.47:178][924]LogModuleManager: Shutting down and abandoning module Renderer (7)
[2014.12.11-04.20.47:178][924]LogModuleManager: Shutting down and abandoning module Engine (6)
[2014.12.11-04.20.47:178][924]LogModuleManager: Shutting down and abandoning module CoreUObject (5)
[2014.12.11-04.20.47:178][924]LogModuleManager: Shutting down and abandoning module NetworkFile (4)
[2014.12.11-04.20.47:178][924]LogModuleManager: Shutting down and abandoning module StreamingFile (3)
[2014.12.11-04.20.47:178][924]LogModuleManager: Shutting down and abandoning module SandboxFile (2)
[2014.12.11-04.20.47:178][924]LogModuleManager: Shutting down and abandoning module PakFile (1)
[2014.12.11-04.20.47:179][924]LogExit: Exiting.
[2014.12.11-04.20.47:194][924]Log file closed, 12/10/14 21:20:47
