Log file open, 12/14/14 17:54:19
LogInit:Display: Running engine for game: MyProject
LogInit: Version: 4.4.1-2270799+++depot+UE4-Releases+4.4
LogInit: API Version: 2255576
LogInit: Compiled (64-bit): Aug 25 2014 14:19:12
LogInit: Build Configuration: Development
LogInit: Branch Name: ++depot+UE4-Releases+4.4
LogInit: Command line: 
LogInit: Base directory: C:/Program Files/Unreal Engine/4.4/Engine/Binaries/Win64/
LogInit: Rocket: 1
[2014.12.15-00.54.19:796][  0]LogTaskGraph: Started task graph with 3 named threads and 4 total threads.
[2014.12.15-00.54.19:831][  0]LogOnline:Warning: No default platform service specified for OnlineSubsystem
[2014.12.15-00.54.19:840][  0]LogInit: Presizing for 0 objects not considered by GC, pre-allocating 0 bytes.
[2014.12.15-00.54.19:850][  0]LogInit: Object subsystem initialized
[2014.12.15-00.54.19:853][  0]LogInit: Selected Device Profile: [Windows]
[2014.12.15-00.54.19:853][  0]LogInit: Applying CVar settings loaded from the selected device profile: [Windows]
[2014.12.15-00.54.19:858][  0]LogInit: Computer: NOAH-PC
[2014.12.15-00.54.19:858][  0]LogInit: User: Noah
[2014.12.15-00.54.19:859][  0]LogInit: CPU Page size=4096, Cores=4
[2014.12.15-00.54.19:859][  0]LogInit: High frequency timer resolution =1.948730 MHz
[2014.12.15-00.54.19:859][  0]LogMemory: Memory total: Physical=7.9GB (8GB approx) Virtual=8192.0GB
[2014.12.15-00.54.19:860][  0]LogMemory: Platform Memory Stats for Windows
[2014.12.15-00.54.19:860][  0]LogMemory: Process Physical Memory: 62.27 MB used, 62.27 MB peak
[2014.12.15-00.54.19:860][  0]LogMemory: Process Virtual Memory: 38.32 MB used, 38.32 MB peak
[2014.12.15-00.54.19:860][  0]LogMemory: Physical Memory: 4019.79 MB used, 8100.68 MB total
[2014.12.15-00.54.19:860][  0]LogMemory: Virtual Memory: 256.63 MB used, 8388608.00 MB total
[2014.12.15-00.54.19:885][  0]LogD3D11RHI: Found D3D11 adapter 0: Intel(R) Iris(TM) Pro Graphics 5200 (Feature Level 11_0)
[2014.12.15-00.54.19:885][  0]LogD3D11RHI: Adapter has 64MB of dedicated video memory, 0MB of dedicated system memory, and 1632MB of shared system memory, 1 output[s]
[2014.12.15-00.54.19:885][  0]LogD3D11RHI: Chosen D3D11 Adapter Id = 0
[2014.12.15-00.54.19:889][  0]LogRHI: Texture pool is 616 MB (70% of 880 MB)
[2014.12.15-00.54.19:895][  0]LogD3D11RHI: Async texture creation enabled
[2014.12.15-00.54.20:030][  0]LogContentStreaming: Texture pool size is 0.000000MB
[2014.12.15-00.54.21:217][  0]LogTargetPlatformManager:Display: Building Assets For Windows
[2014.12.15-00.54.21:505][  0]LogTargetPlatformManager:Display: Building Assets For Windows
[2014.12.15-00.54.21:531][  0]LogDerivedDataCache:Display: Max Cache Size: 512 MB
[2014.12.15-00.54.21:563][  0]LogDerivedDataCache: Loaded boot cache 0.03s 39MB C:/Users/Noah/AppData/Local/UnrealEngine/4.4/DerivedDataCache/Boot.ddc.
[2014.12.15-00.54.21:563][  0]LogDerivedDataCache:Display: Loaded Boot cache: C:/Users/Noah/AppData/Local/UnrealEngine/4.4/DerivedDataCache/Boot.ddc
[2014.12.15-00.54.21:563][  0]LogDerivedDataCache: FDerivedDataBackendGraph:  Pak pak cache file ../../../../../../Users/Noah/Documents/Unreal Projects/assignment3/Content/CloudFactory/Cloud_Factory_Scene/DerivedDataCache/DDC.ddp not found, will not use a pak cache.
[2014.12.15-00.54.21:563][  0]LogDerivedDataCache: Unable to find inner node Pak for hierarchical cache Hierarchy.
[2014.12.15-00.54.21:578][  0]LogDerivedDataCache:Display: Pak cache opened for reading ../../../Engine/DerivedDataCache/DDC.ddp.
[2014.12.15-00.54.21:589][  0]LogDerivedDataCache: Using Local data cache path C:/Users/Noah/AppData/Local/UnrealEngine/4.4/DerivedDataCache: Writable
[2014.12.15-00.54.21:706][  0]LogMeshUtilities: No automatic mesh reduction module available
[2014.12.15-00.54.21:706][  0]LogMeshUtilities: No automatic mesh merging module available
[2014.12.15-00.54.22:127][  0]LogInit: WinSock: version 1.1 (2.2), MaxSocks=32767, MaxUdp=65467
[2014.12.15-00.54.22:674][  0]LogStats:Warning: MetaData mismatch. Did you assign a stat to two groups? New //STATGROUP_Threads//FMonitoredProcess///Thread_33d0_0///////STATCAT_Advanced//// old //STATGROUP_Threads//FMonitoredProcess///Thread_2af4_0///////STATCAT_Advanced////
[2014.12.15-00.54.22:674][  0]UdpMessaging: Initializing bridge on interface 0.0.0.0:0 to multicast group 230.0.0.1:6666.
[2014.12.15-00.54.22:786][  0]SourceControl: Info Source control is disabled
[2014.12.15-00.54.22:787][  0]SourceControl: Info Source control is disabled
[2014.12.15-00.54.22:791][  0]SourceControl: Info Source control is disabled
[2014.12.15-00.54.22:898][  0]BlueprintLog: New page: Editor Load
[2014.12.15-00.54.22:951][  0]LogObj: 21438 objects as part of root set at end of initial load.
[2014.12.15-00.54.22:951][  0]LogUObjectAllocator: 4218648 out of 0 bytes used by permanent object pool.
[2014.12.15-00.54.23:087][  0]LogEngine: Initializing Engine...
[2014.12.15-00.54.23:180][  0]LogInit: XAudio2 using 'Speakers (Cirrus Logic CS4208 (AB 94))' : 4 channels at 48 kHz using 32 bits per sample (channel mask 0x33)
[2014.12.15-00.54.23:213][  0]LogInit: FAudioDevice initialized.
[2014.12.15-00.54.23:223][  0]LogAIModule: Creating AISystem for world NewWorld
[2014.12.15-00.54.23:246][  0]LogDerivedDataCache: Saved boot cache 0.02s 39MB C:/Users/Noah/AppData/Local/UnrealEngine/4.4/DerivedDataCache/Boot.ddc.
[2014.12.15-00.54.23:248][  0]LogInit: Texture streaming: Enabled
[2014.12.15-00.54.23:266][  0]LogInit: Transaction tracking system initialized
[2014.12.15-00.54.23:329][  0]LogAssetRegistry: FAssetRegistry took 0.0096 seconds to start up
[2014.12.15-00.54.23:652][  0]LogTargetPlatformManager:Display: Building Assets For Windows
[2014.12.15-00.54.23:896][  0]LogTargetPlatformManager:Display: Building Assets For Windows
[2014.12.15-00.54.23:966][  0]LogConsoleResponse:Display: 
[2014.12.15-00.54.24:065][  0]LogStats:Warning: MetaData mismatch. Did you assign a stat to two groups? New //STATGROUP_Threads//FMonitoredProcess///Thread_2f60_0///////STATCAT_Advanced//// old //STATGROUP_Threads//FMonitoredProcess///Thread_2af4_0///////STATCAT_Advanced////
[2014.12.15-00.54.24:065][  0]LogStats:Warning: MetaData mismatch. Did you assign a stat to two groups? New //STATGROUP_Threads//FMonitoredProcess///Thread_275c_0///////STATCAT_Advanced//// old //STATGROUP_Threads//FMonitoredProcess///Thread_2af4_0///////STATCAT_Advanced////
[2014.12.15-00.54.24:065][  0]SourceControl: Info Source control is disabled
[2014.12.15-00.54.24:066][  0]Cmd: MAP LOAD FILE="../../../Engine/Content/Maps/Templates/Template_Default.umap" TEMPLATE=1 SHOWPROGRESS=1
[2014.12.15-00.54.24:066][  0]LightingResults: New page: Lighting Build
[2014.12.15-00.54.24:070][  0]MapCheck: New page: Map Check
[2014.12.15-00.54.24:070][  0]LightingResults: New page: Lighting Build
[2014.12.15-00.54.24:095][  0]LogParticles: Destroying 0 GPU particle simulations for FXSystem 0x0000000013471300
[2014.12.15-00.54.24:222][  0]LogEditorServer: Finished looking for orphan Actors (0.000 secs)
[2014.12.15-00.54.24:223][  0]LogAIModule: Creating AISystem for world Template_Default
[2014.12.15-00.54.24:223][  0]Cmd: MAP CHECKDEP
[2014.12.15-00.54.24:223][  0]MapCheck: New page: Untitled_1 - Dec 14, 2014, 10:54:24 AM
[2014.12.15-00.54.24:252][  0]MapCheck: Info ========== Map Check: 0 Error(s), 0 Warning(s), [28.761ms] ==========
[2014.12.15-00.54.24:252][  0]LogFileHelpers: Loading map 'Template_Default' took 0.186
[2014.12.15-00.54.24:403][  0]LogCollectionManager: Loaded 0 collections in 0.001661 seconds
[2014.12.15-00.54.24:504][  0]LogCrashTracker: Crashtracker disabled due to settings.
[2014.12.15-00.54.24:558][  0]LogLoad: Full Startup: 6.26 seconds (BP compile: 0.05 seconds)
[2014.12.15-00.54.24:578][  0]LogContentBrowser:Verbose: The content browser source was changed by the sources view to '/Game/Architecture'
[2014.12.15-00.54.24:732][  0]LogRenderer:Warning: Reallocating scene render targets to support 1056x1056.
[2014.12.15-00.54.25:800][  1]LogAssetRegistry: Asset discovery search completed in 2.4803 seconds
[2014.12.15-01.00.42:333][229]Cmd: MAP LOAD FILE="../../../../../../Users/Noah/Documents/Unreal Projects/assignment3/Content/CloudFactory/Cloud_Factory_Scene/Content/Maps/bossofficescenelights.umap" TEMPLATE=0 SHOWPROGRESS=1
[2014.12.15-01.00.46:140][229]LightingResults: New page: Lighting Build
[2014.12.15-01.00.46:140][229]MapCheck: New page: Map Check
[2014.12.15-01.00.46:140][229]LightingResults: New page: Lighting Build
[2014.12.15-01.00.46:153][229]LogParticles: Destroying 0 GPU particle simulations for FXSystem 0x000000000E6B3EC0
[2014.12.15-01.00.46:154][229]LogAIModule: Creating AISystem for world NewWorld
[2014.12.15-01.00.46:171][229]LoadErrors: New page: New Map
[2014.12.15-01.00.51:089][366]Cmd: MAP LOAD FILE="../../../../../../Users/Noah/Documents/Unreal Projects/assignment3/Content/CloudFactory/Cloud_Factory_Scene/Content/Maps/mainfloorscene.umap" TEMPLATE=0 SHOWPROGRESS=1
[2014.12.15-01.00.51:089][366]LightingResults: New page: Lighting Build
[2014.12.15-01.00.51:109][366]LoadErrors: New page: Loading map: mainfloorscene.umap
[2014.12.15-01.00.51:109][366]MapCheck: New page: Map Check
[2014.12.15-01.00.51:109][366]LightingResults: New page: Lighting Build
[2014.12.15-01.00.51:126][366]LogParticles: Destroying 0 GPU particle simulations for FXSystem 0x000000000D2077E0
[2014.12.15-01.00.51:134][366]LogLinker:Warning: Asset '../../../../../../Users/Noah/Documents/Unreal Projects/assignment3/Content/CloudFactory/Cloud_Factory_Scene/Content/Blueprints/Blueprint_Effect_Smoke.uasset' has been saved with empty engine version. The asset will be loaded but may be incompatible.
[2014.12.15-01.00.51:143][366]LogLinker:Warning: Asset '../../../../../../Users/Noah/Documents/Unreal Projects/assignment3/Content/CloudFactory/Cloud_Factory_Scene/Content/Blueprints/Blueprint_Effect_Steam.uasset' has been saved with empty engine version. The asset will be loaded but may be incompatible.
[2014.12.15-01.00.51:219][366]LogLinker:Warning: Asset '../../../../../../Users/Noah/Documents/Unreal Projects/assignment3/Content/CloudFactory/Cloud_Factory_Scene/Content/Props/SM_Lamp_Ceiling.uasset' has been saved with empty engine version. The asset will be loaded but may be incompatible.
[2014.12.15-01.00.52:681][366]LogEditorServer: Finished looking for orphan Actors (0.000 secs)
[2014.12.15-01.00.52:682][366]LogAIModule: Creating AISystem for world mainfloorscene
[2014.12.15-01.00.52:694][366]Cmd: MAP CHECKDEP
[2014.12.15-01.00.52:694][366]MapCheck: New page: mainfloorscene - Dec 14, 2014, 11:00:52 AM
[2014.12.15-01.00.52:739][366]MapCheck: Info ========== Map Check: 0 Error(s), 0 Warning(s), [44.179ms] ==========
[2014.12.15-01.00.52:739][366]LogFileHelpers: Loading map 'mainfloorscene' took 1.651
[2014.12.15-01.03.07:609][451]LogEditorViewport: Clicking on Actor (context menu): StaticMeshActor (vana_defaultrender)
[2014.12.15-01.05.59:963][ 39]LogEditorViewport: Clicking on Actor (context menu): PointLight (PointLight4)
[2014.12.15-01.06.03:028][201]Cmd: DUPLICATE
[2014.12.15-01.06.03:028][201]Cmd: ACTOR DUPLICATE
[2014.12.15-01.06.19:133][284]LogEditorViewport: Clicking on Actor (LMB): PointLight (PointLight4)
[2014.12.15-01.06.37:237][376]LogEditorViewport: Clicking on Actor (LMB): PointLight (PointLight8)
[2014.12.15-01.06.51:051][510]LogEditorViewport: Clicking on Actor (LMB): PointLight (PointLight4)
[2014.12.15-01.06.59:957][711]MapCheck: New page: Map Check
[2014.12.15-01.06.59:988][711]LightingResults: New page: Lighting Build - Dec 14, 2014, 11:06:59 AM
[2014.12.15-01.07.13:685][711]LogStaticLightingSystem: Running Lightmass w/ ImmediateImport mode ENABLED
[2014.12.15-01.07.13:685][711]LogStaticLightingSystem: Running Lightmass w/ ImmediateProcess mode ENABLED
[2014.12.15-01.07.13:685][711]LogStaticLightingSystem: Running Lightmass w/ Sorting mode ENABLED
[2014.12.15-01.07.13:685][711]LogStaticLightingSystem: Running Lightmass w/ Mapping paddings ENABLED
[2014.12.15-01.07.13:685][711]LogStaticLightingSystem: Running Lightmass w/ Mapping debug paddings DISABLED
[2014.12.15-01.07.13:897][711]LogEditorBuildUtils: Build time 0:00:13
[2014.12.15-01.10.52:968][636]LogSavePackage: Save=2535.585205ms
[2014.12.15-01.10.52:968][636]LogSavePackage: Moving '../../../../../../Users/Noah/Documents/Unreal Projects/assignment3/Content/CloudFactory/Cloud_Factory_Scene/Saved/mainfloorscene_Auto1B5DC28D3439A0E054882879A9810027D.tmp' to '../../../../../../Users/Noah/Documents/Unreal Projects/assignment3/Content/CloudFactory/Cloud_Factory_Scene/Saved/Autosaves/Game/Maps/mainfloorscene_Auto1.umap'
[2014.12.15-01.10.52:980][636]LogFileHelpers: Editor autosave (incl. sublevels) for '/Game/Maps/mainfloorscene' took 3.204
[2014.12.15-01.10.52:980][636]LogFileHelpers: Editor autosave (incl. sublevels) for all levels took 3.204
[2014.12.15-01.13.20:767][220]LightingResults:Error: Error barrel Object has overlapping UVs.
[2014.12.15-01.13.20:767][220]LightingResults: Info barrel Lightmap UV are overlapping by 75.0%. Please adjust content - Enable Error Coloring to visualize.
[2014.12.15-01.13.22:020][225]LightingResults:Error: Error barrel Object has overlapping UVs.
[2014.12.15-01.13.22:020][225]LightingResults: Info barrel Lightmap UV are overlapping by 75.0%. Please adjust content - Enable Error Coloring to visualize.
[2014.12.15-01.13.22:771][228]LightingResults:Error: Error vana_defaultrender Object has overlapping UVs.
[2014.12.15-01.13.22:772][228]LightingResults: Info vana_defaultrender Lightmap UV are overlapping by 86.0%. Please adjust content - Enable Error Coloring to visualize.
[2014.12.15-01.13.23:287][230]LightingResults:Error: Error vana_defaultrender Object has overlapping UVs.
[2014.12.15-01.13.23:288][230]LightingResults: Info vana_defaultrender Lightmap UV are overlapping by 86.0%. Please adjust content - Enable Error Coloring to visualize.
[2014.12.15-01.13.23:560][231]LightingResults:Error: Error vana_defaultrender Object has overlapping UVs.
[2014.12.15-01.13.23:560][231]LightingResults: Info vana_defaultrender Lightmap UV are overlapping by 86.0%. Please adjust content - Enable Error Coloring to visualize.
[2014.12.15-01.13.23:788][232]LightingResults:Error: Error barrel Object has overlapping UVs.
[2014.12.15-01.13.23:789][232]LightingResults: Info barrel Lightmap UV are overlapping by 75.0%. Please adjust content - Enable Error Coloring to visualize.
[2014.12.15-01.13.25:780][240]LightingResults:Error: Error lathe Object has wrapping UVs.
[2014.12.15-01.13.25:780][240]LightingResults:Error: Error lathe Object has overlapping UVs.
[2014.12.15-01.13.25:780][240]LightingResults: Info lathe Lightmap UV are overlapping by 58.3%. Please adjust content - Enable Error Coloring to visualize.
[2014.12.15-01.13.26:294][242]LightingResults:Error: Error barrel Object has overlapping UVs.
[2014.12.15-01.13.26:294][242]LightingResults: Info barrel Lightmap UV are overlapping by 75.0%. Please adjust content - Enable Error Coloring to visualize.
[2014.12.15-01.13.28:288][250]LightingResults:Error: Error phone2 Object has wrapping UVs.
[2014.12.15-01.13.28:289][250]LightingResults:Error: Error phone2 Object has overlapping UVs.
[2014.12.15-01.13.28:289][250]LightingResults: Info phone2 Lightmap UV are overlapping by 83.2%. Please adjust content - Enable Error Coloring to visualize.
[2014.12.15-01.13.29:771][256]LightingResults:Error: Error barrel Object has overlapping UVs.
[2014.12.15-01.13.29:772][256]LightingResults: Info barrel Lightmap UV are overlapping by 75.0%. Please adjust content - Enable Error Coloring to visualize.
[2014.12.15-01.13.31:007][261]LightingResults:Error: Error barrel Object has overlapping UVs.
[2014.12.15-01.13.31:007][261]LightingResults: Info barrel Lightmap UV are overlapping by 75.0%. Please adjust content - Enable Error Coloring to visualize.
[2014.12.15-01.13.35:231][278]LightingResults:Error: Error tank Object has wrapping UVs.
[2014.12.15-01.13.35:231][278]LightingResults:Error: Error tank Object has overlapping UVs.
[2014.12.15-01.13.35:232][278]LightingResults: Info tank Lightmap UV are overlapping by 97.3%. Please adjust content - Enable Error Coloring to visualize.
[2014.12.15-01.13.36:243][282]LightingResults:Error: Error barrel Object has overlapping UVs.
[2014.12.15-01.13.36:243][282]LightingResults: Info barrel Lightmap UV are overlapping by 75.0%. Please adjust content - Enable Error Coloring to visualize.
[2014.12.15-01.13.37:247][286]LightingResults:Error: Error barrel Object has overlapping UVs.
[2014.12.15-01.13.37:247][286]LightingResults: Info barrel Lightmap UV are overlapping by 75.0%. Please adjust content - Enable Error Coloring to visualize.
[2014.12.15-01.13.38:494][291]LightingResults:Error: Error barrel Object has overlapping UVs.
[2014.12.15-01.13.38:494][291]LightingResults: Info barrel Lightmap UV are overlapping by 75.0%. Please adjust content - Enable Error Coloring to visualize.
[2014.12.15-01.13.46:988][325]LightingResults:Error: Error Filter Object has wrapping UVs.
[2014.12.15-01.13.46:988][325]LightingResults:Error: Error Filter Object has overlapping UVs.
[2014.12.15-01.13.46:988][325]LightingResults: Info Filter Lightmap UV are overlapping by 98.8%. Please adjust content - Enable Error Coloring to visualize.
[2014.12.15-01.13.47:710][328]LightingResults:Error: Error Filter Object has wrapping UVs.
[2014.12.15-01.13.47:711][328]LightingResults:Error: Error Filter Object has overlapping UVs.
[2014.12.15-01.13.47:711][328]LightingResults: Info Filter Lightmap UV are overlapping by 98.8%. Please adjust content - Enable Error Coloring to visualize.
[2014.12.15-01.13.47:961][329]LightingResults:Error: Error barrel Object has overlapping UVs.
[2014.12.15-01.13.47:961][329]LightingResults: Info barrel Lightmap UV are overlapping by 75.0%. Please adjust content - Enable Error Coloring to visualize.
[2014.12.15-01.13.48:199][330]LightingResults:Error: Error fan Object has wrapping UVs.
[2014.12.15-01.13.48:199][330]LightingResults:Error: Error fan Object has overlapping UVs.
[2014.12.15-01.13.48:199][330]LightingResults: Info fan Lightmap UV are overlapping by 89.8%. Please adjust content - Enable Error Coloring to visualize.
[2014.12.15-01.13.48:672][332]LightingResults:Error: Error barrel Object has overlapping UVs.
[2014.12.15-01.13.48:672][332]LightingResults: Info barrel Lightmap UV are overlapping by 75.0%. Please adjust content - Enable Error Coloring to visualize.
[2014.12.15-01.13.49:392][335]LightingResults:Error: Error barrel Object has overlapping UVs.
[2014.12.15-01.13.49:392][335]LightingResults: Info barrel Lightmap UV are overlapping by 75.0%. Please adjust content - Enable Error Coloring to visualize.
[2014.12.15-01.13.49:875][337]LightingResults:Error: Error barrel Object has overlapping UVs.
[2014.12.15-01.13.49:875][337]LightingResults: Info barrel Lightmap UV are overlapping by 75.0%. Please adjust content - Enable Error Coloring to visualize.
[2014.12.15-01.13.51:104][342]LightingResults:Error: Error barrel Object has overlapping UVs.
[2014.12.15-01.13.51:106][342]LightingResults: Info barrel Lightmap UV are overlapping by 75.0%. Please adjust content - Enable Error Coloring to visualize.
[2014.12.15-01.13.58:157][370]LightingResults:Error: Error barrel Object has overlapping UVs.
[2014.12.15-01.13.58:157][370]LightingResults: Info barrel Lightmap UV are overlapping by 75.0%. Please adjust content - Enable Error Coloring to visualize.
[2014.12.15-01.14.02:166][386]LightingResults:Error: Error officeScene Object has overlapping UVs.
[2014.12.15-01.14.02:166][386]LightingResults: Info officeScene Lightmap UV are overlapping by 97.7%. Please adjust content - Enable Error Coloring to visualize.
[2014.12.15-01.14.03:434][391]LightingResults:Error: Error barrel Object has overlapping UVs.
[2014.12.15-01.14.03:434][391]LightingResults: Info barrel Lightmap UV are overlapping by 75.0%. Please adjust content - Enable Error Coloring to visualize.
[2014.12.15-01.14.04:434][395]LightingResults:Error: Error barrel Object has overlapping UVs.
[2014.12.15-01.14.04:434][395]LightingResults: Info barrel Lightmap UV are overlapping by 75.0%. Please adjust content - Enable Error Coloring to visualize.
[2014.12.15-01.14.05:434][399]LightingResults:Error: Error barrel Object has overlapping UVs.
[2014.12.15-01.14.05:434][399]LightingResults: Info barrel Lightmap UV are overlapping by 75.0%. Please adjust content - Enable Error Coloring to visualize.
[2014.12.15-01.14.10:253][418]LightingResults:Error: Error thing Object has wrapping UVs.
[2014.12.15-01.14.10:253][418]LightingResults:Error: Error thing Object has overlapping UVs.
[2014.12.15-01.14.10:253][418]LightingResults: Info thing Lightmap UV are overlapping by 98.5%. Please adjust content - Enable Error Coloring to visualize.
[2014.12.15-01.14.12:430][427]LightingResults:Error: Error stairs Object has wrapping UVs.
[2014.12.15-01.14.12:430][427]LightingResults:Error: Error stairs Object has overlapping UVs.
[2014.12.15-01.14.12:430][427]LightingResults: Info stairs Lightmap UV are overlapping by 99.7%. Please adjust content - Enable Error Coloring to visualize.
[2014.12.15-01.14.13:621][432]LightingResults:Error: Error barrel Object has overlapping UVs.
[2014.12.15-01.14.13:621][432]LightingResults: Info barrel Lightmap UV are overlapping by 75.0%. Please adjust content - Enable Error Coloring to visualize.
[2014.12.15-01.14.17:771][449]LightingResults:Error: Error fan Object has wrapping UVs.
[2014.12.15-01.14.17:771][449]LightingResults:Error: Error fan Object has overlapping UVs.
[2014.12.15-01.14.17:771][449]LightingResults: Info fan Lightmap UV are overlapping by 89.8%. Please adjust content - Enable Error Coloring to visualize.
[2014.12.15-01.14.25:686][480]LightingResults:Error: Error Filter Object has wrapping UVs.
[2014.12.15-01.14.25:686][480]LightingResults:Error: Error Filter Object has overlapping UVs.
[2014.12.15-01.14.25:686][480]LightingResults: Info Filter Lightmap UV are overlapping by 98.8%. Please adjust content - Enable Error Coloring to visualize.
[2014.12.15-01.14.36:425][522]LightingResults:Error: Error thing Object has wrapping UVs.
[2014.12.15-01.14.36:425][522]LightingResults:Error: Error thing Object has overlapping UVs.
[2014.12.15-01.14.36:425][522]LightingResults: Info thing Lightmap UV are overlapping by 98.5%. Please adjust content - Enable Error Coloring to visualize.
[2014.12.15-01.14.40:209][537]LightingResults:Error: Error thing Object has wrapping UVs.
[2014.12.15-01.14.40:209][537]LightingResults:Error: Error thing Object has overlapping UVs.
[2014.12.15-01.14.40:210][537]LightingResults: Info thing Lightmap UV are overlapping by 98.5%. Please adjust content - Enable Error Coloring to visualize.
[2014.12.15-01.20.25:364][ 17]LightingResults:Error: Error The_Compound Object has overlapping UVs.
[2014.12.15-01.20.25:364][ 17]LightingResults: Info The_Compound Lightmap UV are overlapping by 99.9%. Please adjust content - Enable Error Coloring to visualize.
[2014.12.15-01.20.26:731][ 23]LightingResults:Error: Error The_Compound Object has overlapping UVs.
[2014.12.15-01.20.26:731][ 23]LightingResults: Info The_Compound Lightmap UV are overlapping by 99.9%. Please adjust content - Enable Error Coloring to visualize.
[2014.12.15-01.21.16:587][279]Job is a success!
[2014.12.15-01.21.16:587][279]LightingResults:Error: Error The_Compound Object has overlapping UVs.
[2014.12.15-01.21.16:587][279]LightingResults: Info The_Compound Lightmap UV are overlapping by 99.9%. Please adjust content - Enable Error Coloring to visualize.
[2014.12.15-01.21.20:073][280]LightingResults:Error: Error PointLight3 Severe performance loss: Failed to allocate shadowmap channel for stationary light due to overlap - light will fall back to dynamic shadows!
[2014.12.15-01.21.20:073][280]LightingResults:Error: Error PointLight4 Severe performance loss: Failed to allocate shadowmap channel for stationary light due to overlap - light will fall back to dynamic shadows!
[2014.12.15-01.21.20:074][280]LightingResults:Error: Error PointLight5 Severe performance loss: Failed to allocate shadowmap channel for stationary light due to overlap - light will fall back to dynamic shadows!
[2014.12.15-01.21.20:074][280]LightingResults:Error: Error PointLight6 Severe performance loss: Failed to allocate shadowmap channel for stationary light due to overlap - light will fall back to dynamic shadows!
[2014.12.15-01.21.20:074][280]LightingResults:Error: Error PointLight7 Severe performance loss: Failed to allocate shadowmap channel for stationary light due to overlap - light will fall back to dynamic shadows!
[2014.12.15-01.21.20:074][280]LightingResults:Error: Error PointLight_1 Severe performance loss: Failed to allocate shadowmap channel for stationary light due to overlap - light will fall back to dynamic shadows!
[2014.12.15-01.21.20:074][280]LightingResults:Error: Error PointLight_9 Severe performance loss: Failed to allocate shadowmap channel for stationary light due to overlap - light will fall back to dynamic shadows!
[2014.12.15-01.21.20:074][280]LightingResults:Error: Error PointLight_2 Severe performance loss: Failed to allocate shadowmap channel for stationary light due to overlap - light will fall back to dynamic shadows!
[2014.12.15-01.21.20:075][280]LightingResults:Error: Error PointLight8 Severe performance loss: Failed to allocate shadowmap channel for stationary light due to overlap - light will fall back to dynamic shadows!
[2014.12.15-01.21.20:075][280]LightingResults:Error: Error SpotLight10 Severe performance loss: Failed to allocate shadowmap channel for stationary light due to overlap - light will fall back to dynamic shadows!
[2014.12.15-01.21.20:075][280]LightingResults:Error: Error SpotLight11 Severe performance loss: Failed to allocate shadowmap channel for stationary light due to overlap - light will fall back to dynamic shadows!
[2014.12.15-01.21.20:075][280]LightingResults:Error: Error SpotLight5 Severe performance loss: Failed to allocate shadowmap channel for stationary light due to overlap - light will fall back to dynamic shadows!
[2014.12.15-01.21.20:075][280]LightingResults:Error: Error SpotLight6 Severe performance loss: Failed to allocate shadowmap channel for stationary light due to overlap - light will fall back to dynamic shadows!
[2014.12.15-01.21.20:076][280]LightingResults:Error: Error SpotLight7 Severe performance loss: Failed to allocate shadowmap channel for stationary light due to overlap - light will fall back to dynamic shadows!
[2014.12.15-01.21.20:076][280]LightingResults:Error: Error SpotLight8 Severe performance loss: Failed to allocate shadowmap channel for stationary light due to overlap - light will fall back to dynamic shadows!
[2014.12.15-01.21.20:076][280]LightingResults:Error: Error SpotLight9 Severe performance loss: Failed to allocate shadowmap channel for stationary light due to overlap - light will fall back to dynamic shadows!
[2014.12.15-01.21.20:076][280]LightingResults:Error: Error SpotLight_1 Severe performance loss: Failed to allocate shadowmap channel for stationary light due to overlap - light will fall back to dynamic shadows!
[2014.12.15-01.21.20:076][280]LightingResults:Error: Error SpotLight_4 Severe performance loss: Failed to allocate shadowmap channel for stationary light due to overlap - light will fall back to dynamic shadows!
[2014.12.15-01.21.21:010][280]LogTexture:Display: Building textures: SkyOcclusion0_1 (AutoDXT)
[2014.12.15-01.21.21:272][280]LogTexture:Display: Building textures: LQ_Lightmap_0_23 (DXT1)
[2014.12.15-01.21.21:299][280]LogTexture:Display: Building textures: HQ_Lightmap0_23 (AutoDXT)
[2014.12.15-01.21.21:348][280]LogTexture:Display: Building textures: SkyOcclusion0_23 (AutoDXT)
[2014.12.15-01.21.21:374][280]LogTexture:Display: Building textures: LQ_Lightmap_0_22 (DXT1)
[2014.12.15-01.21.21:381][280]LogTexture:Display: Building textures: HQ_Lightmap0_22 (AutoDXT)
[2014.12.15-01.21.21:390][280]LogTexture:Display: Building textures: SkyOcclusion0_22 (AutoDXT)
[2014.12.15-01.21.21:398][280]LogTexture:Display: Building textures: LQ_Lightmap_0_21 (DXT1)
[2014.12.15-01.21.21:399][280]LogTexture:Display: Building textures: HQ_Lightmap0_21 (AutoDXT)
[2014.12.15-01.21.21:404][280]LogTexture:Display: Building textures: SkyOcclusion0_21 (AutoDXT)
[2014.12.15-01.21.21:407][280]LogTexture:Display: Building textures: LQ_Lightmap_0_20 (DXT1)
[2014.12.15-01.21.21:410][280]LogTexture:Display: Building textures: HQ_Lightmap0_20 (AutoDXT)
[2014.12.15-01.21.21:415][280]LogTexture:Display: Building textures: SkyOcclusion0_20 (AutoDXT)
[2014.12.15-01.21.21:418][280]LogTexture:Display: Building textures: LQ_Lightmap_0_19 (DXT1)
[2014.12.15-01.21.21:428][280]LogTexture:Display: Building textures: HQ_Lightmap0_19 (AutoDXT)
[2014.12.15-01.21.21:444][280]LogTexture:Display: Building textures: SkyOcclusion0_19 (AutoDXT)
[2014.12.15-01.21.21:454][280]LogTexture:Display: Building textures: LQ_Lightmap_0_18 (DXT1)
[2014.12.15-01.21.21:467][280]LogTexture:Display: Building textures: HQ_Lightmap0_18 (AutoDXT)
[2014.12.15-01.21.21:490][280]LogTexture:Display: Building textures: SkyOcclusion0_18 (AutoDXT)
[2014.12.15-01.21.21:502][280]LogTexture:Display: Building textures: LQ_Lightmap_0_17 (DXT1)
[2014.12.15-01.21.21:503][280]LogTexture:Display: Building textures: HQ_Lightmap0_17 (AutoDXT)
[2014.12.15-01.21.21:505][280]LogTexture:Display: Building textures: SkyOcclusion0_17 (AutoDXT)
[2014.12.15-01.21.21:506][280]LogTexture:Display: Building textures: LQ_Lightmap_0_16 (DXT1)
[2014.12.15-01.21.21:507][280]LogTexture:Display: Building textures: HQ_Lightmap0_16 (AutoDXT)
[2014.12.15-01.21.21:508][280]LogTexture:Display: Building textures: SkyOcclusion0_16 (AutoDXT)
[2014.12.15-01.21.21:510][280]LogTexture:Display: Building textures: LQ_Lightmap_0_15 (DXT1)
[2014.12.15-01.21.21:515][280]LogTexture:Display: Building textures: HQ_Lightmap0_15 (AutoDXT)
[2014.12.15-01.21.21:525][280]LogTexture:Display: Building textures: SkyOcclusion0_15 (AutoDXT)
[2014.12.15-01.21.21:532][280]LogTexture:Display: Building textures: LQ_Lightmap_0_14 (DXT1)
[2014.12.15-01.21.21:564][280]LogTexture:Display: Building textures: HQ_Lightmap0_14 (AutoDXT)
[2014.12.15-01.21.21:623][280]LogTexture:Display: Building textures: SkyOcclusion0_14 (AutoDXT)
[2014.12.15-01.21.21:659][280]LogTexture:Display: Building textures: LQ_Lightmap_0_13 (DXT1)
[2014.12.15-01.21.21:690][280]LogTexture:Display: Building textures: HQ_Lightmap0_13 (AutoDXT)
[2014.12.15-01.21.21:738][280]LogTexture:Display: Building textures: SkyOcclusion0_13 (AutoDXT)
[2014.12.15-01.21.21:767][280]LogTexture:Display: Building textures: LQ_Lightmap_0_12 (DXT1)
[2014.12.15-01.21.21:780][280]LogTexture:Display: Building textures: HQ_Lightmap0_12 (AutoDXT)
[2014.12.15-01.21.21:799][280]LogTexture:Display: Building textures: SkyOcclusion0_12 (AutoDXT)
[2014.12.15-01.21.21:811][280]LogTexture:Display: Building textures: LQ_Lightmap_0_11 (DXT1)
[2014.12.15-01.21.21:841][280]LogTexture:Display: Building textures: HQ_Lightmap0_11 (AutoDXT)
[2014.12.15-01.21.21:881][280]LogTexture:Display: Building textures: SkyOcclusion0_11 (AutoDXT)
[2014.12.15-01.21.21:906][280]LogTexture:Display: Building textures: LQ_Lightmap_0_10 (DXT1)
[2014.12.15-01.21.21:944][280]LogTexture:Display: Building textures: HQ_Lightmap0_10 (AutoDXT)
[2014.12.15-01.21.22:006][280]LogTexture:Display: Building textures: SkyOcclusion0_10 (AutoDXT)
[2014.12.15-01.21.22:036][280]LogTexture:Display: Building textures: LQ_Lightmap_0_9 (DXT1)
[2014.12.15-01.21.22:085][280]LogTexture:Display: Building textures: HQ_Lightmap0_9 (AutoDXT)
[2014.12.15-01.21.22:157][280]LogTexture:Display: Building textures: SkyOcclusion0_9 (AutoDXT)
[2014.12.15-01.21.22:197][280]LogTexture:Display: Building textures: LQ_Lightmap_0_8 (DXT1)
[2014.12.15-01.21.22:282][280]LogTexture:Display: Building textures: HQ_Lightmap0_8 (AutoDXT)
[2014.12.15-01.21.22:396][280]LogTexture:Display: Building textures: SkyOcclusion0_8 (AutoDXT)
[2014.12.15-01.21.22:461][280]LogTexture:Display: Building textures: LQ_Lightmap_0_7 (DXT1)
[2014.12.15-01.21.22:597][280]LogTexture:Display: Building textures: HQ_Lightmap0_7 (AutoDXT)
[2014.12.15-01.21.22:787][280]LogTexture:Display: Building textures: SkyOcclusion0_7 (AutoDXT)
[2014.12.15-01.21.22:893][280]LogTexture:Display: Building textures: LQ_Lightmap_0_6 (DXT1)
[2014.12.15-01.21.23:085][280]LogTexture:Display: Building textures: HQ_Lightmap0_6 (AutoDXT)
[2014.12.15-01.21.23:374][280]LogTexture:Display: Building textures: SkyOcclusion0_6 (AutoDXT)
[2014.12.15-01.21.23:515][280]LogTexture:Display: Building textures: LQ_Lightmap_0_5 (DXT1)
[2014.12.15-01.21.23:733][280]LogTexture:Display: Building textures: HQ_Lightmap0_5 (AutoDXT)
[2014.12.15-01.21.24:152][280]LogTexture:Display: Building textures: SkyOcclusion0_5 (AutoDXT)
[2014.12.15-01.21.24:329][280]LogTexture:Display: Building textures: LQ_Lightmap_0_4 (DXT1)
[2014.12.15-01.21.24:486][280]LogTexture:Display: Building textures: HQ_Lightmap0_4 (AutoDXT)
[2014.12.15-01.21.24:806][280]LogTexture:Display: Building textures: SkyOcclusion0_4 (AutoDXT)
[2014.12.15-01.21.24:961][280]LogTexture:Display: Building textures: LQ_Lightmap_0_3 (DXT1)
[2014.12.15-01.21.25:215][280]LogTexture:Display: Building textures: HQ_Lightmap0_3 (AutoDXT)
[2014.12.15-01.21.25:760][280]LogTexture:Display: Building textures: SkyOcclusion0_3 (AutoDXT)
[2014.12.15-01.21.26:006][280]LogTexture:Display: Building textures: LQ_Lightmap_0_2 (DXT1)
[2014.12.15-01.21.26:143][280]LogTexture:Display: Building textures: HQ_Lightmap0_2 (AutoDXT)
[2014.12.15-01.21.26:533][280]LogTexture:Display: Building textures: SkyOcclusion0_2 (AutoDXT)
[2014.12.15-01.21.26:740][280]LogTexture:Display: Building textures: LQ_Lightmap_0_1 (DXT1)
[2014.12.15-01.21.26:836][280]LogTexture:Display: Building textures: HQ_Lightmap0_1 (AutoDXT)
[2014.12.15-01.21.27:849][280]LogTexture:Display: Building textures: ShadowMapTexture2D_0 (BGRA8)
[2014.12.15-01.21.28:439][280]LogTexture:Display: Building textures: ShadowMapTexture2D_1 (BGRA8)
[2014.12.15-01.21.29:044][280]LogTexture:Display: Building textures: ShadowMapTexture2D_2 (BGRA8)
[2014.12.15-01.21.29:434][280]LogTexture:Display: Building textures: ShadowMapTexture2D_3 (BGRA8)
[2014.12.15-01.21.29:496][280]LogTexture:Display: Building textures: ShadowMapTexture2D_4 (BGRA8)
[2014.12.15-01.21.29:508][280]LogTexture:Display: Building textures: ShadowMapTexture2D_5 (BGRA8)
[2014.12.15-01.21.29:540][280]LogTexture:Display: Building textures: ShadowMapTexture2D_6 (BGRA8)
[2014.12.15-01.21.29:553][280]LogTexture:Display: Building textures: ShadowMapTexture2D_7 (BGRA8)
[2014.12.15-01.21.29:562][280]LogTexture:Display: Building textures: ShadowMapTexture2D_8 (BGRA8)
[2014.12.15-01.21.29:571][280]LogTexture:Display: Building textures: ShadowMapTexture2D_9 (BGRA8)
[2014.12.15-01.21.29:601][280]LogTexture:Display: Building textures: ShadowMapTexture2D_10 (BGRA8)
[2014.12.15-01.21.29:610][280]LogTexture:Display: Building textures: ShadowMapTexture2D_11 (BGRA8)
[2014.12.15-01.21.29:613][280]LogTexture:Display: Building textures: ShadowMapTexture2D_12 (BGRA8)
[2014.12.15-01.21.29:614][280]LogTexture:Display: Building textures: ShadowMapTexture2D_13 (BGRA8)
[2014.12.15-01.21.29:623][280]LogTexture:Display: Building textures: ShadowMapTexture2D_14 (BGRA8)
[2014.12.15-01.21.29:628][280]LogTexture:Display: Building textures: ShadowMapTexture2D_15 (BGRA8)
[2014.12.15-01.21.29:630][280]LogTexture:Display: Building textures: ShadowMapTexture2D_16 (BGRA8)
[2014.12.15-01.21.29:631][280]LogTexture:Display: Building textures: ShadowMapTexture2D_17 (BGRA8)
[2014.12.15-01.21.29:634][280]LogTexture:Display: Building textures: ShadowMapTexture2D_18 (BGRA8)
[2014.12.15-01.21.29:666][280]LogTexture:Display: Building textures: ShadowMapTexture2D_19 (BGRA8)
[2014.12.15-01.21.29:737][280]Lightmass on NOAH-PC: 14:13 min total, 1.88 sec importing, 4.13 sec setup, 48.4 sec photons, 13:18 min processing, 0 ms extra exporting [1600/1600 mappings]. Threads: 1:59:47 hours total, 1:10:00 hours processing.
[2014.12.15-01.21.29:875][280]LogStaticLightingSystem:Warning: Illumination: 14:29 min (9.59 sec encoding lightmaps)
[2014.12.15-01.21.29:875][280]LogStaticLightingSystem: Lightmap texture memory:  11.2 MB (1.8 MB streaming, 9.3 MB non-streaming), 46 textures
[2014.12.15-01.21.29:875][280]LogStaticLightingSystem: Shadowmap texture memory: 0.0 MB (0.0 MB streaming, 0.0 MB non-streaming), 20 textures
[2014.12.15-01.21.30:398][281]Cmd: MAP CHECK NOTIFYRESULTS
[2014.12.15-01.21.30:399][281]MapCheck: New page: mainfloorscene - Dec 14, 2014, 11:21:30 AM
[2014.12.15-01.21.30:399][281]MapCheck:Warning: Warning Run 'Clean BSP Materials' to clear 288 unnecessary materal references 
[2014.12.15-01.21.30:413][281]MapCheck:Warning: Performance Warning bossTestRigged_3 SkeletalMeshActor 'No_SkeletalMesh' casts shadow but has no PhysicsAsset assigned.  The shadow will be low res and inefficient 
[2014.12.15-01.21.30:414][281]MapCheck:Warning: Warning bossTestRigged_3 bossTestRigged_3 : Skeletal mesh actor has NULL SkeletalMesh property 
[2014.12.15-01.21.30:477][281]MapCheck: Info ========== Map Check: 0 Error(s), 3 Warning(s), [78.804ms] ==========
[2014.12.15-01.21.41:685][358]LogSavePackage: Save=1171.709839ms
[2014.12.15-01.21.41:685][358]LogSavePackage: Moving '../../../../../../Users/Noah/Documents/Unreal Projects/assignment3/Content/CloudFactory/Cloud_Factory_Scene/Saved/mainfloorscene_Auto247D1E8F343A25566FD01E6BB436163BD.tmp' to '../../../../../../Users/Noah/Documents/Unreal Projects/assignment3/Content/CloudFactory/Cloud_Factory_Scene/Saved/Autosaves/Game/Maps/mainfloorscene_Auto2.umap'
[2014.12.15-01.21.41:693][358]LogFileHelpers: Editor autosave (incl. sublevels) for '/Game/Maps/mainfloorscene' took 1.521
[2014.12.15-01.21.41:693][358]LogFileHelpers: Editor autosave (incl. sublevels) for all levels took 1.521
[2014.12.15-01.22.56:467][806]LogSavePackage: Save=1155.902100ms
[2014.12.15-01.22.56:467][806]LogSavePackage: Moving '../../../../../../Users/Noah/Documents/Unreal Projects/assignment3/Content/CloudFactory/Cloud_Factory_Scene/Saved/mainfloorsceneD69A75504E9D16FAE967B6B7E3B4F9A4.tmp' to '../../../../../../Users/Noah/Documents/Unreal Projects/assignment3/Content/CloudFactory/Cloud_Factory_Scene/Content/Maps/mainfloorscene.umap'
[2014.12.15-01.22.56:482][806]LogFileHelpers: Saving map 'mainfloorscene' took 1.239
[2014.12.15-01.22.56:826][807]Cmd: QUIT_EDITOR
[2014.12.15-01.22.56:938][807]LogWindowsTextInputMethodSystem:Error: Terminating failed while unadvising the language notification sink from the TSF source.
[2014.12.15-01.22.56:942][807]LogExit: Preparing to exit.
[2014.12.15-01.22.57:933][807]LogExit: Editor shut down
[2014.12.15-01.22.57:934][807]LogExit: Transaction tracking system shut down
[2014.12.15-01.22.57:934][807]LogParticles: Destroying 0 GPU particle simulations for FXSystem 0x000000002A286AC0
[2014.12.15-01.22.57:934][807]LogParticles: Destroying 0 GPU particle simulations for FXSystem 0x000000000D4A3100
[2014.12.15-01.22.57:935][807]LogParticles: Destroying 0 GPU particle simulations for FXSystem 0x000000003A07AD40
[2014.12.15-01.22.58:025][807]LogExit: Object subsystem successfully closed.
[2014.12.15-01.22.58:085][807]LogModuleManager: Shutting down and abandoning module AndroidDeviceDetection (161)
[2014.12.15-01.22.58:086][807]LogModuleManager: Shutting down and abandoning module HTTP (160)
[2014.12.15-01.22.58:086][807]LogModuleManager: Shutting down and abandoning module CrashTracker (159)
[2014.12.15-01.22.58:086][807]LogModuleManager: Shutting down and abandoning module SuperSearch (158)
[2014.12.15-01.22.58:086][807]LogModuleManager: Shutting down and abandoning module SceneOutliner (157)
[2014.12.15-01.22.58:086][807]LogModuleManager: Shutting down and abandoning module EditorWidgets (156)
[2014.12.15-01.22.58:086][807]LogModuleManager: Shutting down and abandoning module CollectionManager (155)
[2014.12.15-01.22.58:087][807]LogModuleManager: Shutting down and abandoning module StatsViewer (154)
[2014.12.15-01.22.58:087][807]LogModuleManager: Shutting down and abandoning module FoliageEdit (153)
[2014.12.15-01.22.58:087][807]LogModuleManager: Shutting down and abandoning module LandscapeEditor (152)
[2014.12.15-01.22.58:088][807]LogModuleManager: Shutting down and abandoning module MeshPaint (151)
[2014.12.15-01.22.58:088][807]LogModuleManager: Shutting down and abandoning module ActorPickerMode (150)
[2014.12.15-01.22.58:089][807]LogModuleManager: Shutting down and abandoning module GeometryMode (149)
[2014.12.15-01.22.58:089][807]LogModuleManager: Shutting down and abandoning module TextureAlignMode (148)
[2014.12.15-01.22.58:089][807]LogModuleManager: Shutting down and abandoning module BspMode (147)
[2014.12.15-01.22.58:089][807]LogModuleManager: Shutting down and abandoning module PlacementMode (146)
[2014.12.15-01.22.58:089][807]LogModuleManager: Shutting down and abandoning module DesktopPlatform (145)
[2014.12.15-01.22.58:090][807]LogModuleManager: Shutting down and abandoning module AutomationWorker (144)
[2014.12.15-01.22.58:090][807]LogModuleManager: Shutting down and abandoning module EditorLiveStreaming (143)
[2014.12.15-01.22.58:090][807]LogModuleManager: Shutting down and abandoning module BehaviorTreeEditor (142)
[2014.12.15-01.22.58:091][807]LogModuleManager: Shutting down and abandoning module DeviceProfileEditor (141)
[2014.12.15-01.22.58:092][807]LogModuleManager: Shutting down and abandoning module UndoHistory (140)
[2014.12.15-01.22.58:092][807]LogModuleManager: Shutting down and abandoning module GameplayTagsEditor (139)
[2014.12.15-01.22.58:092][807]LogModuleManager: Shutting down and abandoning module UserFeedback (138)
[2014.12.15-01.22.58:092][807]LogModuleManager: Shutting down and abandoning module XmlParser (137)
[2014.12.15-01.22.58:092][807]LogModuleManager: Shutting down and abandoning module Blutility (136)
[2014.12.15-01.22.58:092][807]LogModuleManager: Shutting down and abandoning module IOSPlatformEditor (135)
[2014.12.15-01.22.58:092][807]LogModuleManager: Shutting down and abandoning module IOSRuntimeSettings (134)
[2014.12.15-01.22.58:092][807]LogModuleManager: Shutting down and abandoning module AndroidPlatformEditor (133)
[2014.12.15-01.22.58:092][807]LogModuleManager: Shutting down and abandoning module AndroidRuntimeSettings (132)
[2014.12.15-01.22.58:092][807]LogModuleManager: Shutting down and abandoning module ProjectTargetPlatformEditor (131)
[2014.12.15-01.22.58:093][807]LogModuleManager: Shutting down and abandoning module ProjectSettingsViewer (130)
[2014.12.15-01.22.58:093][807]LogModuleManager: Shutting down and abandoning module InputBindingEditor (129)
[2014.12.15-01.22.58:094][807]LogModuleManager: Shutting down and abandoning module EditorSettingsViewer (128)
[2014.12.15-01.22.58:094][807]LogModuleManager: Shutting down and abandoning module SettingsEditor (127)
[2014.12.15-01.22.58:094][807]LogModuleManager: Shutting down and abandoning module SessionLauncher (126)
[2014.12.15-01.22.58:095][807]LogModuleManager: Shutting down and abandoning module SessionFrontend (125)
[2014.12.15-01.22.58:095][807]LogModuleManager: Shutting down and abandoning module ProfilerClient (124)
[2014.12.15-01.22.58:096][807]LogModuleManager: Shutting down and abandoning module TargetDeviceServices (123)
[2014.12.15-01.22.58:096][807]LogModuleManager: Shutting down and abandoning module DeviceManager (122)
[2014.12.15-01.22.58:096][807]LogModuleManager: Shutting down and abandoning module AutomationController (121)
[2014.12.15-01.22.58:097][807]LogModuleManager: Shutting down and abandoning module AutomationWindow (120)
[2014.12.15-01.22.58:097][807]LogModuleManager: Shutting down and abandoning module Layers (119)
[2014.12.15-01.22.58:097][807]LogModuleManager: Shutting down and abandoning module ComponentVisualizers (118)
[2014.12.15-01.22.58:097][807]LogModuleManager: Shutting down and abandoning module DetailCustomizations (117)
[2014.12.15-01.22.58:098][807]LogModuleManager: Shutting down and abandoning module PackagesDialog (116)
[2014.12.15-01.22.58:098][807]LogModuleManager: Shutting down and abandoning module DirectoryWatcher (115)
[2014.12.15-01.22.58:099][807]LogModuleManager: Shutting down and abandoning module AssetRegistry (114)
[2014.12.15-01.22.58:466][807]LogModuleManager: Shutting down and abandoning module Persona (113)
[2014.12.15-01.22.58:492][807]LogModuleManager: Shutting down and abandoning module GraphEditor (112)
[2014.12.15-01.22.58:496][807]LogModuleManager: Shutting down and abandoning module ClassViewer (111)
[2014.12.15-01.22.58:496][807]LogModuleManager: Shutting down and abandoning module Toolbox (110)
[2014.12.15-01.22.58:496][807]LogModuleManager: Shutting down and abandoning module ModuleUI (109)
[2014.12.15-01.22.58:496][807]LogModuleManager: Shutting down and abandoning module Sequencer (108)
[2014.12.15-01.22.58:498][807]LogModuleManager: Shutting down and abandoning module MovieSceneTools (107)
[2014.12.15-01.22.58:498][807]LogModuleManager: Shutting down and abandoning module OutputLog (106)
[2014.12.15-01.22.58:498][807]LogModuleManager: Shutting down and abandoning module GammaUI (105)
[2014.12.15-01.22.58:499][807]LogModuleManager: Shutting down and abandoning module Documentation (104)
[2014.12.15-01.22.58:499][807]LogModuleManager: Shutting down and abandoning module GameLiveStreaming (103)
[2014.12.15-01.22.58:499][807]LogModuleManager: Shutting down and abandoning module StreamingPauseRendering (102)
[2014.12.15-01.22.58:499][807]LogModuleManager: Shutting down and abandoning module AnalyticsET (101)
[2014.12.15-01.22.58:499][807]LogModuleManager: Shutting down and abandoning module Analytics (100)
[2014.12.15-01.22.58:499][807]LogModuleManager: Shutting down and abandoning module GameplayDebugger (99)
[2014.12.15-01.22.58:499][807]LogModuleManager: Shutting down and abandoning module AIModule (98)
[2014.12.15-01.22.58:499][807]LogModuleManager: Shutting down and abandoning module ProfilerService (97)
[2014.12.15-01.22.58:634][807]LogModuleManager: Shutting down and abandoning module TaskGraph (96)
[2014.12.15-01.22.58:635][807]LogModuleManager: Shutting down and abandoning module SlateRemote (95)
[2014.12.15-01.22.58:635][807]LogModuleManager: Shutting down and abandoning module ScriptEditorPlugin (94)
[2014.12.15-01.22.58:635][807]LogModuleManager: Shutting down and abandoning module CustomMeshComponent (93)
[2014.12.15-01.22.58:635][807]LogModuleManager: Shutting down and abandoning module CableComponent (92)
[2014.12.15-01.22.58:635][807]LogModuleManager: Shutting down and abandoning module MessagingDebugger (91)
[2014.12.15-01.22.58:637][807]LogModuleManager: Shutting down and abandoning module ViewportSnapping (90)
[2014.12.15-01.22.58:637][807]LogModuleManager: Shutting down and abandoning module SmartSnapping (89)
[2014.12.15-01.22.58:637][807]LogModuleManager: Shutting down and abandoning module PaperTiledImporter (88)
[2014.12.15-01.22.58:637][807]LogModuleManager: Shutting down and abandoning module PaperJsonImporter (87)
[2014.12.15-01.22.58:637][807]LogModuleManager: Shutting down and abandoning module GameProjectGeneration (86)
[2014.12.15-01.22.58:637][807]LogModuleManager: Shutting down and abandoning module Matinee (85)
[2014.12.15-01.22.58:638][807]LogModuleManager: Shutting down and abandoning module Kismet (84)
[2014.12.15-01.22.58:640][807]LogModuleManager: Shutting down and abandoning module SlateReflector (83)
[2014.12.15-01.22.58:641][807]LogModuleManager: Shutting down and abandoning module LevelEditor (82)
[2014.12.15-01.22.58:643][807]LogModuleManager: Shutting down and abandoning module IntroTutorials (81)
[2014.12.15-01.22.58:645][807]LogModuleManager: Shutting down and abandoning module ContentBrowser (80)
[2014.12.15-01.22.58:645][807]LogModuleManager: Shutting down and abandoning module PropertyEditor (79)
[2014.12.15-01.22.58:645][807]LogModuleManager: Shutting down and abandoning module AssetTools (78)
[2014.12.15-01.22.58:647][807]LogModuleManager: Shutting down and abandoning module Paper2DEditor (77)
[2014.12.15-01.22.58:648][807]LogModuleManager: Shutting down and abandoning module SpeedTreeImporter (76)
[2014.12.15-01.22.58:648][807]LogModuleManager: Shutting down and abandoning module PluginsEditor (75)
[2014.12.15-01.22.58:649][807]LogModuleManager: Shutting down and abandoning module MainFrame (74)
[2014.12.15-01.22.58:649][807]LogModuleManager: Shutting down and abandoning module EpicSurvey (73)
[2014.12.15-01.22.58:650][807]LogModuleManager: Shutting down and abandoning module VisualStudioSourceCodeAccess (72)
[2014.12.15-01.22.58:650][807]LogModuleManager: Shutting down and abandoning module UObjectPlugin (71)
[2014.12.15-01.22.58:650][807]LogModuleManager: Shutting down and abandoning module SubversionSourceControl (70)
[2014.12.15-01.22.58:650][807]LogModuleManager: Shutting down and abandoning module SourceControl (69)
[2014.12.15-01.22.58:651][807]LogModuleManager: Shutting down and abandoning module PerforceSourceControl (68)
[2014.12.15-01.22.58:652][807]LogModuleManager: Shutting down and abandoning module BlankPlugin (67)
[2014.12.15-01.22.58:652][807]LogModuleManager: Shutting down and abandoning module ScriptPlugin (66)
[2014.12.15-01.22.58:652][807]LogModuleManager: Shutting down and abandoning module UdpMessaging (65)
[2014.12.15-01.22.58:753][807]LogModuleManager: Shutting down and abandoning module Paper2D (64)
[2014.12.15-01.22.58:753][807]LogModuleManager: Shutting down and abandoning module WindowsMoviePlayer (63)
[2014.12.15-01.22.58:760][807]LogModuleManager: Shutting down and abandoning module ImageWrapper (62)
[2014.12.15-01.22.58:760][807]LogModuleManager: Shutting down and abandoning module OnlineBlueprintSupport (61)
[2014.12.15-01.22.58:760][807]LogModuleManager: Shutting down and abandoning module FunctionalTesting (60)
[2014.12.15-01.22.58:760][807]LogModuleManager: Shutting down and abandoning module CollisionAnalyzer (59)
[2014.12.15-01.22.58:761][807]LogModuleManager: Shutting down and abandoning module WorkspaceMenuStructure (58)
[2014.12.15-01.22.58:761][807]LogModuleManager: Shutting down and abandoning module MessageLog (57)
[2014.12.15-01.22.58:761][807]LogModuleManager: Shutting down and abandoning module UMGEditor (56)
[2014.12.15-01.22.58:762][807]LogModuleManager: Shutting down and abandoning module UMG (55)
[2014.12.15-01.22.58:763][807]LogModuleManager: Shutting down and abandoning module Slate (54)
[2014.12.15-01.22.58:763][807]LogModuleManager: Shutting down and abandoning module EditorStyle (53)
[2014.12.15-01.22.58:765][807]LogModuleManager: Shutting down and abandoning module SessionServices (52)
[2014.12.15-01.22.58:765][807]LogModuleManager: Shutting down and abandoning module SourceCodeAccess (51)
[2014.12.15-01.22.58:765][807]LogModuleManager: Shutting down and abandoning module HeadMountedDisplay (50)
[2014.12.15-01.22.58:765][807]LogModuleManager: Shutting down and abandoning module XAudio2 (49)
[2014.12.15-01.22.58:765][807]LogModuleManager: Shutting down and abandoning module Networking (47)
[2014.12.15-01.22.58:765][807]LogModuleManager: Shutting down and abandoning module Core (46)
[2014.12.15-01.22.58:765][807]LogModuleManager: Shutting down and abandoning module KismetCompiler (45)
[2014.12.15-01.22.58:765][807]LogModuleManager: Shutting down and abandoning module PhysXFormats (44)
[2014.12.15-01.22.58:765][807]LogModuleManager: Shutting down and abandoning module MeshUtilities (43)
[2014.12.15-01.22.58:766][807]LogModuleManager: Shutting down and abandoning module DerivedDataCache (42)
[2014.12.15-01.22.58:824][807]LogDerivedDataCache: Shutdown
[2014.12.15-01.22.58:824][807]LogModuleManager: Shutting down and abandoning module ShaderFormatOpenGL (41)
[2014.12.15-01.22.58:824][807]LogModuleManager: Shutting down and abandoning module ShaderFormatD3D (40)
[2014.12.15-01.22.58:825][807]LogModuleManager: Shutting down and abandoning module MetalShaderFormat (39)
[2014.12.15-01.22.58:825][807]LogModuleManager: Shutting down and abandoning module TextureFormatUncompressed (38)
[2014.12.15-01.22.58:825][807]LogModuleManager: Shutting down and abandoning module TextureFormatPVR (37)
[2014.12.15-01.22.58:825][807]LogModuleManager: Shutting down and abandoning module TextureFormatDXT (36)
[2014.12.15-01.22.58:825][807]LogModuleManager: Shutting down and abandoning module TextureFormatAndroid (35)
[2014.12.15-01.22.58:825][807]LogModuleManager: Shutting down and abandoning module AudioFormatOpus (34)
[2014.12.15-01.22.58:825][807]LogModuleManager: Shutting down and abandoning module AudioFormatOgg (33)
[2014.12.15-01.22.58:825][807]LogModuleManager: Shutting down and abandoning module AudioFormatADPCM (32)
[2014.12.15-01.22.58:825][807]LogModuleManager: Shutting down and abandoning module Messaging (31)
[2014.12.15-01.22.58:825][807]LogModuleManager: Shutting down and abandoning module IOSTargetPlatform (30)
[2014.12.15-01.22.58:825][807]LogModuleManager: Shutting down and abandoning module Android_PVRTCTargetPlatform (29)
[2014.12.15-01.22.58:825][807]LogModuleManager: Shutting down and abandoning module Android_ETC2TargetPlatform (28)
[2014.12.15-01.22.58:826][807]LogModuleManager: Shutting down and abandoning module Android_ETC1TargetPlatform (27)
[2014.12.15-01.22.58:826][807]LogModuleManager: Shutting down and abandoning module Android_DXTTargetPlatform (26)
[2014.12.15-01.22.58:826][807]LogModuleManager: Shutting down and abandoning module Android_ATCTargetPlatform (25)
[2014.12.15-01.22.58:826][807]LogModuleManager: Shutting down and abandoning module AndroidTargetPlatform (24)
[2014.12.15-01.22.58:826][807]LogModuleManager: Shutting down and abandoning module WindowsTargetPlatform (23)
[2014.12.15-01.22.58:826][807]LogModuleManager: Shutting down and abandoning module WindowsServerTargetPlatform (22)
[2014.12.15-01.22.58:826][807]LogModuleManager: Shutting down and abandoning module WindowsNoEditorTargetPlatform (21)
[2014.12.15-01.22.58:826][807]LogModuleManager: Shutting down and abandoning module WindowsClientTargetPlatform (20)
[2014.12.15-01.22.58:826][807]LogModuleManager: Shutting down and abandoning module TargetPlatform (19)
[2014.12.15-01.22.58:826][807]LogModuleManager: Shutting down and abandoning module InputCore (18)
[2014.12.15-01.22.58:826][807]LogModuleManager: Shutting down and abandoning module Settings (17)
[2014.12.15-01.22.58:826][807]LogModuleManager: Shutting down and abandoning module ExampleDeviceProfileSelector (14)
[2014.12.15-01.22.58:826][807]LogModuleManager: Shutting down and abandoning module OculusRift (13)
[2014.12.15-01.22.58:826][807]LogModuleManager: Shutting down and abandoning module TextureCompressor (12)
[2014.12.15-01.22.58:826][807]LogModuleManager: Shutting down and abandoning module ShaderCore (11)
[2014.12.15-01.22.58:826][807]LogModuleManager: Shutting down and abandoning module OpenGLDrv (10)
[2014.12.15-01.22.58:826][807]LogModuleManager: Shutting down and abandoning module D3D11RHI (9)
[2014.12.15-01.22.58:826][807]LogModuleManager: Shutting down and abandoning module SlateRHIRenderer (8)
[2014.12.15-01.22.58:826][807]LogModuleManager: Shutting down and abandoning module Renderer (7)
[2014.12.15-01.22.58:826][807]LogModuleManager: Shutting down and abandoning module Engine (6)
[2014.12.15-01.22.58:826][807]LogModuleManager: Shutting down and abandoning module CoreUObject (5)
[2014.12.15-01.22.58:826][807]LogModuleManager: Shutting down and abandoning module NetworkFile (4)
[2014.12.15-01.22.58:827][807]LogModuleManager: Shutting down and abandoning module StreamingFile (3)
[2014.12.15-01.22.58:827][807]LogModuleManager: Shutting down and abandoning module SandboxFile (2)
[2014.12.15-01.22.58:827][807]LogModuleManager: Shutting down and abandoning module PakFile (1)
[2014.12.15-01.22.58:828][807]LogExit: Exiting.
[2014.12.15-01.22.58:831][807]Log file closed, 12/14/14 18:22:58
