Log file open, 10/26/14 16:56:08
LogInit:Display: Running engine for game: MyProject
LogInit: Version: 4.4.0-2255576+++depot+UE4-Releases+4.4
LogInit: API Version: 2255576
LogInit: Compiled (64-bit): Aug 13 2014 22:39:32
LogInit: Build Configuration: Development
LogInit: Branch Name: ++depot+UE4-Releases+4.4
LogInit: Command line: 
LogInit: Base directory: C:/Program Files/Unreal Engine/4.4/Engine/Binaries/Win64/
LogInit: Rocket: 1
[2014.10.26-22.56.08:132][  0]LogTaskGraph: Started task graph with 3 named threads and 4 total threads.
[2014.10.26-22.56.08:156][  0]LogOnline:Warning: No default platform service specified for OnlineSubsystem
[2014.10.26-22.56.08:160][  0]LogInit: Presizing for 0 objects not considered by GC, pre-allocating 0 bytes.
[2014.10.26-22.56.08:165][  0]LogInit: Object subsystem initialized
[2014.10.26-22.56.08:167][  0]LogInit: Selected Device Profile: [Windows]
[2014.10.26-22.56.08:167][  0]LogInit: Applying CVar settings loaded from the selected device profile: [Windows]
[2014.10.26-22.56.08:173][  0]LogInit: Computer: LAB5-10
[2014.10.26-22.56.08:173][  0]LogInit: User: ssharp
[2014.10.26-22.56.08:174][  0]LogInit: CPU Page size=4096, Cores=4
[2014.10.26-22.56.08:174][  0]LogInit: High frequency timer resolution =3.320439 MHz
[2014.10.26-22.56.08:174][  0]LogMemory: Memory total: Physical=16.0GB (16GB approx) Virtual=8192.0GB
[2014.10.26-22.56.08:174][  0]LogMemory: Platform Memory Stats for Windows
[2014.10.26-22.56.08:174][  0]LogMemory: Process Physical Memory: 60.39 MB used, 60.39 MB peak
[2014.10.26-22.56.08:174][  0]LogMemory: Process Virtual Memory: 37.98 MB used, 37.98 MB peak
[2014.10.26-22.56.08:174][  0]LogMemory: Physical Memory: 5282.34 MB used, 16350.83 MB total
[2014.10.26-22.56.08:174][  0]LogMemory: Virtual Memory: 248.06 MB used, 8388608.00 MB total
[2014.10.26-22.56.08:214][  0]LogD3D11RHI: Found D3D11 adapter 0: NVIDIA GeForce GTX 650 (Feature Level 11_0)
[2014.10.26-22.56.08:214][  0]LogD3D11RHI: Adapter has 971MB of dedicated video memory, 0MB of dedicated system memory, and 3072MB of shared system memory, 1 output[s]
[2014.10.26-22.56.08:214][  0]LogD3D11RHI: Chosen D3D11 Adapter Id = 0
[2014.10.26-22.56.08:218][  0]LogRHI: Texture pool is 680 MB (70% of 971 MB)
[2014.10.26-22.56.08:223][  0]LogD3D11RHI: Async texture creation enabled
[2014.10.26-22.56.08:314][  0]LogContentStreaming: Texture pool size is 0.000000MB
[2014.10.26-22.56.09:444][  0]LogTargetPlatformManager:Display: Building Assets For Windows
[2014.10.26-22.56.09:721][  0]LogTargetPlatformManager:Display: Building Assets For Windows
[2014.10.26-22.56.09:746][  0]LogDerivedDataCache:Display: Max Cache Size: 512 MB
[2014.10.26-22.56.09:785][  0]LogDerivedDataCache: Loaded boot cache 0.04s 39MB C:/Users/ssharp/AppData/Local/UnrealEngine/4.4/DerivedDataCache/Boot.ddc.
[2014.10.26-22.56.09:785][  0]LogDerivedDataCache:Display: Loaded Boot cache: C:/Users/ssharp/AppData/Local/UnrealEngine/4.4/DerivedDataCache/Boot.ddc
[2014.10.26-22.56.09:786][  0]LogDerivedDataCache: FDerivedDataBackendGraph:  Pak pak cache file F:/UnReal/cloudFactory/MyProject/DerivedDataCache/DDC.ddp not found, will not use a pak cache.
[2014.10.26-22.56.09:786][  0]LogDerivedDataCache: Unable to find inner node Pak for hierarchical cache Hierarchy.
[2014.10.26-22.56.09:799][  0]LogDerivedDataCache:Display: Pak cache opened for reading ../../../Engine/DerivedDataCache/DDC.ddp.
[2014.10.26-22.56.09:810][  0]LogDerivedDataCache: Using Local data cache path C:/Users/ssharp/AppData/Local/UnrealEngine/4.4/DerivedDataCache: Writable
[2014.10.26-22.56.09:921][  0]LogMeshUtilities: No automatic mesh reduction module available
[2014.10.26-22.56.09:921][  0]LogMeshUtilities: No automatic mesh merging module available
[2014.10.26-22.56.10:144][  0]LogInit: WinSock: version 1.1 (2.2), MaxSocks=32767, MaxUdp=65467
[2014.10.26-22.56.10:667][  0]LogStats:Warning: MetaData mismatch. Did you assign a stat to two groups? New //STATGROUP_Threads//FMonitoredProcess///Thread_1934_0///////STATCAT_Advanced//// old //STATGROUP_Threads//FMonitoredProcess///Thread_1f40_0///////STATCAT_Advanced////
[2014.10.26-22.56.10:667][  0]UdpMessaging: Initializing bridge on interface 0.0.0.0:0 to multicast group 230.0.0.1:6666.
[2014.10.26-22.56.10:746][  0]SourceControl: Info Source control is disabled
[2014.10.26-22.56.10:746][  0]SourceControl: Info Source control is disabled
[2014.10.26-22.56.10:749][  0]SourceControl: Info Source control is disabled
[2014.10.26-22.56.10:848][  0]BlueprintLog: New page: Editor Load
[2014.10.26-22.56.10:905][  0]LogObj: 21438 objects as part of root set at end of initial load.
[2014.10.26-22.56.10:905][  0]LogUObjectAllocator: 4218656 out of 0 bytes used by permanent object pool.
[2014.10.26-22.56.11:026][  0]LogEngine: Initializing Engine...
[2014.10.26-22.56.11:095][  0]LogInit: No audio devices found!
[2014.10.26-22.56.11:105][  0]LogAIModule: Creating AISystem for world NewWorld
[2014.10.26-22.56.11:124][  0]LogDerivedDataCache: Saved boot cache 0.02s 39MB C:/Users/ssharp/AppData/Local/UnrealEngine/4.4/DerivedDataCache/Boot.ddc.
[2014.10.26-22.56.11:127][  0]LogInit: Texture streaming: Enabled
[2014.10.26-22.56.11:144][  0]LogInit: Transaction tracking system initialized
[2014.10.26-22.56.11:206][  0]LogAssetRegistry: FAssetRegistry took 0.0099 seconds to start up
[2014.10.26-22.56.11:504][  0]LogTargetPlatformManager:Display: Building Assets For Windows
[2014.10.26-22.56.11:738][  0]LogTargetPlatformManager:Display: Building Assets For Windows
[2014.10.26-22.56.11:811][  0]LogConsoleResponse:Display: 
[2014.10.26-22.56.11:911][  0]LogStats:Warning: MetaData mismatch. Did you assign a stat to two groups? New //STATGROUP_Threads//FMonitoredProcess///Thread_1f18_0///////STATCAT_Advanced//// old //STATGROUP_Threads//FMonitoredProcess///Thread_1f40_0///////STATCAT_Advanced////
[2014.10.26-22.56.11:911][  0]LogStats:Warning: MetaData mismatch. Did you assign a stat to two groups? New //STATGROUP_Threads//FMonitoredProcess///Thread_17a0_0///////STATCAT_Advanced//// old //STATGROUP_Threads//FMonitoredProcess///Thread_1f40_0///////STATCAT_Advanced////
[2014.10.26-22.56.11:911][  0]SourceControl: Info Source control is disabled
[2014.10.26-22.56.11:911][  0]Cmd: MAP LOAD FILE="../../../Engine/Content/Maps/Templates/Template_Default.umap" TEMPLATE=1 SHOWPROGRESS=1
[2014.10.26-22.56.11:911][  0]LightingResults: New page: Lighting Build
[2014.10.26-22.56.11:916][  0]MapCheck: New page: Map Check
[2014.10.26-22.56.11:916][  0]LightingResults: New page: Lighting Build
[2014.10.26-22.56.11:925][  0]LogParticles: Destroying 0 GPU particle simulations for FXSystem 0x000000000D83C360
[2014.10.26-22.56.12:043][  0]LogEditorServer: Finished looking for orphan Actors (0.000 secs)
[2014.10.26-22.56.12:043][  0]LogAIModule: Creating AISystem for world Template_Default
[2014.10.26-22.56.12:043][  0]Cmd: MAP CHECKDEP
[2014.10.26-22.56.12:043][  0]MapCheck: New page: Untitled_1 - Oct 26, 2014, 10:56:12 AM
[2014.10.26-22.56.12:076][  0]MapCheck: Info ========== Map Check: 0 Error(s), 0 Warning(s), [33.396ms] ==========
[2014.10.26-22.56.12:076][  0]LogFileHelpers: Loading map 'Template_Default' took 0.165
[2014.10.26-22.56.12:162][  0]LogCollectionManager: Loaded 0 collections in 0.000610 seconds
[2014.10.26-22.56.12:206][  0]LogCrashTracker: Crashtracker disabled due to settings.
[2014.10.26-22.56.12:249][  0]LogLoad: Full Startup: 4.63 seconds (BP compile: 0.04 seconds)
[2014.10.26-22.56.12:411][  0]LogRenderer:Warning: Reallocating scene render targets to support 1136x896.
[2014.10.26-22.56.12:486][  1]LogAssetRegistry: Asset discovery search completed in 1.2902 seconds
[2014.10.26-22.56.19:892][472]LogContentBrowser:Verbose: The content browser source was changed by the sources view to '/Game/NewFolder'
[2014.10.26-22.56.20:648][513]LogContentBrowser:Verbose: The content browser source was changed by the sources view to '/Game/NewFolder'
[2014.10.26-22.56.21:517][607]LogContentBrowser:Verbose: The content browser source was changed by the sources view to '/Game/NewFolder/NewFolder'
[2014.10.26-22.56.23:760][727]LogContentBrowser:Verbose: The content browser source was changed by the sources view to '/Game/NewFolder/NewFolder'
[2014.10.26-22.56.27:536][ 85]LogContentBrowser:Verbose: The content browser source was changed by the sources view to 'None'
[2014.10.26-22.56.28:321][130]LogContentBrowser:Verbose: The content browser source was changed by the sources view to '/Game/NewFolder'
[2014.10.26-22.56.39:325][990]LogContentBrowser:Verbose: The content browser source was changed by the sources view to '/Game/NewFolder/NewFolder'
[2014.10.26-22.56.40:930][ 76]LogContentBrowser:Verbose: The content browser source was changed by the sources view to '/Game/NewFolder/NewFolder'
[2014.10.26-22.56.40:932][ 76]LogContentBrowser:Verbose: The content browser source was changed by the sources view to 'None'
[2014.10.26-22.56.42:358][163]LogContentBrowser:Verbose: The content browser source was changed by the sources view to '/Game/NewFolder'
[2014.10.26-22.56.43:363][227]LogContentBrowser:Verbose: The content browser source was changed by the sources view to '/Game'
[2014.10.26-22.56.45:700][447]LogContentBrowser:Verbose: The content browser source was changed by the sources view to '/Game/NewFolder1'
[2014.10.26-22.56.55:047][946]LogContentBrowser:Verbose: The content browser source was changed by the sources view to '/Game/WareHouseProps'
[2014.10.26-22.56.59:137][212]LogContentBrowser:Verbose: The content browser source was changed by the sources view to '/Game/NewFolder'
[2014.10.26-22.57.05:888][780]LogContentBrowser:Verbose: The content browser source was changed by the sources view to 'None'
[2014.10.26-22.57.07:394][873]LogContentBrowser:Verbose: The content browser source was changed by the sources view to '/Game'
[2014.10.26-22.57.10:944][266]LogContentBrowser:Verbose: The content browser source was changed by the sources view to '/Game/NewFolder'
[2014.10.26-22.57.25:862][ 59]LogContentBrowser:Verbose: The content browser source was changed by the sources view to '/Game/OfficeProps'
[2014.10.26-22.57.27:943][178]LogContentBrowser:Verbose: The content browser source was changed by the sources view to '/Game'
[2014.10.26-22.57.35:918][699]LogContentBrowser:Verbose: The content browser source was changed by the sources view to '/Game/NewFolder'
[2014.10.26-22.57.52:252][569]LogContentBrowser:Verbose: The content browser source was changed by the sources view to '/Game/KidsRoom'
[2014.10.26-22.57.55:175][801]LogContentBrowser:Verbose: The content browser source was changed by the sources view to '/Game/KidsRoom/NewFolder'
[2014.10.26-22.57.57:539][928]LogContentBrowser:Verbose: The content browser source was changed by the sources view to '/Game/KidsRoom/NewFolder'
[2014.10.26-22.58.00:712][248]LogContentBrowser:Verbose: The content browser source was changed by the sources view to 'None'
[2014.10.26-22.58.01:523][294]LogContentBrowser:Verbose: The content browser source was changed by the sources view to '/Game'
[2014.10.26-22.58.03:883][474]LogContentBrowser:Verbose: The content browser source was changed by the sources view to '/Game/NewFolder'
[2014.10.26-22.58.10:822][844]LogContentBrowser:Verbose: The content browser source was changed by the sources view to '/Game/Characters'
[2014.10.26-23.00.23:679][677]Cmd: QUIT_EDITOR
[2014.10.26-23.00.23:769][677]LogWindowsTextInputMethodSystem:Error: Terminating failed while unadvising the language notification sink from the TSF source.
[2014.10.26-23.00.23:770][677]LogExit: Preparing to exit.
[2014.10.26-23.00.24:747][677]LogExit: Editor shut down
[2014.10.26-23.00.24:747][677]LogExit: Transaction tracking system shut down
[2014.10.26-23.00.24:748][677]LogParticles: Destroying 0 GPU particle simulations for FXSystem 0x0000000009CA3740
[2014.10.26-23.00.24:761][677]LogExit: Object subsystem successfully closed.
[2014.10.26-23.00.24:782][677]LogModuleManager: Shutting down and abandoning module AndroidDeviceDetection (161)
[2014.10.26-23.00.24:782][677]LogModuleManager: Shutting down and abandoning module HTTP (160)
[2014.10.26-23.00.24:783][677]LogModuleManager: Shutting down and abandoning module CrashTracker (159)
[2014.10.26-23.00.24:783][677]LogModuleManager: Shutting down and abandoning module SuperSearch (158)
[2014.10.26-23.00.24:783][677]LogModuleManager: Shutting down and abandoning module SceneOutliner (157)
[2014.10.26-23.00.24:783][677]LogModuleManager: Shutting down and abandoning module EditorWidgets (156)
[2014.10.26-23.00.24:783][677]LogModuleManager: Shutting down and abandoning module CollectionManager (155)
[2014.10.26-23.00.24:783][677]LogModuleManager: Shutting down and abandoning module StatsViewer (154)
[2014.10.26-23.00.24:783][677]LogModuleManager: Shutting down and abandoning module FoliageEdit (153)
[2014.10.26-23.00.24:783][677]LogModuleManager: Shutting down and abandoning module LandscapeEditor (152)
[2014.10.26-23.00.24:783][677]LogModuleManager: Shutting down and abandoning module MeshPaint (151)
[2014.10.26-23.00.24:783][677]LogModuleManager: Shutting down and abandoning module ActorPickerMode (150)
[2014.10.26-23.00.24:783][677]LogModuleManager: Shutting down and abandoning module GeometryMode (149)
[2014.10.26-23.00.24:783][677]LogModuleManager: Shutting down and abandoning module TextureAlignMode (148)
[2014.10.26-23.00.24:783][677]LogModuleManager: Shutting down and abandoning module BspMode (147)
[2014.10.26-23.00.24:783][677]LogModuleManager: Shutting down and abandoning module PlacementMode (146)
[2014.10.26-23.00.24:783][677]LogModuleManager: Shutting down and abandoning module DesktopPlatform (145)
[2014.10.26-23.00.24:783][677]LogModuleManager: Shutting down and abandoning module AutomationWorker (144)
[2014.10.26-23.00.24:783][677]LogModuleManager: Shutting down and abandoning module EditorLiveStreaming (143)
[2014.10.26-23.00.24:783][677]LogModuleManager: Shutting down and abandoning module BehaviorTreeEditor (142)
[2014.10.26-23.00.24:783][677]LogModuleManager: Shutting down and abandoning module DeviceProfileEditor (141)
[2014.10.26-23.00.24:783][677]LogModuleManager: Shutting down and abandoning module UndoHistory (140)
[2014.10.26-23.00.24:783][677]LogModuleManager: Shutting down and abandoning module GameplayTagsEditor (139)
[2014.10.26-23.00.24:783][677]LogModuleManager: Shutting down and abandoning module UserFeedback (138)
[2014.10.26-23.00.24:783][677]LogModuleManager: Shutting down and abandoning module XmlParser (137)
[2014.10.26-23.00.24:783][677]LogModuleManager: Shutting down and abandoning module Blutility (136)
[2014.10.26-23.00.24:783][677]LogModuleManager: Shutting down and abandoning module IOSPlatformEditor (135)
[2014.10.26-23.00.24:783][677]LogModuleManager: Shutting down and abandoning module IOSRuntimeSettings (134)
[2014.10.26-23.00.24:783][677]LogModuleManager: Shutting down and abandoning module AndroidPlatformEditor (133)
[2014.10.26-23.00.24:783][677]LogModuleManager: Shutting down and abandoning module AndroidRuntimeSettings (132)
[2014.10.26-23.00.24:783][677]LogModuleManager: Shutting down and abandoning module ProjectTargetPlatformEditor (131)
[2014.10.26-23.00.24:783][677]LogModuleManager: Shutting down and abandoning module ProjectSettingsViewer (130)
[2014.10.26-23.00.24:783][677]LogModuleManager: Shutting down and abandoning module InputBindingEditor (129)
[2014.10.26-23.00.24:783][677]LogModuleManager: Shutting down and abandoning module EditorSettingsViewer (128)
[2014.10.26-23.00.24:783][677]LogModuleManager: Shutting down and abandoning module SettingsEditor (127)
[2014.10.26-23.00.24:783][677]LogModuleManager: Shutting down and abandoning module SessionLauncher (126)
[2014.10.26-23.00.24:783][677]LogModuleManager: Shutting down and abandoning module SessionFrontend (125)
[2014.10.26-23.00.24:783][677]LogModuleManager: Shutting down and abandoning module ProfilerClient (124)
[2014.10.26-23.00.24:783][677]LogModuleManager: Shutting down and abandoning module TargetDeviceServices (123)
[2014.10.26-23.00.24:783][677]LogModuleManager: Shutting down and abandoning module DeviceManager (122)
[2014.10.26-23.00.24:783][677]LogModuleManager: Shutting down and abandoning module AutomationController (121)
[2014.10.26-23.00.24:783][677]LogModuleManager: Shutting down and abandoning module AutomationWindow (120)
[2014.10.26-23.00.24:783][677]LogModuleManager: Shutting down and abandoning module Layers (119)
[2014.10.26-23.00.24:783][677]LogModuleManager: Shutting down and abandoning module ComponentVisualizers (118)
[2014.10.26-23.00.24:783][677]LogModuleManager: Shutting down and abandoning module DetailCustomizations (117)
[2014.10.26-23.00.24:783][677]LogModuleManager: Shutting down and abandoning module PackagesDialog (116)
[2014.10.26-23.00.24:783][677]LogModuleManager: Shutting down and abandoning module DirectoryWatcher (115)
[2014.10.26-23.00.24:784][677]LogModuleManager: Shutting down and abandoning module AssetRegistry (114)
[2014.10.26-23.00.24:890][677]LogModuleManager: Shutting down and abandoning module Persona (113)
[2014.10.26-23.00.24:890][677]LogModuleManager: Shutting down and abandoning module GraphEditor (112)
[2014.10.26-23.00.24:890][677]LogModuleManager: Shutting down and abandoning module ClassViewer (111)
[2014.10.26-23.00.24:890][677]LogModuleManager: Shutting down and abandoning module Toolbox (110)
[2014.10.26-23.00.24:890][677]LogModuleManager: Shutting down and abandoning module ModuleUI (109)
[2014.10.26-23.00.24:890][677]LogModuleManager: Shutting down and abandoning module Sequencer (108)
[2014.10.26-23.00.24:891][677]LogModuleManager: Shutting down and abandoning module MovieSceneTools (107)
[2014.10.26-23.00.24:891][677]LogModuleManager: Shutting down and abandoning module OutputLog (106)
[2014.10.26-23.00.24:891][677]LogModuleManager: Shutting down and abandoning module GammaUI (105)
[2014.10.26-23.00.24:891][677]LogModuleManager: Shutting down and abandoning module Documentation (104)
[2014.10.26-23.00.24:891][677]LogModuleManager: Shutting down and abandoning module GameLiveStreaming (103)
[2014.10.26-23.00.24:891][677]LogModuleManager: Shutting down and abandoning module StreamingPauseRendering (102)
[2014.10.26-23.00.24:891][677]LogModuleManager: Shutting down and abandoning module AnalyticsET (101)
[2014.10.26-23.00.24:891][677]LogModuleManager: Shutting down and abandoning module Analytics (100)
[2014.10.26-23.00.24:891][677]LogModuleManager: Shutting down and abandoning module GameplayDebugger (99)
[2014.10.26-23.00.24:891][677]LogModuleManager: Shutting down and abandoning module AIModule (98)
[2014.10.26-23.00.24:891][677]LogModuleManager: Shutting down and abandoning module ProfilerService (97)
[2014.10.26-23.00.24:940][677]LogModuleManager: Shutting down and abandoning module TaskGraph (96)
[2014.10.26-23.00.24:940][677]LogModuleManager: Shutting down and abandoning module SlateRemote (95)
[2014.10.26-23.00.24:940][677]LogModuleManager: Shutting down and abandoning module ScriptEditorPlugin (94)
[2014.10.26-23.00.24:940][677]LogModuleManager: Shutting down and abandoning module CustomMeshComponent (93)
[2014.10.26-23.00.24:940][677]LogModuleManager: Shutting down and abandoning module CableComponent (92)
[2014.10.26-23.00.24:940][677]LogModuleManager: Shutting down and abandoning module OculusRift (91)
[2014.10.26-23.00.24:940][677]LogModuleManager: Shutting down and abandoning module MessagingDebugger (90)
[2014.10.26-23.00.24:940][677]LogModuleManager: Shutting down and abandoning module ViewportSnapping (89)
[2014.10.26-23.00.24:940][677]LogModuleManager: Shutting down and abandoning module SmartSnapping (88)
[2014.10.26-23.00.24:940][677]LogModuleManager: Shutting down and abandoning module PaperTiledImporter (87)
[2014.10.26-23.00.24:940][677]LogModuleManager: Shutting down and abandoning module PaperJsonImporter (86)
[2014.10.26-23.00.24:940][677]LogModuleManager: Shutting down and abandoning module GameProjectGeneration (85)
[2014.10.26-23.00.24:940][677]LogModuleManager: Shutting down and abandoning module Matinee (84)
[2014.10.26-23.00.24:940][677]LogModuleManager: Shutting down and abandoning module Kismet (83)
[2014.10.26-23.00.24:940][677]LogModuleManager: Shutting down and abandoning module SlateReflector (82)
[2014.10.26-23.00.24:940][677]LogModuleManager: Shutting down and abandoning module LevelEditor (81)
[2014.10.26-23.00.24:941][677]LogModuleManager: Shutting down and abandoning module IntroTutorials (80)
[2014.10.26-23.00.24:941][677]LogModuleManager: Shutting down and abandoning module ContentBrowser (79)
[2014.10.26-23.00.24:941][677]LogModuleManager: Shutting down and abandoning module PropertyEditor (78)
[2014.10.26-23.00.24:941][677]LogModuleManager: Shutting down and abandoning module AssetTools (77)
[2014.10.26-23.00.24:941][677]LogModuleManager: Shutting down and abandoning module Paper2DEditor (76)
[2014.10.26-23.00.24:941][677]LogModuleManager: Shutting down and abandoning module SpeedTreeImporter (75)
[2014.10.26-23.00.24:941][677]LogModuleManager: Shutting down and abandoning module PluginsEditor (74)
[2014.10.26-23.00.24:941][677]LogModuleManager: Shutting down and abandoning module MainFrame (73)
[2014.10.26-23.00.24:941][677]LogModuleManager: Shutting down and abandoning module EpicSurvey (72)
[2014.10.26-23.00.24:941][677]LogModuleManager: Shutting down and abandoning module VisualStudioSourceCodeAccess (71)
[2014.10.26-23.00.24:941][677]LogModuleManager: Shutting down and abandoning module UObjectPlugin (70)
[2014.10.26-23.00.24:941][677]LogModuleManager: Shutting down and abandoning module SubversionSourceControl (69)
[2014.10.26-23.00.24:941][677]LogModuleManager: Shutting down and abandoning module SourceControl (68)
[2014.10.26-23.00.24:941][677]LogModuleManager: Shutting down and abandoning module PerforceSourceControl (67)
[2014.10.26-23.00.24:941][677]LogModuleManager: Shutting down and abandoning module BlankPlugin (66)
[2014.10.26-23.00.24:941][677]LogModuleManager: Shutting down and abandoning module ScriptPlugin (65)
[2014.10.26-23.00.24:941][677]LogModuleManager: Shutting down and abandoning module UdpMessaging (64)
[2014.10.26-23.00.25:041][677]LogModuleManager: Shutting down and abandoning module Paper2D (63)
[2014.10.26-23.00.25:041][677]LogModuleManager: Shutting down and abandoning module WindowsMoviePlayer (62)
[2014.10.26-23.00.25:043][677]LogModuleManager: Shutting down and abandoning module ImageWrapper (61)
[2014.10.26-23.00.25:043][677]LogModuleManager: Shutting down and abandoning module OnlineBlueprintSupport (60)
[2014.10.26-23.00.25:043][677]LogModuleManager: Shutting down and abandoning module FunctionalTesting (59)
[2014.10.26-23.00.25:043][677]LogModuleManager: Shutting down and abandoning module CollisionAnalyzer (58)
[2014.10.26-23.00.25:043][677]LogModuleManager: Shutting down and abandoning module WorkspaceMenuStructure (57)
[2014.10.26-23.00.25:043][677]LogModuleManager: Shutting down and abandoning module MessageLog (56)
[2014.10.26-23.00.25:043][677]LogModuleManager: Shutting down and abandoning module UMGEditor (55)
[2014.10.26-23.00.25:043][677]LogModuleManager: Shutting down and abandoning module UMG (54)
[2014.10.26-23.00.25:043][677]LogModuleManager: Shutting down and abandoning module Slate (53)
[2014.10.26-23.00.25:043][677]LogModuleManager: Shutting down and abandoning module EditorStyle (52)
[2014.10.26-23.00.25:044][677]LogModuleManager: Shutting down and abandoning module SessionServices (51)
[2014.10.26-23.00.25:044][677]LogModuleManager: Shutting down and abandoning module SourceCodeAccess (50)
[2014.10.26-23.00.25:045][677]LogModuleManager: Shutting down and abandoning module HeadMountedDisplay (49)
[2014.10.26-23.00.25:045][677]LogModuleManager: Shutting down and abandoning module XAudio2 (48)
[2014.10.26-23.00.25:045][677]LogModuleManager: Shutting down and abandoning module Networking (46)
[2014.10.26-23.00.25:045][677]LogModuleManager: Shutting down and abandoning module Core (45)
[2014.10.26-23.00.25:045][677]LogModuleManager: Shutting down and abandoning module KismetCompiler (44)
[2014.10.26-23.00.25:045][677]LogModuleManager: Shutting down and abandoning module PhysXFormats (43)
[2014.10.26-23.00.25:045][677]LogModuleManager: Shutting down and abandoning module MeshUtilities (42)
[2014.10.26-23.00.25:045][677]LogModuleManager: Shutting down and abandoning module DerivedDataCache (41)
[2014.10.26-23.00.25:051][677]LogDerivedDataCache: Shutdown
[2014.10.26-23.00.25:051][677]LogModuleManager: Shutting down and abandoning module ShaderFormatOpenGL (40)
[2014.10.26-23.00.25:051][677]LogModuleManager: Shutting down and abandoning module ShaderFormatD3D (39)
[2014.10.26-23.00.25:051][677]LogModuleManager: Shutting down and abandoning module MetalShaderFormat (38)
[2014.10.26-23.00.25:051][677]LogModuleManager: Shutting down and abandoning module TextureFormatUncompressed (37)
[2014.10.26-23.00.25:051][677]LogModuleManager: Shutting down and abandoning module TextureFormatPVR (36)
[2014.10.26-23.00.25:051][677]LogModuleManager: Shutting down and abandoning module TextureFormatDXT (35)
[2014.10.26-23.00.25:051][677]LogModuleManager: Shutting down and abandoning module TextureFormatAndroid (34)
[2014.10.26-23.00.25:051][677]LogModuleManager: Shutting down and abandoning module AudioFormatOpus (33)
[2014.10.26-23.00.25:051][677]LogModuleManager: Shutting down and abandoning module AudioFormatOgg (32)
[2014.10.26-23.00.25:051][677]LogModuleManager: Shutting down and abandoning module AudioFormatADPCM (31)
[2014.10.26-23.00.25:051][677]LogModuleManager: Shutting down and abandoning module Messaging (30)
[2014.10.26-23.00.25:051][677]LogModuleManager: Shutting down and abandoning module IOSTargetPlatform (29)
[2014.10.26-23.00.25:051][677]LogModuleManager: Shutting down and abandoning module Android_PVRTCTargetPlatform (28)
[2014.10.26-23.00.25:051][677]LogModuleManager: Shutting down and abandoning module Android_ETC2TargetPlatform (27)
[2014.10.26-23.00.25:051][677]LogModuleManager: Shutting down and abandoning module Android_ETC1TargetPlatform (26)
[2014.10.26-23.00.25:051][677]LogModuleManager: Shutting down and abandoning module Android_DXTTargetPlatform (25)
[2014.10.26-23.00.25:051][677]LogModuleManager: Shutting down and abandoning module Android_ATCTargetPlatform (24)
[2014.10.26-23.00.25:051][677]LogModuleManager: Shutting down and abandoning module AndroidTargetPlatform (23)
[2014.10.26-23.00.25:051][677]LogModuleManager: Shutting down and abandoning module WindowsTargetPlatform (22)
[2014.10.26-23.00.25:051][677]LogModuleManager: Shutting down and abandoning module WindowsServerTargetPlatform (21)
[2014.10.26-23.00.25:051][677]LogModuleManager: Shutting down and abandoning module WindowsNoEditorTargetPlatform (20)
[2014.10.26-23.00.25:051][677]LogModuleManager: Shutting down and abandoning module WindowsClientTargetPlatform (19)
[2014.10.26-23.00.25:051][677]LogModuleManager: Shutting down and abandoning module TargetPlatform (18)
[2014.10.26-23.00.25:051][677]LogModuleManager: Shutting down and abandoning module InputCore (17)
[2014.10.26-23.00.25:051][677]LogModuleManager: Shutting down and abandoning module Settings (16)
[2014.10.26-23.00.25:051][677]LogModuleManager: Shutting down and abandoning module ExampleDeviceProfileSelector (13)
[2014.10.26-23.00.25:051][677]LogModuleManager: Shutting down and abandoning module TextureCompressor (12)
[2014.10.26-23.00.25:051][677]LogModuleManager: Shutting down and abandoning module ShaderCore (11)
[2014.10.26-23.00.25:051][677]LogModuleManager: Shutting down and abandoning module OpenGLDrv (10)
[2014.10.26-23.00.25:051][677]LogModuleManager: Shutting down and abandoning module D3D11RHI (9)
[2014.10.26-23.00.25:051][677]LogModuleManager: Shutting down and abandoning module SlateRHIRenderer (8)
[2014.10.26-23.00.25:051][677]LogModuleManager: Shutting down and abandoning module Renderer (7)
[2014.10.26-23.00.25:051][677]LogModuleManager: Shutting down and abandoning module Engine (6)
[2014.10.26-23.00.25:051][677]LogModuleManager: Shutting down and abandoning module CoreUObject (5)
[2014.10.26-23.00.25:051][677]LogModuleManager: Shutting down and abandoning module NetworkFile (4)
[2014.10.26-23.00.25:051][677]LogModuleManager: Shutting down and abandoning module StreamingFile (3)
[2014.10.26-23.00.25:051][677]LogModuleManager: Shutting down and abandoning module SandboxFile (2)
[2014.10.26-23.00.25:051][677]LogModuleManager: Shutting down and abandoning module PakFile (1)
[2014.10.26-23.00.25:051][677]LogExit: Exiting.
[2014.10.26-23.00.25:061][677]Log file closed, 10/26/14 17:00:25
